
*** Running vivado
    with args -log main_design_xbar_0.vds -m64 -product Vivado -mode batch -messageDb vivado.pb -notrace -source main_design_xbar_0.tcl


****** Vivado v2022.2 (64-bit)
  **** SW Build 3671981 on Fri Oct 14 04:59:54 MDT 2022
  **** IP Build 3669848 on Fri Oct 14 08:30:02 MDT 2022
    ** Copyright 1986-2022 Xilinx, Inc. All Rights Reserved.

source main_design_xbar_0.tcl -notrace
INFO: [IP_Flow 19-234] Refreshing IP repositories
INFO: [IP_Flow 19-1700] Loaded user IP repository '/home/mrindeciso/Documents/pynqrypt/pynqrypt-vitis-hls'.
INFO: [IP_Flow 19-2313] Loaded Vivado IP repository '/xilinx/Vivado/2022.2/data/ip'.
INFO: [IP_Flow 19-6924] IPCACHE: Running cache check for IP inst: main_design_xbar_0
Command: synth_design -top main_design_xbar_0 -part xc7z020clg400-1 -incremental_mode off -mode out_of_context
Starting synth_design
Attempting to get a license for feature 'Synthesis' and/or device 'xc7z020'
INFO: [Common 17-349] Got license for feature 'Synthesis' and/or device 'xc7z020'
INFO: [Device 21-403] Loading part xc7z020clg400-1
INFO: [Synth 8-7079] Multithreading enabled for synth_design using a maximum of 4 processes.
INFO: [Synth 8-7078] Launching helper process for spawning children vivado processes
INFO: [Synth 8-7075] Helper process launched with PID 128122
INFO: [Synth 8-11241] undeclared symbol 'REGCCE', assumed default net type 'wire' [/xilinx/Vivado/2022.2/data/verilog/src/unimacro/BRAM_SINGLE_MACRO.v:2170]
---------------------------------------------------------------------------------
Starting RTL Elaboration : Time (s): cpu = 00:00:05 ; elapsed = 00:00:06 . Memory (MB): peak = 1982.824 ; gain = 371.770 ; free physical = 336 ; free virtual = 18260
Synthesis current peak Physical Memory [PSS] (MB): peak = 1188.036; parent = 1060.117; children = 127.919
Synthesis current peak Virtual Memory [VSS] (MB): peak = 3011.332; parent = 1989.766; children = 1021.566
---------------------------------------------------------------------------------
INFO: [Synth 8-6157] synthesizing module 'main_design_xbar_0' [/home/mrindeciso/Documents/pynqrypt/pynqrypt-vivado/pynqrypt-vivado.gen/sources_1/bd/main_design/ip/main_design_xbar_0/synth/main_design_xbar_0.v:53]
INFO: [Synth 8-6157] synthesizing module 'axi_crossbar_v2_1_28_axi_crossbar' [/home/mrindeciso/Documents/pynqrypt/pynqrypt-vivado/pynqrypt-vivado.gen/sources_1/bd/main_design/ipshared/c40e/hdl/axi_crossbar_v2_1_vl_rfs.v:4883]
INFO: [Synth 8-6157] synthesizing module 'axi_crossbar_v2_1_28_crossbar' [/home/mrindeciso/Documents/pynqrypt/pynqrypt-vivado/pynqrypt-vivado.gen/sources_1/bd/main_design/ipshared/c40e/hdl/axi_crossbar_v2_1_vl_rfs.v:2238]
INFO: [Synth 8-6157] synthesizing module 'axi_crossbar_v2_1_28_si_transactor' [/home/mrindeciso/Documents/pynqrypt/pynqrypt-vivado/pynqrypt-vivado.gen/sources_1/bd/main_design/ipshared/c40e/hdl/axi_crossbar_v2_1_vl_rfs.v:3799]
INFO: [Synth 8-6157] synthesizing module 'axi_crossbar_v2_1_28_addr_decoder' [/home/mrindeciso/Documents/pynqrypt/pynqrypt-vivado/pynqrypt-vivado.gen/sources_1/bd/main_design/ipshared/c40e/hdl/axi_crossbar_v2_1_vl_rfs.v:793]
INFO: [Synth 8-6157] synthesizing module 'generic_baseblocks_v2_1_0_comparator_static' [/home/mrindeciso/Documents/pynqrypt/pynqrypt-vivado/pynqrypt-vivado.gen/sources_1/bd/main_design/ipshared/b752/hdl/generic_baseblocks_v2_1_vl_rfs.v:2132]
INFO: [Synth 8-6157] synthesizing module 'generic_baseblocks_v2_1_0_carry_and' [/home/mrindeciso/Documents/pynqrypt/pynqrypt-vivado/pynqrypt-vivado.gen/sources_1/bd/main_design/ipshared/b752/hdl/generic_baseblocks_v2_1_vl_rfs.v:61]
INFO: [Synth 8-6155] done synthesizing module 'generic_baseblocks_v2_1_0_carry_and' (0#1) [/home/mrindeciso/Documents/pynqrypt/pynqrypt-vivado/pynqrypt-vivado.gen/sources_1/bd/main_design/ipshared/b752/hdl/generic_baseblocks_v2_1_vl_rfs.v:61]
INFO: [Synth 8-6155] done synthesizing module 'generic_baseblocks_v2_1_0_comparator_static' (0#1) [/home/mrindeciso/Documents/pynqrypt/pynqrypt-vivado/pynqrypt-vivado.gen/sources_1/bd/main_design/ipshared/b752/hdl/generic_baseblocks_v2_1_vl_rfs.v:2132]
INFO: [Synth 8-6157] synthesizing module 'generic_baseblocks_v2_1_0_comparator_static__parameterized0' [/home/mrindeciso/Documents/pynqrypt/pynqrypt-vivado/pynqrypt-vivado.gen/sources_1/bd/main_design/ipshared/b752/hdl/generic_baseblocks_v2_1_vl_rfs.v:2132]
INFO: [Synth 8-6155] done synthesizing module 'generic_baseblocks_v2_1_0_comparator_static__parameterized0' (0#1) [/home/mrindeciso/Documents/pynqrypt/pynqrypt-vivado/pynqrypt-vivado.gen/sources_1/bd/main_design/ipshared/b752/hdl/generic_baseblocks_v2_1_vl_rfs.v:2132]
INFO: [Synth 8-6155] done synthesizing module 'axi_crossbar_v2_1_28_addr_decoder' (0#1) [/home/mrindeciso/Documents/pynqrypt/pynqrypt-vivado/pynqrypt-vivado.gen/sources_1/bd/main_design/ipshared/c40e/hdl/axi_crossbar_v2_1_vl_rfs.v:793]
INFO: [Synth 8-6157] synthesizing module 'axi_data_fifo_v2_1_26_axic_srl_fifo' [/home/mrindeciso/Documents/pynqrypt/pynqrypt-vivado/pynqrypt-vivado.gen/sources_1/bd/main_design/ipshared/3111/hdl/axi_data_fifo_v2_1_vl_rfs.v:697]
INFO: [Synth 8-6157] synthesizing module 'axi_data_fifo_v2_1_26_ndeep_srl' [/home/mrindeciso/Documents/pynqrypt/pynqrypt-vivado/pynqrypt-vivado.gen/sources_1/bd/main_design/ipshared/3111/hdl/axi_data_fifo_v2_1_vl_rfs.v:1134]
INFO: [Synth 8-6157] synthesizing module 'SRLC32E' [/xilinx/Vivado/2022.2/scripts/rt/data/unisim_comp.v:131794]
INFO: [Synth 8-6155] done synthesizing module 'SRLC32E' (0#1) [/xilinx/Vivado/2022.2/scripts/rt/data/unisim_comp.v:131794]
INFO: [Synth 8-6155] done synthesizing module 'axi_data_fifo_v2_1_26_ndeep_srl' (0#1) [/home/mrindeciso/Documents/pynqrypt/pynqrypt-vivado/pynqrypt-vivado.gen/sources_1/bd/main_design/ipshared/3111/hdl/axi_data_fifo_v2_1_vl_rfs.v:1134]
INFO: [Synth 8-6155] done synthesizing module 'axi_data_fifo_v2_1_26_axic_srl_fifo' (0#1) [/home/mrindeciso/Documents/pynqrypt/pynqrypt-vivado/pynqrypt-vivado.gen/sources_1/bd/main_design/ipshared/3111/hdl/axi_data_fifo_v2_1_vl_rfs.v:697]
INFO: [Synth 8-6157] synthesizing module 'generic_baseblocks_v2_1_0_mux_enc' [/home/mrindeciso/Documents/pynqrypt/pynqrypt-vivado/pynqrypt-vivado.gen/sources_1/bd/main_design/ipshared/b752/hdl/generic_baseblocks_v2_1_vl_rfs.v:2451]
INFO: [Synth 8-6155] done synthesizing module 'generic_baseblocks_v2_1_0_mux_enc' (0#1) [/home/mrindeciso/Documents/pynqrypt/pynqrypt-vivado/pynqrypt-vivado.gen/sources_1/bd/main_design/ipshared/b752/hdl/generic_baseblocks_v2_1_vl_rfs.v:2451]
INFO: [Synth 8-6155] done synthesizing module 'axi_crossbar_v2_1_28_si_transactor' (0#1) [/home/mrindeciso/Documents/pynqrypt/pynqrypt-vivado/pynqrypt-vivado.gen/sources_1/bd/main_design/ipshared/c40e/hdl/axi_crossbar_v2_1_vl_rfs.v:3799]
INFO: [Synth 8-6157] synthesizing module 'axi_crossbar_v2_1_28_si_transactor__parameterized0' [/home/mrindeciso/Documents/pynqrypt/pynqrypt-vivado/pynqrypt-vivado.gen/sources_1/bd/main_design/ipshared/c40e/hdl/axi_crossbar_v2_1_vl_rfs.v:3799]
INFO: [Synth 8-6157] synthesizing module 'generic_baseblocks_v2_1_0_mux_enc__parameterized0' [/home/mrindeciso/Documents/pynqrypt/pynqrypt-vivado/pynqrypt-vivado.gen/sources_1/bd/main_design/ipshared/b752/hdl/generic_baseblocks_v2_1_vl_rfs.v:2451]
INFO: [Synth 8-6155] done synthesizing module 'generic_baseblocks_v2_1_0_mux_enc__parameterized0' (0#1) [/home/mrindeciso/Documents/pynqrypt/pynqrypt-vivado/pynqrypt-vivado.gen/sources_1/bd/main_design/ipshared/b752/hdl/generic_baseblocks_v2_1_vl_rfs.v:2451]
INFO: [Synth 8-6155] done synthesizing module 'axi_crossbar_v2_1_28_si_transactor__parameterized0' (0#1) [/home/mrindeciso/Documents/pynqrypt/pynqrypt-vivado/pynqrypt-vivado.gen/sources_1/bd/main_design/ipshared/c40e/hdl/axi_crossbar_v2_1_vl_rfs.v:3799]
INFO: [Synth 8-6157] synthesizing module 'axi_crossbar_v2_1_28_splitter' [/home/mrindeciso/Documents/pynqrypt/pynqrypt-vivado/pynqrypt-vivado.gen/sources_1/bd/main_design/ipshared/c40e/hdl/axi_crossbar_v2_1_vl_rfs.v:4460]
INFO: [Synth 8-6155] done synthesizing module 'axi_crossbar_v2_1_28_splitter' (0#1) [/home/mrindeciso/Documents/pynqrypt/pynqrypt-vivado/pynqrypt-vivado.gen/sources_1/bd/main_design/ipshared/c40e/hdl/axi_crossbar_v2_1_vl_rfs.v:4460]
INFO: [Synth 8-6157] synthesizing module 'axi_crossbar_v2_1_28_wdata_router' [/home/mrindeciso/Documents/pynqrypt/pynqrypt-vivado/pynqrypt-vivado.gen/sources_1/bd/main_design/ipshared/c40e/hdl/axi_crossbar_v2_1_vl_rfs.v:4735]
INFO: [Synth 8-6157] synthesizing module 'axi_data_fifo_v2_1_26_axic_reg_srl_fifo' [/home/mrindeciso/Documents/pynqrypt/pynqrypt-vivado/pynqrypt-vivado.gen/sources_1/bd/main_design/ipshared/3111/hdl/axi_data_fifo_v2_1_vl_rfs.v:888]
INFO: [Synth 8-6157] synthesizing module 'axi_data_fifo_v2_1_26_ndeep_srl__parameterized0' [/home/mrindeciso/Documents/pynqrypt/pynqrypt-vivado/pynqrypt-vivado.gen/sources_1/bd/main_design/ipshared/3111/hdl/axi_data_fifo_v2_1_vl_rfs.v:1134]
INFO: [Synth 8-6155] done synthesizing module 'axi_data_fifo_v2_1_26_ndeep_srl__parameterized0' (0#1) [/home/mrindeciso/Documents/pynqrypt/pynqrypt-vivado/pynqrypt-vivado.gen/sources_1/bd/main_design/ipshared/3111/hdl/axi_data_fifo_v2_1_vl_rfs.v:1134]
INFO: [Synth 8-155] case statement is not full and has no default [/home/mrindeciso/Documents/pynqrypt/pynqrypt-vivado/pynqrypt-vivado.gen/sources_1/bd/main_design/ipshared/3111/hdl/axi_data_fifo_v2_1_vl_rfs.v:986]
INFO: [Synth 8-6155] done synthesizing module 'axi_data_fifo_v2_1_26_axic_reg_srl_fifo' (0#1) [/home/mrindeciso/Documents/pynqrypt/pynqrypt-vivado/pynqrypt-vivado.gen/sources_1/bd/main_design/ipshared/3111/hdl/axi_data_fifo_v2_1_vl_rfs.v:888]
INFO: [Synth 8-6155] done synthesizing module 'axi_crossbar_v2_1_28_wdata_router' (0#1) [/home/mrindeciso/Documents/pynqrypt/pynqrypt-vivado/pynqrypt-vivado.gen/sources_1/bd/main_design/ipshared/c40e/hdl/axi_crossbar_v2_1_vl_rfs.v:4735]
INFO: [Synth 8-6157] synthesizing module 'axi_data_fifo_v2_1_26_axic_srl_fifo__parameterized0' [/home/mrindeciso/Documents/pynqrypt/pynqrypt-vivado/pynqrypt-vivado.gen/sources_1/bd/main_design/ipshared/3111/hdl/axi_data_fifo_v2_1_vl_rfs.v:697]
INFO: [Synth 8-6157] synthesizing module 'axi_data_fifo_v2_1_26_ndeep_srl__parameterized1' [/home/mrindeciso/Documents/pynqrypt/pynqrypt-vivado/pynqrypt-vivado.gen/sources_1/bd/main_design/ipshared/3111/hdl/axi_data_fifo_v2_1_vl_rfs.v:1134]
INFO: [Synth 8-6155] done synthesizing module 'axi_data_fifo_v2_1_26_ndeep_srl__parameterized1' (0#1) [/home/mrindeciso/Documents/pynqrypt/pynqrypt-vivado/pynqrypt-vivado.gen/sources_1/bd/main_design/ipshared/3111/hdl/axi_data_fifo_v2_1_vl_rfs.v:1134]
INFO: [Synth 8-6155] done synthesizing module 'axi_data_fifo_v2_1_26_axic_srl_fifo__parameterized0' (0#1) [/home/mrindeciso/Documents/pynqrypt/pynqrypt-vivado/pynqrypt-vivado.gen/sources_1/bd/main_design/ipshared/3111/hdl/axi_data_fifo_v2_1_vl_rfs.v:697]
INFO: [Synth 8-6157] synthesizing module 'axi_crossbar_v2_1_28_wdata_mux' [/home/mrindeciso/Documents/pynqrypt/pynqrypt-vivado/pynqrypt-vivado.gen/sources_1/bd/main_design/ipshared/c40e/hdl/axi_crossbar_v2_1_vl_rfs.v:4560]
INFO: [Synth 8-6155] done synthesizing module 'axi_crossbar_v2_1_28_wdata_mux' (0#1) [/home/mrindeciso/Documents/pynqrypt/pynqrypt-vivado/pynqrypt-vivado.gen/sources_1/bd/main_design/ipshared/c40e/hdl/axi_crossbar_v2_1_vl_rfs.v:4560]
INFO: [Synth 8-6157] synthesizing module 'axi_register_slice_v2_1_27_axi_register_slice' [/home/mrindeciso/Documents/pynqrypt/pynqrypt-vivado/pynqrypt-vivado.gen/sources_1/bd/main_design/ipshared/f0b4/hdl/axi_register_slice_v2_1_vl_rfs.v:3725]
INFO: [Synth 8-6157] synthesizing module 'axi_infrastructure_v1_1_0_axi2vector' [/home/mrindeciso/Documents/pynqrypt/pynqrypt-vivado/pynqrypt-vivado.gen/sources_1/bd/main_design/ipshared/ec67/hdl/axi_infrastructure_v1_1_vl_rfs.v:59]
INFO: [Synth 8-6155] done synthesizing module 'axi_infrastructure_v1_1_0_axi2vector' (0#1) [/home/mrindeciso/Documents/pynqrypt/pynqrypt-vivado/pynqrypt-vivado.gen/sources_1/bd/main_design/ipshared/ec67/hdl/axi_infrastructure_v1_1_vl_rfs.v:59]
INFO: [Synth 8-6157] synthesizing module 'axi_infrastructure_v1_1_0_vector2axi' [/home/mrindeciso/Documents/pynqrypt/pynqrypt-vivado/pynqrypt-vivado.gen/sources_1/bd/main_design/ipshared/ec67/hdl/axi_infrastructure_v1_1_vl_rfs.v:473]
INFO: [Synth 8-6155] done synthesizing module 'axi_infrastructure_v1_1_0_vector2axi' (0#1) [/home/mrindeciso/Documents/pynqrypt/pynqrypt-vivado/pynqrypt-vivado.gen/sources_1/bd/main_design/ipshared/ec67/hdl/axi_infrastructure_v1_1_vl_rfs.v:473]
INFO: [Synth 8-6157] synthesizing module 'axi_register_slice_v2_1_27_axic_register_slice' [/home/mrindeciso/Documents/pynqrypt/pynqrypt-vivado/pynqrypt-vivado.gen/sources_1/bd/main_design/ipshared/f0b4/hdl/axi_register_slice_v2_1_vl_rfs.v:1497]
INFO: [Synth 8-6155] done synthesizing module 'axi_register_slice_v2_1_27_axic_register_slice' (0#1) [/home/mrindeciso/Documents/pynqrypt/pynqrypt-vivado/pynqrypt-vivado.gen/sources_1/bd/main_design/ipshared/f0b4/hdl/axi_register_slice_v2_1_vl_rfs.v:1497]
INFO: [Synth 8-6157] synthesizing module 'axi_register_slice_v2_1_27_axic_register_slice__parameterized0' [/home/mrindeciso/Documents/pynqrypt/pynqrypt-vivado/pynqrypt-vivado.gen/sources_1/bd/main_design/ipshared/f0b4/hdl/axi_register_slice_v2_1_vl_rfs.v:1497]
INFO: [Synth 8-6155] done synthesizing module 'axi_register_slice_v2_1_27_axic_register_slice__parameterized0' (0#1) [/home/mrindeciso/Documents/pynqrypt/pynqrypt-vivado/pynqrypt-vivado.gen/sources_1/bd/main_design/ipshared/f0b4/hdl/axi_register_slice_v2_1_vl_rfs.v:1497]
INFO: [Synth 8-6157] synthesizing module 'axi_register_slice_v2_1_27_axic_register_slice__parameterized1' [/home/mrindeciso/Documents/pynqrypt/pynqrypt-vivado/pynqrypt-vivado.gen/sources_1/bd/main_design/ipshared/f0b4/hdl/axi_register_slice_v2_1_vl_rfs.v:1497]
INFO: [Synth 8-6155] done synthesizing module 'axi_register_slice_v2_1_27_axic_register_slice__parameterized1' (0#1) [/home/mrindeciso/Documents/pynqrypt/pynqrypt-vivado/pynqrypt-vivado.gen/sources_1/bd/main_design/ipshared/f0b4/hdl/axi_register_slice_v2_1_vl_rfs.v:1497]
INFO: [Synth 8-6157] synthesizing module 'axi_register_slice_v2_1_27_axic_register_slice__parameterized2' [/home/mrindeciso/Documents/pynqrypt/pynqrypt-vivado/pynqrypt-vivado.gen/sources_1/bd/main_design/ipshared/f0b4/hdl/axi_register_slice_v2_1_vl_rfs.v:1497]
INFO: [Synth 8-6155] done synthesizing module 'axi_register_slice_v2_1_27_axic_register_slice__parameterized2' (0#1) [/home/mrindeciso/Documents/pynqrypt/pynqrypt-vivado/pynqrypt-vivado.gen/sources_1/bd/main_design/ipshared/f0b4/hdl/axi_register_slice_v2_1_vl_rfs.v:1497]
INFO: [Synth 8-6155] done synthesizing module 'axi_register_slice_v2_1_27_axi_register_slice' (0#1) [/home/mrindeciso/Documents/pynqrypt/pynqrypt-vivado/pynqrypt-vivado.gen/sources_1/bd/main_design/ipshared/f0b4/hdl/axi_register_slice_v2_1_vl_rfs.v:3725]
WARNING: [Synth 8-7071] port 'aclk2x' of module 'axi_register_slice_v2_1_27_axi_register_slice' is unconnected for instance 'reg_slice_mi' [/home/mrindeciso/Documents/pynqrypt/pynqrypt-vivado/pynqrypt-vivado.gen/sources_1/bd/main_design/ipshared/c40e/hdl/axi_crossbar_v2_1_vl_rfs.v:3122]
WARNING: [Synth 8-7023] instance 'reg_slice_mi' of module 'axi_register_slice_v2_1_27_axi_register_slice' has 93 connections declared, but only 92 given [/home/mrindeciso/Documents/pynqrypt/pynqrypt-vivado/pynqrypt-vivado.gen/sources_1/bd/main_design/ipshared/c40e/hdl/axi_crossbar_v2_1_vl_rfs.v:3122]
WARNING: [Synth 8-7071] port 'aclk2x' of module 'axi_register_slice_v2_1_27_axi_register_slice' is unconnected for instance 'reg_slice_mi' [/home/mrindeciso/Documents/pynqrypt/pynqrypt-vivado/pynqrypt-vivado.gen/sources_1/bd/main_design/ipshared/c40e/hdl/axi_crossbar_v2_1_vl_rfs.v:3122]
WARNING: [Synth 8-7023] instance 'reg_slice_mi' of module 'axi_register_slice_v2_1_27_axi_register_slice' has 93 connections declared, but only 92 given [/home/mrindeciso/Documents/pynqrypt/pynqrypt-vivado/pynqrypt-vivado.gen/sources_1/bd/main_design/ipshared/c40e/hdl/axi_crossbar_v2_1_vl_rfs.v:3122]
INFO: [Synth 8-6157] synthesizing module 'axi_data_fifo_v2_1_26_axic_srl_fifo__parameterized1' [/home/mrindeciso/Documents/pynqrypt/pynqrypt-vivado/pynqrypt-vivado.gen/sources_1/bd/main_design/ipshared/3111/hdl/axi_data_fifo_v2_1_vl_rfs.v:697]
INFO: [Synth 8-6157] synthesizing module 'axi_data_fifo_v2_1_26_ndeep_srl__parameterized2' [/home/mrindeciso/Documents/pynqrypt/pynqrypt-vivado/pynqrypt-vivado.gen/sources_1/bd/main_design/ipshared/3111/hdl/axi_data_fifo_v2_1_vl_rfs.v:1134]
INFO: [Synth 8-6155] done synthesizing module 'axi_data_fifo_v2_1_26_ndeep_srl__parameterized2' (0#1) [/home/mrindeciso/Documents/pynqrypt/pynqrypt-vivado/pynqrypt-vivado.gen/sources_1/bd/main_design/ipshared/3111/hdl/axi_data_fifo_v2_1_vl_rfs.v:1134]
INFO: [Synth 8-6155] done synthesizing module 'axi_data_fifo_v2_1_26_axic_srl_fifo__parameterized1' (0#1) [/home/mrindeciso/Documents/pynqrypt/pynqrypt-vivado/pynqrypt-vivado.gen/sources_1/bd/main_design/ipshared/3111/hdl/axi_data_fifo_v2_1_vl_rfs.v:697]
INFO: [Synth 8-6157] synthesizing module 'axi_crossbar_v2_1_28_wdata_mux__parameterized0' [/home/mrindeciso/Documents/pynqrypt/pynqrypt-vivado/pynqrypt-vivado.gen/sources_1/bd/main_design/ipshared/c40e/hdl/axi_crossbar_v2_1_vl_rfs.v:4560]
INFO: [Synth 8-6155] done synthesizing module 'axi_crossbar_v2_1_28_wdata_mux__parameterized0' (0#1) [/home/mrindeciso/Documents/pynqrypt/pynqrypt-vivado/pynqrypt-vivado.gen/sources_1/bd/main_design/ipshared/c40e/hdl/axi_crossbar_v2_1_vl_rfs.v:4560]
WARNING: [Synth 8-7071] port 'aclk2x' of module 'axi_register_slice_v2_1_27_axi_register_slice' is unconnected for instance 'reg_slice_mi' [/home/mrindeciso/Documents/pynqrypt/pynqrypt-vivado/pynqrypt-vivado.gen/sources_1/bd/main_design/ipshared/c40e/hdl/axi_crossbar_v2_1_vl_rfs.v:3122]
WARNING: [Synth 8-7023] instance 'reg_slice_mi' of module 'axi_register_slice_v2_1_27_axi_register_slice' has 93 connections declared, but only 92 given [/home/mrindeciso/Documents/pynqrypt/pynqrypt-vivado/pynqrypt-vivado.gen/sources_1/bd/main_design/ipshared/c40e/hdl/axi_crossbar_v2_1_vl_rfs.v:3122]
INFO: [Synth 8-6157] synthesizing module 'axi_crossbar_v2_1_28_decerr_slave' [/home/mrindeciso/Documents/pynqrypt/pynqrypt-vivado/pynqrypt-vivado.gen/sources_1/bd/main_design/ipshared/c40e/hdl/axi_crossbar_v2_1_vl_rfs.v:3500]
INFO: [Synth 8-155] case statement is not full and has no default [/home/mrindeciso/Documents/pynqrypt/pynqrypt-vivado/pynqrypt-vivado.gen/sources_1/bd/main_design/ipshared/c40e/hdl/axi_crossbar_v2_1_vl_rfs.v:3633]
INFO: [Synth 8-6155] done synthesizing module 'axi_crossbar_v2_1_28_decerr_slave' (0#1) [/home/mrindeciso/Documents/pynqrypt/pynqrypt-vivado/pynqrypt-vivado.gen/sources_1/bd/main_design/ipshared/c40e/hdl/axi_crossbar_v2_1_vl_rfs.v:3500]
INFO: [Synth 8-6157] synthesizing module 'axi_crossbar_v2_1_28_addr_arbiter' [/home/mrindeciso/Documents/pynqrypt/pynqrypt-vivado/pynqrypt-vivado.gen/sources_1/bd/main_design/ipshared/c40e/hdl/axi_crossbar_v2_1_vl_rfs.v:422]
INFO: [Synth 8-6155] done synthesizing module 'axi_crossbar_v2_1_28_addr_arbiter' (0#1) [/home/mrindeciso/Documents/pynqrypt/pynqrypt-vivado/pynqrypt-vivado.gen/sources_1/bd/main_design/ipshared/c40e/hdl/axi_crossbar_v2_1_vl_rfs.v:422]
INFO: [Synth 8-6155] done synthesizing module 'axi_crossbar_v2_1_28_crossbar' (0#1) [/home/mrindeciso/Documents/pynqrypt/pynqrypt-vivado/pynqrypt-vivado.gen/sources_1/bd/main_design/ipshared/c40e/hdl/axi_crossbar_v2_1_vl_rfs.v:2238]
INFO: [Synth 8-6155] done synthesizing module 'axi_crossbar_v2_1_28_axi_crossbar' (0#1) [/home/mrindeciso/Documents/pynqrypt/pynqrypt-vivado/pynqrypt-vivado.gen/sources_1/bd/main_design/ipshared/c40e/hdl/axi_crossbar_v2_1_vl_rfs.v:4883]
INFO: [Synth 8-6155] done synthesizing module 'main_design_xbar_0' (0#1) [/home/mrindeciso/Documents/pynqrypt/pynqrypt-vivado/pynqrypt-vivado.gen/sources_1/bd/main_design/ip/main_design_xbar_0/synth/main_design_xbar_0.v:53]
WARNING: [Synth 8-6014] Unused sequential element areset_d1_reg was removed.  [/home/mrindeciso/Documents/pynqrypt/pynqrypt-vivado/pynqrypt-vivado.gen/sources_1/bd/main_design/ipshared/3111/hdl/axi_data_fifo_v2_1_vl_rfs.v:750]
WARNING: [Synth 8-6014] Unused sequential element S_READY_i_reg was removed.  [/home/mrindeciso/Documents/pynqrypt/pynqrypt-vivado/pynqrypt-vivado.gen/sources_1/bd/main_design/ipshared/3111/hdl/axi_data_fifo_v2_1_vl_rfs.v:789]
WARNING: [Synth 8-6014] Unused sequential element gen_single_thread.gen_debug_r_single_thread.debug_r_beat_cnt_i_reg was removed.  [/home/mrindeciso/Documents/pynqrypt/pynqrypt-vivado/pynqrypt-vivado.gen/sources_1/bd/main_design/ipshared/c40e/hdl/axi_crossbar_v2_1_vl_rfs.v:4192]
WARNING: [Synth 8-6014] Unused sequential element gen_single_thread.active_id_reg was removed.  [/home/mrindeciso/Documents/pynqrypt/pynqrypt-vivado/pynqrypt-vivado.gen/sources_1/bd/main_design/ipshared/c40e/hdl/axi_crossbar_v2_1_vl_rfs.v:4150]
WARNING: [Synth 8-6014] Unused sequential element gen_single_thread.gen_debug_r_single_thread.debug_r_beat_cnt_i_reg was removed.  [/home/mrindeciso/Documents/pynqrypt/pynqrypt-vivado/pynqrypt-vivado.gen/sources_1/bd/main_design/ipshared/c40e/hdl/axi_crossbar_v2_1_vl_rfs.v:4192]
WARNING: [Synth 8-6014] Unused sequential element gen_single_thread.active_id_reg was removed.  [/home/mrindeciso/Documents/pynqrypt/pynqrypt-vivado/pynqrypt-vivado.gen/sources_1/bd/main_design/ipshared/c40e/hdl/axi_crossbar_v2_1_vl_rfs.v:4150]
WARNING: [Synth 8-6014] Unused sequential element areset_d1_reg was removed.  [/home/mrindeciso/Documents/pynqrypt/pynqrypt-vivado/pynqrypt-vivado.gen/sources_1/bd/main_design/ipshared/3111/hdl/axi_data_fifo_v2_1_vl_rfs.v:750]
WARNING: [Synth 8-6014] Unused sequential element S_READY_i_reg was removed.  [/home/mrindeciso/Documents/pynqrypt/pynqrypt-vivado/pynqrypt-vivado.gen/sources_1/bd/main_design/ipshared/3111/hdl/axi_data_fifo_v2_1_vl_rfs.v:789]
WARNING: [Synth 8-6014] Unused sequential element areset_d1_reg was removed.  [/home/mrindeciso/Documents/pynqrypt/pynqrypt-vivado/pynqrypt-vivado.gen/sources_1/bd/main_design/ipshared/3111/hdl/axi_data_fifo_v2_1_vl_rfs.v:750]
WARNING: [Synth 8-6014] Unused sequential element S_READY_i_reg was removed.  [/home/mrindeciso/Documents/pynqrypt/pynqrypt-vivado/pynqrypt-vivado.gen/sources_1/bd/main_design/ipshared/3111/hdl/axi_data_fifo_v2_1_vl_rfs.v:789]
WARNING: [Synth 8-6014] Unused sequential element gen_master_slots[0].gen_mi_write.gen_debug_w.debug_w_beat_cnt_i_reg was removed.  [/home/mrindeciso/Documents/pynqrypt/pynqrypt-vivado/pynqrypt-vivado.gen/sources_1/bd/main_design/ipshared/c40e/hdl/axi_crossbar_v2_1_vl_rfs.v:2997]
WARNING: [Synth 8-6014] Unused sequential element gen_master_slots[1].gen_mi_write.gen_debug_w.debug_w_beat_cnt_i_reg was removed.  [/home/mrindeciso/Documents/pynqrypt/pynqrypt-vivado/pynqrypt-vivado.gen/sources_1/bd/main_design/ipshared/c40e/hdl/axi_crossbar_v2_1_vl_rfs.v:2997]
WARNING: [Synth 8-6014] Unused sequential element gen_master_slots[2].gen_mi_write.gen_debug_w.debug_w_beat_cnt_i_reg was removed.  [/home/mrindeciso/Documents/pynqrypt/pynqrypt-vivado/pynqrypt-vivado.gen/sources_1/bd/main_design/ipshared/c40e/hdl/axi_crossbar_v2_1_vl_rfs.v:2997]
WARNING: [Synth 8-7129] Port ACLK in module axi_register_slice_v2_1_27_axic_register_slice is either unconnected or has no load
WARNING: [Synth 8-7129] Port ARESET in module axi_register_slice_v2_1_27_axic_register_slice is either unconnected or has no load
WARNING: [Synth 8-7129] Port ACLK in module axi_register_slice_v2_1_27_axic_register_slice__parameterized0 is either unconnected or has no load
WARNING: [Synth 8-7129] Port ARESET in module axi_register_slice_v2_1_27_axic_register_slice__parameterized0 is either unconnected or has no load
WARNING: [Synth 8-7129] Port m_axi_buser[0] in module axi_infrastructure_v1_1_0_vector2axi is either unconnected or has no load
WARNING: [Synth 8-7129] Port m_axi_ruser[0] in module axi_infrastructure_v1_1_0_vector2axi is either unconnected or has no load
WARNING: [Synth 8-7129] Port s_axi_awuser[0] in module axi_infrastructure_v1_1_0_axi2vector is either unconnected or has no load
WARNING: [Synth 8-7129] Port s_axi_wid[0] in module axi_infrastructure_v1_1_0_axi2vector is either unconnected or has no load
WARNING: [Synth 8-7129] Port s_axi_wuser[0] in module axi_infrastructure_v1_1_0_axi2vector is either unconnected or has no load
WARNING: [Synth 8-7129] Port s_axi_aruser[0] in module axi_infrastructure_v1_1_0_axi2vector is either unconnected or has no load
WARNING: [Synth 8-7129] Port aclk2x in module axi_register_slice_v2_1_27_axi_register_slice is either unconnected or has no load
WARNING: [Synth 8-7129] Port ACLK in module axi_crossbar_v2_1_28_wdata_mux__parameterized0 is either unconnected or has no load
WARNING: [Synth 8-7129] Port ARESET in module axi_crossbar_v2_1_28_wdata_mux__parameterized0 is either unconnected or has no load
WARNING: [Synth 8-7129] Port S_ASELECT[0] in module axi_crossbar_v2_1_28_wdata_mux__parameterized0 is either unconnected or has no load
WARNING: [Synth 8-7129] Port S_AVALID in module axi_crossbar_v2_1_28_wdata_mux__parameterized0 is either unconnected or has no load
WARNING: [Synth 8-7129] Port ACLK in module axi_crossbar_v2_1_28_wdata_mux is either unconnected or has no load
WARNING: [Synth 8-7129] Port ARESET in module axi_crossbar_v2_1_28_wdata_mux is either unconnected or has no load
WARNING: [Synth 8-7129] Port S_ASELECT[0] in module axi_crossbar_v2_1_28_wdata_mux is either unconnected or has no load
WARNING: [Synth 8-7129] Port S_AVALID in module axi_crossbar_v2_1_28_wdata_mux is either unconnected or has no load
WARNING: [Synth 8-7129] Port ADDR[1] in module axi_crossbar_v2_1_28_addr_decoder is either unconnected or has no load
WARNING: [Synth 8-7129] Port ADDR[0] in module axi_crossbar_v2_1_28_addr_decoder is either unconnected or has no load
WARNING: [Synth 8-7129] Port S_ABURST[1] in module axi_crossbar_v2_1_28_si_transactor__parameterized0 is either unconnected or has no load
WARNING: [Synth 8-7129] Port S_ABURST[0] in module axi_crossbar_v2_1_28_si_transactor__parameterized0 is either unconnected or has no load
WARNING: [Synth 8-7129] Port S_ABURST[1] in module axi_crossbar_v2_1_28_si_transactor is either unconnected or has no load
WARNING: [Synth 8-7129] Port S_ABURST[0] in module axi_crossbar_v2_1_28_si_transactor is either unconnected or has no load
WARNING: [Synth 8-7129] Port S_AXI_AWID[0] in module axi_crossbar_v2_1_28_crossbar is either unconnected or has no load
WARNING: [Synth 8-7129] Port S_AXI_WID[0] in module axi_crossbar_v2_1_28_crossbar is either unconnected or has no load
WARNING: [Synth 8-7129] Port S_AXI_ARID[0] in module axi_crossbar_v2_1_28_crossbar is either unconnected or has no load
WARNING: [Synth 8-7129] Port s_axi_awid[0] in module axi_crossbar_v2_1_28_axi_crossbar is either unconnected or has no load
WARNING: [Synth 8-7129] Port s_axi_awuser[0] in module axi_crossbar_v2_1_28_axi_crossbar is either unconnected or has no load
WARNING: [Synth 8-7129] Port s_axi_wid[0] in module axi_crossbar_v2_1_28_axi_crossbar is either unconnected or has no load
WARNING: [Synth 8-7129] Port s_axi_wuser[0] in module axi_crossbar_v2_1_28_axi_crossbar is either unconnected or has no load
WARNING: [Synth 8-7129] Port s_axi_arid[0] in module axi_crossbar_v2_1_28_axi_crossbar is either unconnected or has no load
WARNING: [Synth 8-7129] Port s_axi_aruser[0] in module axi_crossbar_v2_1_28_axi_crossbar is either unconnected or has no load
WARNING: [Synth 8-7129] Port m_axi_buser[1] in module axi_crossbar_v2_1_28_axi_crossbar is either unconnected or has no load
WARNING: [Synth 8-7129] Port m_axi_buser[0] in module axi_crossbar_v2_1_28_axi_crossbar is either unconnected or has no load
WARNING: [Synth 8-7129] Port m_axi_ruser[1] in module axi_crossbar_v2_1_28_axi_crossbar is either unconnected or has no load
WARNING: [Synth 8-7129] Port m_axi_ruser[0] in module axi_crossbar_v2_1_28_axi_crossbar is either unconnected or has no load
---------------------------------------------------------------------------------
Finished RTL Elaboration : Time (s): cpu = 00:00:10 ; elapsed = 00:00:11 . Memory (MB): peak = 2164.730 ; gain = 553.676 ; free physical = 1281 ; free virtual = 18532
Synthesis current peak Physical Memory [PSS] (MB): peak = 1363.568; parent = 1236.046; children = 127.919
Synthesis current peak Virtual Memory [VSS] (MB): peak = 3186.301; parent = 2164.734; children = 1021.566
---------------------------------------------------------------------------------
---------------------------------------------------------------------------------
Start Handling Custom Attributes
---------------------------------------------------------------------------------
---------------------------------------------------------------------------------
Finished Handling Custom Attributes : Time (s): cpu = 00:00:10 ; elapsed = 00:00:11 . Memory (MB): peak = 2182.543 ; gain = 571.488 ; free physical = 1272 ; free virtual = 18523
Synthesis current peak Physical Memory [PSS] (MB): peak = 1363.568; parent = 1236.046; children = 127.919
Synthesis current peak Virtual Memory [VSS] (MB): peak = 3204.113; parent = 2182.547; children = 1021.566
---------------------------------------------------------------------------------
---------------------------------------------------------------------------------
Finished RTL Optimization Phase 1 : Time (s): cpu = 00:00:10 ; elapsed = 00:00:11 . Memory (MB): peak = 2182.543 ; gain = 571.488 ; free physical = 1299 ; free virtual = 18551
Synthesis current peak Physical Memory [PSS] (MB): peak = 1363.568; parent = 1236.046; children = 127.919
Synthesis current peak Virtual Memory [VSS] (MB): peak = 3204.113; parent = 2182.547; children = 1021.566
---------------------------------------------------------------------------------
Netlist sorting complete. Time (s): cpu = 00:00:00.04 ; elapsed = 00:00:00.03 . Memory (MB): peak = 2188.480 ; gain = 0.000 ; free physical = 1523 ; free virtual = 18781
INFO: [Project 1-570] Preparing netlist for logic optimization

Processing XDC Constraints
Initializing timing engine
Parsing XDC File [/home/mrindeciso/Documents/pynqrypt/pynqrypt-vivado/pynqrypt-vivado.gen/sources_1/bd/main_design/ip/main_design_xbar_0/main_design_xbar_0_ooc.xdc] for cell 'inst'
Finished Parsing XDC File [/home/mrindeciso/Documents/pynqrypt/pynqrypt-vivado/pynqrypt-vivado.gen/sources_1/bd/main_design/ip/main_design_xbar_0/main_design_xbar_0_ooc.xdc] for cell 'inst'
Parsing XDC File [/home/mrindeciso/Documents/pynqrypt/pynqrypt-vivado/pynqrypt-vivado.runs/main_design_xbar_0_synth_1/dont_touch.xdc]
Finished Parsing XDC File [/home/mrindeciso/Documents/pynqrypt/pynqrypt-vivado/pynqrypt-vivado.runs/main_design_xbar_0_synth_1/dont_touch.xdc]
Completed Processing XDC Constraints

Netlist sorting complete. Time (s): cpu = 00:00:00 ; elapsed = 00:00:00 . Memory (MB): peak = 2303.324 ; gain = 0.000 ; free physical = 1317 ; free virtual = 18572
INFO: [Project 1-111] Unisim Transformation Summary:
No Unisim elements were transformed.

Constraint Validation Runtime : Time (s): cpu = 00:00:00.08 ; elapsed = 00:00:00.06 . Memory (MB): peak = 2303.324 ; gain = 0.000 ; free physical = 1301 ; free virtual = 18555
INFO: [Designutils 20-5008] Incremental synthesis strategy off
INFO: [Synth 8-11241] undeclared symbol 'REGCCE', assumed default net type 'wire' [/xilinx/Vivado/2022.2/data/verilog/src/unimacro/BRAM_SINGLE_MACRO.v:2170]
---------------------------------------------------------------------------------
Finished Constraint Validation : Time (s): cpu = 00:00:16 ; elapsed = 00:00:17 . Memory (MB): peak = 2303.324 ; gain = 692.270 ; free physical = 970 ; free virtual = 18250
Synthesis current peak Physical Memory [PSS] (MB): peak = 1363.568; parent = 1236.046; children = 127.919
Synthesis current peak Virtual Memory [VSS] (MB): peak = 3292.879; parent = 2271.312; children = 1021.566
---------------------------------------------------------------------------------
---------------------------------------------------------------------------------
Start Loading Part and Timing Information
---------------------------------------------------------------------------------
Loading part: xc7z020clg400-1
---------------------------------------------------------------------------------
Finished Loading Part and Timing Information : Time (s): cpu = 00:00:16 ; elapsed = 00:00:17 . Memory (MB): peak = 2303.324 ; gain = 692.270 ; free physical = 965 ; free virtual = 18244
Synthesis current peak Physical Memory [PSS] (MB): peak = 1363.568; parent = 1236.046; children = 127.919
Synthesis current peak Virtual Memory [VSS] (MB): peak = 3292.879; parent = 2271.312; children = 1021.566
---------------------------------------------------------------------------------
---------------------------------------------------------------------------------
Start Applying 'set_property' XDC Constraints
---------------------------------------------------------------------------------
Applied set_property KEEP_HIERARCHY = SOFT for inst. (constraint file  /home/mrindeciso/Documents/pynqrypt/pynqrypt-vivado/pynqrypt-vivado.runs/main_design_xbar_0_synth_1/dont_touch.xdc, line 9).
---------------------------------------------------------------------------------
Finished applying 'set_property' XDC Constraints : Time (s): cpu = 00:00:16 ; elapsed = 00:00:17 . Memory (MB): peak = 2303.324 ; gain = 692.270 ; free physical = 960 ; free virtual = 18239
Synthesis current peak Physical Memory [PSS] (MB): peak = 1363.568; parent = 1236.046; children = 127.919
Synthesis current peak Virtual Memory [VSS] (MB): peak = 3292.879; parent = 2271.312; children = 1021.566
---------------------------------------------------------------------------------
INFO: [Synth 8-802] inferred FSM for state register 'state_reg' in module 'axi_data_fifo_v2_1_26_axic_reg_srl_fifo'
INFO: [Synth 8-802] inferred FSM for state register 'gen_axi.write_cs_reg' in module 'axi_crossbar_v2_1_28_decerr_slave'
---------------------------------------------------------------------------------------------------
                   State |                     New Encoding |                Previous Encoding 
---------------------------------------------------------------------------------------------------
                    ZERO |                             1000 |                               10
                     ONE |                             0010 |                               11
                     TWO |                             0001 |                               01
                  iSTATE |                             0100 |                               00
---------------------------------------------------------------------------------------------------
INFO: [Synth 8-3354] encoded FSM with state register 'state_reg' using encoding 'one-hot' in module 'axi_data_fifo_v2_1_26_axic_reg_srl_fifo'
---------------------------------------------------------------------------------------------------
                   State |                     New Encoding |                Previous Encoding 
---------------------------------------------------------------------------------------------------
            P_WRITE_IDLE |                              001 |                               00
            P_WRITE_DATA |                              010 |                               01
            P_WRITE_RESP |                              100 |                               10
---------------------------------------------------------------------------------------------------
INFO: [Synth 8-3354] encoded FSM with state register 'gen_axi.write_cs_reg' using encoding 'one-hot' in module 'axi_crossbar_v2_1_28_decerr_slave'
---------------------------------------------------------------------------------
Finished RTL Optimization Phase 2 : Time (s): cpu = 00:00:16 ; elapsed = 00:00:18 . Memory (MB): peak = 2303.324 ; gain = 692.270 ; free physical = 936 ; free virtual = 18234
Synthesis current peak Physical Memory [PSS] (MB): peak = 1363.568; parent = 1236.046; children = 127.919
Synthesis current peak Virtual Memory [VSS] (MB): peak = 3292.879; parent = 2271.312; children = 1021.566
---------------------------------------------------------------------------------
---------------------------------------------------------------------------------
Start RTL Component Statistics 
---------------------------------------------------------------------------------
Detailed RTL Component Info : 
+---Adders : 
	   2 Input    8 Bit       Adders := 3     
	   2 Input    5 Bit       Adders := 4     
	   2 Input    4 Bit       Adders := 5     
	   2 Input    3 Bit       Adders := 2     
	   2 Input    2 Bit       Adders := 1     
	   2 Input    1 Bit       Adders := 2     
+---XORs : 
	   2 Input      1 Bit         XORs := 6     
+---Registers : 
	               96 Bit    Registers := 2     
	               68 Bit    Registers := 6     
	                8 Bit    Registers := 3     
	                5 Bit    Registers := 4     
	                4 Bit    Registers := 3     
	                3 Bit    Registers := 9     
	                2 Bit    Registers := 12    
	                1 Bit    Registers := 35    
+---Muxes : 
	   2 Input   68 Bit        Muxes := 6     
	   2 Input   24 Bit        Muxes := 6     
	   2 Input    8 Bit        Muxes := 1     
	   3 Input    4 Bit        Muxes := 1     
	   2 Input    4 Bit        Muxes := 7     
	   2 Input    3 Bit        Muxes := 2     
	   2 Input    2 Bit        Muxes := 19    
	   2 Input    1 Bit        Muxes := 41    
	   4 Input    1 Bit        Muxes := 3     
	   3 Input    1 Bit        Muxes := 9     
---------------------------------------------------------------------------------
Finished RTL Component Statistics 
---------------------------------------------------------------------------------
---------------------------------------------------------------------------------
Start Part Resource Summary
---------------------------------------------------------------------------------
Part Resources:
DSPs: 220 (col length:60)
BRAMs: 280 (col length: RAMB18 60 RAMB36 30)
---------------------------------------------------------------------------------
Finished Part Resource Summary
---------------------------------------------------------------------------------
---------------------------------------------------------------------------------
Start Cross Boundary and Area Optimization
---------------------------------------------------------------------------------
WARNING: [Synth 8-7080] Parallel synthesis criteria is not met
WARNING: [Synth 8-7129] Port s_axi_awid[0] in module axi_crossbar_v2_1_28_axi_crossbar is either unconnected or has no load
WARNING: [Synth 8-7129] Port s_axi_awuser[0] in module axi_crossbar_v2_1_28_axi_crossbar is either unconnected or has no load
WARNING: [Synth 8-7129] Port s_axi_wid[0] in module axi_crossbar_v2_1_28_axi_crossbar is either unconnected or has no load
WARNING: [Synth 8-7129] Port s_axi_wuser[0] in module axi_crossbar_v2_1_28_axi_crossbar is either unconnected or has no load
WARNING: [Synth 8-7129] Port s_axi_arid[0] in module axi_crossbar_v2_1_28_axi_crossbar is either unconnected or has no load
WARNING: [Synth 8-7129] Port s_axi_aruser[0] in module axi_crossbar_v2_1_28_axi_crossbar is either unconnected or has no load
WARNING: [Synth 8-7129] Port m_axi_buser[1] in module axi_crossbar_v2_1_28_axi_crossbar is either unconnected or has no load
WARNING: [Synth 8-7129] Port m_axi_buser[0] in module axi_crossbar_v2_1_28_axi_crossbar is either unconnected or has no load
WARNING: [Synth 8-7129] Port m_axi_ruser[1] in module axi_crossbar_v2_1_28_axi_crossbar is either unconnected or has no load
WARNING: [Synth 8-7129] Port m_axi_ruser[0] in module axi_crossbar_v2_1_28_axi_crossbar is either unconnected or has no load
INFO: [Synth 8-3332] Sequential element (gen_samd.crossbar_samd/gen_slave_slots[0].gen_si_write.wdata_router_w/wrouter_aw_fifo/FSM_onehot_state_reg[2]) is unused and will be removed from module axi_crossbar_v2_1_28_axi_crossbar.
---------------------------------------------------------------------------------
Finished Cross Boundary and Area Optimization : Time (s): cpu = 00:00:19 ; elapsed = 00:00:21 . Memory (MB): peak = 2303.324 ; gain = 692.270 ; free physical = 958 ; free virtual = 18266
Synthesis current peak Physical Memory [PSS] (MB): peak = 1363.568; parent = 1236.046; children = 127.919
Synthesis current peak Virtual Memory [VSS] (MB): peak = 3292.879; parent = 2271.312; children = 1021.566
---------------------------------------------------------------------------------
---------------------------------------------------------------------------------
Start Applying XDC Timing Constraints
---------------------------------------------------------------------------------
---------------------------------------------------------------------------------
Finished Applying XDC Timing Constraints : Time (s): cpu = 00:00:23 ; elapsed = 00:00:25 . Memory (MB): peak = 2303.324 ; gain = 692.270 ; free physical = 934 ; free virtual = 18369
Synthesis current peak Physical Memory [PSS] (MB): peak = 1363.568; parent = 1236.046; children = 128.431
Synthesis current peak Virtual Memory [VSS] (MB): peak = 3292.879; parent = 2271.312; children = 1021.566
---------------------------------------------------------------------------------
---------------------------------------------------------------------------------
Start Timing Optimization
---------------------------------------------------------------------------------
---------------------------------------------------------------------------------
Finished Timing Optimization : Time (s): cpu = 00:00:25 ; elapsed = 00:00:27 . Memory (MB): peak = 2303.324 ; gain = 692.270 ; free physical = 696 ; free virtual = 18250
Synthesis current peak Physical Memory [PSS] (MB): peak = 1363.568; parent = 1236.046; children = 128.431
Synthesis current peak Virtual Memory [VSS] (MB): peak = 3292.879; parent = 2271.312; children = 1021.566
---------------------------------------------------------------------------------
---------------------------------------------------------------------------------
Start Technology Mapping
---------------------------------------------------------------------------------
---------------------------------------------------------------------------------
Finished Technology Mapping : Time (s): cpu = 00:00:25 ; elapsed = 00:00:27 . Memory (MB): peak = 2303.324 ; gain = 692.270 ; free physical = 788 ; free virtual = 18348
Synthesis current peak Physical Memory [PSS] (MB): peak = 1363.568; parent = 1236.046; children = 129.363
Synthesis current peak Virtual Memory [VSS] (MB): peak = 3292.879; parent = 2271.312; children = 1021.566
---------------------------------------------------------------------------------
---------------------------------------------------------------------------------
Start IO Insertion
---------------------------------------------------------------------------------
---------------------------------------------------------------------------------
Start Flattening Before IO Insertion
---------------------------------------------------------------------------------
---------------------------------------------------------------------------------
Finished Flattening Before IO Insertion
---------------------------------------------------------------------------------
---------------------------------------------------------------------------------
Start Final Netlist Cleanup
---------------------------------------------------------------------------------
---------------------------------------------------------------------------------
Finished Final Netlist Cleanup
---------------------------------------------------------------------------------
---------------------------------------------------------------------------------
Finished IO Insertion : Time (s): cpu = 00:00:29 ; elapsed = 00:00:31 . Memory (MB): peak = 2303.324 ; gain = 692.270 ; free physical = 1129 ; free virtual = 18730
Synthesis current peak Physical Memory [PSS] (MB): peak = 1363.568; parent = 1236.046; children = 130.008
Synthesis current peak Virtual Memory [VSS] (MB): peak = 3292.879; parent = 2271.312; children = 1021.566
---------------------------------------------------------------------------------
---------------------------------------------------------------------------------
Start Renaming Generated Instances
---------------------------------------------------------------------------------
---------------------------------------------------------------------------------
Finished Renaming Generated Instances : Time (s): cpu = 00:00:29 ; elapsed = 00:00:31 . Memory (MB): peak = 2303.324 ; gain = 692.270 ; free physical = 1130 ; free virtual = 18731
Synthesis current peak Physical Memory [PSS] (MB): peak = 1363.568; parent = 1236.046; children = 130.008
Synthesis current peak Virtual Memory [VSS] (MB): peak = 3292.879; parent = 2271.312; children = 1021.566
---------------------------------------------------------------------------------
---------------------------------------------------------------------------------
Start Rebuilding User Hierarchy
---------------------------------------------------------------------------------
---------------------------------------------------------------------------------
Finished Rebuilding User Hierarchy : Time (s): cpu = 00:00:29 ; elapsed = 00:00:31 . Memory (MB): peak = 2303.324 ; gain = 692.270 ; free physical = 1367 ; free virtual = 18968
Synthesis current peak Physical Memory [PSS] (MB): peak = 1363.568; parent = 1236.046; children = 130.008
Synthesis current peak Virtual Memory [VSS] (MB): peak = 3292.879; parent = 2271.312; children = 1021.566
---------------------------------------------------------------------------------
---------------------------------------------------------------------------------
Start Renaming Generated Ports
---------------------------------------------------------------------------------
---------------------------------------------------------------------------------
Finished Renaming Generated Ports : Time (s): cpu = 00:00:29 ; elapsed = 00:00:31 . Memory (MB): peak = 2303.324 ; gain = 692.270 ; free physical = 1494 ; free virtual = 19094
Synthesis current peak Physical Memory [PSS] (MB): peak = 1363.568; parent = 1236.046; children = 130.008
Synthesis current peak Virtual Memory [VSS] (MB): peak = 3292.879; parent = 2271.312; children = 1021.566
---------------------------------------------------------------------------------
---------------------------------------------------------------------------------
Start Handling Custom Attributes
---------------------------------------------------------------------------------
---------------------------------------------------------------------------------
Finished Handling Custom Attributes : Time (s): cpu = 00:00:29 ; elapsed = 00:00:31 . Memory (MB): peak = 2303.324 ; gain = 692.270 ; free physical = 1521 ; free virtual = 19121
Synthesis current peak Physical Memory [PSS] (MB): peak = 1363.568; parent = 1236.046; children = 130.117
Synthesis current peak Virtual Memory [VSS] (MB): peak = 3292.879; parent = 2271.312; children = 1021.566
---------------------------------------------------------------------------------
---------------------------------------------------------------------------------
Start Renaming Generated Nets
---------------------------------------------------------------------------------
---------------------------------------------------------------------------------
Finished Renaming Generated Nets : Time (s): cpu = 00:00:29 ; elapsed = 00:00:31 . Memory (MB): peak = 2303.324 ; gain = 692.270 ; free physical = 2161 ; free virtual = 19761
Synthesis current peak Physical Memory [PSS] (MB): peak = 1363.568; parent = 1236.046; children = 131.060
Synthesis current peak Virtual Memory [VSS] (MB): peak = 3292.879; parent = 2271.312; children = 1021.566
---------------------------------------------------------------------------------
---------------------------------------------------------------------------------
Start Writing Synthesis Report
---------------------------------------------------------------------------------

Report BlackBoxes: 
+-+--------------+----------+
| |BlackBox name |Instances |
+-+--------------+----------+
+-+--------------+----------+

Report Cell Usage: 
+------+--------+------+
|      |Cell    |Count |
+------+--------+------+
|1     |LUT1    |    12|
|2     |LUT2    |    15|
|3     |LUT3    |   163|
|4     |LUT4    |   108|
|5     |LUT5    |    46|
|6     |LUT6    |    69|
|7     |SRLC32E |     2|
|8     |FDRE    |   538|
|9     |FDSE    |     8|
+------+--------+------+
---------------------------------------------------------------------------------
Finished Writing Synthesis Report : Time (s): cpu = 00:00:29 ; elapsed = 00:00:31 . Memory (MB): peak = 2303.324 ; gain = 692.270 ; free physical = 2150 ; free virtual = 19750
Synthesis current peak Physical Memory [PSS] (MB): peak = 1363.568; parent = 1236.046; children = 131.060
Synthesis current peak Virtual Memory [VSS] (MB): peak = 3292.879; parent = 2271.312; children = 1021.566
---------------------------------------------------------------------------------
Synthesis finished with 0 errors, 0 critical warnings and 11 warnings.
Synthesis Optimization Runtime : Time (s): cpu = 00:00:27 ; elapsed = 00:00:29 . Memory (MB): peak = 2303.324 ; gain = 571.488 ; free physical = 2091 ; free virtual = 19696
Synthesis Optimization Complete : Time (s): cpu = 00:00:29 ; elapsed = 00:00:32 . Memory (MB): peak = 2303.324 ; gain = 692.270 ; free physical = 2079 ; free virtual = 19684
INFO: [Project 1-571] Translating synthesized netlist
Netlist sorting complete. Time (s): cpu = 00:00:00.03 ; elapsed = 00:00:00.02 . Memory (MB): peak = 2303.324 ; gain = 0.000 ; free physical = 2186 ; free virtual = 19791
INFO: [Project 1-570] Preparing netlist for logic optimization
INFO: [Opt 31-138] Pushed 0 inverter(s) to 0 load pin(s).
Netlist sorting complete. Time (s): cpu = 00:00:00 ; elapsed = 00:00:00 . Memory (MB): peak = 2303.324 ; gain = 0.000 ; free physical = 1875 ; free virtual = 19482
INFO: [Project 1-111] Unisim Transformation Summary:
No Unisim elements were transformed.

Synth Design complete, checksum: 6d641b20
INFO: [Common 17-83] Releasing license: Synthesis
92 Infos, 68 Warnings, 0 Critical Warnings and 0 Errors encountered.
synth_design completed successfully
synth_design: Time (s): cpu = 00:00:37 ; elapsed = 00:00:36 . Memory (MB): peak = 2303.324 ; gain = 1024.863 ; free physical = 2000 ; free virtual = 19615
INFO: [Common 17-1381] The checkpoint '/home/mrindeciso/Documents/pynqrypt/pynqrypt-vivado/pynqrypt-vivado.runs/main_design_xbar_0_synth_1/main_design_xbar_0.dcp' has been generated.
INFO: [Coretcl 2-1648] Added synthesis output to IP cache for IP main_design_xbar_0, cache-ID = f7633d5f78239efe
INFO: [Coretcl 2-1174] Renamed 22 cell refs.
INFO: [Common 17-1381] The checkpoint '/home/mrindeciso/Documents/pynqrypt/pynqrypt-vivado/pynqrypt-vivado.runs/main_design_xbar_0_synth_1/main_design_xbar_0.dcp' has been generated.
INFO: [runtcl-4] Executing : report_utilization -file main_design_xbar_0_utilization_synth.rpt -pb main_design_xbar_0_utilization_synth.pb
INFO: [Common 17-206] Exiting Vivado at Fri Dec  9 00:50:56 2022...
