INFO: [HLS 200-10] Running '/xilinx/Vitis_HLS/2022.2/bin/unwrapped/lnx64.o/vitis_hls'
INFO: [HLS 200-10] For user 'mrindeciso' on host 'SSD-UBUNTU' (Linux_x86_64 version 5.15.0-56-generic) on Fri Dec 09 23:20:40 CET 2022
INFO: [HLS 200-10] On os Ubuntu 22.04.1 LTS
INFO: [HLS 200-10] In directory '/home/mrindeciso/Documents/pynqrypt'
Sourcing Tcl script '/home/mrindeciso/Documents/pynqrypt/pynqrypt-vitis-hls/pynqrypt/csim.tcl'
INFO: [HLS 200-1510] Running: source /home/mrindeciso/Documents/pynqrypt/pynqrypt-vitis-hls/pynqrypt/csim.tcl
INFO: [HLS 200-1510] Running: open_project pynqrypt-vitis-hls 
INFO: [HLS 200-10] Opening project '/home/mrindeciso/Documents/pynqrypt/pynqrypt-vitis-hls'.
INFO: [HLS 200-1510] Running: set_top pynqrypt_encrypt 
INFO: [HLS 200-1510] Running: add_files hw-impl/src/pynqrypt_hls.hpp 
INFO: [HLS 200-10] Adding design file 'hw-impl/src/pynqrypt_hls.hpp' to the project
INFO: [HLS 200-1510] Running: add_files hw-impl/src/pynqrypt_hls.cpp 
INFO: [HLS 200-10] Adding design file 'hw-impl/src/pynqrypt_hls.cpp' to the project
INFO: [HLS 200-1510] Running: add_files hw-impl/src/pynqrypt.hpp 
INFO: [HLS 200-10] Adding design file 'hw-impl/src/pynqrypt.hpp' to the project
INFO: [HLS 200-1510] Running: add_files hw-impl/src/pynqrypt.cpp 
INFO: [HLS 200-10] Adding design file 'hw-impl/src/pynqrypt.cpp' to the project
INFO: [HLS 200-1510] Running: add_files hw-impl/src/constants.hpp 
INFO: [HLS 200-10] Adding design file 'hw-impl/src/constants.hpp' to the project
INFO: [HLS 200-1510] Running: add_files -tb hw-impl/src/data.bin -cflags -Wno-unknown-pragmas -Wno-unknown-pragmas -Wno-unknown-pragmas -csimflags -Wno-unknown-pragmas 
INFO: [HLS 200-10] Adding test bench file 'hw-impl/src/data.bin' to the project
INFO: [HLS 200-1510] Running: add_files -tb hw-impl/src/data_enc_openssl.bin -cflags -Wno-unknown-pragmas -Wno-unknown-pragmas -Wno-unknown-pragmas -csimflags -Wno-unknown-pragmas 
INFO: [HLS 200-10] Adding test bench file 'hw-impl/src/data_enc_openssl.bin' to the project
INFO: [HLS 200-1510] Running: add_files -tb hw-impl/src/key.bin -cflags -Wno-unknown-pragmas -Wno-unknown-pragmas -Wno-unknown-pragmas -csimflags -Wno-unknown-pragmas 
INFO: [HLS 200-10] Adding test bench file 'hw-impl/src/key.bin' to the project
INFO: [HLS 200-1510] Running: add_files -tb hw-impl/src/key_test.bin -cflags -Wno-unknown-pragmas -Wno-unknown-pragmas -csimflags -Wno-unknown-pragmas 
WARNING: [HLS 200-40] Cannot find test bench file 'hw-impl/src/key_test.bin'
INFO: [HLS 200-1510] Running: add_files -tb hw-impl/src/nonce.bin -cflags -Wno-unknown-pragmas -Wno-unknown-pragmas -Wno-unknown-pragmas -csimflags -Wno-unknown-pragmas 
INFO: [HLS 200-10] Adding test bench file 'hw-impl/src/nonce.bin' to the project
INFO: [HLS 200-1510] Running: add_files -tb hw-impl/src/test.cpp -cflags -Wno-unknown-pragmas -Wno-unknown-pragmas -Wno-unknown-pragmas -csimflags -Wno-unknown-pragmas 
INFO: [HLS 200-10] Adding test bench file 'hw-impl/src/test.cpp' to the project
INFO: [HLS 200-1510] Running: open_solution pynqrypt -flow_target vivado 
INFO: [HLS 200-10] Opening solution '/home/mrindeciso/Documents/pynqrypt/pynqrypt-vitis-hls/pynqrypt'.
INFO: [SYN 201-201] Setting up clock 'default' with a period of 10ns.
INFO: [HLS 200-1611] Setting target device to 'xc7z020i-clg400-1L'
INFO: [HLS 200-1505] Using flow_target 'vivado'
Resolution: For help on HLS 200-1505 see www.xilinx.com/cgi-bin/docs/rdoc?v=2022.2;t=hls+guidance;d=200-1505.html
INFO: [HLS 200-1464] Running solution command: config_export -output=/home/mrindeciso/Documents/pynqrypt/pynqrypt-vitis-hls
INFO: [HLS 200-1464] Running solution command: config_export -format=ip_catalog
INFO: [HLS 200-1464] Running solution command: config_export -rtl=verilog
INFO: [HLS 200-1510] Running: set_part xc7z020i-clg400-1L 
INFO: [HLS 200-1510] Running: create_clock -period 10 -name default 
INFO: [HLS 200-1510] Running: config_export -format ip_catalog -output /home/mrindeciso/Documents/pynqrypt/pynqrypt-vitis-hls -rtl verilog 
INFO: [HLS 200-1510] Running: source ./pynqrypt-vitis-hls/pynqrypt/directives.tcl
INFO: [HLS 200-1510] Running: set_directive_top -name pynqrypt_encrypt pynqrypt_encrypt 
INFO: [HLS 200-1510] Running: csim_design -clean -quiet 
Running Dispatch Server on port: 43785
INFO: [SIM 211-2] *************** CSIM start ***************
INFO: [SIM 211-4] CSIM will launch GCC as the compiler.
   Compiling ../../../../hw-impl/src/test.cpp in debug mode
   Compiling ../../../../hw-impl/src/pynqrypt.cpp in debug mode
   Compiling ../../../../hw-impl/src/pynqrypt_hls.cpp in debug mode
   Generating csim.exe
INFO: [SIM 211-1] CSim done with 0 errors.
INFO: [SIM 211-3] *************** CSIM finish ***************
INFO: [HLS 200-111] Finished Command csim_design CPU user time: 3.69 seconds. CPU system time: 0.3 seconds. Elapsed time: 3.99 seconds; current allocated memory: 0.000 MB.
INFO: [HLS 200-112] Total CPU user time: 4.89 seconds. Total CPU system time: 0.44 seconds. Total elapsed time: 15.24 seconds; peak allocated memory: 201.836 MB.
