

================================================================
== Vitis HLS Report for 'aes_encrypt_block'
================================================================
* Date:           Sat Dec 10 14:02:52 2022

* Version:        2022.2 (Build 3670227 on Oct 13 2022)
* Project:        pynqrypt-vitis-hls
* Solution:       pynqrypt (Vivado IP Flow Target)
* Product family: zynq
* Target device:  xc7z020i-clg400-1L


================================================================
== Performance Estimates
================================================================
+ Timing: 
    * Summary: 
    +--------+----------+----------+------------+
    |  Clock |  Target  | Estimated| Uncertainty|
    +--------+----------+----------+------------+
    |ap_clk  |  10.00 ns|  6.256 ns|     2.70 ns|
    +--------+----------+----------+------------+

+ Latency: 
    * Summary: 
    +---------+---------+----------+----------+-----+-----+---------+
    |  Latency (cycles) |  Latency (absolute) |  Interval | Pipeline|
    |   min   |   max   |    min   |    max   | min | max |   Type  |
    +---------+---------+----------+----------+-----+-----+---------+
    |       45|       45|  0.450 us|  0.450 us|   45|   45|       no|
    +---------+---------+----------+----------+-----+-----+---------+

    + Detail: 
        * Instance: 
        +--------------------------------------------------------------+---------------------------------------------------+---------+---------+----------+----------+-----+-----+---------+
        |                                                              |                                                   |  Latency (cycles) |  Latency (absolute) |  Interval | Pipeline|
        |                           Instance                           |                       Module                      |   min   |   max   |    min   |    max   | min | max |   Type  |
        +--------------------------------------------------------------+---------------------------------------------------+---------+---------+----------+----------+-----+-----+---------+
        |grp_aes_encrypt_block_Pipeline_loop_aes_encrypt_block_fu_117  |aes_encrypt_block_Pipeline_loop_aes_encrypt_block  |       21|       21|  0.210 us|  0.210 us|   21|   21|       no|
        |grp_aes_encrypt_block_Pipeline_loop_aes_sub_bytes_fu_125      |aes_encrypt_block_Pipeline_loop_aes_sub_bytes      |       18|       18|  0.180 us|  0.180 us|   18|   18|       no|
        +--------------------------------------------------------------+---------------------------------------------------+---------+---------+----------+----------+-----+-----+---------+

        * Loop: 
        N/A



================================================================
== Utilization Estimates
================================================================
* Summary: 
+-----------------+---------+-----+--------+--------+-----+
|       Name      | BRAM_18K| DSP |   FF   |   LUT  | URAM|
+-----------------+---------+-----+--------+--------+-----+
|DSP              |        -|    -|       -|       -|    -|
|Expression       |        -|    -|       0|     258|    -|
|FIFO             |        -|    -|       -|       -|    -|
|Instance         |        -|    -|     787|  108724|    -|
|Memory           |        -|    -|       -|       -|    -|
|Multiplexer      |        -|    -|       -|      85|    -|
|Register         |        -|    -|     266|       -|    -|
+-----------------+---------+-----+--------+--------+-----+
|Total            |        0|    0|    1053|  109067|    0|
+-----------------+---------+-----+--------+--------+-----+
|Available        |      280|  220|  106400|   53200|    0|
+-----------------+---------+-----+--------+--------+-----+
|Utilization (%)  |        0|    0|      ~0|     205|    0|
+-----------------+---------+-----+--------+--------+-----+

+ Detail: 
    * Instance: 
    +--------------------------------------------------------------+---------------------------------------------------+---------+----+-----+--------+-----+
    |                           Instance                           |                       Module                      | BRAM_18K| DSP|  FF |   LUT  | URAM|
    +--------------------------------------------------------------+---------------------------------------------------+---------+----+-----+--------+-----+
    |grp_aes_encrypt_block_Pipeline_loop_aes_encrypt_block_fu_117  |aes_encrypt_block_Pipeline_loop_aes_encrypt_block  |        0|   0|  522|  104821|    0|
    |grp_aes_encrypt_block_Pipeline_loop_aes_sub_bytes_fu_125      |aes_encrypt_block_Pipeline_loop_aes_sub_bytes      |        0|   0|  265|    3903|    0|
    +--------------------------------------------------------------+---------------------------------------------------+---------+----+-----+--------+-----+
    |Total                                                         |                                                   |        0|   0|  787|  108724|    0|
    +--------------------------------------------------------------+---------------------------------------------------+---------+----+-----+--------+-----+

    * DSP: 
    N/A

    * Memory: 
    N/A

    * FIFO: 
    N/A

    * Expression: 
    +---------------------+----------+----+---+-----+------------+------------+
    |    Variable Name    | Operation| DSP| FF| LUT | Bitwidth P0| Bitwidth P1|
    +---------------------+----------+----+---+-----+------------+------------+
    |ap_block_state1      |        or|   0|  0|    2|           1|           1|
    |ap_return            |       xor|   0|  0|  128|         128|         128|
    |xor_ln859_fu_131_p2  |       xor|   0|  0|  128|         128|         128|
    +---------------------+----------+----+---+-----+------------+------------+
    |Total                |          |   0|  0|  258|         257|         257|
    +---------------------+----------+----+---+-----+------------+------------+

    * Multiplexer: 
    +--------------------------+----+-----------+-----+-----------+
    |           Name           | LUT| Input Size| Bits| Total Bits|
    +--------------------------+----+-----------+-----+-----------+
    |ap_NS_fsm                 |  42|          8|    1|          8|
    |ap_done                   |   9|          2|    1|          2|
    |this_round_keys_address0  |  20|          4|    4|         16|
    |this_round_keys_ce0       |  14|          3|    1|          3|
    +--------------------------+----+-----------+-----+-----------+
    |Total                     |  85|         17|    7|         29|
    +--------------------------+----+-----------+-----+-----------+

    * Register: 
    +---------------------------------------------------------------------------+-----+----+-----+-----------+
    |                                    Name                                   |  FF | LUT| Bits| Const Bits|
    +---------------------------------------------------------------------------+-----+----+-----+-----------+
    |ap_CS_fsm                                                                  |    7|   0|    7|          0|
    |ap_done_reg                                                                |    1|   0|    1|          0|
    |grp_aes_encrypt_block_Pipeline_loop_aes_encrypt_block_fu_117_ap_start_reg  |    1|   0|    1|          0|
    |grp_aes_encrypt_block_Pipeline_loop_aes_sub_bytes_fu_125_ap_start_reg      |    1|   0|    1|          0|
    |this_round_keys_load_reg_357                                               |  128|   0|  128|          0|
    |xor_ln859_reg_362                                                          |  128|   0|  128|          0|
    +---------------------------------------------------------------------------+-----+----+-----+-----------+
    |Total                                                                      |  266|   0|  266|          0|
    +---------------------------------------------------------------------------+-----+----+-----+-----------+



================================================================
== Interface
================================================================
* Summary: 
+--------------------------+-----+-----+------------+-------------------+--------------+
|         RTL Ports        | Dir | Bits|  Protocol  |   Source Object   |    C Type    |
+--------------------------+-----+-----+------------+-------------------+--------------+
|ap_clk                    |   in|    1|  ap_ctrl_hs|  aes_encrypt_block|  return value|
|ap_rst                    |   in|    1|  ap_ctrl_hs|  aes_encrypt_block|  return value|
|ap_start                  |   in|    1|  ap_ctrl_hs|  aes_encrypt_block|  return value|
|ap_done                   |  out|    1|  ap_ctrl_hs|  aes_encrypt_block|  return value|
|ap_continue               |   in|    1|  ap_ctrl_hs|  aes_encrypt_block|  return value|
|ap_idle                   |  out|    1|  ap_ctrl_hs|  aes_encrypt_block|  return value|
|ap_ready                  |  out|    1|  ap_ctrl_hs|  aes_encrypt_block|  return value|
|ap_return                 |  out|  128|  ap_ctrl_hs|  aes_encrypt_block|  return value|
|this_round_keys_address0  |  out|    4|   ap_memory|    this_round_keys|         array|
|this_round_keys_ce0       |  out|    1|   ap_memory|    this_round_keys|         array|
|this_round_keys_q0        |   in|  128|   ap_memory|    this_round_keys|         array|
|p_read                    |   in|  128|     ap_none|             p_read|        scalar|
+--------------------------+-----+-----+------------+-------------------+--------------+

============================================================
+ Verbose Summary: Synthesis Manager
============================================================
InlineROM: 1
ExposeGlobal: 0
============================================================
+ Verbose Summary: CDFG Model
============================================================
IsTopModel: 0
ResetActiveHigh: 1
IsCombinational: 2
IsDatapathOnly: 0
HasWiredReturn: 1
HasMFsm: 0
HasVarLatency: 1
IsPipeline: 0
IsRtlPipelined: 0
IsInstanceOverlapped: 0
IsDontTouch: 0
HasImplIP: 0
IsGatedGlobalClock: 0


============================================================
+ Verbose Summary: Schedule
============================================================
* Number of FSM states : 7
* Pipeline : 0
* Dataflow Pipeline: 0

* FSM state transitions: 
1 --> 2 
2 --> 3 
3 --> 4 
4 --> 5 
5 --> 6 
6 --> 7 
7 --> 

* FSM state operations: 

State 1 <SV = 0> <Delay = 3.25>
ST_1 : Operation 8 [1/1] (0.00ns)   --->   "%t_loc = alloca i64 1"   --->   Operation 8 'alloca' 't_loc' <Predicate = true> <Delay = 0.00>
ST_1 : Operation 9 [1/1] (0.00ns)   --->   "%state_promoted_i_loc = alloca i64 1"   --->   Operation 9 'alloca' 'state_promoted_i_loc' <Predicate = true> <Delay = 0.00>
ST_1 : Operation 10 [1/1] (0.00ns)   --->   "%this_round_keys_addr = getelementptr i128 %this_round_keys, i64 0, i64 0"   --->   Operation 10 'getelementptr' 'this_round_keys_addr' <Predicate = true> <Delay = 0.00>
ST_1 : Operation 11 [2/2] (3.25ns)   --->   "%this_round_keys_load = load i4 %this_round_keys_addr"   --->   Operation 11 'load' 'this_round_keys_load' <Predicate = true> <Delay = 3.25> <CoreInst = "RAM">   --->   Core 82 'RAM' <Latency = 1> <II = 1> <Delay = 3.25> <Storage> <Opcode : 'load' 'store'> <Ports = 2> <Width = 128> <Depth = 11> <RAM>

State 2 <SV = 1> <Delay = 3.25>
ST_2 : Operation 12 [1/2] (3.25ns)   --->   "%this_round_keys_load = load i4 %this_round_keys_addr"   --->   Operation 12 'load' 'this_round_keys_load' <Predicate = true> <Delay = 3.25> <CoreInst = "RAM">   --->   Core 82 'RAM' <Latency = 1> <II = 1> <Delay = 3.25> <Storage> <Opcode : 'load' 'store'> <Ports = 2> <Width = 128> <Depth = 11> <RAM>

State 3 <SV = 2> <Delay = 6.25>
ST_3 : Operation 13 [1/1] (3.63ns)   --->   "%p_read16 = read i128 @_ssdm_op_Read.ap_auto.i128, i128 %p_read"   --->   Operation 13 'read' 'p_read16' <Predicate = true> <Delay = 3.63> <CoreInst = "FIFO_SRL">   --->   Core 81 'FIFO_SRL' <Latency = 0> <II = 1> <Delay = 3.63> <Storage> <Opcode : 'read' 'write' 'nbread' 'nbwrite'> <Ports = 0> <Width = -1> <Depth = -1> <FIFO>
ST_3 : Operation 14 [1/1] (1.03ns)   --->   "%xor_ln859 = xor i128 %this_round_keys_load, i128 %p_read16"   --->   Operation 14 'xor' 'xor_ln859' <Predicate = true> <Delay = 1.03> <CoreInst = "LogicGate">   --->   Core 74 'LogicGate' <Latency = 0> <II = 1> <Delay = 1.03> <FuncUnit> <Opcode : 'and' 'or' 'xor'> <InPorts = 2> <OutPorts = 1>
ST_3 : Operation 15 [2/2] (1.58ns)   --->   "%call_ln859 = call void @aes_encrypt_block_Pipeline_loop_aes_encrypt_block, i128 %xor_ln859, i128 %this_round_keys, i128 %state_promoted_i_loc"   --->   Operation 15 'call' 'call_ln859' <Predicate = true> <Delay = 1.58> <CoreType = "Generic">   --->   Core 0 '' <Latency = 0> <II = 1> <Delay = 1.00> <Generic> <Opcode : >

State 4 <SV = 3> <Delay = 0.00>
ST_4 : Operation 16 [1/2] (0.00ns)   --->   "%call_ln859 = call void @aes_encrypt_block_Pipeline_loop_aes_encrypt_block, i128 %xor_ln859, i128 %this_round_keys, i128 %state_promoted_i_loc"   --->   Operation 16 'call' 'call_ln859' <Predicate = true> <Delay = 0.00> <CoreType = "Generic">   --->   Core 0 '' <Latency = 0> <II = 1> <Delay = 1.00> <Generic> <Opcode : >

State 5 <SV = 4> <Delay = 1.58>
ST_5 : Operation 17 [1/1] (0.00ns)   --->   "%state_promoted_i_loc_load = load i128 %state_promoted_i_loc"   --->   Operation 17 'load' 'state_promoted_i_loc_load' <Predicate = true> <Delay = 0.00>
ST_5 : Operation 18 [2/2] (1.58ns)   --->   "%call_ln0 = call void @aes_encrypt_block_Pipeline_loop_aes_sub_bytes, i128 %state_promoted_i_loc_load, i128 %t_loc"   --->   Operation 18 'call' 'call_ln0' <Predicate = true> <Delay = 1.58> <CoreType = "Generic">   --->   Core 0 '' <Latency = 0> <II = 1> <Delay = 1.00> <Generic> <Opcode : >

State 6 <SV = 5> <Delay = 3.25>
ST_6 : Operation 19 [1/2] (1.36ns)   --->   "%call_ln0 = call void @aes_encrypt_block_Pipeline_loop_aes_sub_bytes, i128 %state_promoted_i_loc_load, i128 %t_loc"   --->   Operation 19 'call' 'call_ln0' <Predicate = true> <Delay = 1.36> <CoreType = "Generic">   --->   Core 0 '' <Latency = 0> <II = 1> <Delay = 1.00> <Generic> <Opcode : >
ST_6 : Operation 20 [1/1] (0.00ns)   --->   "%this_round_keys_addr_1 = getelementptr i128 %this_round_keys, i64 0, i64 10"   --->   Operation 20 'getelementptr' 'this_round_keys_addr_1' <Predicate = true> <Delay = 0.00>
ST_6 : Operation 21 [2/2] (3.25ns)   --->   "%this_round_keys_load_1 = load i4 %this_round_keys_addr_1"   --->   Operation 21 'load' 'this_round_keys_load_1' <Predicate = true> <Delay = 3.25> <CoreInst = "RAM">   --->   Core 82 'RAM' <Latency = 1> <II = 1> <Delay = 3.25> <Storage> <Opcode : 'load' 'store'> <Ports = 2> <Width = 128> <Depth = 11> <RAM>

State 7 <SV = 6> <Delay = 4.28>
ST_7 : Operation 22 [1/1] (0.00ns)   --->   "%t_loc_load = load i128 %t_loc"   --->   Operation 22 'load' 't_loc_load' <Predicate = true> <Delay = 0.00>
ST_7 : Operation 23 [1/1] (0.00ns)   --->   "%tmp = partselect i8 @_ssdm_op_PartSelect.i8.i128.i32.i32, i128 %t_loc_load, i32 120, i32 127"   --->   Operation 23 'partselect' 'tmp' <Predicate = true> <Delay = 0.00>
ST_7 : Operation 24 [1/1] (0.00ns)   --->   "%tmp_s = partselect i8 @_ssdm_op_PartSelect.i8.i128.i32.i32, i128 %t_loc_load, i32 80, i32 87"   --->   Operation 24 'partselect' 'tmp_s' <Predicate = true> <Delay = 0.00>
ST_7 : Operation 25 [1/1] (0.00ns)   --->   "%tmp_15 = partselect i8 @_ssdm_op_PartSelect.i8.i128.i32.i32, i128 %t_loc_load, i32 40, i32 47"   --->   Operation 25 'partselect' 'tmp_15' <Predicate = true> <Delay = 0.00>
ST_7 : Operation 26 [1/1] (0.00ns)   --->   "%trunc_ln628 = trunc i128 %t_loc_load"   --->   Operation 26 'trunc' 'trunc_ln628' <Predicate = true> <Delay = 0.00>
ST_7 : Operation 27 [1/1] (0.00ns)   --->   "%tmp_16 = partselect i8 @_ssdm_op_PartSelect.i8.i128.i32.i32, i128 %t_loc_load, i32 88, i32 95"   --->   Operation 27 'partselect' 'tmp_16' <Predicate = true> <Delay = 0.00>
ST_7 : Operation 28 [1/1] (0.00ns)   --->   "%tmp_17 = partselect i8 @_ssdm_op_PartSelect.i8.i128.i32.i32, i128 %t_loc_load, i32 48, i32 55"   --->   Operation 28 'partselect' 'tmp_17' <Predicate = true> <Delay = 0.00>
ST_7 : Operation 29 [1/1] (0.00ns)   --->   "%tmp_18 = partselect i8 @_ssdm_op_PartSelect.i8.i128.i32.i32, i128 %t_loc_load, i32 8, i32 15"   --->   Operation 29 'partselect' 'tmp_18' <Predicate = true> <Delay = 0.00>
ST_7 : Operation 30 [1/1] (0.00ns)   --->   "%tmp_19 = partselect i8 @_ssdm_op_PartSelect.i8.i128.i32.i32, i128 %t_loc_load, i32 96, i32 103"   --->   Operation 30 'partselect' 'tmp_19' <Predicate = true> <Delay = 0.00>
ST_7 : Operation 31 [1/1] (0.00ns)   --->   "%tmp_20 = partselect i8 @_ssdm_op_PartSelect.i8.i128.i32.i32, i128 %t_loc_load, i32 56, i32 63"   --->   Operation 31 'partselect' 'tmp_20' <Predicate = true> <Delay = 0.00>
ST_7 : Operation 32 [1/1] (0.00ns)   --->   "%tmp_21 = partselect i8 @_ssdm_op_PartSelect.i8.i128.i32.i32, i128 %t_loc_load, i32 16, i32 23"   --->   Operation 32 'partselect' 'tmp_21' <Predicate = true> <Delay = 0.00>
ST_7 : Operation 33 [1/1] (0.00ns)   --->   "%tmp_22 = partselect i8 @_ssdm_op_PartSelect.i8.i128.i32.i32, i128 %t_loc_load, i32 104, i32 111"   --->   Operation 33 'partselect' 'tmp_22' <Predicate = true> <Delay = 0.00>
ST_7 : Operation 34 [1/1] (0.00ns)   --->   "%tmp_23 = partselect i8 @_ssdm_op_PartSelect.i8.i128.i32.i32, i128 %t_loc_load, i32 64, i32 71"   --->   Operation 34 'partselect' 'tmp_23' <Predicate = true> <Delay = 0.00>
ST_7 : Operation 35 [1/1] (0.00ns)   --->   "%tmp_24 = partselect i8 @_ssdm_op_PartSelect.i8.i128.i32.i32, i128 %t_loc_load, i32 24, i32 31"   --->   Operation 35 'partselect' 'tmp_24' <Predicate = true> <Delay = 0.00>
ST_7 : Operation 36 [1/1] (0.00ns)   --->   "%tmp_25 = partselect i8 @_ssdm_op_PartSelect.i8.i128.i32.i32, i128 %t_loc_load, i32 112, i32 119"   --->   Operation 36 'partselect' 'tmp_25' <Predicate = true> <Delay = 0.00>
ST_7 : Operation 37 [1/1] (0.00ns)   --->   "%tmp_26 = partselect i8 @_ssdm_op_PartSelect.i8.i128.i32.i32, i128 %t_loc_load, i32 72, i32 79"   --->   Operation 37 'partselect' 'tmp_26' <Predicate = true> <Delay = 0.00>
ST_7 : Operation 38 [1/1] (0.00ns)   --->   "%tmp_27 = partselect i8 @_ssdm_op_PartSelect.i8.i128.i32.i32, i128 %t_loc_load, i32 32, i32 39"   --->   Operation 38 'partselect' 'tmp_27' <Predicate = true> <Delay = 0.00>
ST_7 : Operation 39 [1/1] (0.00ns)   --->   "%p_Result_s = bitconcatenate i128 @_ssdm_op_BitConcatenate.i128.i8.i8.i8.i8.i8.i8.i8.i8.i8.i8.i8.i8.i8.i8.i8.i8, i8 %tmp, i8 %tmp_s, i8 %tmp_15, i8 %trunc_ln628, i8 %tmp_16, i8 %tmp_17, i8 %tmp_18, i8 %tmp_19, i8 %tmp_20, i8 %tmp_21, i8 %tmp_22, i8 %tmp_23, i8 %tmp_24, i8 %tmp_25, i8 %tmp_26, i8 %tmp_27"   --->   Operation 39 'bitconcatenate' 'p_Result_s' <Predicate = true> <Delay = 0.00>
ST_7 : Operation 40 [1/2] (3.25ns)   --->   "%this_round_keys_load_1 = load i4 %this_round_keys_addr_1"   --->   Operation 40 'load' 'this_round_keys_load_1' <Predicate = true> <Delay = 3.25> <CoreInst = "RAM">   --->   Core 82 'RAM' <Latency = 1> <II = 1> <Delay = 3.25> <Storage> <Opcode : 'load' 'store'> <Ports = 2> <Width = 128> <Depth = 11> <RAM>
ST_7 : Operation 41 [1/1] (1.03ns)   --->   "%xor_ln859_2 = xor i128 %this_round_keys_load_1, i128 %p_Result_s"   --->   Operation 41 'xor' 'xor_ln859_2' <Predicate = true> <Delay = 1.03> <CoreInst = "LogicGate">   --->   Core 74 'LogicGate' <Latency = 0> <II = 1> <Delay = 1.03> <FuncUnit> <Opcode : 'and' 'or' 'xor'> <InPorts = 2> <OutPorts = 1>
ST_7 : Operation 42 [1/1] (0.00ns)   --->   "%ret_ln58 = ret i128 %xor_ln859_2" [hw-impl/src/pynqrypt.cpp:58]   --->   Operation 42 'ret' 'ret_ln58' <Predicate = true> <Delay = 0.00>


============================================================
+ Verbose Summary: Binding
============================================================
STG Binding: 
---------------- STG Properties BEGIN ----------------
- Is combinational: 0
- Is one-state seq: 0
- Is datapath-only: 0
- Is pipelined: 0
- Is top level: 0
Port [ Return ] is wired: 1; IO mode=ap_ctrl_hs:ce=0
Port [ this_round_keys]:  wired=1; compound=1; hidden=0; nouse=0; global=0; static=0; extern=0; dir=0; type=1; pingpong=0; private_global=0; MemPort=[13]; IO mode=ap_memory:ce=0
Port [ p_read]:  wired=1; compound=0; hidden=0; nouse=0; global=0; static=0; extern=0; dir=0; type=0; pingpong=0; private_global=0; IO mode=ap_none:ce=0
---------------- STG Properties END ------------------

---------------- Datapath Model BEGIN ----------------

<LifeTime>
<method=bitvector/>
t_loc                     (alloca        ) [ 00111111]
state_promoted_i_loc      (alloca        ) [ 00111100]
this_round_keys_addr      (getelementptr ) [ 00100000]
this_round_keys_load      (load          ) [ 00010000]
p_read16                  (read          ) [ 00000000]
xor_ln859                 (xor           ) [ 00001000]
call_ln859                (call          ) [ 00000000]
state_promoted_i_loc_load (load          ) [ 00000010]
call_ln0                  (call          ) [ 00000000]
this_round_keys_addr_1    (getelementptr ) [ 00000001]
t_loc_load                (load          ) [ 00000000]
tmp                       (partselect    ) [ 00000000]
tmp_s                     (partselect    ) [ 00000000]
tmp_15                    (partselect    ) [ 00000000]
trunc_ln628               (trunc         ) [ 00000000]
tmp_16                    (partselect    ) [ 00000000]
tmp_17                    (partselect    ) [ 00000000]
tmp_18                    (partselect    ) [ 00000000]
tmp_19                    (partselect    ) [ 00000000]
tmp_20                    (partselect    ) [ 00000000]
tmp_21                    (partselect    ) [ 00000000]
tmp_22                    (partselect    ) [ 00000000]
tmp_23                    (partselect    ) [ 00000000]
tmp_24                    (partselect    ) [ 00000000]
tmp_25                    (partselect    ) [ 00000000]
tmp_26                    (partselect    ) [ 00000000]
tmp_27                    (partselect    ) [ 00000000]
p_Result_s                (bitconcatenate) [ 00000000]
this_round_keys_load_1    (load          ) [ 00000000]
xor_ln859_2               (xor           ) [ 00000000]
ret_ln58                  (ret           ) [ 00000000]
</LifeTime>

<model>

<comp_list>
<comp id="0" class="1000" name="this_round_keys">
<pin_list>
<pin id="1" dir="1" index="0" bw="1" slack="0"/>
</pin_list>
<bind>
<StgValue><ssdm name="this_round_keys"/><MemPortTyVec>1 3 </MemPortTyVec>
</StgValue>
</bind>
</comp>

<comp id="2" class="1000" name="p_read">
<pin_list>
<pin id="3" dir="1" index="0" bw="1" slack="0"/>
</pin_list>
<bind>
<StgValue><ssdm name="p_read"/></StgValue>
</bind>
</comp>

<comp id="4" class="1001" name="const_4">
<pin_list>
<pin id="5" dir="1" index="0" bw="1" slack="0"/>
</pin_list>
<bind>
<StgValue><ssdm name=""/></StgValue>
</bind>
</comp>

<comp id="6" class="1001" name="const_6">
<pin_list>
<pin id="7" dir="1" index="0" bw="1" slack="0"/>
</pin_list>
<bind>
<StgValue><ssdm name=""/></StgValue>
</bind>
</comp>

<comp id="8" class="1001" name="const_8">
<pin_list>
<pin id="9" dir="1" index="0" bw="1" slack="0"/>
</pin_list>
<bind>
<StgValue><ssdm name="_ssdm_op_Read.ap_auto.i128"/></StgValue>
</bind>
</comp>

<comp id="10" class="1001" name="const_10">
<pin_list>
<pin id="11" dir="1" index="0" bw="1" slack="0"/>
</pin_list>
<bind>
<StgValue><ssdm name="aes_encrypt_block_Pipeline_loop_aes_encrypt_block"/></StgValue>
</bind>
</comp>

<comp id="12" class="1001" name="const_12">
<pin_list>
<pin id="13" dir="1" index="0" bw="1" slack="0"/>
</pin_list>
<bind>
<StgValue><ssdm name="aes_encrypt_block_Pipeline_loop_aes_sub_bytes"/></StgValue>
</bind>
</comp>

<comp id="14" class="1001" name="const_14">
<pin_list>
<pin id="15" dir="1" index="0" bw="1" slack="0"/>
</pin_list>
<bind>
<StgValue><ssdm name=""/></StgValue>
</bind>
</comp>

<comp id="16" class="1001" name="const_16">
<pin_list>
<pin id="17" dir="1" index="0" bw="1" slack="0"/>
</pin_list>
<bind>
<StgValue><ssdm name="_ssdm_op_PartSelect.i8.i128.i32.i32"/></StgValue>
</bind>
</comp>

<comp id="18" class="1001" name="const_18">
<pin_list>
<pin id="19" dir="1" index="0" bw="1" slack="0"/>
</pin_list>
<bind>
<StgValue><ssdm name=""/></StgValue>
</bind>
</comp>

<comp id="20" class="1001" name="const_20">
<pin_list>
<pin id="21" dir="1" index="0" bw="1" slack="0"/>
</pin_list>
<bind>
<StgValue><ssdm name=""/></StgValue>
</bind>
</comp>

<comp id="22" class="1001" name="const_22">
<pin_list>
<pin id="23" dir="1" index="0" bw="1" slack="0"/>
</pin_list>
<bind>
<StgValue><ssdm name=""/></StgValue>
</bind>
</comp>

<comp id="24" class="1001" name="const_24">
<pin_list>
<pin id="25" dir="1" index="0" bw="1" slack="0"/>
</pin_list>
<bind>
<StgValue><ssdm name=""/></StgValue>
</bind>
</comp>

<comp id="26" class="1001" name="const_26">
<pin_list>
<pin id="27" dir="1" index="0" bw="1" slack="0"/>
</pin_list>
<bind>
<StgValue><ssdm name=""/></StgValue>
</bind>
</comp>

<comp id="28" class="1001" name="const_28">
<pin_list>
<pin id="29" dir="1" index="0" bw="1" slack="0"/>
</pin_list>
<bind>
<StgValue><ssdm name=""/></StgValue>
</bind>
</comp>

<comp id="30" class="1001" name="const_30">
<pin_list>
<pin id="31" dir="1" index="0" bw="1" slack="0"/>
</pin_list>
<bind>
<StgValue><ssdm name=""/></StgValue>
</bind>
</comp>

<comp id="32" class="1001" name="const_32">
<pin_list>
<pin id="33" dir="1" index="0" bw="1" slack="0"/>
</pin_list>
<bind>
<StgValue><ssdm name=""/></StgValue>
</bind>
</comp>

<comp id="34" class="1001" name="const_34">
<pin_list>
<pin id="35" dir="1" index="0" bw="1" slack="0"/>
</pin_list>
<bind>
<StgValue><ssdm name=""/></StgValue>
</bind>
</comp>

<comp id="36" class="1001" name="const_36">
<pin_list>
<pin id="37" dir="1" index="0" bw="1" slack="0"/>
</pin_list>
<bind>
<StgValue><ssdm name=""/></StgValue>
</bind>
</comp>

<comp id="38" class="1001" name="const_38">
<pin_list>
<pin id="39" dir="1" index="0" bw="1" slack="0"/>
</pin_list>
<bind>
<StgValue><ssdm name=""/></StgValue>
</bind>
</comp>

<comp id="40" class="1001" name="const_40">
<pin_list>
<pin id="41" dir="1" index="0" bw="1" slack="0"/>
</pin_list>
<bind>
<StgValue><ssdm name=""/></StgValue>
</bind>
</comp>

<comp id="42" class="1001" name="const_42">
<pin_list>
<pin id="43" dir="1" index="0" bw="1" slack="0"/>
</pin_list>
<bind>
<StgValue><ssdm name=""/></StgValue>
</bind>
</comp>

<comp id="44" class="1001" name="const_44">
<pin_list>
<pin id="45" dir="1" index="0" bw="1" slack="0"/>
</pin_list>
<bind>
<StgValue><ssdm name=""/></StgValue>
</bind>
</comp>

<comp id="46" class="1001" name="const_46">
<pin_list>
<pin id="47" dir="1" index="0" bw="1" slack="0"/>
</pin_list>
<bind>
<StgValue><ssdm name=""/></StgValue>
</bind>
</comp>

<comp id="48" class="1001" name="const_48">
<pin_list>
<pin id="49" dir="1" index="0" bw="1" slack="0"/>
</pin_list>
<bind>
<StgValue><ssdm name=""/></StgValue>
</bind>
</comp>

<comp id="50" class="1001" name="const_50">
<pin_list>
<pin id="51" dir="1" index="0" bw="1" slack="0"/>
</pin_list>
<bind>
<StgValue><ssdm name=""/></StgValue>
</bind>
</comp>

<comp id="52" class="1001" name="const_52">
<pin_list>
<pin id="53" dir="1" index="0" bw="1" slack="0"/>
</pin_list>
<bind>
<StgValue><ssdm name=""/></StgValue>
</bind>
</comp>

<comp id="54" class="1001" name="const_54">
<pin_list>
<pin id="55" dir="1" index="0" bw="1" slack="0"/>
</pin_list>
<bind>
<StgValue><ssdm name=""/></StgValue>
</bind>
</comp>

<comp id="56" class="1001" name="const_56">
<pin_list>
<pin id="57" dir="1" index="0" bw="1" slack="0"/>
</pin_list>
<bind>
<StgValue><ssdm name=""/></StgValue>
</bind>
</comp>

<comp id="58" class="1001" name="const_58">
<pin_list>
<pin id="59" dir="1" index="0" bw="1" slack="0"/>
</pin_list>
<bind>
<StgValue><ssdm name=""/></StgValue>
</bind>
</comp>

<comp id="60" class="1001" name="const_60">
<pin_list>
<pin id="61" dir="1" index="0" bw="1" slack="0"/>
</pin_list>
<bind>
<StgValue><ssdm name=""/></StgValue>
</bind>
</comp>

<comp id="62" class="1001" name="const_62">
<pin_list>
<pin id="63" dir="1" index="0" bw="1" slack="0"/>
</pin_list>
<bind>
<StgValue><ssdm name=""/></StgValue>
</bind>
</comp>

<comp id="64" class="1001" name="const_64">
<pin_list>
<pin id="65" dir="1" index="0" bw="1" slack="0"/>
</pin_list>
<bind>
<StgValue><ssdm name=""/></StgValue>
</bind>
</comp>

<comp id="66" class="1001" name="const_66">
<pin_list>
<pin id="67" dir="1" index="0" bw="1" slack="0"/>
</pin_list>
<bind>
<StgValue><ssdm name=""/></StgValue>
</bind>
</comp>

<comp id="68" class="1001" name="const_68">
<pin_list>
<pin id="69" dir="1" index="0" bw="1" slack="0"/>
</pin_list>
<bind>
<StgValue><ssdm name=""/></StgValue>
</bind>
</comp>

<comp id="70" class="1001" name="const_70">
<pin_list>
<pin id="71" dir="1" index="0" bw="1" slack="0"/>
</pin_list>
<bind>
<StgValue><ssdm name=""/></StgValue>
</bind>
</comp>

<comp id="72" class="1001" name="const_72">
<pin_list>
<pin id="73" dir="1" index="0" bw="1" slack="0"/>
</pin_list>
<bind>
<StgValue><ssdm name=""/></StgValue>
</bind>
</comp>

<comp id="74" class="1001" name="const_74">
<pin_list>
<pin id="75" dir="1" index="0" bw="1" slack="0"/>
</pin_list>
<bind>
<StgValue><ssdm name=""/></StgValue>
</bind>
</comp>

<comp id="76" class="1001" name="const_76">
<pin_list>
<pin id="77" dir="1" index="0" bw="1" slack="0"/>
</pin_list>
<bind>
<StgValue><ssdm name=""/></StgValue>
</bind>
</comp>

<comp id="78" class="1001" name="const_78">
<pin_list>
<pin id="79" dir="1" index="0" bw="1" slack="0"/>
</pin_list>
<bind>
<StgValue><ssdm name="_ssdm_op_BitConcatenate.i128.i8.i8.i8.i8.i8.i8.i8.i8.i8.i8.i8.i8.i8.i8.i8.i8"/></StgValue>
</bind>
</comp>

<comp id="80" class="1004" name="t_loc_fu_80">
<pin_list>
<pin id="81" dir="0" index="0" bw="1" slack="0"/>
<pin id="82" dir="1" index="1" bw="128" slack="4"/>
</pin_list>
<bind>
<opcode="alloca(26) " fcode="alloca"/>
<opset="t_loc/1 "/>
</bind>
</comp>

<comp id="84" class="1004" name="state_promoted_i_loc_fu_84">
<pin_list>
<pin id="85" dir="0" index="0" bw="1" slack="0"/>
<pin id="86" dir="1" index="1" bw="128" slack="2"/>
</pin_list>
<bind>
<opcode="alloca(26) " fcode="alloca"/>
<opset="state_promoted_i_loc/1 "/>
</bind>
</comp>

<comp id="88" class="1004" name="p_read16_read_fu_88">
<pin_list>
<pin id="89" dir="0" index="0" bw="128" slack="0"/>
<pin id="90" dir="0" index="1" bw="128" slack="0"/>
<pin id="91" dir="1" index="2" bw="128" slack="0"/>
</pin_list>
<bind>
<opcode="read(1150) " fcode="read"/>
<opset="p_read16/3 "/>
</bind>
</comp>

<comp id="94" class="1004" name="this_round_keys_addr_gep_fu_94">
<pin_list>
<pin id="95" dir="0" index="0" bw="128" slack="0"/>
<pin id="96" dir="0" index="1" bw="1" slack="0"/>
<pin id="97" dir="0" index="2" bw="1" slack="0"/>
<pin id="98" dir="1" index="3" bw="4" slack="0"/>
</pin_list>
<bind>
<opcode="getelementptr(29) " fcode="getelementptr"/>
<opset="this_round_keys_addr/1 "/>
</bind>
</comp>

<comp id="102" class="1004" name="grp_access_fu_102">
<pin_list>
<pin id="103" dir="0" index="0" bw="4" slack="0"/>
<pin id="104" dir="0" index="1" bw="128" slack="2147483647"/>
<pin id="105" dir="0" index="2" bw="0" slack="2147483647"/>
<pin id="106" dir="1" index="3" bw="128" slack="0"/>
</pin_list>
<bind>
<opcode="load(27) " fcode="load"/>
<opset="this_round_keys_load/1 this_round_keys_load_1/6 "/>
</bind>
</comp>

<comp id="108" class="1004" name="this_round_keys_addr_1_gep_fu_108">
<pin_list>
<pin id="109" dir="0" index="0" bw="128" slack="0"/>
<pin id="110" dir="0" index="1" bw="1" slack="0"/>
<pin id="111" dir="0" index="2" bw="5" slack="0"/>
<pin id="112" dir="1" index="3" bw="4" slack="0"/>
</pin_list>
<bind>
<opcode="getelementptr(29) " fcode="getelementptr"/>
<opset="this_round_keys_addr_1/6 "/>
</bind>
</comp>

<comp id="117" class="1004" name="grp_aes_encrypt_block_Pipeline_loop_aes_encrypt_block_fu_117">
<pin_list>
<pin id="118" dir="0" index="0" bw="0" slack="0"/>
<pin id="119" dir="0" index="1" bw="128" slack="0"/>
<pin id="120" dir="0" index="2" bw="128" slack="0"/>
<pin id="121" dir="0" index="3" bw="128" slack="2"/>
<pin id="122" dir="1" index="4" bw="0" slack="2147483647"/>
</pin_list>
<bind>
<opcode="call(48) " fcode="call"/>
<opset="call_ln859/3 "/>
</bind>
</comp>

<comp id="125" class="1004" name="grp_aes_encrypt_block_Pipeline_loop_aes_sub_bytes_fu_125">
<pin_list>
<pin id="126" dir="0" index="0" bw="0" slack="0"/>
<pin id="127" dir="0" index="1" bw="128" slack="0"/>
<pin id="128" dir="0" index="2" bw="128" slack="4"/>
<pin id="129" dir="1" index="3" bw="0" slack="2147483647"/>
</pin_list>
<bind>
<opcode="call(48) " fcode="call"/>
<opset="call_ln0/5 "/>
</bind>
</comp>

<comp id="131" class="1004" name="xor_ln859_fu_131">
<pin_list>
<pin id="132" dir="0" index="0" bw="128" slack="1"/>
<pin id="133" dir="0" index="1" bw="128" slack="0"/>
<pin id="134" dir="1" index="2" bw="128" slack="0"/>
</pin_list>
<bind>
<opcode="xor(25) " fcode="xor"/>
<opset="xor_ln859/3 "/>
</bind>
</comp>

<comp id="137" class="1004" name="state_promoted_i_loc_load_load_fu_137">
<pin_list>
<pin id="138" dir="0" index="0" bw="128" slack="4"/>
<pin id="139" dir="1" index="1" bw="128" slack="0"/>
</pin_list>
<bind>
<opcode="load(27) " fcode="load"/>
<opset="state_promoted_i_loc_load/5 "/>
</bind>
</comp>

<comp id="141" class="1004" name="t_loc_load_load_fu_141">
<pin_list>
<pin id="142" dir="0" index="0" bw="128" slack="6"/>
<pin id="143" dir="1" index="1" bw="128" slack="0"/>
</pin_list>
<bind>
<opcode="load(27) " fcode="load"/>
<opset="t_loc_load/7 "/>
</bind>
</comp>

<comp id="144" class="1004" name="tmp_fu_144">
<pin_list>
<pin id="145" dir="0" index="0" bw="8" slack="0"/>
<pin id="146" dir="0" index="1" bw="128" slack="0"/>
<pin id="147" dir="0" index="2" bw="8" slack="0"/>
<pin id="148" dir="0" index="3" bw="8" slack="0"/>
<pin id="149" dir="1" index="4" bw="8" slack="0"/>
</pin_list>
<bind>
<opcode="partselect(1002) " fcode="partselect"/>
<opset="tmp/7 "/>
</bind>
</comp>

<comp id="154" class="1004" name="tmp_s_fu_154">
<pin_list>
<pin id="155" dir="0" index="0" bw="8" slack="0"/>
<pin id="156" dir="0" index="1" bw="128" slack="0"/>
<pin id="157" dir="0" index="2" bw="8" slack="0"/>
<pin id="158" dir="0" index="3" bw="8" slack="0"/>
<pin id="159" dir="1" index="4" bw="8" slack="0"/>
</pin_list>
<bind>
<opcode="partselect(1002) " fcode="partselect"/>
<opset="tmp_s/7 "/>
</bind>
</comp>

<comp id="164" class="1004" name="tmp_15_fu_164">
<pin_list>
<pin id="165" dir="0" index="0" bw="8" slack="0"/>
<pin id="166" dir="0" index="1" bw="128" slack="0"/>
<pin id="167" dir="0" index="2" bw="7" slack="0"/>
<pin id="168" dir="0" index="3" bw="7" slack="0"/>
<pin id="169" dir="1" index="4" bw="8" slack="0"/>
</pin_list>
<bind>
<opcode="partselect(1002) " fcode="partselect"/>
<opset="tmp_15/7 "/>
</bind>
</comp>

<comp id="174" class="1004" name="trunc_ln628_fu_174">
<pin_list>
<pin id="175" dir="0" index="0" bw="128" slack="0"/>
<pin id="176" dir="1" index="1" bw="8" slack="0"/>
</pin_list>
<bind>
<opcode="trunc(33) " fcode="trunc"/>
<opset="trunc_ln628/7 "/>
</bind>
</comp>

<comp id="178" class="1004" name="tmp_16_fu_178">
<pin_list>
<pin id="179" dir="0" index="0" bw="8" slack="0"/>
<pin id="180" dir="0" index="1" bw="128" slack="0"/>
<pin id="181" dir="0" index="2" bw="8" slack="0"/>
<pin id="182" dir="0" index="3" bw="8" slack="0"/>
<pin id="183" dir="1" index="4" bw="8" slack="0"/>
</pin_list>
<bind>
<opcode="partselect(1002) " fcode="partselect"/>
<opset="tmp_16/7 "/>
</bind>
</comp>

<comp id="188" class="1004" name="tmp_17_fu_188">
<pin_list>
<pin id="189" dir="0" index="0" bw="8" slack="0"/>
<pin id="190" dir="0" index="1" bw="128" slack="0"/>
<pin id="191" dir="0" index="2" bw="7" slack="0"/>
<pin id="192" dir="0" index="3" bw="7" slack="0"/>
<pin id="193" dir="1" index="4" bw="8" slack="0"/>
</pin_list>
<bind>
<opcode="partselect(1002) " fcode="partselect"/>
<opset="tmp_17/7 "/>
</bind>
</comp>

<comp id="198" class="1004" name="tmp_18_fu_198">
<pin_list>
<pin id="199" dir="0" index="0" bw="8" slack="0"/>
<pin id="200" dir="0" index="1" bw="128" slack="0"/>
<pin id="201" dir="0" index="2" bw="5" slack="0"/>
<pin id="202" dir="0" index="3" bw="5" slack="0"/>
<pin id="203" dir="1" index="4" bw="8" slack="0"/>
</pin_list>
<bind>
<opcode="partselect(1002) " fcode="partselect"/>
<opset="tmp_18/7 "/>
</bind>
</comp>

<comp id="208" class="1004" name="tmp_19_fu_208">
<pin_list>
<pin id="209" dir="0" index="0" bw="8" slack="0"/>
<pin id="210" dir="0" index="1" bw="128" slack="0"/>
<pin id="211" dir="0" index="2" bw="8" slack="0"/>
<pin id="212" dir="0" index="3" bw="8" slack="0"/>
<pin id="213" dir="1" index="4" bw="8" slack="0"/>
</pin_list>
<bind>
<opcode="partselect(1002) " fcode="partselect"/>
<opset="tmp_19/7 "/>
</bind>
</comp>

<comp id="218" class="1004" name="tmp_20_fu_218">
<pin_list>
<pin id="219" dir="0" index="0" bw="8" slack="0"/>
<pin id="220" dir="0" index="1" bw="128" slack="0"/>
<pin id="221" dir="0" index="2" bw="7" slack="0"/>
<pin id="222" dir="0" index="3" bw="7" slack="0"/>
<pin id="223" dir="1" index="4" bw="8" slack="0"/>
</pin_list>
<bind>
<opcode="partselect(1002) " fcode="partselect"/>
<opset="tmp_20/7 "/>
</bind>
</comp>

<comp id="228" class="1004" name="tmp_21_fu_228">
<pin_list>
<pin id="229" dir="0" index="0" bw="8" slack="0"/>
<pin id="230" dir="0" index="1" bw="128" slack="0"/>
<pin id="231" dir="0" index="2" bw="6" slack="0"/>
<pin id="232" dir="0" index="3" bw="6" slack="0"/>
<pin id="233" dir="1" index="4" bw="8" slack="0"/>
</pin_list>
<bind>
<opcode="partselect(1002) " fcode="partselect"/>
<opset="tmp_21/7 "/>
</bind>
</comp>

<comp id="238" class="1004" name="tmp_22_fu_238">
<pin_list>
<pin id="239" dir="0" index="0" bw="8" slack="0"/>
<pin id="240" dir="0" index="1" bw="128" slack="0"/>
<pin id="241" dir="0" index="2" bw="8" slack="0"/>
<pin id="242" dir="0" index="3" bw="8" slack="0"/>
<pin id="243" dir="1" index="4" bw="8" slack="0"/>
</pin_list>
<bind>
<opcode="partselect(1002) " fcode="partselect"/>
<opset="tmp_22/7 "/>
</bind>
</comp>

<comp id="248" class="1004" name="tmp_23_fu_248">
<pin_list>
<pin id="249" dir="0" index="0" bw="8" slack="0"/>
<pin id="250" dir="0" index="1" bw="128" slack="0"/>
<pin id="251" dir="0" index="2" bw="8" slack="0"/>
<pin id="252" dir="0" index="3" bw="8" slack="0"/>
<pin id="253" dir="1" index="4" bw="8" slack="0"/>
</pin_list>
<bind>
<opcode="partselect(1002) " fcode="partselect"/>
<opset="tmp_23/7 "/>
</bind>
</comp>

<comp id="258" class="1004" name="tmp_24_fu_258">
<pin_list>
<pin id="259" dir="0" index="0" bw="8" slack="0"/>
<pin id="260" dir="0" index="1" bw="128" slack="0"/>
<pin id="261" dir="0" index="2" bw="6" slack="0"/>
<pin id="262" dir="0" index="3" bw="6" slack="0"/>
<pin id="263" dir="1" index="4" bw="8" slack="0"/>
</pin_list>
<bind>
<opcode="partselect(1002) " fcode="partselect"/>
<opset="tmp_24/7 "/>
</bind>
</comp>

<comp id="268" class="1004" name="tmp_25_fu_268">
<pin_list>
<pin id="269" dir="0" index="0" bw="8" slack="0"/>
<pin id="270" dir="0" index="1" bw="128" slack="0"/>
<pin id="271" dir="0" index="2" bw="8" slack="0"/>
<pin id="272" dir="0" index="3" bw="8" slack="0"/>
<pin id="273" dir="1" index="4" bw="8" slack="0"/>
</pin_list>
<bind>
<opcode="partselect(1002) " fcode="partselect"/>
<opset="tmp_25/7 "/>
</bind>
</comp>

<comp id="278" class="1004" name="tmp_26_fu_278">
<pin_list>
<pin id="279" dir="0" index="0" bw="8" slack="0"/>
<pin id="280" dir="0" index="1" bw="128" slack="0"/>
<pin id="281" dir="0" index="2" bw="8" slack="0"/>
<pin id="282" dir="0" index="3" bw="8" slack="0"/>
<pin id="283" dir="1" index="4" bw="8" slack="0"/>
</pin_list>
<bind>
<opcode="partselect(1002) " fcode="partselect"/>
<opset="tmp_26/7 "/>
</bind>
</comp>

<comp id="288" class="1004" name="tmp_27_fu_288">
<pin_list>
<pin id="289" dir="0" index="0" bw="8" slack="0"/>
<pin id="290" dir="0" index="1" bw="128" slack="0"/>
<pin id="291" dir="0" index="2" bw="7" slack="0"/>
<pin id="292" dir="0" index="3" bw="7" slack="0"/>
<pin id="293" dir="1" index="4" bw="8" slack="0"/>
</pin_list>
<bind>
<opcode="partselect(1002) " fcode="partselect"/>
<opset="tmp_27/7 "/>
</bind>
</comp>

<comp id="298" class="1004" name="p_Result_s_fu_298">
<pin_list>
<pin id="299" dir="0" index="0" bw="128" slack="0"/>
<pin id="300" dir="0" index="1" bw="8" slack="0"/>
<pin id="301" dir="0" index="2" bw="8" slack="0"/>
<pin id="302" dir="0" index="3" bw="8" slack="0"/>
<pin id="303" dir="0" index="4" bw="8" slack="0"/>
<pin id="304" dir="0" index="5" bw="8" slack="0"/>
<pin id="305" dir="0" index="6" bw="8" slack="0"/>
<pin id="306" dir="0" index="7" bw="8" slack="0"/>
<pin id="307" dir="0" index="8" bw="8" slack="0"/>
<pin id="308" dir="0" index="9" bw="8" slack="0"/>
<pin id="309" dir="0" index="10" bw="8" slack="0"/>
<pin id="310" dir="0" index="11" bw="8" slack="0"/>
<pin id="311" dir="0" index="12" bw="8" slack="0"/>
<pin id="312" dir="0" index="13" bw="8" slack="0"/>
<pin id="313" dir="0" index="14" bw="8" slack="0"/>
<pin id="314" dir="0" index="15" bw="8" slack="0"/>
<pin id="315" dir="0" index="16" bw="8" slack="0"/>
<pin id="316" dir="1" index="17" bw="128" slack="0"/>
</pin_list>
<bind>
<opcode="bitconcatenate(1004) " fcode="bitconcatenate"/>
<opset="p_Result_s/7 "/>
</bind>
</comp>

<comp id="334" class="1004" name="xor_ln859_2_fu_334">
<pin_list>
<pin id="335" dir="0" index="0" bw="128" slack="0"/>
<pin id="336" dir="0" index="1" bw="128" slack="0"/>
<pin id="337" dir="1" index="2" bw="128" slack="2147483647"/>
</pin_list>
<bind>
<opcode="xor(25) " fcode="xor"/>
<opset="xor_ln859_2/7 "/>
</bind>
</comp>

<comp id="340" class="1005" name="t_loc_reg_340">
<pin_list>
<pin id="341" dir="0" index="0" bw="128" slack="4"/>
<pin id="342" dir="1" index="1" bw="128" slack="4"/>
</pin_list>
<bind>
<opset="t_loc "/>
</bind>
</comp>

<comp id="346" class="1005" name="state_promoted_i_loc_reg_346">
<pin_list>
<pin id="347" dir="0" index="0" bw="128" slack="2"/>
<pin id="348" dir="1" index="1" bw="128" slack="2"/>
</pin_list>
<bind>
<opset="state_promoted_i_loc "/>
</bind>
</comp>

<comp id="352" class="1005" name="this_round_keys_addr_reg_352">
<pin_list>
<pin id="353" dir="0" index="0" bw="4" slack="1"/>
<pin id="354" dir="1" index="1" bw="4" slack="1"/>
</pin_list>
<bind>
<opset="this_round_keys_addr "/>
</bind>
</comp>

<comp id="357" class="1005" name="this_round_keys_load_reg_357">
<pin_list>
<pin id="358" dir="0" index="0" bw="128" slack="1"/>
<pin id="359" dir="1" index="1" bw="128" slack="1"/>
</pin_list>
<bind>
<opset="this_round_keys_load "/>
</bind>
</comp>

<comp id="362" class="1005" name="xor_ln859_reg_362">
<pin_list>
<pin id="363" dir="0" index="0" bw="128" slack="1"/>
<pin id="364" dir="1" index="1" bw="128" slack="1"/>
</pin_list>
<bind>
<opset="xor_ln859 "/>
</bind>
</comp>

<comp id="370" class="1005" name="this_round_keys_addr_1_reg_370">
<pin_list>
<pin id="371" dir="0" index="0" bw="4" slack="1"/>
<pin id="372" dir="1" index="1" bw="4" slack="1"/>
</pin_list>
<bind>
<opset="this_round_keys_addr_1 "/>
</bind>
</comp>

</comp_list>

<net_list>
<net id="83"><net_src comp="4" pin="0"/><net_sink comp="80" pin=0"/></net>

<net id="87"><net_src comp="4" pin="0"/><net_sink comp="84" pin=0"/></net>

<net id="92"><net_src comp="8" pin="0"/><net_sink comp="88" pin=0"/></net>

<net id="93"><net_src comp="2" pin="0"/><net_sink comp="88" pin=1"/></net>

<net id="99"><net_src comp="0" pin="0"/><net_sink comp="94" pin=0"/></net>

<net id="100"><net_src comp="6" pin="0"/><net_sink comp="94" pin=1"/></net>

<net id="101"><net_src comp="6" pin="0"/><net_sink comp="94" pin=2"/></net>

<net id="107"><net_src comp="94" pin="3"/><net_sink comp="102" pin=0"/></net>

<net id="113"><net_src comp="0" pin="0"/><net_sink comp="108" pin=0"/></net>

<net id="114"><net_src comp="6" pin="0"/><net_sink comp="108" pin=1"/></net>

<net id="115"><net_src comp="14" pin="0"/><net_sink comp="108" pin=2"/></net>

<net id="116"><net_src comp="108" pin="3"/><net_sink comp="102" pin=0"/></net>

<net id="123"><net_src comp="10" pin="0"/><net_sink comp="117" pin=0"/></net>

<net id="124"><net_src comp="0" pin="0"/><net_sink comp="117" pin=2"/></net>

<net id="130"><net_src comp="12" pin="0"/><net_sink comp="125" pin=0"/></net>

<net id="135"><net_src comp="88" pin="2"/><net_sink comp="131" pin=1"/></net>

<net id="136"><net_src comp="131" pin="2"/><net_sink comp="117" pin=1"/></net>

<net id="140"><net_src comp="137" pin="1"/><net_sink comp="125" pin=1"/></net>

<net id="150"><net_src comp="16" pin="0"/><net_sink comp="144" pin=0"/></net>

<net id="151"><net_src comp="141" pin="1"/><net_sink comp="144" pin=1"/></net>

<net id="152"><net_src comp="18" pin="0"/><net_sink comp="144" pin=2"/></net>

<net id="153"><net_src comp="20" pin="0"/><net_sink comp="144" pin=3"/></net>

<net id="160"><net_src comp="16" pin="0"/><net_sink comp="154" pin=0"/></net>

<net id="161"><net_src comp="141" pin="1"/><net_sink comp="154" pin=1"/></net>

<net id="162"><net_src comp="22" pin="0"/><net_sink comp="154" pin=2"/></net>

<net id="163"><net_src comp="24" pin="0"/><net_sink comp="154" pin=3"/></net>

<net id="170"><net_src comp="16" pin="0"/><net_sink comp="164" pin=0"/></net>

<net id="171"><net_src comp="141" pin="1"/><net_sink comp="164" pin=1"/></net>

<net id="172"><net_src comp="26" pin="0"/><net_sink comp="164" pin=2"/></net>

<net id="173"><net_src comp="28" pin="0"/><net_sink comp="164" pin=3"/></net>

<net id="177"><net_src comp="141" pin="1"/><net_sink comp="174" pin=0"/></net>

<net id="184"><net_src comp="16" pin="0"/><net_sink comp="178" pin=0"/></net>

<net id="185"><net_src comp="141" pin="1"/><net_sink comp="178" pin=1"/></net>

<net id="186"><net_src comp="30" pin="0"/><net_sink comp="178" pin=2"/></net>

<net id="187"><net_src comp="32" pin="0"/><net_sink comp="178" pin=3"/></net>

<net id="194"><net_src comp="16" pin="0"/><net_sink comp="188" pin=0"/></net>

<net id="195"><net_src comp="141" pin="1"/><net_sink comp="188" pin=1"/></net>

<net id="196"><net_src comp="34" pin="0"/><net_sink comp="188" pin=2"/></net>

<net id="197"><net_src comp="36" pin="0"/><net_sink comp="188" pin=3"/></net>

<net id="204"><net_src comp="16" pin="0"/><net_sink comp="198" pin=0"/></net>

<net id="205"><net_src comp="141" pin="1"/><net_sink comp="198" pin=1"/></net>

<net id="206"><net_src comp="38" pin="0"/><net_sink comp="198" pin=2"/></net>

<net id="207"><net_src comp="40" pin="0"/><net_sink comp="198" pin=3"/></net>

<net id="214"><net_src comp="16" pin="0"/><net_sink comp="208" pin=0"/></net>

<net id="215"><net_src comp="141" pin="1"/><net_sink comp="208" pin=1"/></net>

<net id="216"><net_src comp="42" pin="0"/><net_sink comp="208" pin=2"/></net>

<net id="217"><net_src comp="44" pin="0"/><net_sink comp="208" pin=3"/></net>

<net id="224"><net_src comp="16" pin="0"/><net_sink comp="218" pin=0"/></net>

<net id="225"><net_src comp="141" pin="1"/><net_sink comp="218" pin=1"/></net>

<net id="226"><net_src comp="46" pin="0"/><net_sink comp="218" pin=2"/></net>

<net id="227"><net_src comp="48" pin="0"/><net_sink comp="218" pin=3"/></net>

<net id="234"><net_src comp="16" pin="0"/><net_sink comp="228" pin=0"/></net>

<net id="235"><net_src comp="141" pin="1"/><net_sink comp="228" pin=1"/></net>

<net id="236"><net_src comp="50" pin="0"/><net_sink comp="228" pin=2"/></net>

<net id="237"><net_src comp="52" pin="0"/><net_sink comp="228" pin=3"/></net>

<net id="244"><net_src comp="16" pin="0"/><net_sink comp="238" pin=0"/></net>

<net id="245"><net_src comp="141" pin="1"/><net_sink comp="238" pin=1"/></net>

<net id="246"><net_src comp="54" pin="0"/><net_sink comp="238" pin=2"/></net>

<net id="247"><net_src comp="56" pin="0"/><net_sink comp="238" pin=3"/></net>

<net id="254"><net_src comp="16" pin="0"/><net_sink comp="248" pin=0"/></net>

<net id="255"><net_src comp="141" pin="1"/><net_sink comp="248" pin=1"/></net>

<net id="256"><net_src comp="58" pin="0"/><net_sink comp="248" pin=2"/></net>

<net id="257"><net_src comp="60" pin="0"/><net_sink comp="248" pin=3"/></net>

<net id="264"><net_src comp="16" pin="0"/><net_sink comp="258" pin=0"/></net>

<net id="265"><net_src comp="141" pin="1"/><net_sink comp="258" pin=1"/></net>

<net id="266"><net_src comp="62" pin="0"/><net_sink comp="258" pin=2"/></net>

<net id="267"><net_src comp="64" pin="0"/><net_sink comp="258" pin=3"/></net>

<net id="274"><net_src comp="16" pin="0"/><net_sink comp="268" pin=0"/></net>

<net id="275"><net_src comp="141" pin="1"/><net_sink comp="268" pin=1"/></net>

<net id="276"><net_src comp="66" pin="0"/><net_sink comp="268" pin=2"/></net>

<net id="277"><net_src comp="68" pin="0"/><net_sink comp="268" pin=3"/></net>

<net id="284"><net_src comp="16" pin="0"/><net_sink comp="278" pin=0"/></net>

<net id="285"><net_src comp="141" pin="1"/><net_sink comp="278" pin=1"/></net>

<net id="286"><net_src comp="70" pin="0"/><net_sink comp="278" pin=2"/></net>

<net id="287"><net_src comp="72" pin="0"/><net_sink comp="278" pin=3"/></net>

<net id="294"><net_src comp="16" pin="0"/><net_sink comp="288" pin=0"/></net>

<net id="295"><net_src comp="141" pin="1"/><net_sink comp="288" pin=1"/></net>

<net id="296"><net_src comp="74" pin="0"/><net_sink comp="288" pin=2"/></net>

<net id="297"><net_src comp="76" pin="0"/><net_sink comp="288" pin=3"/></net>

<net id="317"><net_src comp="78" pin="0"/><net_sink comp="298" pin=0"/></net>

<net id="318"><net_src comp="144" pin="4"/><net_sink comp="298" pin=1"/></net>

<net id="319"><net_src comp="154" pin="4"/><net_sink comp="298" pin=2"/></net>

<net id="320"><net_src comp="164" pin="4"/><net_sink comp="298" pin=3"/></net>

<net id="321"><net_src comp="174" pin="1"/><net_sink comp="298" pin=4"/></net>

<net id="322"><net_src comp="178" pin="4"/><net_sink comp="298" pin=5"/></net>

<net id="323"><net_src comp="188" pin="4"/><net_sink comp="298" pin=6"/></net>

<net id="324"><net_src comp="198" pin="4"/><net_sink comp="298" pin=7"/></net>

<net id="325"><net_src comp="208" pin="4"/><net_sink comp="298" pin=8"/></net>

<net id="326"><net_src comp="218" pin="4"/><net_sink comp="298" pin=9"/></net>

<net id="327"><net_src comp="228" pin="4"/><net_sink comp="298" pin=10"/></net>

<net id="328"><net_src comp="238" pin="4"/><net_sink comp="298" pin=11"/></net>

<net id="329"><net_src comp="248" pin="4"/><net_sink comp="298" pin=12"/></net>

<net id="330"><net_src comp="258" pin="4"/><net_sink comp="298" pin=13"/></net>

<net id="331"><net_src comp="268" pin="4"/><net_sink comp="298" pin=14"/></net>

<net id="332"><net_src comp="278" pin="4"/><net_sink comp="298" pin=15"/></net>

<net id="333"><net_src comp="288" pin="4"/><net_sink comp="298" pin=16"/></net>

<net id="338"><net_src comp="102" pin="3"/><net_sink comp="334" pin=0"/></net>

<net id="339"><net_src comp="298" pin="17"/><net_sink comp="334" pin=1"/></net>

<net id="343"><net_src comp="80" pin="1"/><net_sink comp="340" pin=0"/></net>

<net id="344"><net_src comp="340" pin="1"/><net_sink comp="125" pin=2"/></net>

<net id="345"><net_src comp="340" pin="1"/><net_sink comp="141" pin=0"/></net>

<net id="349"><net_src comp="84" pin="1"/><net_sink comp="346" pin=0"/></net>

<net id="350"><net_src comp="346" pin="1"/><net_sink comp="117" pin=3"/></net>

<net id="351"><net_src comp="346" pin="1"/><net_sink comp="137" pin=0"/></net>

<net id="355"><net_src comp="94" pin="3"/><net_sink comp="352" pin=0"/></net>

<net id="356"><net_src comp="352" pin="1"/><net_sink comp="102" pin=0"/></net>

<net id="360"><net_src comp="102" pin="3"/><net_sink comp="357" pin=0"/></net>

<net id="361"><net_src comp="357" pin="1"/><net_sink comp="131" pin=0"/></net>

<net id="365"><net_src comp="131" pin="2"/><net_sink comp="362" pin=0"/></net>

<net id="366"><net_src comp="362" pin="1"/><net_sink comp="117" pin=1"/></net>

<net id="373"><net_src comp="108" pin="3"/><net_sink comp="370" pin=0"/></net>

<net id="374"><net_src comp="370" pin="1"/><net_sink comp="102" pin=0"/></net>

</net_list>

</model> 
---------------- Datapath Model END ------------------

* FSMD analyzer results:
  - Output states:
	Port: this_round_keys | {}
 - Input state : 
	Port: aes_encrypt_block : this_round_keys | {1 2 3 4 6 7 }
	Port: aes_encrypt_block : p_read | {3 }
  - Chain level:
	State 1
		this_round_keys_load : 1
	State 2
	State 3
	State 4
	State 5
		call_ln0 : 1
	State 6
		this_round_keys_load_1 : 1
	State 7
		tmp : 1
		tmp_s : 1
		tmp_15 : 1
		trunc_ln628 : 1
		tmp_16 : 1
		tmp_17 : 1
		tmp_18 : 1
		tmp_19 : 1
		tmp_20 : 1
		tmp_21 : 1
		tmp_22 : 1
		tmp_23 : 1
		tmp_24 : 1
		tmp_25 : 1
		tmp_26 : 1
		tmp_27 : 1
		p_Result_s : 2
		xor_ln859_2 : 3
		ret_ln58 : 3


============================================================
+ Verbose Summary: Datapath Resource usage 
============================================================

* Functional unit list:
|----------|--------------------------------------------------------------|---------|---------|---------|
| Operation|                        Functional Unit                       |  Delay  |    FF   |   LUT   |
|----------|--------------------------------------------------------------|---------|---------|---------|
|   call   | grp_aes_encrypt_block_Pipeline_loop_aes_encrypt_block_fu_117 |  1.588  |   521   |  104751 |
|          |   grp_aes_encrypt_block_Pipeline_loop_aes_sub_bytes_fu_125   |    0    |   261   |   3036  |
|----------|--------------------------------------------------------------|---------|---------|---------|
|    xor   |                       xor_ln859_fu_131                       |    0    |    0    |   128   |
|          |                      xor_ln859_2_fu_334                      |    0    |    0    |   128   |
|----------|--------------------------------------------------------------|---------|---------|---------|
|   read   |                      p_read16_read_fu_88                     |    0    |    0    |    0    |
|----------|--------------------------------------------------------------|---------|---------|---------|
|          |                          tmp_fu_144                          |    0    |    0    |    0    |
|          |                         tmp_s_fu_154                         |    0    |    0    |    0    |
|          |                         tmp_15_fu_164                        |    0    |    0    |    0    |
|          |                         tmp_16_fu_178                        |    0    |    0    |    0    |
|          |                         tmp_17_fu_188                        |    0    |    0    |    0    |
|          |                         tmp_18_fu_198                        |    0    |    0    |    0    |
|          |                         tmp_19_fu_208                        |    0    |    0    |    0    |
|partselect|                         tmp_20_fu_218                        |    0    |    0    |    0    |
|          |                         tmp_21_fu_228                        |    0    |    0    |    0    |
|          |                         tmp_22_fu_238                        |    0    |    0    |    0    |
|          |                         tmp_23_fu_248                        |    0    |    0    |    0    |
|          |                         tmp_24_fu_258                        |    0    |    0    |    0    |
|          |                         tmp_25_fu_268                        |    0    |    0    |    0    |
|          |                         tmp_26_fu_278                        |    0    |    0    |    0    |
|          |                         tmp_27_fu_288                        |    0    |    0    |    0    |
|----------|--------------------------------------------------------------|---------|---------|---------|
|   trunc  |                      trunc_ln628_fu_174                      |    0    |    0    |    0    |
|----------|--------------------------------------------------------------|---------|---------|---------|
|bitconcatenate|                       p_Result_s_fu_298                      |    0    |    0    |    0    |
|----------|--------------------------------------------------------------|---------|---------|---------|
|   Total  |                                                              |  1.588  |   782   |  108043 |
|----------|--------------------------------------------------------------|---------|---------|---------|

Memories:
N/A

* Register list:
+------------------------------+--------+
|                              |   FF   |
+------------------------------+--------+
| state_promoted_i_loc_reg_346 |   128  |
|         t_loc_reg_340        |   128  |
|this_round_keys_addr_1_reg_370|    4   |
| this_round_keys_addr_reg_352 |    4   |
| this_round_keys_load_reg_357 |   128  |
|       xor_ln859_reg_362      |   128  |
+------------------------------+--------+
|             Total            |   520  |
+------------------------------+--------+

* Multiplexer (MUX) list: 
|--------------------------------------------------------------|------|------|------|--------||---------||---------|
|                             Comp                             |  Pin | Size |  BW  | S x BW ||  Delay  ||   LUT   |
|--------------------------------------------------------------|------|------|------|--------||---------||---------|
|                       grp_access_fu_102                      |  p0  |   4  |   4  |   16   ||    20   |
| grp_aes_encrypt_block_Pipeline_loop_aes_encrypt_block_fu_117 |  p1  |   2  |  128 |   256  ||    9    |
|--------------------------------------------------------------|------|------|------|--------||---------||---------|
|                             Total                            |      |      |      |   272  ||  3.4146 ||    29   |
|--------------------------------------------------------------|------|------|------|--------||---------||---------|



* Summary:
+-----------+--------+--------+--------+
|           |  Delay |   FF   |   LUT  |
+-----------+--------+--------+--------+
|  Function |    1   |   782  | 108043 |
|   Memory  |    -   |    -   |    -   |
|Multiplexer|    3   |    -   |   29   |
|  Register |    -   |   520  |    -   |
+-----------+--------+--------+--------+
|   Total   |    5   |  1302  | 108072 |
+-----------+--------+--------+--------+
