

================================================================
== Vitis HLS Report for 'aes_generate_round_keys_Pipeline_loop_generate_round_keys'
================================================================
* Date:           Tue Dec  6 11:20:27 2022

* Version:        2022.2 (Build 3670227 on Oct 13 2022)
* Project:        pynqrypt-vitis-hls
* Solution:       pynqrypt (Vivado IP Flow Target)
* Product family: zynq
* Target device:  xc7z020i-clg400-1L


================================================================
== Performance Estimates
================================================================
+ Timing: 
    * Summary: 
    +--------+----------+----------+------------+
    |  Clock |  Target  | Estimated| Uncertainty|
    +--------+----------+----------+------------+
    |ap_clk  |  10.00 ns|  6.508 ns|     2.70 ns|
    +--------+----------+----------+------------+

+ Latency: 
    * Summary: 
    +---------+---------+----------+----------+-----+-----+---------+
    |  Latency (cycles) |  Latency (absolute) |  Interval | Pipeline|
    |   min   |   max   |    min   |    max   | min | max |   Type  |
    +---------+---------+----------+----------+-----+-----+---------+
    |      162|      162|  1.620 us|  1.620 us|  162|  162|       no|
    +---------+---------+----------+----------+-----+-----+---------+

    + Detail: 
        * Instance: 
        N/A

        * Loop: 
        +----------------------------+---------+---------+----------+-----------+-----------+------+----------+
        |                            |  Latency (cycles) | Iteration|  Initiation Interval  | Trip |          |
        |          Loop Name         |   min   |   max   |  Latency |  achieved |   target  | Count| Pipelined|
        +----------------------------+---------+---------+----------+-----------+-----------+------+----------+
        |- loop_generate_round_keys  |      160|      160|        16|         16|          1|    10|       yes|
        +----------------------------+---------+---------+----------+-----------+-----------+------+----------+

============================================================
+ Verbose Summary: Synthesis Manager
============================================================
InlineROM: 1
ExposeGlobal: 0
============================================================
+ Verbose Summary: CDFG Model
============================================================
IsTopModel: 0
ResetActiveHigh: 1
IsCombinational: 0
IsDatapathOnly: 0
HasWiredReturn: 1
HasMFsm: 2
HasVarLatency: 1
IsPipeline: 0
IsRtlPipelined: 0
IsInstanceOverlapped: 0
IsDontTouch: 0
HasImplIP: 0
IsGatedGlobalClock: 0

+ Individual pipeline summary: 
  * Pipeline-0: initiation interval (II) = 16, depth = 16


============================================================
+ Verbose Summary: Schedule
============================================================
* Number of FSM states : 16
* Pipeline : 1
  Pipeline-0 : II = 16, D = 16, States = { 1 2 3 4 5 6 7 8 9 10 11 12 13 14 15 16 }
* Dataflow Pipeline: 0

* FSM state transitions: 
1 --> 2 
2 --> 3 
3 --> 4 
4 --> 5 
5 --> 6 
6 --> 7 
7 --> 8 
8 --> 9 
9 --> 10 
10 --> 11 
11 --> 12 
12 --> 13 
13 --> 14 
14 --> 15 
15 --> 16 
16 --> 

* FSM state operations: 

State 1 <SV = 0> <Delay = 5.16>
ST_1 : Operation 19 [1/1] (0.00ns)   --->   "%i = alloca i32 1"   --->   Operation 19 'alloca' 'i' <Predicate = true> <Delay = 0.00>
ST_1 : Operation 20 [1/1] (1.58ns)   --->   "%store_ln0 = store i6 4, i6 %i"   --->   Operation 20 'store' 'store_ln0' <Predicate = true> <Delay = 1.58>
ST_1 : Operation 21 [1/1] (0.00ns)   --->   "%br_ln0 = br void %for.inc"   --->   Operation 21 'br' 'br_ln0' <Predicate = true> <Delay = 0.00>
ST_1 : Operation 22 [1/1] (0.00ns)   --->   "%i_6 = load i6 %i" [hw-impl/src/pynqrypt.cpp:199]   --->   Operation 22 'load' 'i_6' <Predicate = true> <Delay = 0.00>
ST_1 : Operation 23 [1/1] (0.00ns)   --->   "%specpipeline_ln0 = specpipeline void @_ssdm_op_SpecPipeline, i32 4294967295, i32 0, i32 1, i32 0, void @p_str"   --->   Operation 23 'specpipeline' 'specpipeline_ln0' <Predicate = true> <Delay = 0.00>
ST_1 : Operation 24 [1/1] (1.42ns)   --->   "%icmp_ln199 = icmp_ult  i6 %i_6, i6 44" [hw-impl/src/pynqrypt.cpp:199]   --->   Operation 24 'icmp' 'icmp_ln199' <Predicate = true> <Delay = 1.42> <CoreInst = "Cmp">   --->   Core 9 'Cmp' <Latency = 0> <II = 1> <Delay = 1.42> <FuncUnit> <Opcode : 'icmp'> <InPorts = 2> <OutPorts = 1>
ST_1 : Operation 25 [1/1] (0.00ns)   --->   "%empty = speclooptripcount i32 @_ssdm_op_SpecLoopTripCount, i64 10, i64 10, i64 10"   --->   Operation 25 'speclooptripcount' 'empty' <Predicate = true> <Delay = 0.00>
ST_1 : Operation 26 [1/1] (0.00ns)   --->   "%br_ln199 = br i1 %icmp_ln199, void %for.end.exitStub, void %for.inc.split" [hw-impl/src/pynqrypt.cpp:199]   --->   Operation 26 'br' 'br_ln199' <Predicate = true> <Delay = 0.00>
ST_1 : Operation 27 [1/1] (0.00ns)   --->   "%atoms_result = bitconcatenate i8 @_ssdm_op_BitConcatenate.i8.i6.i2, i6 %i_6, i2 0" [hw-impl/src/pynqrypt.cpp:200]   --->   Operation 27 'bitconcatenate' 'atoms_result' <Predicate = (icmp_ln199)> <Delay = 0.00>
ST_1 : Operation 28 [1/1] (1.91ns)   --->   "%add_ln200 = add i8 %atoms_result, i8 252" [hw-impl/src/pynqrypt.cpp:200]   --->   Operation 28 'add' 'add_ln200' <Predicate = (icmp_ln199)> <Delay = 1.91> <CoreInst = "Adder">   --->   Core 1 'Adder' <Latency = 0> <II = 1> <Delay = 1.91> <FuncUnit> <Opcode : 'add' 'sub'> <InPorts = 2> <OutPorts = 1>
ST_1 : Operation 29 [1/1] (0.00ns)   --->   "%zext_ln200_1 = zext i8 %add_ln200" [hw-impl/src/pynqrypt.cpp:200]   --->   Operation 29 'zext' 'zext_ln200_1' <Predicate = (icmp_ln199)> <Delay = 0.00>
ST_1 : Operation 30 [1/1] (0.00ns)   --->   "%pynqrypt_round_keys_addr = getelementptr i8 %pynqrypt_round_keys, i64 0, i64 %zext_ln200_1" [hw-impl/src/pynqrypt.cpp:200]   --->   Operation 30 'getelementptr' 'pynqrypt_round_keys_addr' <Predicate = (icmp_ln199)> <Delay = 0.00>
ST_1 : Operation 31 [2/2] (3.25ns)   --->   "%temp = load i8 %pynqrypt_round_keys_addr" [hw-impl/src/pynqrypt.cpp:200]   --->   Operation 31 'load' 'temp' <Predicate = (icmp_ln199)> <Delay = 3.25> <CoreInst = "RAM">   --->   Core 82 'RAM' <Latency = 1> <II = 1> <Delay = 3.25> <Storage> <Opcode : 'load' 'store'> <Ports = 2> <Width = 8> <Depth = 176> <RAM>
ST_1 : Operation 32 [1/1] (1.91ns)   --->   "%add_ln200_1 = add i8 %atoms_result, i8 253" [hw-impl/src/pynqrypt.cpp:200]   --->   Operation 32 'add' 'add_ln200_1' <Predicate = (icmp_ln199)> <Delay = 1.91> <CoreInst = "Adder">   --->   Core 1 'Adder' <Latency = 0> <II = 1> <Delay = 1.91> <FuncUnit> <Opcode : 'add' 'sub'> <InPorts = 2> <OutPorts = 1>
ST_1 : Operation 33 [1/1] (0.00ns)   --->   "%zext_ln200_2 = zext i8 %add_ln200_1" [hw-impl/src/pynqrypt.cpp:200]   --->   Operation 33 'zext' 'zext_ln200_2' <Predicate = (icmp_ln199)> <Delay = 0.00>
ST_1 : Operation 34 [1/1] (0.00ns)   --->   "%pynqrypt_round_keys_addr_1 = getelementptr i8 %pynqrypt_round_keys, i64 0, i64 %zext_ln200_2" [hw-impl/src/pynqrypt.cpp:200]   --->   Operation 34 'getelementptr' 'pynqrypt_round_keys_addr_1' <Predicate = (icmp_ln199)> <Delay = 0.00>
ST_1 : Operation 35 [2/2] (3.25ns)   --->   "%pynqrypt_round_keys_load_1 = load i8 %pynqrypt_round_keys_addr_1" [hw-impl/src/pynqrypt.cpp:200]   --->   Operation 35 'load' 'pynqrypt_round_keys_load_1' <Predicate = (icmp_ln199)> <Delay = 3.25> <CoreInst = "RAM">   --->   Core 82 'RAM' <Latency = 1> <II = 1> <Delay = 3.25> <Storage> <Opcode : 'load' 'store'> <Ports = 2> <Width = 8> <Depth = 176> <RAM>
ST_1 : Operation 36 [1/1] (0.00ns)   --->   "%trunc_ln = partselect i4 @_ssdm_op_PartSelect.i4.i6.i32.i32, i6 %i_6, i32 2, i32 5" [hw-impl/src/pynqrypt.cpp:204]   --->   Operation 36 'partselect' 'trunc_ln' <Predicate = (icmp_ln199)> <Delay = 0.00>
ST_1 : Operation 37 [1/1] (1.73ns)   --->   "%add_ln204 = add i4 %trunc_ln, i4 15" [hw-impl/src/pynqrypt.cpp:204]   --->   Operation 37 'add' 'add_ln204' <Predicate = (icmp_ln199)> <Delay = 1.73> <CoreInst = "Adder">   --->   Core 1 'Adder' <Latency = 0> <II = 1> <Delay = 1.73> <FuncUnit> <Opcode : 'add' 'sub'> <InPorts = 2> <OutPorts = 1>
ST_1 : Operation 38 [1/1] (0.00ns)   --->   "%zext_ln262 = zext i4 %add_ln204" [hw-impl/src/pynqrypt.cpp:262]   --->   Operation 38 'zext' 'zext_ln262' <Predicate = (icmp_ln199)> <Delay = 0.00>
ST_1 : Operation 39 [1/1] (0.00ns)   --->   "%crypto_aes_rcon_addr = getelementptr i8 %crypto_aes_rcon, i64 0, i64 %zext_ln262" [hw-impl/src/pynqrypt.cpp:262]   --->   Operation 39 'getelementptr' 'crypto_aes_rcon_addr' <Predicate = (icmp_ln199)> <Delay = 0.00>
ST_1 : Operation 40 [2/2] (2.32ns)   --->   "%crypto_aes_rcon_load = load i4 %crypto_aes_rcon_addr" [hw-impl/src/pynqrypt.cpp:262]   --->   Operation 40 'load' 'crypto_aes_rcon_load' <Predicate = (icmp_ln199)> <Delay = 2.32> <CoreInst = "ROM">   --->   Core 95 'ROM' <Latency = 1> <II = 1> <Delay = 2.32> <Storage> <Opcode : 'load'> <Ports = 0> <Width = 8> <Depth = 10> <ROM>
ST_1 : Operation 214 [1/1] (0.00ns)   --->   "%ret_ln0 = ret"   --->   Operation 214 'ret' 'ret_ln0' <Predicate = (!icmp_ln199)> <Delay = 0.00>

State 2 <SV = 1> <Delay = 6.50>
ST_2 : Operation 41 [1/2] (3.25ns)   --->   "%temp = load i8 %pynqrypt_round_keys_addr" [hw-impl/src/pynqrypt.cpp:200]   --->   Operation 41 'load' 'temp' <Predicate = true> <Delay = 3.25> <CoreInst = "RAM">   --->   Core 82 'RAM' <Latency = 1> <II = 1> <Delay = 3.25> <Storage> <Opcode : 'load' 'store'> <Ports = 2> <Width = 8> <Depth = 176> <RAM>
ST_2 : Operation 42 [1/2] (3.25ns)   --->   "%pynqrypt_round_keys_load_1 = load i8 %pynqrypt_round_keys_addr_1" [hw-impl/src/pynqrypt.cpp:200]   --->   Operation 42 'load' 'pynqrypt_round_keys_load_1' <Predicate = true> <Delay = 3.25> <CoreInst = "RAM">   --->   Core 82 'RAM' <Latency = 1> <II = 1> <Delay = 3.25> <Storage> <Opcode : 'load' 'store'> <Ports = 2> <Width = 8> <Depth = 176> <RAM>
ST_2 : Operation 43 [1/1] (1.91ns)   --->   "%add_ln200_2 = add i8 %atoms_result, i8 254" [hw-impl/src/pynqrypt.cpp:200]   --->   Operation 43 'add' 'add_ln200_2' <Predicate = true> <Delay = 1.91> <CoreInst = "Adder">   --->   Core 1 'Adder' <Latency = 0> <II = 1> <Delay = 1.91> <FuncUnit> <Opcode : 'add' 'sub'> <InPorts = 2> <OutPorts = 1>
ST_2 : Operation 44 [1/1] (0.00ns)   --->   "%zext_ln200_3 = zext i8 %add_ln200_2" [hw-impl/src/pynqrypt.cpp:200]   --->   Operation 44 'zext' 'zext_ln200_3' <Predicate = true> <Delay = 0.00>
ST_2 : Operation 45 [1/1] (0.00ns)   --->   "%pynqrypt_round_keys_addr_2 = getelementptr i8 %pynqrypt_round_keys, i64 0, i64 %zext_ln200_3" [hw-impl/src/pynqrypt.cpp:200]   --->   Operation 45 'getelementptr' 'pynqrypt_round_keys_addr_2' <Predicate = true> <Delay = 0.00>
ST_2 : Operation 46 [2/2] (3.25ns)   --->   "%pynqrypt_round_keys_load_2 = load i8 %pynqrypt_round_keys_addr_2" [hw-impl/src/pynqrypt.cpp:200]   --->   Operation 46 'load' 'pynqrypt_round_keys_load_2' <Predicate = true> <Delay = 3.25> <CoreInst = "RAM">   --->   Core 82 'RAM' <Latency = 1> <II = 1> <Delay = 3.25> <Storage> <Opcode : 'load' 'store'> <Ports = 2> <Width = 8> <Depth = 176> <RAM>
ST_2 : Operation 47 [1/1] (1.91ns)   --->   "%add_ln200_3 = add i8 %atoms_result, i8 255" [hw-impl/src/pynqrypt.cpp:200]   --->   Operation 47 'add' 'add_ln200_3' <Predicate = true> <Delay = 1.91> <CoreInst = "Adder">   --->   Core 1 'Adder' <Latency = 0> <II = 1> <Delay = 1.91> <FuncUnit> <Opcode : 'add' 'sub'> <InPorts = 2> <OutPorts = 1>
ST_2 : Operation 48 [1/1] (0.00ns)   --->   "%zext_ln200_4 = zext i8 %add_ln200_3" [hw-impl/src/pynqrypt.cpp:200]   --->   Operation 48 'zext' 'zext_ln200_4' <Predicate = true> <Delay = 0.00>
ST_2 : Operation 49 [1/1] (0.00ns)   --->   "%pynqrypt_round_keys_addr_3 = getelementptr i8 %pynqrypt_round_keys, i64 0, i64 %zext_ln200_4" [hw-impl/src/pynqrypt.cpp:200]   --->   Operation 49 'getelementptr' 'pynqrypt_round_keys_addr_3' <Predicate = true> <Delay = 0.00>
ST_2 : Operation 50 [2/2] (3.25ns)   --->   "%pynqrypt_round_keys_load_3 = load i8 %pynqrypt_round_keys_addr_3" [hw-impl/src/pynqrypt.cpp:200]   --->   Operation 50 'load' 'pynqrypt_round_keys_load_3' <Predicate = true> <Delay = 3.25> <CoreInst = "RAM">   --->   Core 82 'RAM' <Latency = 1> <II = 1> <Delay = 3.25> <Storage> <Opcode : 'load' 'store'> <Ports = 2> <Width = 8> <Depth = 176> <RAM>
ST_2 : Operation 51 [1/1] (0.00ns)   --->   "%zext_ln255 = zext i8 %pynqrypt_round_keys_load_1" [hw-impl/src/pynqrypt.cpp:255]   --->   Operation 51 'zext' 'zext_ln255' <Predicate = true> <Delay = 0.00>
ST_2 : Operation 52 [1/1] (0.00ns)   --->   "%aes_sbox3_addr = getelementptr i8 %aes_sbox3, i64 0, i64 %zext_ln255" [hw-impl/src/pynqrypt.cpp:255]   --->   Operation 52 'getelementptr' 'aes_sbox3_addr' <Predicate = true> <Delay = 0.00>
ST_2 : Operation 53 [2/2] (3.25ns)   --->   "%aes_sbox3_load = load i8 %aes_sbox3_addr" [hw-impl/src/pynqrypt.cpp:255]   --->   Operation 53 'load' 'aes_sbox3_load' <Predicate = true> <Delay = 3.25> <CoreInst = "ROM">   --->   Core 95 'ROM' <Latency = 1> <II = 1> <Delay = 3.25> <Storage> <Opcode : 'load'> <Ports = 0> <Width = 8> <Depth = 256> <ROM>
ST_2 : Operation 54 [1/2] (2.32ns)   --->   "%crypto_aes_rcon_load = load i4 %crypto_aes_rcon_addr" [hw-impl/src/pynqrypt.cpp:262]   --->   Operation 54 'load' 'crypto_aes_rcon_load' <Predicate = true> <Delay = 2.32> <CoreInst = "ROM">   --->   Core 95 'ROM' <Latency = 1> <II = 1> <Delay = 2.32> <Storage> <Opcode : 'load'> <Ports = 0> <Width = 8> <Depth = 10> <ROM>

State 3 <SV = 2> <Delay = 6.50>
ST_3 : Operation 55 [1/2] (3.25ns)   --->   "%pynqrypt_round_keys_load_2 = load i8 %pynqrypt_round_keys_addr_2" [hw-impl/src/pynqrypt.cpp:200]   --->   Operation 55 'load' 'pynqrypt_round_keys_load_2' <Predicate = true> <Delay = 3.25> <CoreInst = "RAM">   --->   Core 82 'RAM' <Latency = 1> <II = 1> <Delay = 3.25> <Storage> <Opcode : 'load' 'store'> <Ports = 2> <Width = 8> <Depth = 176> <RAM>
ST_3 : Operation 56 [1/2] (3.25ns)   --->   "%pynqrypt_round_keys_load_3 = load i8 %pynqrypt_round_keys_addr_3" [hw-impl/src/pynqrypt.cpp:200]   --->   Operation 56 'load' 'pynqrypt_round_keys_load_3' <Predicate = true> <Delay = 3.25> <CoreInst = "RAM">   --->   Core 82 'RAM' <Latency = 1> <II = 1> <Delay = 3.25> <Storage> <Opcode : 'load' 'store'> <Ports = 2> <Width = 8> <Depth = 176> <RAM>
ST_3 : Operation 57 [1/2] (3.25ns)   --->   "%aes_sbox3_load = load i8 %aes_sbox3_addr" [hw-impl/src/pynqrypt.cpp:255]   --->   Operation 57 'load' 'aes_sbox3_load' <Predicate = true> <Delay = 3.25> <CoreInst = "ROM">   --->   Core 95 'ROM' <Latency = 1> <II = 1> <Delay = 3.25> <Storage> <Opcode : 'load'> <Ports = 0> <Width = 8> <Depth = 256> <ROM>
ST_3 : Operation 58 [1/1] (0.00ns)   --->   "%zext_ln255_1 = zext i8 %pynqrypt_round_keys_load_2" [hw-impl/src/pynqrypt.cpp:255]   --->   Operation 58 'zext' 'zext_ln255_1' <Predicate = true> <Delay = 0.00>
ST_3 : Operation 59 [1/1] (0.00ns)   --->   "%aes_sbox3_addr_1 = getelementptr i8 %aes_sbox3, i64 0, i64 %zext_ln255_1" [hw-impl/src/pynqrypt.cpp:255]   --->   Operation 59 'getelementptr' 'aes_sbox3_addr_1' <Predicate = true> <Delay = 0.00>
ST_3 : Operation 60 [2/2] (3.25ns)   --->   "%aes_sbox3_load_1 = load i8 %aes_sbox3_addr_1" [hw-impl/src/pynqrypt.cpp:255]   --->   Operation 60 'load' 'aes_sbox3_load_1' <Predicate = true> <Delay = 3.25> <CoreInst = "ROM">   --->   Core 95 'ROM' <Latency = 1> <II = 1> <Delay = 3.25> <Storage> <Opcode : 'load'> <Ports = 0> <Width = 8> <Depth = 256> <ROM>
ST_3 : Operation 61 [1/1] (1.91ns)   --->   "%add_ln206 = add i8 %atoms_result, i8 240" [hw-impl/src/pynqrypt.cpp:206]   --->   Operation 61 'add' 'add_ln206' <Predicate = true> <Delay = 1.91> <CoreInst = "Adder">   --->   Core 1 'Adder' <Latency = 0> <II = 1> <Delay = 1.91> <FuncUnit> <Opcode : 'add' 'sub'> <InPorts = 2> <OutPorts = 1>
ST_3 : Operation 62 [1/1] (0.00ns)   --->   "%zext_ln206 = zext i8 %add_ln206" [hw-impl/src/pynqrypt.cpp:206]   --->   Operation 62 'zext' 'zext_ln206' <Predicate = true> <Delay = 0.00>
ST_3 : Operation 63 [1/1] (0.00ns)   --->   "%pynqrypt_round_keys_addr_4 = getelementptr i8 %pynqrypt_round_keys, i64 0, i64 %zext_ln206" [hw-impl/src/pynqrypt.cpp:206]   --->   Operation 63 'getelementptr' 'pynqrypt_round_keys_addr_4' <Predicate = true> <Delay = 0.00>
ST_3 : Operation 64 [2/2] (3.25ns)   --->   "%pynqrypt_round_keys_load = load i8 %pynqrypt_round_keys_addr_4" [hw-impl/src/pynqrypt.cpp:206]   --->   Operation 64 'load' 'pynqrypt_round_keys_load' <Predicate = true> <Delay = 3.25> <CoreInst = "RAM">   --->   Core 82 'RAM' <Latency = 1> <II = 1> <Delay = 3.25> <Storage> <Opcode : 'load' 'store'> <Ports = 2> <Width = 8> <Depth = 176> <RAM>
ST_3 : Operation 65 [1/1] (1.91ns)   --->   "%add_ln206_1 = add i8 %atoms_result, i8 241" [hw-impl/src/pynqrypt.cpp:206]   --->   Operation 65 'add' 'add_ln206_1' <Predicate = true> <Delay = 1.91> <CoreInst = "Adder">   --->   Core 1 'Adder' <Latency = 0> <II = 1> <Delay = 1.91> <FuncUnit> <Opcode : 'add' 'sub'> <InPorts = 2> <OutPorts = 1>
ST_3 : Operation 66 [1/1] (0.00ns)   --->   "%zext_ln206_1 = zext i8 %add_ln206_1" [hw-impl/src/pynqrypt.cpp:206]   --->   Operation 66 'zext' 'zext_ln206_1' <Predicate = true> <Delay = 0.00>
ST_3 : Operation 67 [1/1] (0.00ns)   --->   "%pynqrypt_round_keys_addr_5 = getelementptr i8 %pynqrypt_round_keys, i64 0, i64 %zext_ln206_1" [hw-impl/src/pynqrypt.cpp:206]   --->   Operation 67 'getelementptr' 'pynqrypt_round_keys_addr_5' <Predicate = true> <Delay = 0.00>
ST_3 : Operation 68 [2/2] (3.25ns)   --->   "%pynqrypt_round_keys_load_4 = load i8 %pynqrypt_round_keys_addr_5" [hw-impl/src/pynqrypt.cpp:206]   --->   Operation 68 'load' 'pynqrypt_round_keys_load_4' <Predicate = true> <Delay = 3.25> <CoreInst = "RAM">   --->   Core 82 'RAM' <Latency = 1> <II = 1> <Delay = 3.25> <Storage> <Opcode : 'load' 'store'> <Ports = 2> <Width = 8> <Depth = 176> <RAM>

State 4 <SV = 3> <Delay = 5.16>
ST_4 : Operation 69 [1/2] (3.25ns)   --->   "%aes_sbox3_load_1 = load i8 %aes_sbox3_addr_1" [hw-impl/src/pynqrypt.cpp:255]   --->   Operation 69 'load' 'aes_sbox3_load_1' <Predicate = true> <Delay = 3.25> <CoreInst = "ROM">   --->   Core 95 'ROM' <Latency = 1> <II = 1> <Delay = 3.25> <Storage> <Opcode : 'load'> <Ports = 0> <Width = 8> <Depth = 256> <ROM>
ST_4 : Operation 70 [1/1] (0.00ns)   --->   "%zext_ln255_2 = zext i8 %pynqrypt_round_keys_load_3" [hw-impl/src/pynqrypt.cpp:255]   --->   Operation 70 'zext' 'zext_ln255_2' <Predicate = true> <Delay = 0.00>
ST_4 : Operation 71 [1/1] (0.00ns)   --->   "%aes_sbox3_addr_2 = getelementptr i8 %aes_sbox3, i64 0, i64 %zext_ln255_2" [hw-impl/src/pynqrypt.cpp:255]   --->   Operation 71 'getelementptr' 'aes_sbox3_addr_2' <Predicate = true> <Delay = 0.00>
ST_4 : Operation 72 [2/2] (3.25ns)   --->   "%aes_sbox3_load_2 = load i8 %aes_sbox3_addr_2" [hw-impl/src/pynqrypt.cpp:255]   --->   Operation 72 'load' 'aes_sbox3_load_2' <Predicate = true> <Delay = 3.25> <CoreInst = "ROM">   --->   Core 95 'ROM' <Latency = 1> <II = 1> <Delay = 3.25> <Storage> <Opcode : 'load'> <Ports = 0> <Width = 8> <Depth = 256> <ROM>
ST_4 : Operation 73 [1/2] (3.25ns)   --->   "%pynqrypt_round_keys_load = load i8 %pynqrypt_round_keys_addr_4" [hw-impl/src/pynqrypt.cpp:206]   --->   Operation 73 'load' 'pynqrypt_round_keys_load' <Predicate = true> <Delay = 3.25> <CoreInst = "RAM">   --->   Core 82 'RAM' <Latency = 1> <II = 1> <Delay = 3.25> <Storage> <Opcode : 'load' 'store'> <Ports = 2> <Width = 8> <Depth = 176> <RAM>
ST_4 : Operation 74 [1/2] (3.25ns)   --->   "%pynqrypt_round_keys_load_4 = load i8 %pynqrypt_round_keys_addr_5" [hw-impl/src/pynqrypt.cpp:206]   --->   Operation 74 'load' 'pynqrypt_round_keys_load_4' <Predicate = true> <Delay = 3.25> <CoreInst = "RAM">   --->   Core 82 'RAM' <Latency = 1> <II = 1> <Delay = 3.25> <Storage> <Opcode : 'load' 'store'> <Ports = 2> <Width = 8> <Depth = 176> <RAM>
ST_4 : Operation 75 [1/1] (1.91ns)   --->   "%add_ln206_2 = add i8 %atoms_result, i8 242" [hw-impl/src/pynqrypt.cpp:206]   --->   Operation 75 'add' 'add_ln206_2' <Predicate = true> <Delay = 1.91> <CoreInst = "Adder">   --->   Core 1 'Adder' <Latency = 0> <II = 1> <Delay = 1.91> <FuncUnit> <Opcode : 'add' 'sub'> <InPorts = 2> <OutPorts = 1>
ST_4 : Operation 76 [1/1] (0.00ns)   --->   "%zext_ln206_2 = zext i8 %add_ln206_2" [hw-impl/src/pynqrypt.cpp:206]   --->   Operation 76 'zext' 'zext_ln206_2' <Predicate = true> <Delay = 0.00>
ST_4 : Operation 77 [1/1] (0.00ns)   --->   "%pynqrypt_round_keys_addr_6 = getelementptr i8 %pynqrypt_round_keys, i64 0, i64 %zext_ln206_2" [hw-impl/src/pynqrypt.cpp:206]   --->   Operation 77 'getelementptr' 'pynqrypt_round_keys_addr_6' <Predicate = true> <Delay = 0.00>
ST_4 : Operation 78 [2/2] (3.25ns)   --->   "%pynqrypt_round_keys_load_5 = load i8 %pynqrypt_round_keys_addr_6" [hw-impl/src/pynqrypt.cpp:206]   --->   Operation 78 'load' 'pynqrypt_round_keys_load_5' <Predicate = true> <Delay = 3.25> <CoreInst = "RAM">   --->   Core 82 'RAM' <Latency = 1> <II = 1> <Delay = 3.25> <Storage> <Opcode : 'load' 'store'> <Ports = 2> <Width = 8> <Depth = 176> <RAM>
ST_4 : Operation 79 [1/1] (1.91ns)   --->   "%add_ln206_3 = add i8 %atoms_result, i8 243" [hw-impl/src/pynqrypt.cpp:206]   --->   Operation 79 'add' 'add_ln206_3' <Predicate = true> <Delay = 1.91> <CoreInst = "Adder">   --->   Core 1 'Adder' <Latency = 0> <II = 1> <Delay = 1.91> <FuncUnit> <Opcode : 'add' 'sub'> <InPorts = 2> <OutPorts = 1>
ST_4 : Operation 80 [1/1] (0.00ns)   --->   "%zext_ln206_3 = zext i8 %add_ln206_3" [hw-impl/src/pynqrypt.cpp:206]   --->   Operation 80 'zext' 'zext_ln206_3' <Predicate = true> <Delay = 0.00>
ST_4 : Operation 81 [1/1] (0.00ns)   --->   "%pynqrypt_round_keys_addr_7 = getelementptr i8 %pynqrypt_round_keys, i64 0, i64 %zext_ln206_3" [hw-impl/src/pynqrypt.cpp:206]   --->   Operation 81 'getelementptr' 'pynqrypt_round_keys_addr_7' <Predicate = true> <Delay = 0.00>
ST_4 : Operation 82 [2/2] (3.25ns)   --->   "%pynqrypt_round_keys_load_6 = load i8 %pynqrypt_round_keys_addr_7" [hw-impl/src/pynqrypt.cpp:206]   --->   Operation 82 'load' 'pynqrypt_round_keys_load_6' <Predicate = true> <Delay = 3.25> <CoreInst = "RAM">   --->   Core 82 'RAM' <Latency = 1> <II = 1> <Delay = 3.25> <Storage> <Opcode : 'load' 'store'> <Ports = 2> <Width = 8> <Depth = 176> <RAM>
ST_4 : Operation 83 [1/1] (0.00ns) (grouped into LUT with out node xor_ln272)   --->   "%xor_ln262 = xor i8 %aes_sbox3_load, i8 %crypto_aes_rcon_load" [hw-impl/src/pynqrypt.cpp:262]   --->   Operation 83 'xor' 'xor_ln262' <Predicate = true> <Delay = 0.00> <CoreInst = "LogicGate">   --->   Core 74 'LogicGate' <Latency = 0> <II = 1> <Delay = 0.99> <FuncUnit> <Opcode : 'and' 'or' 'xor'> <InPorts = 2> <OutPorts = 1>
ST_4 : Operation 84 [1/1] (0.99ns) (out node of the LUT)   --->   "%xor_ln272 = xor i8 %xor_ln262, i8 %pynqrypt_round_keys_load" [hw-impl/src/pynqrypt.cpp:272]   --->   Operation 84 'xor' 'xor_ln272' <Predicate = true> <Delay = 0.99> <CoreInst = "LogicGate">   --->   Core 74 'LogicGate' <Latency = 0> <II = 1> <Delay = 0.99> <FuncUnit> <Opcode : 'and' 'or' 'xor'> <InPorts = 2> <OutPorts = 1>
ST_4 : Operation 85 [1/1] (0.99ns)   --->   "%xor_ln272_1 = xor i8 %aes_sbox3_load_1, i8 %pynqrypt_round_keys_load_4" [hw-impl/src/pynqrypt.cpp:272]   --->   Operation 85 'xor' 'xor_ln272_1' <Predicate = true> <Delay = 0.99> <CoreInst = "LogicGate">   --->   Core 74 'LogicGate' <Latency = 0> <II = 1> <Delay = 0.99> <FuncUnit> <Opcode : 'and' 'or' 'xor'> <InPorts = 2> <OutPorts = 1>

State 5 <SV = 4> <Delay = 5.16>
ST_5 : Operation 86 [1/2] (3.25ns)   --->   "%aes_sbox3_load_2 = load i8 %aes_sbox3_addr_2" [hw-impl/src/pynqrypt.cpp:255]   --->   Operation 86 'load' 'aes_sbox3_load_2' <Predicate = true> <Delay = 3.25> <CoreInst = "ROM">   --->   Core 95 'ROM' <Latency = 1> <II = 1> <Delay = 3.25> <Storage> <Opcode : 'load'> <Ports = 0> <Width = 8> <Depth = 256> <ROM>
ST_5 : Operation 87 [1/1] (0.00ns)   --->   "%zext_ln255_3 = zext i8 %temp" [hw-impl/src/pynqrypt.cpp:255]   --->   Operation 87 'zext' 'zext_ln255_3' <Predicate = true> <Delay = 0.00>
ST_5 : Operation 88 [1/1] (0.00ns)   --->   "%aes_sbox3_addr_3 = getelementptr i8 %aes_sbox3, i64 0, i64 %zext_ln255_3" [hw-impl/src/pynqrypt.cpp:255]   --->   Operation 88 'getelementptr' 'aes_sbox3_addr_3' <Predicate = true> <Delay = 0.00>
ST_5 : Operation 89 [2/2] (3.25ns)   --->   "%aes_sbox3_load_3 = load i8 %aes_sbox3_addr_3" [hw-impl/src/pynqrypt.cpp:255]   --->   Operation 89 'load' 'aes_sbox3_load_3' <Predicate = true> <Delay = 3.25> <CoreInst = "ROM">   --->   Core 95 'ROM' <Latency = 1> <II = 1> <Delay = 3.25> <Storage> <Opcode : 'load'> <Ports = 0> <Width = 8> <Depth = 256> <ROM>
ST_5 : Operation 90 [1/2] (3.25ns)   --->   "%pynqrypt_round_keys_load_5 = load i8 %pynqrypt_round_keys_addr_6" [hw-impl/src/pynqrypt.cpp:206]   --->   Operation 90 'load' 'pynqrypt_round_keys_load_5' <Predicate = true> <Delay = 3.25> <CoreInst = "RAM">   --->   Core 82 'RAM' <Latency = 1> <II = 1> <Delay = 3.25> <Storage> <Opcode : 'load' 'store'> <Ports = 2> <Width = 8> <Depth = 176> <RAM>
ST_5 : Operation 91 [1/2] (3.25ns)   --->   "%pynqrypt_round_keys_load_6 = load i8 %pynqrypt_round_keys_addr_7" [hw-impl/src/pynqrypt.cpp:206]   --->   Operation 91 'load' 'pynqrypt_round_keys_load_6' <Predicate = true> <Delay = 3.25> <CoreInst = "RAM">   --->   Core 82 'RAM' <Latency = 1> <II = 1> <Delay = 3.25> <Storage> <Opcode : 'load' 'store'> <Ports = 2> <Width = 8> <Depth = 176> <RAM>
ST_5 : Operation 92 [1/1] (0.99ns)   --->   "%xor_ln272_2 = xor i8 %aes_sbox3_load_2, i8 %pynqrypt_round_keys_load_5" [hw-impl/src/pynqrypt.cpp:272]   --->   Operation 92 'xor' 'xor_ln272_2' <Predicate = true> <Delay = 0.99> <CoreInst = "LogicGate">   --->   Core 74 'LogicGate' <Latency = 0> <II = 1> <Delay = 0.99> <FuncUnit> <Opcode : 'and' 'or' 'xor'> <InPorts = 2> <OutPorts = 1>
ST_5 : Operation 93 [1/1] (1.91ns)   --->   "%add_ln209 = add i8 %atoms_result, i8 244" [hw-impl/src/pynqrypt.cpp:209]   --->   Operation 93 'add' 'add_ln209' <Predicate = true> <Delay = 1.91> <CoreInst = "Adder">   --->   Core 1 'Adder' <Latency = 0> <II = 1> <Delay = 1.91> <FuncUnit> <Opcode : 'add' 'sub'> <InPorts = 2> <OutPorts = 1>
ST_5 : Operation 94 [1/1] (0.00ns)   --->   "%zext_ln209 = zext i8 %add_ln209" [hw-impl/src/pynqrypt.cpp:209]   --->   Operation 94 'zext' 'zext_ln209' <Predicate = true> <Delay = 0.00>
ST_5 : Operation 95 [1/1] (0.00ns)   --->   "%pynqrypt_round_keys_addr_12 = getelementptr i8 %pynqrypt_round_keys, i64 0, i64 %zext_ln209" [hw-impl/src/pynqrypt.cpp:209]   --->   Operation 95 'getelementptr' 'pynqrypt_round_keys_addr_12' <Predicate = true> <Delay = 0.00>
ST_5 : Operation 96 [2/2] (3.25ns)   --->   "%pynqrypt_round_keys_load_8 = load i8 %pynqrypt_round_keys_addr_12" [hw-impl/src/pynqrypt.cpp:209]   --->   Operation 96 'load' 'pynqrypt_round_keys_load_8' <Predicate = true> <Delay = 3.25> <CoreInst = "RAM">   --->   Core 82 'RAM' <Latency = 1> <II = 1> <Delay = 3.25> <Storage> <Opcode : 'load' 'store'> <Ports = 2> <Width = 8> <Depth = 176> <RAM>
ST_5 : Operation 97 [1/1] (1.91ns)   --->   "%add_ln209_1 = add i8 %atoms_result, i8 245" [hw-impl/src/pynqrypt.cpp:209]   --->   Operation 97 'add' 'add_ln209_1' <Predicate = true> <Delay = 1.91> <CoreInst = "Adder">   --->   Core 1 'Adder' <Latency = 0> <II = 1> <Delay = 1.91> <FuncUnit> <Opcode : 'add' 'sub'> <InPorts = 2> <OutPorts = 1>
ST_5 : Operation 98 [1/1] (0.00ns)   --->   "%zext_ln209_1 = zext i8 %add_ln209_1" [hw-impl/src/pynqrypt.cpp:209]   --->   Operation 98 'zext' 'zext_ln209_1' <Predicate = true> <Delay = 0.00>
ST_5 : Operation 99 [1/1] (0.00ns)   --->   "%pynqrypt_round_keys_addr_13 = getelementptr i8 %pynqrypt_round_keys, i64 0, i64 %zext_ln209_1" [hw-impl/src/pynqrypt.cpp:209]   --->   Operation 99 'getelementptr' 'pynqrypt_round_keys_addr_13' <Predicate = true> <Delay = 0.00>
ST_5 : Operation 100 [2/2] (3.25ns)   --->   "%pynqrypt_round_keys_load_9 = load i8 %pynqrypt_round_keys_addr_13" [hw-impl/src/pynqrypt.cpp:209]   --->   Operation 100 'load' 'pynqrypt_round_keys_load_9' <Predicate = true> <Delay = 3.25> <CoreInst = "RAM">   --->   Core 82 'RAM' <Latency = 1> <II = 1> <Delay = 3.25> <Storage> <Opcode : 'load' 'store'> <Ports = 2> <Width = 8> <Depth = 176> <RAM>

State 6 <SV = 5> <Delay = 5.16>
ST_6 : Operation 101 [1/2] (3.25ns)   --->   "%aes_sbox3_load_3 = load i8 %aes_sbox3_addr_3" [hw-impl/src/pynqrypt.cpp:255]   --->   Operation 101 'load' 'aes_sbox3_load_3' <Predicate = true> <Delay = 3.25> <CoreInst = "ROM">   --->   Core 95 'ROM' <Latency = 1> <II = 1> <Delay = 3.25> <Storage> <Opcode : 'load'> <Ports = 0> <Width = 8> <Depth = 256> <ROM>
ST_6 : Operation 102 [1/1] (0.99ns)   --->   "%xor_ln272_3 = xor i8 %aes_sbox3_load_3, i8 %pynqrypt_round_keys_load_6" [hw-impl/src/pynqrypt.cpp:272]   --->   Operation 102 'xor' 'xor_ln272_3' <Predicate = true> <Delay = 0.99> <CoreInst = "LogicGate">   --->   Core 74 'LogicGate' <Latency = 0> <II = 1> <Delay = 0.99> <FuncUnit> <Opcode : 'and' 'or' 'xor'> <InPorts = 2> <OutPorts = 1>
ST_6 : Operation 103 [1/2] (3.25ns)   --->   "%pynqrypt_round_keys_load_8 = load i8 %pynqrypt_round_keys_addr_12" [hw-impl/src/pynqrypt.cpp:209]   --->   Operation 103 'load' 'pynqrypt_round_keys_load_8' <Predicate = true> <Delay = 3.25> <CoreInst = "RAM">   --->   Core 82 'RAM' <Latency = 1> <II = 1> <Delay = 3.25> <Storage> <Opcode : 'load' 'store'> <Ports = 2> <Width = 8> <Depth = 176> <RAM>
ST_6 : Operation 104 [1/2] (3.25ns)   --->   "%pynqrypt_round_keys_load_9 = load i8 %pynqrypt_round_keys_addr_13" [hw-impl/src/pynqrypt.cpp:209]   --->   Operation 104 'load' 'pynqrypt_round_keys_load_9' <Predicate = true> <Delay = 3.25> <CoreInst = "RAM">   --->   Core 82 'RAM' <Latency = 1> <II = 1> <Delay = 3.25> <Storage> <Opcode : 'load' 'store'> <Ports = 2> <Width = 8> <Depth = 176> <RAM>
ST_6 : Operation 105 [1/1] (1.91ns)   --->   "%add_ln209_2 = add i8 %atoms_result, i8 246" [hw-impl/src/pynqrypt.cpp:209]   --->   Operation 105 'add' 'add_ln209_2' <Predicate = true> <Delay = 1.91> <CoreInst = "Adder">   --->   Core 1 'Adder' <Latency = 0> <II = 1> <Delay = 1.91> <FuncUnit> <Opcode : 'add' 'sub'> <InPorts = 2> <OutPorts = 1>
ST_6 : Operation 106 [1/1] (0.00ns)   --->   "%zext_ln209_2 = zext i8 %add_ln209_2" [hw-impl/src/pynqrypt.cpp:209]   --->   Operation 106 'zext' 'zext_ln209_2' <Predicate = true> <Delay = 0.00>
ST_6 : Operation 107 [1/1] (0.00ns)   --->   "%pynqrypt_round_keys_addr_14 = getelementptr i8 %pynqrypt_round_keys, i64 0, i64 %zext_ln209_2" [hw-impl/src/pynqrypt.cpp:209]   --->   Operation 107 'getelementptr' 'pynqrypt_round_keys_addr_14' <Predicate = true> <Delay = 0.00>
ST_6 : Operation 108 [2/2] (3.25ns)   --->   "%pynqrypt_round_keys_load_10 = load i8 %pynqrypt_round_keys_addr_14" [hw-impl/src/pynqrypt.cpp:209]   --->   Operation 108 'load' 'pynqrypt_round_keys_load_10' <Predicate = true> <Delay = 3.25> <CoreInst = "RAM">   --->   Core 82 'RAM' <Latency = 1> <II = 1> <Delay = 3.25> <Storage> <Opcode : 'load' 'store'> <Ports = 2> <Width = 8> <Depth = 176> <RAM>
ST_6 : Operation 109 [1/1] (1.91ns)   --->   "%add_ln209_3 = add i8 %atoms_result, i8 247" [hw-impl/src/pynqrypt.cpp:209]   --->   Operation 109 'add' 'add_ln209_3' <Predicate = true> <Delay = 1.91> <CoreInst = "Adder">   --->   Core 1 'Adder' <Latency = 0> <II = 1> <Delay = 1.91> <FuncUnit> <Opcode : 'add' 'sub'> <InPorts = 2> <OutPorts = 1>
ST_6 : Operation 110 [1/1] (0.00ns)   --->   "%zext_ln209_3 = zext i8 %add_ln209_3" [hw-impl/src/pynqrypt.cpp:209]   --->   Operation 110 'zext' 'zext_ln209_3' <Predicate = true> <Delay = 0.00>
ST_6 : Operation 111 [1/1] (0.00ns)   --->   "%pynqrypt_round_keys_addr_15 = getelementptr i8 %pynqrypt_round_keys, i64 0, i64 %zext_ln209_3" [hw-impl/src/pynqrypt.cpp:209]   --->   Operation 111 'getelementptr' 'pynqrypt_round_keys_addr_15' <Predicate = true> <Delay = 0.00>
ST_6 : Operation 112 [2/2] (3.25ns)   --->   "%pynqrypt_round_keys_load_11 = load i8 %pynqrypt_round_keys_addr_15" [hw-impl/src/pynqrypt.cpp:209]   --->   Operation 112 'load' 'pynqrypt_round_keys_load_11' <Predicate = true> <Delay = 3.25> <CoreInst = "RAM">   --->   Core 82 'RAM' <Latency = 1> <II = 1> <Delay = 3.25> <Storage> <Opcode : 'load' 'store'> <Ports = 2> <Width = 8> <Depth = 176> <RAM>

State 7 <SV = 6> <Delay = 5.16>
ST_7 : Operation 113 [1/2] (3.25ns)   --->   "%pynqrypt_round_keys_load_10 = load i8 %pynqrypt_round_keys_addr_14" [hw-impl/src/pynqrypt.cpp:209]   --->   Operation 113 'load' 'pynqrypt_round_keys_load_10' <Predicate = true> <Delay = 3.25> <CoreInst = "RAM">   --->   Core 82 'RAM' <Latency = 1> <II = 1> <Delay = 3.25> <Storage> <Opcode : 'load' 'store'> <Ports = 2> <Width = 8> <Depth = 176> <RAM>
ST_7 : Operation 114 [1/2] (3.25ns)   --->   "%pynqrypt_round_keys_load_11 = load i8 %pynqrypt_round_keys_addr_15" [hw-impl/src/pynqrypt.cpp:209]   --->   Operation 114 'load' 'pynqrypt_round_keys_load_11' <Predicate = true> <Delay = 3.25> <CoreInst = "RAM">   --->   Core 82 'RAM' <Latency = 1> <II = 1> <Delay = 3.25> <Storage> <Opcode : 'load' 'store'> <Ports = 2> <Width = 8> <Depth = 176> <RAM>
ST_7 : Operation 115 [1/1] (1.91ns)   --->   "%add_ln212 = add i8 %atoms_result, i8 248" [hw-impl/src/pynqrypt.cpp:212]   --->   Operation 115 'add' 'add_ln212' <Predicate = true> <Delay = 1.91> <CoreInst = "Adder">   --->   Core 1 'Adder' <Latency = 0> <II = 1> <Delay = 1.91> <FuncUnit> <Opcode : 'add' 'sub'> <InPorts = 2> <OutPorts = 1>
ST_7 : Operation 116 [1/1] (0.00ns)   --->   "%zext_ln212 = zext i8 %add_ln212" [hw-impl/src/pynqrypt.cpp:212]   --->   Operation 116 'zext' 'zext_ln212' <Predicate = true> <Delay = 0.00>
ST_7 : Operation 117 [1/1] (0.00ns)   --->   "%pynqrypt_round_keys_addr_20 = getelementptr i8 %pynqrypt_round_keys, i64 0, i64 %zext_ln212" [hw-impl/src/pynqrypt.cpp:212]   --->   Operation 117 'getelementptr' 'pynqrypt_round_keys_addr_20' <Predicate = true> <Delay = 0.00>
ST_7 : Operation 118 [2/2] (3.25ns)   --->   "%pynqrypt_round_keys_load_12 = load i8 %pynqrypt_round_keys_addr_20" [hw-impl/src/pynqrypt.cpp:212]   --->   Operation 118 'load' 'pynqrypt_round_keys_load_12' <Predicate = true> <Delay = 3.25> <CoreInst = "RAM">   --->   Core 82 'RAM' <Latency = 1> <II = 1> <Delay = 3.25> <Storage> <Opcode : 'load' 'store'> <Ports = 2> <Width = 8> <Depth = 176> <RAM>
ST_7 : Operation 119 [1/1] (1.91ns)   --->   "%add_ln212_1 = add i8 %atoms_result, i8 249" [hw-impl/src/pynqrypt.cpp:212]   --->   Operation 119 'add' 'add_ln212_1' <Predicate = true> <Delay = 1.91> <CoreInst = "Adder">   --->   Core 1 'Adder' <Latency = 0> <II = 1> <Delay = 1.91> <FuncUnit> <Opcode : 'add' 'sub'> <InPorts = 2> <OutPorts = 1>
ST_7 : Operation 120 [1/1] (0.00ns)   --->   "%zext_ln212_1 = zext i8 %add_ln212_1" [hw-impl/src/pynqrypt.cpp:212]   --->   Operation 120 'zext' 'zext_ln212_1' <Predicate = true> <Delay = 0.00>
ST_7 : Operation 121 [1/1] (0.00ns)   --->   "%pynqrypt_round_keys_addr_21 = getelementptr i8 %pynqrypt_round_keys, i64 0, i64 %zext_ln212_1" [hw-impl/src/pynqrypt.cpp:212]   --->   Operation 121 'getelementptr' 'pynqrypt_round_keys_addr_21' <Predicate = true> <Delay = 0.00>
ST_7 : Operation 122 [2/2] (3.25ns)   --->   "%pynqrypt_round_keys_load_13 = load i8 %pynqrypt_round_keys_addr_21" [hw-impl/src/pynqrypt.cpp:212]   --->   Operation 122 'load' 'pynqrypt_round_keys_load_13' <Predicate = true> <Delay = 3.25> <CoreInst = "RAM">   --->   Core 82 'RAM' <Latency = 1> <II = 1> <Delay = 3.25> <Storage> <Opcode : 'load' 'store'> <Ports = 2> <Width = 8> <Depth = 176> <RAM>

State 8 <SV = 7> <Delay = 5.16>
ST_8 : Operation 123 [1/2] (3.25ns)   --->   "%pynqrypt_round_keys_load_12 = load i8 %pynqrypt_round_keys_addr_20" [hw-impl/src/pynqrypt.cpp:212]   --->   Operation 123 'load' 'pynqrypt_round_keys_load_12' <Predicate = true> <Delay = 3.25> <CoreInst = "RAM">   --->   Core 82 'RAM' <Latency = 1> <II = 1> <Delay = 3.25> <Storage> <Opcode : 'load' 'store'> <Ports = 2> <Width = 8> <Depth = 176> <RAM>
ST_8 : Operation 124 [1/2] (3.25ns)   --->   "%pynqrypt_round_keys_load_13 = load i8 %pynqrypt_round_keys_addr_21" [hw-impl/src/pynqrypt.cpp:212]   --->   Operation 124 'load' 'pynqrypt_round_keys_load_13' <Predicate = true> <Delay = 3.25> <CoreInst = "RAM">   --->   Core 82 'RAM' <Latency = 1> <II = 1> <Delay = 3.25> <Storage> <Opcode : 'load' 'store'> <Ports = 2> <Width = 8> <Depth = 176> <RAM>
ST_8 : Operation 125 [1/1] (1.91ns)   --->   "%add_ln212_2 = add i8 %atoms_result, i8 250" [hw-impl/src/pynqrypt.cpp:212]   --->   Operation 125 'add' 'add_ln212_2' <Predicate = true> <Delay = 1.91> <CoreInst = "Adder">   --->   Core 1 'Adder' <Latency = 0> <II = 1> <Delay = 1.91> <FuncUnit> <Opcode : 'add' 'sub'> <InPorts = 2> <OutPorts = 1>
ST_8 : Operation 126 [1/1] (0.00ns)   --->   "%zext_ln212_2 = zext i8 %add_ln212_2" [hw-impl/src/pynqrypt.cpp:212]   --->   Operation 126 'zext' 'zext_ln212_2' <Predicate = true> <Delay = 0.00>
ST_8 : Operation 127 [1/1] (0.00ns)   --->   "%pynqrypt_round_keys_addr_22 = getelementptr i8 %pynqrypt_round_keys, i64 0, i64 %zext_ln212_2" [hw-impl/src/pynqrypt.cpp:212]   --->   Operation 127 'getelementptr' 'pynqrypt_round_keys_addr_22' <Predicate = true> <Delay = 0.00>
ST_8 : Operation 128 [2/2] (3.25ns)   --->   "%pynqrypt_round_keys_load_14 = load i8 %pynqrypt_round_keys_addr_22" [hw-impl/src/pynqrypt.cpp:212]   --->   Operation 128 'load' 'pynqrypt_round_keys_load_14' <Predicate = true> <Delay = 3.25> <CoreInst = "RAM">   --->   Core 82 'RAM' <Latency = 1> <II = 1> <Delay = 3.25> <Storage> <Opcode : 'load' 'store'> <Ports = 2> <Width = 8> <Depth = 176> <RAM>
ST_8 : Operation 129 [1/1] (1.91ns)   --->   "%add_ln212_3 = add i8 %atoms_result, i8 251" [hw-impl/src/pynqrypt.cpp:212]   --->   Operation 129 'add' 'add_ln212_3' <Predicate = true> <Delay = 1.91> <CoreInst = "Adder">   --->   Core 1 'Adder' <Latency = 0> <II = 1> <Delay = 1.91> <FuncUnit> <Opcode : 'add' 'sub'> <InPorts = 2> <OutPorts = 1>
ST_8 : Operation 130 [1/1] (0.00ns)   --->   "%zext_ln212_3 = zext i8 %add_ln212_3" [hw-impl/src/pynqrypt.cpp:212]   --->   Operation 130 'zext' 'zext_ln212_3' <Predicate = true> <Delay = 0.00>
ST_8 : Operation 131 [1/1] (0.00ns)   --->   "%pynqrypt_round_keys_addr_23 = getelementptr i8 %pynqrypt_round_keys, i64 0, i64 %zext_ln212_3" [hw-impl/src/pynqrypt.cpp:212]   --->   Operation 131 'getelementptr' 'pynqrypt_round_keys_addr_23' <Predicate = true> <Delay = 0.00>
ST_8 : Operation 132 [2/2] (3.25ns)   --->   "%pynqrypt_round_keys_load_15 = load i8 %pynqrypt_round_keys_addr_23" [hw-impl/src/pynqrypt.cpp:212]   --->   Operation 132 'load' 'pynqrypt_round_keys_load_15' <Predicate = true> <Delay = 3.25> <CoreInst = "RAM">   --->   Core 82 'RAM' <Latency = 1> <II = 1> <Delay = 3.25> <Storage> <Opcode : 'load' 'store'> <Ports = 2> <Width = 8> <Depth = 176> <RAM>

State 9 <SV = 8> <Delay = 3.25>
ST_9 : Operation 133 [1/1] (0.00ns)   --->   "%zext_ln200 = zext i8 %atoms_result" [hw-impl/src/pynqrypt.cpp:200]   --->   Operation 133 'zext' 'zext_ln200' <Predicate = true> <Delay = 0.00>
ST_9 : Operation 134 [1/1] (0.00ns)   --->   "%pynqrypt_round_keys_addr_8 = getelementptr i8 %pynqrypt_round_keys, i64 0, i64 %zext_ln200" [hw-impl/src/pynqrypt.cpp:272]   --->   Operation 134 'getelementptr' 'pynqrypt_round_keys_addr_8' <Predicate = true> <Delay = 0.00>
ST_9 : Operation 135 [1/1] (3.25ns)   --->   "%store_ln272 = store i8 %xor_ln272, i8 %pynqrypt_round_keys_addr_8" [hw-impl/src/pynqrypt.cpp:272]   --->   Operation 135 'store' 'store_ln272' <Predicate = true> <Delay = 3.25> <CoreInst = "RAM">   --->   Core 82 'RAM' <Latency = 1> <II = 1> <Delay = 3.25> <Storage> <Opcode : 'load' 'store'> <Ports = 2> <Width = 8> <Depth = 176> <RAM>
ST_9 : Operation 136 [1/1] (0.00ns)   --->   "%or_ln272 = or i8 %atoms_result, i8 1" [hw-impl/src/pynqrypt.cpp:272]   --->   Operation 136 'or' 'or_ln272' <Predicate = true> <Delay = 0.00>
ST_9 : Operation 137 [1/1] (0.00ns)   --->   "%zext_ln272 = zext i8 %or_ln272" [hw-impl/src/pynqrypt.cpp:272]   --->   Operation 137 'zext' 'zext_ln272' <Predicate = true> <Delay = 0.00>
ST_9 : Operation 138 [1/1] (0.00ns)   --->   "%pynqrypt_round_keys_addr_9 = getelementptr i8 %pynqrypt_round_keys, i64 0, i64 %zext_ln272" [hw-impl/src/pynqrypt.cpp:272]   --->   Operation 138 'getelementptr' 'pynqrypt_round_keys_addr_9' <Predicate = true> <Delay = 0.00>
ST_9 : Operation 139 [1/1] (3.25ns)   --->   "%store_ln272 = store i8 %xor_ln272_1, i8 %pynqrypt_round_keys_addr_9" [hw-impl/src/pynqrypt.cpp:272]   --->   Operation 139 'store' 'store_ln272' <Predicate = true> <Delay = 3.25> <CoreInst = "RAM">   --->   Core 82 'RAM' <Latency = 1> <II = 1> <Delay = 3.25> <Storage> <Opcode : 'load' 'store'> <Ports = 2> <Width = 8> <Depth = 176> <RAM>
ST_9 : Operation 140 [1/1] (0.99ns)   --->   "%xor_ln272_4 = xor i8 %pynqrypt_round_keys_load_8, i8 %xor_ln272" [hw-impl/src/pynqrypt.cpp:272]   --->   Operation 140 'xor' 'xor_ln272_4' <Predicate = true> <Delay = 0.99> <CoreInst = "LogicGate">   --->   Core 74 'LogicGate' <Latency = 0> <II = 1> <Delay = 0.99> <FuncUnit> <Opcode : 'and' 'or' 'xor'> <InPorts = 2> <OutPorts = 1>
ST_9 : Operation 141 [1/1] (0.99ns)   --->   "%xor_ln272_5 = xor i8 %xor_ln272_1, i8 %pynqrypt_round_keys_load_9" [hw-impl/src/pynqrypt.cpp:272]   --->   Operation 141 'xor' 'xor_ln272_5' <Predicate = true> <Delay = 0.99> <CoreInst = "LogicGate">   --->   Core 74 'LogicGate' <Latency = 0> <II = 1> <Delay = 0.99> <FuncUnit> <Opcode : 'and' 'or' 'xor'> <InPorts = 2> <OutPorts = 1>
ST_9 : Operation 142 [1/2] (3.25ns)   --->   "%pynqrypt_round_keys_load_14 = load i8 %pynqrypt_round_keys_addr_22" [hw-impl/src/pynqrypt.cpp:212]   --->   Operation 142 'load' 'pynqrypt_round_keys_load_14' <Predicate = true> <Delay = 3.25> <CoreInst = "RAM">   --->   Core 82 'RAM' <Latency = 1> <II = 1> <Delay = 3.25> <Storage> <Opcode : 'load' 'store'> <Ports = 2> <Width = 8> <Depth = 176> <RAM>
ST_9 : Operation 143 [1/2] (3.25ns)   --->   "%pynqrypt_round_keys_load_15 = load i8 %pynqrypt_round_keys_addr_23" [hw-impl/src/pynqrypt.cpp:212]   --->   Operation 143 'load' 'pynqrypt_round_keys_load_15' <Predicate = true> <Delay = 3.25> <CoreInst = "RAM">   --->   Core 82 'RAM' <Latency = 1> <II = 1> <Delay = 3.25> <Storage> <Opcode : 'load' 'store'> <Ports = 2> <Width = 8> <Depth = 176> <RAM>

State 10 <SV = 9> <Delay = 3.25>
ST_10 : Operation 144 [1/1] (0.00ns)   --->   "%or_ln272_1 = or i8 %atoms_result, i8 2" [hw-impl/src/pynqrypt.cpp:272]   --->   Operation 144 'or' 'or_ln272_1' <Predicate = true> <Delay = 0.00>
ST_10 : Operation 145 [1/1] (0.00ns)   --->   "%zext_ln272_1 = zext i8 %or_ln272_1" [hw-impl/src/pynqrypt.cpp:272]   --->   Operation 145 'zext' 'zext_ln272_1' <Predicate = true> <Delay = 0.00>
ST_10 : Operation 146 [1/1] (0.00ns)   --->   "%pynqrypt_round_keys_addr_10 = getelementptr i8 %pynqrypt_round_keys, i64 0, i64 %zext_ln272_1" [hw-impl/src/pynqrypt.cpp:272]   --->   Operation 146 'getelementptr' 'pynqrypt_round_keys_addr_10' <Predicate = true> <Delay = 0.00>
ST_10 : Operation 147 [1/1] (3.25ns)   --->   "%store_ln272 = store i8 %xor_ln272_2, i8 %pynqrypt_round_keys_addr_10" [hw-impl/src/pynqrypt.cpp:272]   --->   Operation 147 'store' 'store_ln272' <Predicate = true> <Delay = 3.25> <CoreInst = "RAM">   --->   Core 82 'RAM' <Latency = 1> <II = 1> <Delay = 3.25> <Storage> <Opcode : 'load' 'store'> <Ports = 2> <Width = 8> <Depth = 176> <RAM>
ST_10 : Operation 148 [1/1] (0.00ns)   --->   "%or_ln272_2 = or i8 %atoms_result, i8 3" [hw-impl/src/pynqrypt.cpp:272]   --->   Operation 148 'or' 'or_ln272_2' <Predicate = true> <Delay = 0.00>
ST_10 : Operation 149 [1/1] (0.00ns)   --->   "%zext_ln272_2 = zext i8 %or_ln272_2" [hw-impl/src/pynqrypt.cpp:272]   --->   Operation 149 'zext' 'zext_ln272_2' <Predicate = true> <Delay = 0.00>
ST_10 : Operation 150 [1/1] (0.00ns)   --->   "%pynqrypt_round_keys_addr_11 = getelementptr i8 %pynqrypt_round_keys, i64 0, i64 %zext_ln272_2" [hw-impl/src/pynqrypt.cpp:272]   --->   Operation 150 'getelementptr' 'pynqrypt_round_keys_addr_11' <Predicate = true> <Delay = 0.00>
ST_10 : Operation 151 [1/1] (3.25ns)   --->   "%store_ln272 = store i8 %xor_ln272_3, i8 %pynqrypt_round_keys_addr_11" [hw-impl/src/pynqrypt.cpp:272]   --->   Operation 151 'store' 'store_ln272' <Predicate = true> <Delay = 3.25> <CoreInst = "RAM">   --->   Core 82 'RAM' <Latency = 1> <II = 1> <Delay = 3.25> <Storage> <Opcode : 'load' 'store'> <Ports = 2> <Width = 8> <Depth = 176> <RAM>
ST_10 : Operation 152 [1/1] (0.99ns)   --->   "%xor_ln272_6 = xor i8 %xor_ln272_2, i8 %pynqrypt_round_keys_load_10" [hw-impl/src/pynqrypt.cpp:272]   --->   Operation 152 'xor' 'xor_ln272_6' <Predicate = true> <Delay = 0.99> <CoreInst = "LogicGate">   --->   Core 74 'LogicGate' <Latency = 0> <II = 1> <Delay = 0.99> <FuncUnit> <Opcode : 'and' 'or' 'xor'> <InPorts = 2> <OutPorts = 1>
ST_10 : Operation 153 [1/1] (0.99ns)   --->   "%xor_ln272_7 = xor i8 %xor_ln272_3, i8 %pynqrypt_round_keys_load_11" [hw-impl/src/pynqrypt.cpp:272]   --->   Operation 153 'xor' 'xor_ln272_7' <Predicate = true> <Delay = 0.99> <CoreInst = "LogicGate">   --->   Core 74 'LogicGate' <Latency = 0> <II = 1> <Delay = 0.99> <FuncUnit> <Opcode : 'and' 'or' 'xor'> <InPorts = 2> <OutPorts = 1>

State 11 <SV = 10> <Delay = 3.25>
ST_11 : Operation 154 [1/1] (0.00ns)   --->   "%atoms_result_1 = or i8 %atoms_result, i8 4" [hw-impl/src/pynqrypt.cpp:209]   --->   Operation 154 'or' 'atoms_result_1' <Predicate = true> <Delay = 0.00>
ST_11 : Operation 155 [1/1] (0.00ns)   --->   "%zext_ln265 = zext i8 %atoms_result_1" [hw-impl/src/pynqrypt.cpp:265]   --->   Operation 155 'zext' 'zext_ln265' <Predicate = true> <Delay = 0.00>
ST_11 : Operation 156 [1/1] (0.00ns)   --->   "%pynqrypt_round_keys_addr_16 = getelementptr i8 %pynqrypt_round_keys, i64 0, i64 %zext_ln265" [hw-impl/src/pynqrypt.cpp:272]   --->   Operation 156 'getelementptr' 'pynqrypt_round_keys_addr_16' <Predicate = true> <Delay = 0.00>
ST_11 : Operation 157 [1/1] (3.25ns)   --->   "%store_ln272 = store i8 %xor_ln272_4, i8 %pynqrypt_round_keys_addr_16" [hw-impl/src/pynqrypt.cpp:272]   --->   Operation 157 'store' 'store_ln272' <Predicate = true> <Delay = 3.25> <CoreInst = "RAM">   --->   Core 82 'RAM' <Latency = 1> <II = 1> <Delay = 3.25> <Storage> <Opcode : 'load' 'store'> <Ports = 2> <Width = 8> <Depth = 176> <RAM>
ST_11 : Operation 158 [1/1] (0.00ns)   --->   "%or_ln272_3 = or i8 %atoms_result, i8 5" [hw-impl/src/pynqrypt.cpp:272]   --->   Operation 158 'or' 'or_ln272_3' <Predicate = true> <Delay = 0.00>
ST_11 : Operation 159 [1/1] (0.00ns)   --->   "%zext_ln272_3 = zext i8 %or_ln272_3" [hw-impl/src/pynqrypt.cpp:272]   --->   Operation 159 'zext' 'zext_ln272_3' <Predicate = true> <Delay = 0.00>
ST_11 : Operation 160 [1/1] (0.00ns)   --->   "%pynqrypt_round_keys_addr_17 = getelementptr i8 %pynqrypt_round_keys, i64 0, i64 %zext_ln272_3" [hw-impl/src/pynqrypt.cpp:272]   --->   Operation 160 'getelementptr' 'pynqrypt_round_keys_addr_17' <Predicate = true> <Delay = 0.00>
ST_11 : Operation 161 [1/1] (3.25ns)   --->   "%store_ln272 = store i8 %xor_ln272_5, i8 %pynqrypt_round_keys_addr_17" [hw-impl/src/pynqrypt.cpp:272]   --->   Operation 161 'store' 'store_ln272' <Predicate = true> <Delay = 3.25> <CoreInst = "RAM">   --->   Core 82 'RAM' <Latency = 1> <II = 1> <Delay = 3.25> <Storage> <Opcode : 'load' 'store'> <Ports = 2> <Width = 8> <Depth = 176> <RAM>
ST_11 : Operation 162 [1/1] (0.99ns)   --->   "%xor_ln272_8 = xor i8 %pynqrypt_round_keys_load_12, i8 %xor_ln272_4" [hw-impl/src/pynqrypt.cpp:272]   --->   Operation 162 'xor' 'xor_ln272_8' <Predicate = true> <Delay = 0.99> <CoreInst = "LogicGate">   --->   Core 74 'LogicGate' <Latency = 0> <II = 1> <Delay = 0.99> <FuncUnit> <Opcode : 'and' 'or' 'xor'> <InPorts = 2> <OutPorts = 1>
ST_11 : Operation 163 [1/1] (0.99ns)   --->   "%xor_ln272_9 = xor i8 %xor_ln272_5, i8 %pynqrypt_round_keys_load_13" [hw-impl/src/pynqrypt.cpp:272]   --->   Operation 163 'xor' 'xor_ln272_9' <Predicate = true> <Delay = 0.99> <CoreInst = "LogicGate">   --->   Core 74 'LogicGate' <Latency = 0> <II = 1> <Delay = 0.99> <FuncUnit> <Opcode : 'and' 'or' 'xor'> <InPorts = 2> <OutPorts = 1>

State 12 <SV = 11> <Delay = 3.25>
ST_12 : Operation 164 [1/1] (0.00ns)   --->   "%or_ln272_4 = or i8 %atoms_result, i8 6" [hw-impl/src/pynqrypt.cpp:272]   --->   Operation 164 'or' 'or_ln272_4' <Predicate = true> <Delay = 0.00>
ST_12 : Operation 165 [1/1] (0.00ns)   --->   "%zext_ln272_4 = zext i8 %or_ln272_4" [hw-impl/src/pynqrypt.cpp:272]   --->   Operation 165 'zext' 'zext_ln272_4' <Predicate = true> <Delay = 0.00>
ST_12 : Operation 166 [1/1] (0.00ns)   --->   "%pynqrypt_round_keys_addr_18 = getelementptr i8 %pynqrypt_round_keys, i64 0, i64 %zext_ln272_4" [hw-impl/src/pynqrypt.cpp:272]   --->   Operation 166 'getelementptr' 'pynqrypt_round_keys_addr_18' <Predicate = true> <Delay = 0.00>
ST_12 : Operation 167 [1/1] (3.25ns)   --->   "%store_ln272 = store i8 %xor_ln272_6, i8 %pynqrypt_round_keys_addr_18" [hw-impl/src/pynqrypt.cpp:272]   --->   Operation 167 'store' 'store_ln272' <Predicate = true> <Delay = 3.25> <CoreInst = "RAM">   --->   Core 82 'RAM' <Latency = 1> <II = 1> <Delay = 3.25> <Storage> <Opcode : 'load' 'store'> <Ports = 2> <Width = 8> <Depth = 176> <RAM>
ST_12 : Operation 168 [1/1] (0.00ns)   --->   "%or_ln272_5 = or i8 %atoms_result, i8 7" [hw-impl/src/pynqrypt.cpp:272]   --->   Operation 168 'or' 'or_ln272_5' <Predicate = true> <Delay = 0.00>
ST_12 : Operation 169 [1/1] (0.00ns)   --->   "%zext_ln272_5 = zext i8 %or_ln272_5" [hw-impl/src/pynqrypt.cpp:272]   --->   Operation 169 'zext' 'zext_ln272_5' <Predicate = true> <Delay = 0.00>
ST_12 : Operation 170 [1/1] (0.00ns)   --->   "%pynqrypt_round_keys_addr_19 = getelementptr i8 %pynqrypt_round_keys, i64 0, i64 %zext_ln272_5" [hw-impl/src/pynqrypt.cpp:272]   --->   Operation 170 'getelementptr' 'pynqrypt_round_keys_addr_19' <Predicate = true> <Delay = 0.00>
ST_12 : Operation 171 [1/1] (3.25ns)   --->   "%store_ln272 = store i8 %xor_ln272_7, i8 %pynqrypt_round_keys_addr_19" [hw-impl/src/pynqrypt.cpp:272]   --->   Operation 171 'store' 'store_ln272' <Predicate = true> <Delay = 3.25> <CoreInst = "RAM">   --->   Core 82 'RAM' <Latency = 1> <II = 1> <Delay = 3.25> <Storage> <Opcode : 'load' 'store'> <Ports = 2> <Width = 8> <Depth = 176> <RAM>
ST_12 : Operation 172 [1/1] (0.99ns)   --->   "%xor_ln272_10 = xor i8 %xor_ln272_6, i8 %pynqrypt_round_keys_load_14" [hw-impl/src/pynqrypt.cpp:272]   --->   Operation 172 'xor' 'xor_ln272_10' <Predicate = true> <Delay = 0.99> <CoreInst = "LogicGate">   --->   Core 74 'LogicGate' <Latency = 0> <II = 1> <Delay = 0.99> <FuncUnit> <Opcode : 'and' 'or' 'xor'> <InPorts = 2> <OutPorts = 1>
ST_12 : Operation 173 [1/1] (0.99ns)   --->   "%xor_ln272_11 = xor i8 %xor_ln272_7, i8 %pynqrypt_round_keys_load_15" [hw-impl/src/pynqrypt.cpp:272]   --->   Operation 173 'xor' 'xor_ln272_11' <Predicate = true> <Delay = 0.99> <CoreInst = "LogicGate">   --->   Core 74 'LogicGate' <Latency = 0> <II = 1> <Delay = 0.99> <FuncUnit> <Opcode : 'and' 'or' 'xor'> <InPorts = 2> <OutPorts = 1>

State 13 <SV = 12> <Delay = 3.25>
ST_13 : Operation 174 [1/1] (0.00ns)   --->   "%atoms_result_2 = or i8 %atoms_result, i8 8" [hw-impl/src/pynqrypt.cpp:212]   --->   Operation 174 'or' 'atoms_result_2' <Predicate = true> <Delay = 0.00>
ST_13 : Operation 175 [1/1] (0.00ns)   --->   "%zext_ln265_1 = zext i8 %atoms_result_2" [hw-impl/src/pynqrypt.cpp:265]   --->   Operation 175 'zext' 'zext_ln265_1' <Predicate = true> <Delay = 0.00>
ST_13 : Operation 176 [1/1] (0.00ns)   --->   "%pynqrypt_round_keys_addr_24 = getelementptr i8 %pynqrypt_round_keys, i64 0, i64 %zext_ln265_1" [hw-impl/src/pynqrypt.cpp:272]   --->   Operation 176 'getelementptr' 'pynqrypt_round_keys_addr_24' <Predicate = true> <Delay = 0.00>
ST_13 : Operation 177 [1/1] (3.25ns)   --->   "%store_ln272 = store i8 %xor_ln272_8, i8 %pynqrypt_round_keys_addr_24" [hw-impl/src/pynqrypt.cpp:272]   --->   Operation 177 'store' 'store_ln272' <Predicate = true> <Delay = 3.25> <CoreInst = "RAM">   --->   Core 82 'RAM' <Latency = 1> <II = 1> <Delay = 3.25> <Storage> <Opcode : 'load' 'store'> <Ports = 2> <Width = 8> <Depth = 176> <RAM>
ST_13 : Operation 178 [1/1] (0.00ns)   --->   "%or_ln272_6 = or i8 %atoms_result, i8 9" [hw-impl/src/pynqrypt.cpp:272]   --->   Operation 178 'or' 'or_ln272_6' <Predicate = true> <Delay = 0.00>
ST_13 : Operation 179 [1/1] (0.00ns)   --->   "%zext_ln272_6 = zext i8 %or_ln272_6" [hw-impl/src/pynqrypt.cpp:272]   --->   Operation 179 'zext' 'zext_ln272_6' <Predicate = true> <Delay = 0.00>
ST_13 : Operation 180 [1/1] (0.00ns)   --->   "%pynqrypt_round_keys_addr_25 = getelementptr i8 %pynqrypt_round_keys, i64 0, i64 %zext_ln272_6" [hw-impl/src/pynqrypt.cpp:272]   --->   Operation 180 'getelementptr' 'pynqrypt_round_keys_addr_25' <Predicate = true> <Delay = 0.00>
ST_13 : Operation 181 [1/1] (3.25ns)   --->   "%store_ln272 = store i8 %xor_ln272_9, i8 %pynqrypt_round_keys_addr_25" [hw-impl/src/pynqrypt.cpp:272]   --->   Operation 181 'store' 'store_ln272' <Predicate = true> <Delay = 3.25> <CoreInst = "RAM">   --->   Core 82 'RAM' <Latency = 1> <II = 1> <Delay = 3.25> <Storage> <Opcode : 'load' 'store'> <Ports = 2> <Width = 8> <Depth = 176> <RAM>
ST_13 : Operation 182 [1/1] (0.99ns)   --->   "%xor_ln272_12 = xor i8 %temp, i8 %xor_ln272_8" [hw-impl/src/pynqrypt.cpp:272]   --->   Operation 182 'xor' 'xor_ln272_12' <Predicate = true> <Delay = 0.99> <CoreInst = "LogicGate">   --->   Core 74 'LogicGate' <Latency = 0> <II = 1> <Delay = 0.99> <FuncUnit> <Opcode : 'and' 'or' 'xor'> <InPorts = 2> <OutPorts = 1>
ST_13 : Operation 183 [1/1] (0.99ns)   --->   "%xor_ln272_13 = xor i8 %xor_ln272_9, i8 %pynqrypt_round_keys_load_1" [hw-impl/src/pynqrypt.cpp:272]   --->   Operation 183 'xor' 'xor_ln272_13' <Predicate = true> <Delay = 0.99> <CoreInst = "LogicGate">   --->   Core 74 'LogicGate' <Latency = 0> <II = 1> <Delay = 0.99> <FuncUnit> <Opcode : 'and' 'or' 'xor'> <InPorts = 2> <OutPorts = 1>

State 14 <SV = 13> <Delay = 3.25>
ST_14 : Operation 184 [1/1] (0.00ns)   --->   "%or_ln272_7 = or i8 %atoms_result, i8 10" [hw-impl/src/pynqrypt.cpp:272]   --->   Operation 184 'or' 'or_ln272_7' <Predicate = true> <Delay = 0.00>
ST_14 : Operation 185 [1/1] (0.00ns)   --->   "%zext_ln272_7 = zext i8 %or_ln272_7" [hw-impl/src/pynqrypt.cpp:272]   --->   Operation 185 'zext' 'zext_ln272_7' <Predicate = true> <Delay = 0.00>
ST_14 : Operation 186 [1/1] (0.00ns)   --->   "%pynqrypt_round_keys_addr_26 = getelementptr i8 %pynqrypt_round_keys, i64 0, i64 %zext_ln272_7" [hw-impl/src/pynqrypt.cpp:272]   --->   Operation 186 'getelementptr' 'pynqrypt_round_keys_addr_26' <Predicate = true> <Delay = 0.00>
ST_14 : Operation 187 [1/1] (3.25ns)   --->   "%store_ln272 = store i8 %xor_ln272_10, i8 %pynqrypt_round_keys_addr_26" [hw-impl/src/pynqrypt.cpp:272]   --->   Operation 187 'store' 'store_ln272' <Predicate = true> <Delay = 3.25> <CoreInst = "RAM">   --->   Core 82 'RAM' <Latency = 1> <II = 1> <Delay = 3.25> <Storage> <Opcode : 'load' 'store'> <Ports = 2> <Width = 8> <Depth = 176> <RAM>
ST_14 : Operation 188 [1/1] (0.00ns)   --->   "%or_ln272_8 = or i8 %atoms_result, i8 11" [hw-impl/src/pynqrypt.cpp:272]   --->   Operation 188 'or' 'or_ln272_8' <Predicate = true> <Delay = 0.00>
ST_14 : Operation 189 [1/1] (0.00ns)   --->   "%zext_ln272_8 = zext i8 %or_ln272_8" [hw-impl/src/pynqrypt.cpp:272]   --->   Operation 189 'zext' 'zext_ln272_8' <Predicate = true> <Delay = 0.00>
ST_14 : Operation 190 [1/1] (0.00ns)   --->   "%pynqrypt_round_keys_addr_27 = getelementptr i8 %pynqrypt_round_keys, i64 0, i64 %zext_ln272_8" [hw-impl/src/pynqrypt.cpp:272]   --->   Operation 190 'getelementptr' 'pynqrypt_round_keys_addr_27' <Predicate = true> <Delay = 0.00>
ST_14 : Operation 191 [1/1] (3.25ns)   --->   "%store_ln272 = store i8 %xor_ln272_11, i8 %pynqrypt_round_keys_addr_27" [hw-impl/src/pynqrypt.cpp:272]   --->   Operation 191 'store' 'store_ln272' <Predicate = true> <Delay = 3.25> <CoreInst = "RAM">   --->   Core 82 'RAM' <Latency = 1> <II = 1> <Delay = 3.25> <Storage> <Opcode : 'load' 'store'> <Ports = 2> <Width = 8> <Depth = 176> <RAM>
ST_14 : Operation 192 [1/1] (0.99ns)   --->   "%xor_ln272_14 = xor i8 %xor_ln272_10, i8 %pynqrypt_round_keys_load_2" [hw-impl/src/pynqrypt.cpp:272]   --->   Operation 192 'xor' 'xor_ln272_14' <Predicate = true> <Delay = 0.99> <CoreInst = "LogicGate">   --->   Core 74 'LogicGate' <Latency = 0> <II = 1> <Delay = 0.99> <FuncUnit> <Opcode : 'and' 'or' 'xor'> <InPorts = 2> <OutPorts = 1>
ST_14 : Operation 193 [1/1] (0.99ns)   --->   "%xor_ln272_15 = xor i8 %xor_ln272_11, i8 %pynqrypt_round_keys_load_3" [hw-impl/src/pynqrypt.cpp:272]   --->   Operation 193 'xor' 'xor_ln272_15' <Predicate = true> <Delay = 0.99> <CoreInst = "LogicGate">   --->   Core 74 'LogicGate' <Latency = 0> <II = 1> <Delay = 0.99> <FuncUnit> <Opcode : 'and' 'or' 'xor'> <InPorts = 2> <OutPorts = 1>

State 15 <SV = 14> <Delay = 3.25>
ST_15 : Operation 194 [1/1] (0.00ns)   --->   "%atoms_result_3 = or i8 %atoms_result, i8 12" [hw-impl/src/pynqrypt.cpp:215]   --->   Operation 194 'or' 'atoms_result_3' <Predicate = true> <Delay = 0.00>
ST_15 : Operation 195 [1/1] (0.00ns)   --->   "%zext_ln265_2 = zext i8 %atoms_result_3" [hw-impl/src/pynqrypt.cpp:265]   --->   Operation 195 'zext' 'zext_ln265_2' <Predicate = true> <Delay = 0.00>
ST_15 : Operation 196 [1/1] (0.00ns)   --->   "%pynqrypt_round_keys_addr_28 = getelementptr i8 %pynqrypt_round_keys, i64 0, i64 %zext_ln265_2" [hw-impl/src/pynqrypt.cpp:272]   --->   Operation 196 'getelementptr' 'pynqrypt_round_keys_addr_28' <Predicate = true> <Delay = 0.00>
ST_15 : Operation 197 [1/1] (3.25ns)   --->   "%store_ln272 = store i8 %xor_ln272_12, i8 %pynqrypt_round_keys_addr_28" [hw-impl/src/pynqrypt.cpp:272]   --->   Operation 197 'store' 'store_ln272' <Predicate = true> <Delay = 3.25> <CoreInst = "RAM">   --->   Core 82 'RAM' <Latency = 1> <II = 1> <Delay = 3.25> <Storage> <Opcode : 'load' 'store'> <Ports = 2> <Width = 8> <Depth = 176> <RAM>
ST_15 : Operation 198 [1/1] (0.00ns)   --->   "%or_ln272_9 = or i8 %atoms_result, i8 13" [hw-impl/src/pynqrypt.cpp:272]   --->   Operation 198 'or' 'or_ln272_9' <Predicate = true> <Delay = 0.00>
ST_15 : Operation 199 [1/1] (0.00ns)   --->   "%zext_ln272_9 = zext i8 %or_ln272_9" [hw-impl/src/pynqrypt.cpp:272]   --->   Operation 199 'zext' 'zext_ln272_9' <Predicate = true> <Delay = 0.00>
ST_15 : Operation 200 [1/1] (0.00ns)   --->   "%pynqrypt_round_keys_addr_29 = getelementptr i8 %pynqrypt_round_keys, i64 0, i64 %zext_ln272_9" [hw-impl/src/pynqrypt.cpp:272]   --->   Operation 200 'getelementptr' 'pynqrypt_round_keys_addr_29' <Predicate = true> <Delay = 0.00>
ST_15 : Operation 201 [1/1] (3.25ns)   --->   "%store_ln272 = store i8 %xor_ln272_13, i8 %pynqrypt_round_keys_addr_29" [hw-impl/src/pynqrypt.cpp:272]   --->   Operation 201 'store' 'store_ln272' <Predicate = true> <Delay = 3.25> <CoreInst = "RAM">   --->   Core 82 'RAM' <Latency = 1> <II = 1> <Delay = 3.25> <Storage> <Opcode : 'load' 'store'> <Ports = 2> <Width = 8> <Depth = 176> <RAM>

State 16 <SV = 15> <Delay = 3.41>
ST_16 : Operation 202 [1/1] (0.00ns)   --->   "%specloopname_ln191 = specloopname void @_ssdm_op_SpecLoopName, void @empty_17" [hw-impl/src/pynqrypt.cpp:191]   --->   Operation 202 'specloopname' 'specloopname_ln191' <Predicate = true> <Delay = 0.00>
ST_16 : Operation 203 [1/1] (0.00ns)   --->   "%or_ln272_10 = or i8 %atoms_result, i8 14" [hw-impl/src/pynqrypt.cpp:272]   --->   Operation 203 'or' 'or_ln272_10' <Predicate = true> <Delay = 0.00>
ST_16 : Operation 204 [1/1] (0.00ns)   --->   "%zext_ln272_10 = zext i8 %or_ln272_10" [hw-impl/src/pynqrypt.cpp:272]   --->   Operation 204 'zext' 'zext_ln272_10' <Predicate = true> <Delay = 0.00>
ST_16 : Operation 205 [1/1] (0.00ns)   --->   "%pynqrypt_round_keys_addr_30 = getelementptr i8 %pynqrypt_round_keys, i64 0, i64 %zext_ln272_10" [hw-impl/src/pynqrypt.cpp:272]   --->   Operation 205 'getelementptr' 'pynqrypt_round_keys_addr_30' <Predicate = true> <Delay = 0.00>
ST_16 : Operation 206 [1/1] (3.25ns)   --->   "%store_ln272 = store i8 %xor_ln272_14, i8 %pynqrypt_round_keys_addr_30" [hw-impl/src/pynqrypt.cpp:272]   --->   Operation 206 'store' 'store_ln272' <Predicate = true> <Delay = 3.25> <CoreInst = "RAM">   --->   Core 82 'RAM' <Latency = 1> <II = 1> <Delay = 3.25> <Storage> <Opcode : 'load' 'store'> <Ports = 2> <Width = 8> <Depth = 176> <RAM>
ST_16 : Operation 207 [1/1] (0.00ns)   --->   "%or_ln272_11 = or i8 %atoms_result, i8 15" [hw-impl/src/pynqrypt.cpp:272]   --->   Operation 207 'or' 'or_ln272_11' <Predicate = true> <Delay = 0.00>
ST_16 : Operation 208 [1/1] (0.00ns)   --->   "%zext_ln272_11 = zext i8 %or_ln272_11" [hw-impl/src/pynqrypt.cpp:272]   --->   Operation 208 'zext' 'zext_ln272_11' <Predicate = true> <Delay = 0.00>
ST_16 : Operation 209 [1/1] (0.00ns)   --->   "%pynqrypt_round_keys_addr_31 = getelementptr i8 %pynqrypt_round_keys, i64 0, i64 %zext_ln272_11" [hw-impl/src/pynqrypt.cpp:272]   --->   Operation 209 'getelementptr' 'pynqrypt_round_keys_addr_31' <Predicate = true> <Delay = 0.00>
ST_16 : Operation 210 [1/1] (3.25ns)   --->   "%store_ln272 = store i8 %xor_ln272_15, i8 %pynqrypt_round_keys_addr_31" [hw-impl/src/pynqrypt.cpp:272]   --->   Operation 210 'store' 'store_ln272' <Predicate = true> <Delay = 3.25> <CoreInst = "RAM">   --->   Core 82 'RAM' <Latency = 1> <II = 1> <Delay = 3.25> <Storage> <Opcode : 'load' 'store'> <Ports = 2> <Width = 8> <Depth = 176> <RAM>
ST_16 : Operation 211 [1/1] (1.82ns)   --->   "%add_ln199 = add i6 %i_6, i6 4" [hw-impl/src/pynqrypt.cpp:199]   --->   Operation 211 'add' 'add_ln199' <Predicate = true> <Delay = 1.82> <CoreInst = "Adder">   --->   Core 1 'Adder' <Latency = 0> <II = 1> <Delay = 1.82> <FuncUnit> <Opcode : 'add' 'sub'> <InPorts = 2> <OutPorts = 1>
ST_16 : Operation 212 [1/1] (1.58ns)   --->   "%store_ln199 = store i6 %add_ln199, i6 %i" [hw-impl/src/pynqrypt.cpp:199]   --->   Operation 212 'store' 'store_ln199' <Predicate = true> <Delay = 1.58>
ST_16 : Operation 213 [1/1] (0.00ns)   --->   "%br_ln199 = br void %for.inc" [hw-impl/src/pynqrypt.cpp:199]   --->   Operation 213 'br' 'br_ln199' <Predicate = true> <Delay = 0.00>


============================================================
+ Verbose Summary: Timing violations
============================================================
Target clock period: 10ns, clock uncertainty: 2.7ns.

 <State 1>: 5.17ns
The critical path consists of the following:
	'alloca' operation ('i') [4]  (0 ns)
	'load' operation ('i', hw-impl/src/pynqrypt.cpp:199) on local variable 'i' [8]  (0 ns)
	'add' operation ('add_ln200', hw-impl/src/pynqrypt.cpp:200) [17]  (1.92 ns)
	'getelementptr' operation ('pynqrypt_round_keys_addr', hw-impl/src/pynqrypt.cpp:200) [19]  (0 ns)
	'load' operation ('temp', hw-impl/src/pynqrypt.cpp:200) on array 'pynqrypt_round_keys' [20]  (3.25 ns)

 <State 2>: 6.51ns
The critical path consists of the following:
	'load' operation ('pynqrypt_round_keys_load_1', hw-impl/src/pynqrypt.cpp:200) on array 'pynqrypt_round_keys' [24]  (3.25 ns)
	'getelementptr' operation ('aes_sbox3_addr', hw-impl/src/pynqrypt.cpp:255) [34]  (0 ns)
	'load' operation ('aes_sbox3_load', hw-impl/src/pynqrypt.cpp:255) on array 'aes_sbox3' [35]  (3.25 ns)

 <State 3>: 6.51ns
The critical path consists of the following:
	'load' operation ('pynqrypt_round_keys_load_2', hw-impl/src/pynqrypt.cpp:200) on array 'pynqrypt_round_keys' [28]  (3.25 ns)
	'getelementptr' operation ('aes_sbox3_addr_1', hw-impl/src/pynqrypt.cpp:255) [37]  (0 ns)
	'load' operation ('aes_sbox3_load_1', hw-impl/src/pynqrypt.cpp:255) on array 'aes_sbox3' [38]  (3.25 ns)

 <State 4>: 5.17ns
The critical path consists of the following:
	'add' operation ('add_ln206_2', hw-impl/src/pynqrypt.cpp:206) [58]  (1.92 ns)
	'getelementptr' operation ('pynqrypt_round_keys_addr_6', hw-impl/src/pynqrypt.cpp:206) [60]  (0 ns)
	'load' operation ('pynqrypt_round_keys_load_5', hw-impl/src/pynqrypt.cpp:206) on array 'pynqrypt_round_keys' [61]  (3.25 ns)

 <State 5>: 5.17ns
The critical path consists of the following:
	'add' operation ('add_ln209', hw-impl/src/pynqrypt.cpp:209) [85]  (1.92 ns)
	'getelementptr' operation ('pynqrypt_round_keys_addr_12', hw-impl/src/pynqrypt.cpp:209) [87]  (0 ns)
	'load' operation ('pynqrypt_round_keys_load_8', hw-impl/src/pynqrypt.cpp:209) on array 'pynqrypt_round_keys' [88]  (3.25 ns)

 <State 6>: 5.17ns
The critical path consists of the following:
	'add' operation ('add_ln209_2', hw-impl/src/pynqrypt.cpp:209) [93]  (1.92 ns)
	'getelementptr' operation ('pynqrypt_round_keys_addr_14', hw-impl/src/pynqrypt.cpp:209) [95]  (0 ns)
	'load' operation ('pynqrypt_round_keys_load_10', hw-impl/src/pynqrypt.cpp:209) on array 'pynqrypt_round_keys' [96]  (3.25 ns)

 <State 7>: 5.17ns
The critical path consists of the following:
	'add' operation ('add_ln212', hw-impl/src/pynqrypt.cpp:212) [121]  (1.92 ns)
	'getelementptr' operation ('pynqrypt_round_keys_addr_20', hw-impl/src/pynqrypt.cpp:212) [123]  (0 ns)
	'load' operation ('pynqrypt_round_keys_load_12', hw-impl/src/pynqrypt.cpp:212) on array 'pynqrypt_round_keys' [124]  (3.25 ns)

 <State 8>: 5.17ns
The critical path consists of the following:
	'add' operation ('add_ln212_2', hw-impl/src/pynqrypt.cpp:212) [129]  (1.92 ns)
	'getelementptr' operation ('pynqrypt_round_keys_addr_22', hw-impl/src/pynqrypt.cpp:212) [131]  (0 ns)
	'load' operation ('pynqrypt_round_keys_load_14', hw-impl/src/pynqrypt.cpp:212) on array 'pynqrypt_round_keys' [132]  (3.25 ns)

 <State 9>: 3.25ns
The critical path consists of the following:
	'getelementptr' operation ('pynqrypt_round_keys_addr_8', hw-impl/src/pynqrypt.cpp:272) [68]  (0 ns)
	'store' operation ('store_ln272', hw-impl/src/pynqrypt.cpp:272) of variable 'xor_ln272', hw-impl/src/pynqrypt.cpp:272 on array 'pynqrypt_round_keys' [69]  (3.25 ns)

 <State 10>: 3.25ns
The critical path consists of the following:
	'or' operation ('or_ln272_1', hw-impl/src/pynqrypt.cpp:272) [76]  (0 ns)
	'getelementptr' operation ('pynqrypt_round_keys_addr_10', hw-impl/src/pynqrypt.cpp:272) [78]  (0 ns)
	'store' operation ('store_ln272', hw-impl/src/pynqrypt.cpp:272) of variable 'xor_ln272_2', hw-impl/src/pynqrypt.cpp:272 on array 'pynqrypt_round_keys' [79]  (3.25 ns)

 <State 11>: 3.25ns
The critical path consists of the following:
	'or' operation ('atoms_result', hw-impl/src/pynqrypt.cpp:209) [101]  (0 ns)
	'getelementptr' operation ('pynqrypt_round_keys_addr_16', hw-impl/src/pynqrypt.cpp:272) [104]  (0 ns)
	'store' operation ('store_ln272', hw-impl/src/pynqrypt.cpp:272) of variable 'xor_ln272_4', hw-impl/src/pynqrypt.cpp:272 on array 'pynqrypt_round_keys' [105]  (3.25 ns)

 <State 12>: 3.25ns
The critical path consists of the following:
	'or' operation ('or_ln272_4', hw-impl/src/pynqrypt.cpp:272) [112]  (0 ns)
	'getelementptr' operation ('pynqrypt_round_keys_addr_18', hw-impl/src/pynqrypt.cpp:272) [114]  (0 ns)
	'store' operation ('store_ln272', hw-impl/src/pynqrypt.cpp:272) of variable 'xor_ln272_6', hw-impl/src/pynqrypt.cpp:272 on array 'pynqrypt_round_keys' [115]  (3.25 ns)

 <State 13>: 3.25ns
The critical path consists of the following:
	'or' operation ('atoms_result', hw-impl/src/pynqrypt.cpp:212) [137]  (0 ns)
	'getelementptr' operation ('pynqrypt_round_keys_addr_24', hw-impl/src/pynqrypt.cpp:272) [140]  (0 ns)
	'store' operation ('store_ln272', hw-impl/src/pynqrypt.cpp:272) of variable 'xor_ln272_8', hw-impl/src/pynqrypt.cpp:272 on array 'pynqrypt_round_keys' [141]  (3.25 ns)

 <State 14>: 3.25ns
The critical path consists of the following:
	'or' operation ('or_ln272_7', hw-impl/src/pynqrypt.cpp:272) [148]  (0 ns)
	'getelementptr' operation ('pynqrypt_round_keys_addr_26', hw-impl/src/pynqrypt.cpp:272) [150]  (0 ns)
	'store' operation ('store_ln272', hw-impl/src/pynqrypt.cpp:272) of variable 'xor_ln272_10', hw-impl/src/pynqrypt.cpp:272 on array 'pynqrypt_round_keys' [151]  (3.25 ns)

 <State 15>: 3.25ns
The critical path consists of the following:
	'or' operation ('atoms_result', hw-impl/src/pynqrypt.cpp:215) [157]  (0 ns)
	'getelementptr' operation ('pynqrypt_round_keys_addr_28', hw-impl/src/pynqrypt.cpp:272) [160]  (0 ns)
	'store' operation ('store_ln272', hw-impl/src/pynqrypt.cpp:272) of variable 'xor_ln272_12', hw-impl/src/pynqrypt.cpp:272 on array 'pynqrypt_round_keys' [161]  (3.25 ns)

 <State 16>: 3.41ns
The critical path consists of the following:
	'add' operation ('add_ln199', hw-impl/src/pynqrypt.cpp:199) [177]  (1.83 ns)
	'store' operation ('store_ln199', hw-impl/src/pynqrypt.cpp:199) of variable 'add_ln199', hw-impl/src/pynqrypt.cpp:199 on local variable 'i' [178]  (1.59 ns)


============================================================
+ Verbose Summary: Binding
============================================================
N/A
* FSMD analyzer results:
  - Output states:
 - Input state : 
  - Chain level:
	State 1
	State 2
	State 3
	State 4
	State 5
	State 6
	State 7
	State 8
	State 9
	State 10
	State 11
	State 12
	State 13
	State 14
	State 15
	State 16


============================================================
+ Verbose Summary: Datapath Resource usage 
============================================================
N/A
