

================================================================
== Vitis HLS Report for 'aes_generate_round_keys'
================================================================
* Date:           Sat Dec 10 14:02:48 2022

* Version:        2022.2 (Build 3670227 on Oct 13 2022)
* Project:        pynqrypt-vitis-hls
* Solution:       pynqrypt (Vivado IP Flow Target)
* Product family: zynq
* Target device:  xc7z020i-clg400-1L


================================================================
== Performance Estimates
================================================================
+ Timing: 
    * Summary: 
    +--------+----------+----------+------------+
    |  Clock |  Target  | Estimated| Uncertainty|
    +--------+----------+----------+------------+
    |ap_clk  |  10.00 ns|  6.508 ns|     2.70 ns|
    +--------+----------+----------+------------+

+ Latency: 
    * Summary: 
    +---------+---------+----------+----------+-----+-----+---------+
    |  Latency (cycles) |  Latency (absolute) |  Interval | Pipeline|
    |   min   |   max   |    min   |    max   | min | max |   Type  |
    +---------+---------+----------+----------+-----+-----+---------+
    |       81|       81|  0.810 us|  0.810 us|   81|   81|       no|
    +---------+---------+----------+----------+-----+-----+---------+

    + Detail: 
        * Instance: 
        N/A

        * Loop: 
        N/A

============================================================
+ Verbose Summary: Synthesis Manager
============================================================
InlineROM: 1
ExposeGlobal: 0
============================================================
+ Verbose Summary: CDFG Model
============================================================
IsTopModel: 0
ResetActiveHigh: 1
IsCombinational: 0
IsDatapathOnly: 0
HasWiredReturn: 1
HasMFsm: 0
HasVarLatency: 1
IsPipeline: 0
IsRtlPipelined: 0
IsInstanceOverlapped: 0
IsDontTouch: 0
HasImplIP: 0
IsGatedGlobalClock: 0


============================================================
+ Verbose Summary: Schedule
============================================================
* Number of FSM states : 6
* Pipeline : 0
* Dataflow Pipeline: 0

* FSM state transitions: 
1 --> 2 
2 --> 3 
3 --> 4 
4 --> 5 
5 --> 6 
6 --> 

* FSM state operations: 

State 1 <SV = 0> <Delay = 3.25>
ST_1 : Operation 7 [1/1] (0.00ns)   --->   "%p_read_7 = read i128 @_ssdm_op_Read.ap_auto.i128, i128 %p_read"   --->   Operation 7 'read' 'p_read_7' <Predicate = true> <Delay = 0.00>
ST_1 : Operation 8 [1/1] (0.00ns)   --->   "%p_round_key_V = alloca i64 1" [hw-impl/src/pynqrypt.cpp:164]   --->   Operation 8 'alloca' 'p_round_key_V' <Predicate = true> <Delay = 0.00> <CoreInst = "RAM">   --->   Core 82 'RAM' <Latency = 1> <II = 1> <Delay = 3.25> <Storage> <Opcode : 'load' 'store'> <Ports = 2> <Width = 32> <Depth = 44> <RAM>
ST_1 : Operation 9 [1/1] (0.00ns)   --->   "%tmp3 = partselect i32 @_ssdm_op_PartSelect.i32.i128.i32.i32, i128 %p_read_7, i32 96, i32 127"   --->   Operation 9 'partselect' 'tmp3' <Predicate = true> <Delay = 0.00>
ST_1 : Operation 10 [1/1] (0.00ns)   --->   "%p_round_key_V_addr = getelementptr i32 %p_round_key_V, i64 0, i64 0" [hw-impl/src/pynqrypt.cpp:166]   --->   Operation 10 'getelementptr' 'p_round_key_V_addr' <Predicate = true> <Delay = 0.00>
ST_1 : Operation 11 [1/1] (3.25ns)   --->   "%store_ln166 = store i32 %tmp3, i6 %p_round_key_V_addr" [hw-impl/src/pynqrypt.cpp:166]   --->   Operation 11 'store' 'store_ln166' <Predicate = true> <Delay = 3.25> <CoreInst = "RAM">   --->   Core 82 'RAM' <Latency = 1> <II = 1> <Delay = 3.25> <Storage> <Opcode : 'load' 'store'> <Ports = 2> <Width = 32> <Depth = 44> <RAM>
ST_1 : Operation 12 [1/1] (0.00ns)   --->   "%tmp_4 = partselect i32 @_ssdm_op_PartSelect.i32.i128.i32.i32, i128 %p_read_7, i32 64, i32 95"   --->   Operation 12 'partselect' 'tmp_4' <Predicate = true> <Delay = 0.00>
ST_1 : Operation 13 [1/1] (0.00ns)   --->   "%p_round_key_V_addr_1 = getelementptr i32 %p_round_key_V, i64 0, i64 1" [hw-impl/src/pynqrypt.cpp:167]   --->   Operation 13 'getelementptr' 'p_round_key_V_addr_1' <Predicate = true> <Delay = 0.00>
ST_1 : Operation 14 [1/1] (3.25ns)   --->   "%store_ln167 = store i32 %tmp_4, i6 %p_round_key_V_addr_1" [hw-impl/src/pynqrypt.cpp:167]   --->   Operation 14 'store' 'store_ln167' <Predicate = true> <Delay = 3.25> <CoreInst = "RAM">   --->   Core 82 'RAM' <Latency = 1> <II = 1> <Delay = 3.25> <Storage> <Opcode : 'load' 'store'> <Ports = 2> <Width = 32> <Depth = 44> <RAM>
ST_1 : Operation 15 [1/1] (0.00ns)   --->   "%tmp_s = partselect i32 @_ssdm_op_PartSelect.i32.i128.i32.i32, i128 %p_read_7, i32 32, i32 63"   --->   Operation 15 'partselect' 'tmp_s' <Predicate = true> <Delay = 0.00>
ST_1 : Operation 16 [1/1] (0.00ns)   --->   "%trunc_ln628 = trunc i128 %p_read_7"   --->   Operation 16 'trunc' 'trunc_ln628' <Predicate = true> <Delay = 0.00>

State 2 <SV = 1> <Delay = 3.25>
ST_2 : Operation 17 [1/1] (0.00ns)   --->   "%p_round_key_V_addr_2 = getelementptr i32 %p_round_key_V, i64 0, i64 2" [hw-impl/src/pynqrypt.cpp:168]   --->   Operation 17 'getelementptr' 'p_round_key_V_addr_2' <Predicate = true> <Delay = 0.00>
ST_2 : Operation 18 [1/1] (3.25ns)   --->   "%store_ln168 = store i32 %tmp_s, i6 %p_round_key_V_addr_2" [hw-impl/src/pynqrypt.cpp:168]   --->   Operation 18 'store' 'store_ln168' <Predicate = true> <Delay = 3.25> <CoreInst = "RAM">   --->   Core 82 'RAM' <Latency = 1> <II = 1> <Delay = 3.25> <Storage> <Opcode : 'load' 'store'> <Ports = 2> <Width = 32> <Depth = 44> <RAM>
ST_2 : Operation 19 [1/1] (0.00ns)   --->   "%p_round_key_V_addr_3 = getelementptr i32 %p_round_key_V, i64 0, i64 3" [hw-impl/src/pynqrypt.cpp:169]   --->   Operation 19 'getelementptr' 'p_round_key_V_addr_3' <Predicate = true> <Delay = 0.00>
ST_2 : Operation 20 [1/1] (3.25ns)   --->   "%store_ln169 = store i32 %trunc_ln628, i6 %p_round_key_V_addr_3" [hw-impl/src/pynqrypt.cpp:169]   --->   Operation 20 'store' 'store_ln169' <Predicate = true> <Delay = 3.25> <CoreInst = "RAM">   --->   Core 82 'RAM' <Latency = 1> <II = 1> <Delay = 3.25> <Storage> <Opcode : 'load' 'store'> <Ports = 2> <Width = 32> <Depth = 44> <RAM>

State 3 <SV = 2> <Delay = 0.00>
ST_3 : Operation 21 [2/2] (0.00ns)   --->   "%call_ln0 = call void @aes_generate_round_keys_Pipeline_loop_aes_generate_round_keys, i32 %p_round_key_V, i8 %crypto_aes_rcon_V"   --->   Operation 21 'call' 'call_ln0' <Predicate = true> <Delay = 0.00> <CoreType = "Generic">   --->   Core 0 '' <Latency = 0> <II = 1> <Delay = 1.00> <Generic> <Opcode : >

State 4 <SV = 3> <Delay = 0.00>
ST_4 : Operation 22 [1/2] (0.00ns)   --->   "%call_ln0 = call void @aes_generate_round_keys_Pipeline_loop_aes_generate_round_keys, i32 %p_round_key_V, i8 %crypto_aes_rcon_V"   --->   Operation 22 'call' 'call_ln0' <Predicate = true> <Delay = 0.00> <CoreType = "Generic">   --->   Core 0 '' <Latency = 0> <II = 1> <Delay = 1.00> <Generic> <Opcode : >

State 5 <SV = 4> <Delay = 0.00>
ST_5 : Operation 23 [2/2] (0.00ns)   --->   "%call_ln0 = call void @aes_generate_round_keys_Pipeline_VITIS_LOOP_184_1, i32 %p_round_key_V, i128 %this_round_keys"   --->   Operation 23 'call' 'call_ln0' <Predicate = true> <Delay = 0.00> <CoreType = "Generic">   --->   Core 0 '' <Latency = 0> <II = 1> <Delay = 1.00> <Generic> <Opcode : >

State 6 <SV = 5> <Delay = 0.00>
ST_6 : Operation 24 [1/2] (0.00ns)   --->   "%call_ln0 = call void @aes_generate_round_keys_Pipeline_VITIS_LOOP_184_1, i32 %p_round_key_V, i128 %this_round_keys"   --->   Operation 24 'call' 'call_ln0' <Predicate = true> <Delay = 0.00> <CoreType = "Generic">   --->   Core 0 '' <Latency = 0> <II = 1> <Delay = 1.00> <Generic> <Opcode : >
ST_6 : Operation 25 [1/1] (0.00ns)   --->   "%ret_ln190 = ret" [hw-impl/src/pynqrypt.cpp:190]   --->   Operation 25 'ret' 'ret_ln190' <Predicate = true> <Delay = 0.00>


============================================================
+ Verbose Summary: Timing violations
============================================================
Target clock period: 10ns, clock uncertainty: 2.7ns.

 <State 1>: 3.25ns
The critical path consists of the following:
	wire read operation ('p_read_7') on port 'p_read' [4]  (0 ns)
	'store' operation ('store_ln166', hw-impl/src/pynqrypt.cpp:166) of variable 'tmp3' on array '_round_key.V', hw-impl/src/pynqrypt.cpp:164 [8]  (3.25 ns)

 <State 2>: 3.25ns
The critical path consists of the following:
	'getelementptr' operation ('p_round_key_V_addr_2', hw-impl/src/pynqrypt.cpp:168) [13]  (0 ns)
	'store' operation ('store_ln168', hw-impl/src/pynqrypt.cpp:168) of variable 'tmp_s' on array '_round_key.V', hw-impl/src/pynqrypt.cpp:164 [14]  (3.25 ns)

 <State 3>: 0ns
The critical path consists of the following:

 <State 4>: 0ns
The critical path consists of the following:

 <State 5>: 0ns
The critical path consists of the following:

 <State 6>: 0ns
The critical path consists of the following:


============================================================
+ Verbose Summary: Binding
============================================================
N/A
* FSMD analyzer results:
  - Output states:
 - Input state : 
  - Chain level:
	State 1
	State 2
	State 3
	State 4
	State 5
	State 6


============================================================
+ Verbose Summary: Datapath Resource usage 
============================================================
N/A
