

================================================================
== Vitis HLS Report for 'ctr_encrypt'
================================================================
* Date:           Sat Dec 10 12:34:58 2022

* Version:        2022.2 (Build 3670227 on Oct 13 2022)
* Project:        pynqrypt-vitis-hls
* Solution:       pynqrypt (Vivado IP Flow Target)
* Product family: zynq
* Target device:  xc7z020i-clg400-1L


================================================================
== Performance Estimates
================================================================
+ Timing: 
    * Summary: 
    +--------+----------+----------+------------+
    |  Clock |  Target  | Estimated| Uncertainty|
    +--------+----------+----------+------------+
    |ap_clk  |  10.00 ns|  7.300 ns|     2.70 ns|
    +--------+----------+----------+------------+

+ Latency: 
    * Summary: 
    +---------+---------+----------+----------+-----+-----+---------+
    |  Latency (cycles) |  Latency (absolute) |  Interval | Pipeline|
    |   min   |   max   |    min   |    max   | min | max |   Type  |
    +---------+---------+----------+----------+-----+-----+---------+
    |        ?|        ?|         ?|         ?|    ?|    ?|       no|
    +---------+---------+----------+----------+-----+-----+---------+

    + Detail: 
        * Instance: 
        +---------------------------------------------+-----------------------------------+---------+---------+----------+----------+-----+-----+----------+
        |                                             |                                   |  Latency (cycles) |  Latency (absolute) |  Interval | Pipeline |
        |                   Instance                  |               Module              |   min   |   max   |    min   |    max   | min | max |   Type   |
        +---------------------------------------------+-----------------------------------+---------+---------+----------+----------+-----+-----+----------+
        |grp_dataflow_in_loop_loop_ctr_encrypt_fu_92  |dataflow_in_loop_loop_ctr_encrypt  |      148|      148|  1.480 us|  1.480 us|  149|  149|  dataflow|
        +---------------------------------------------+-----------------------------------+---------+---------+----------+----------+-----+-----+----------+

        * Loop: 
        +--------------------+---------+---------+----------+-----------+-----------+------+----------+
        |                    |  Latency (cycles) | Iteration|  Initiation Interval  | Trip |          |
        |      Loop Name     |   min   |   max   |  Latency |  achieved |   target  | Count| Pipelined|
        +--------------------+---------+---------+----------+-----------+-----------+------+----------+
        |- loop_ctr_encrypt  |        ?|        ?|       150|          -|          -|     ?|        no|
        +--------------------+---------+---------+----------+-----------+-----------+------+----------+

============================================================
+ Verbose Summary: Synthesis Manager
============================================================
InlineROM: 1
ExposeGlobal: 0
============================================================
+ Verbose Summary: CDFG Model
============================================================
IsTopModel: 0
ResetActiveHigh: 1
IsCombinational: 2
IsDatapathOnly: 0
HasWiredReturn: 1
HasMFsm: 0
HasVarLatency: 1
IsPipeline: 0
IsRtlPipelined: 0
IsInstanceOverlapped: 0
IsDontTouch: 0
HasImplIP: 0
IsGatedGlobalClock: 0


============================================================
+ Verbose Summary: Schedule
============================================================
* Number of FSM states : 3
* Pipeline : 0
* Dataflow Pipeline: 1
  DF-Pipeline-0: Size = 2, States = { 2 3 }

* FSM state transitions: 
1 --> 2 
2 --> 3 
3 --> 2 

* FSM state operations: 

State 1 <SV = 0> <Delay = 1.58>
ST_1 : Operation 4 [1/1] (0.00ns)   --->   "%specinterface_ln0 = specinterface void @_ssdm_op_SpecInterface, i128 %gmem, void @empty_2, i32 0, i32 0, void @empty_12, i32 0, i32 1024, void @empty_13, void @empty_10, void @empty_12, i32 16, i32 16, i32 16, i32 16, void @empty_12, void @empty_12, i32 4294967295, i32 0"   --->   Operation 4 'specinterface' 'specinterface_ln0' <Predicate = true> <Delay = 0.00>
ST_1 : Operation 5 [1/1] (0.00ns)   --->   "%ciphertext_read = read i64 @_ssdm_op_Read.ap_auto.i64, i64 %ciphertext" [hw-impl/src/pynqrypt.cpp:18]   --->   Operation 5 'read' 'ciphertext_read' <Predicate = true> <Delay = 0.00>
ST_1 : Operation 6 [1/1] (0.00ns)   --->   "%plaintext_read = read i64 @_ssdm_op_Read.ap_auto.i64, i64 %plaintext" [hw-impl/src/pynqrypt.cpp:18]   --->   Operation 6 'read' 'plaintext_read' <Predicate = true> <Delay = 0.00>
ST_1 : Operation 7 [1/1] (0.00ns)   --->   "%block_count_read = read i60 @_ssdm_op_Read.ap_auto.i60, i60 %block_count" [hw-impl/src/pynqrypt.cpp:18]   --->   Operation 7 'read' 'block_count_read' <Predicate = true> <Delay = 0.00>
ST_1 : Operation 8 [1/1] (0.00ns)   --->   "%p_read_4 = read i96 @_ssdm_op_Read.ap_auto.i96, i96 %p_read" [hw-impl/src/pynqrypt.cpp:18]   --->   Operation 8 'read' 'p_read_4' <Predicate = true> <Delay = 0.00>
ST_1 : Operation 9 [1/1] (1.58ns)   --->   "%br_ln18 = br void %for.cond" [hw-impl/src/pynqrypt.cpp:18]   --->   Operation 9 'br' 'br_ln18' <Predicate = true> <Delay = 1.58>

State 2 <SV = 1> <Delay = 6.44>
ST_2 : Operation 10 [1/1] (0.00ns)   --->   "%i = phi i60 0, void %entry, i60 %i_2, void %for.inc"   --->   Operation 10 'phi' 'i' <Predicate = true> <Delay = 0.00>
ST_2 : Operation 11 [1/1] (2.81ns)   --->   "%icmp_ln18 = icmp_eq  i60 %i, i60 %block_count_read" [hw-impl/src/pynqrypt.cpp:18]   --->   Operation 11 'icmp' 'icmp_ln18' <Predicate = true> <Delay = 2.81> <CoreInst = "Cmp">   --->   Core 9 'Cmp' <Latency = 0> <II = 1> <Delay = 2.81> <FuncUnit> <Opcode : 'icmp'> <InPorts = 2> <OutPorts = 1>
ST_2 : Operation 12 [1/1] (0.00ns)   --->   "%specdataflowpipeline_ln18 = specdataflowpipeline void @_ssdm_op_SpecDataflowPipeline, i32 4294967295, i32 0, void @dataflow_parent_loop_str, i60 %i, i60 %block_count, i32 0" [hw-impl/src/pynqrypt.cpp:18]   --->   Operation 12 'specdataflowpipeline' 'specdataflowpipeline_ln18' <Predicate = true> <Delay = 0.00>
ST_2 : Operation 13 [1/1] (3.41ns)   --->   "%i_2 = add i60 %i, i60 1" [hw-impl/src/pynqrypt.cpp:18]   --->   Operation 13 'add' 'i_2' <Predicate = true> <Delay = 3.41> <CoreInst = "Adder">   --->   Core 1 'Adder' <Latency = 0> <II = 1> <Delay = 3.41> <FuncUnit> <Opcode : 'add' 'sub'> <InPorts = 2> <OutPorts = 1>
ST_2 : Operation 14 [1/1] (0.00ns)   --->   "%br_ln18 = br i1 %icmp_ln18, void %for.inc, void %for.end" [hw-impl/src/pynqrypt.cpp:18]   --->   Operation 14 'br' 'br_ln18' <Predicate = true> <Delay = 0.00>
ST_2 : Operation 15 [2/2] (3.63ns)   --->   "%call_ln26 = call void @dataflow_in_loop_loop_ctr_encrypt, i128 %gmem, i60 %i, i64 %plaintext_read, i96 %p_read_4, i128 %this_round_keys, i64 %ciphertext_read, i8 %crypto_aes_sbox_V, i8 %crypto_aes_mul2_V, i8 %crypto_aes_mul3_V" [hw-impl/src/pynqrypt.cpp:26]   --->   Operation 15 'call' 'call_ln26' <Predicate = (!icmp_ln18)> <Delay = 3.63> <CoreType = "Generic">   --->   Core 0 '' <Latency = 0> <II = 1> <Delay = 1.00> <Generic> <Opcode : >
ST_2 : Operation 16 [1/1] (0.00ns)   --->   "%ret_ln28 = ret" [hw-impl/src/pynqrypt.cpp:28]   --->   Operation 16 'ret' 'ret_ln28' <Predicate = (icmp_ln18)> <Delay = 0.00>

State 3 <SV = 2> <Delay = 0.00>
ST_3 : Operation 17 [1/1] (0.00ns)   --->   "%specloopname_ln20 = specloopname void @_ssdm_op_SpecLoopName, void @empty_7" [hw-impl/src/pynqrypt.cpp:20]   --->   Operation 17 'specloopname' 'specloopname_ln20' <Predicate = (!icmp_ln18)> <Delay = 0.00>
ST_3 : Operation 18 [1/2] (0.00ns)   --->   "%call_ln26 = call void @dataflow_in_loop_loop_ctr_encrypt, i128 %gmem, i60 %i, i64 %plaintext_read, i96 %p_read_4, i128 %this_round_keys, i64 %ciphertext_read, i8 %crypto_aes_sbox_V, i8 %crypto_aes_mul2_V, i8 %crypto_aes_mul3_V" [hw-impl/src/pynqrypt.cpp:26]   --->   Operation 18 'call' 'call_ln26' <Predicate = (!icmp_ln18)> <Delay = 0.00> <CoreType = "Generic">   --->   Core 0 '' <Latency = 0> <II = 1> <Delay = 1.00> <Generic> <Opcode : >
ST_3 : Operation 19 [1/1] (0.00ns)   --->   "%br_ln18 = br void %for.cond" [hw-impl/src/pynqrypt.cpp:18]   --->   Operation 19 'br' 'br_ln18' <Predicate = (!icmp_ln18)> <Delay = 0.00>


============================================================
+ Verbose Summary: Binding
============================================================
STG Binding: 
---------------- STG Properties BEGIN ----------------
- Is combinational: 0
- Is one-state seq: 0
- Is datapath-only: 0
- Is pipelined: 0
- Is top level: 0
Port [ Return ] is wired: 1; IO mode=ap_ctrl_hs:ce=0
Port [ p_read]:  wired=1; compound=0; hidden=0; nouse=0; global=0; static=0; extern=0; dir=0; type=0; pingpong=0; private_global=0; IO mode=ap_none:ce=0
Port [ this_round_keys]:  wired=1; compound=1; hidden=0; nouse=0; global=0; static=0; extern=0; dir=0; type=1; pingpong=0; private_global=0; MemPort=[13]; IO mode=ap_memory:ce=0
Port [ block_count]:  wired=1; compound=0; hidden=0; nouse=0; global=0; static=0; extern=0; dir=0; type=0; pingpong=0; private_global=0; IO mode=ap_none:ce=0
Port [ gmem]:  wired=1; compound=1; hidden=0; nouse=0; global=0; static=0; extern=0; dir=2; type=4; pingpong=0; private_global=0; IO mode=m_axi:ce=0
Port [ plaintext]:  wired=1; compound=0; hidden=0; nouse=0; global=0; static=0; extern=0; dir=0; type=0; pingpong=0; private_global=0; IO mode=ap_none:ce=0
Port [ ciphertext]:  wired=1; compound=0; hidden=0; nouse=0; global=0; static=0; extern=0; dir=0; type=0; pingpong=0; private_global=0; IO mode=ap_none:ce=0
Port [ crypto_aes_sbox_V]:  wired=0; compound=1; hidden=1; nouse=1; global=1; static=1; extern=0; dir=0; type=1; pingpong=0; private_global=0; MemPort=[11]; IO mode=ap_memory:ce=0
Port [ crypto_aes_mul2_V]:  wired=0; compound=1; hidden=1; nouse=1; global=1; static=1; extern=0; dir=0; type=1; pingpong=0; private_global=0; MemPort=[11]; IO mode=ap_memory:ce=0
Port [ crypto_aes_mul3_V]:  wired=0; compound=1; hidden=1; nouse=1; global=1; static=1; extern=0; dir=0; type=1; pingpong=0; private_global=0; MemPort=[11]; IO mode=ap_memory:ce=0
---------------- STG Properties END ------------------

---------------- Datapath Model BEGIN ----------------

<LifeTime>
<method=bitvector/>
specinterface_ln0         (specinterface       ) [ 0000]
ciphertext_read           (read                ) [ 0011]
plaintext_read            (read                ) [ 0011]
block_count_read          (read                ) [ 0011]
p_read_4                  (read                ) [ 0011]
br_ln18                   (br                  ) [ 0111]
i                         (phi                 ) [ 0011]
icmp_ln18                 (icmp                ) [ 0011]
specdataflowpipeline_ln18 (specdataflowpipeline) [ 0000]
i_2                       (add                 ) [ 0111]
br_ln18                   (br                  ) [ 0000]
ret_ln28                  (ret                 ) [ 0000]
specloopname_ln20         (specloopname        ) [ 0000]
call_ln26                 (call                ) [ 0000]
br_ln18                   (br                  ) [ 0111]
</LifeTime>

<model>

<comp_list>
<comp id="0" class="1000" name="p_read">
<pin_list>
<pin id="1" dir="1" index="0" bw="1" slack="0"/>
</pin_list>
<bind>
<StgValue><ssdm name="p_read"/></StgValue>
</bind>
</comp>

<comp id="2" class="1000" name="this_round_keys">
<pin_list>
<pin id="3" dir="1" index="0" bw="1" slack="0"/>
</pin_list>
<bind>
<StgValue><ssdm name="this_round_keys"/><MemPortTyVec>1 3 </MemPortTyVec>
</StgValue>
</bind>
</comp>

<comp id="4" class="1000" name="block_count">
<pin_list>
<pin id="5" dir="1" index="0" bw="1" slack="0"/>
</pin_list>
<bind>
<StgValue><ssdm name="block_count"/></StgValue>
</bind>
</comp>

<comp id="6" class="1000" name="gmem">
<pin_list>
<pin id="7" dir="1" index="0" bw="1" slack="0"/>
</pin_list>
<bind>
<StgValue><ssdm name="gmem"/></StgValue>
</bind>
</comp>

<comp id="8" class="1000" name="plaintext">
<pin_list>
<pin id="9" dir="1" index="0" bw="1" slack="0"/>
</pin_list>
<bind>
<StgValue><ssdm name="plaintext"/></StgValue>
</bind>
</comp>

<comp id="10" class="1000" name="ciphertext">
<pin_list>
<pin id="11" dir="1" index="0" bw="1" slack="0"/>
</pin_list>
<bind>
<StgValue><ssdm name="ciphertext"/></StgValue>
</bind>
</comp>

<comp id="12" class="1000" name="crypto_aes_sbox_V">
<pin_list>
<pin id="13" dir="1" index="0" bw="1" slack="0"/>
</pin_list>
<bind>
<StgValue><ssdm name="crypto_aes_sbox_V"/><MemPortTyVec>1 1 </MemPortTyVec>
</StgValue>
</bind>
</comp>

<comp id="14" class="1000" name="crypto_aes_mul2_V">
<pin_list>
<pin id="15" dir="1" index="0" bw="1" slack="0"/>
</pin_list>
<bind>
<StgValue><ssdm name="crypto_aes_mul2_V"/><MemPortTyVec>1 1 </MemPortTyVec>
</StgValue>
</bind>
</comp>

<comp id="16" class="1000" name="crypto_aes_mul3_V">
<pin_list>
<pin id="17" dir="1" index="0" bw="1" slack="0"/>
</pin_list>
<bind>
<StgValue><ssdm name="crypto_aes_mul3_V"/><MemPortTyVec>1 1 </MemPortTyVec>
</StgValue>
</bind>
</comp>

<comp id="18" class="1001" name="const_18">
<pin_list>
<pin id="19" dir="1" index="0" bw="1" slack="2147483647"/>
</pin_list>
<bind>
<StgValue><ssdm name="_ssdm_op_SpecInterface"/></StgValue>
</bind>
</comp>

<comp id="20" class="1001" name="const_20">
<pin_list>
<pin id="21" dir="1" index="0" bw="1" slack="2147483647"/>
</pin_list>
<bind>
<StgValue><ssdm name="empty_2"/></StgValue>
</bind>
</comp>

<comp id="22" class="1001" name="const_22">
<pin_list>
<pin id="23" dir="1" index="0" bw="1" slack="2147483647"/>
</pin_list>
<bind>
<StgValue><ssdm name=""/></StgValue>
</bind>
</comp>

<comp id="24" class="1001" name="const_24">
<pin_list>
<pin id="25" dir="1" index="0" bw="1" slack="2147483647"/>
</pin_list>
<bind>
<StgValue><ssdm name="empty_12"/></StgValue>
</bind>
</comp>

<comp id="26" class="1001" name="const_26">
<pin_list>
<pin id="27" dir="1" index="0" bw="1" slack="2147483647"/>
</pin_list>
<bind>
<StgValue><ssdm name=""/></StgValue>
</bind>
</comp>

<comp id="28" class="1001" name="const_28">
<pin_list>
<pin id="29" dir="1" index="0" bw="1" slack="2147483647"/>
</pin_list>
<bind>
<StgValue><ssdm name="empty_13"/></StgValue>
</bind>
</comp>

<comp id="30" class="1001" name="const_30">
<pin_list>
<pin id="31" dir="1" index="0" bw="1" slack="2147483647"/>
</pin_list>
<bind>
<StgValue><ssdm name="empty_10"/></StgValue>
</bind>
</comp>

<comp id="32" class="1001" name="const_32">
<pin_list>
<pin id="33" dir="1" index="0" bw="1" slack="2147483647"/>
</pin_list>
<bind>
<StgValue><ssdm name=""/></StgValue>
</bind>
</comp>

<comp id="34" class="1001" name="const_34">
<pin_list>
<pin id="35" dir="1" index="0" bw="1" slack="2147483647"/>
</pin_list>
<bind>
<StgValue><ssdm name=""/></StgValue>
</bind>
</comp>

<comp id="36" class="1001" name="const_36">
<pin_list>
<pin id="37" dir="1" index="0" bw="1" slack="0"/>
</pin_list>
<bind>
<StgValue><ssdm name="_ssdm_op_Read.ap_auto.i64"/></StgValue>
</bind>
</comp>

<comp id="38" class="1001" name="const_38">
<pin_list>
<pin id="39" dir="1" index="0" bw="1" slack="0"/>
</pin_list>
<bind>
<StgValue><ssdm name="_ssdm_op_Read.ap_auto.i60"/></StgValue>
</bind>
</comp>

<comp id="40" class="1001" name="const_40">
<pin_list>
<pin id="41" dir="1" index="0" bw="1" slack="0"/>
</pin_list>
<bind>
<StgValue><ssdm name="_ssdm_op_Read.ap_auto.i96"/></StgValue>
</bind>
</comp>

<comp id="42" class="1001" name="const_42">
<pin_list>
<pin id="43" dir="1" index="0" bw="1" slack="1"/>
</pin_list>
<bind>
<StgValue><ssdm name=""/></StgValue>
</bind>
</comp>

<comp id="44" class="1001" name="const_44">
<pin_list>
<pin id="45" dir="1" index="0" bw="1" slack="2147483647"/>
</pin_list>
<bind>
<StgValue><ssdm name="_ssdm_op_SpecDataflowPipeline"/></StgValue>
</bind>
</comp>

<comp id="46" class="1001" name="const_46">
<pin_list>
<pin id="47" dir="1" index="0" bw="1" slack="2147483647"/>
</pin_list>
<bind>
<StgValue><ssdm name="dataflow_parent_loop_str"/></StgValue>
</bind>
</comp>

<comp id="48" class="1001" name="const_48">
<pin_list>
<pin id="49" dir="1" index="0" bw="1" slack="0"/>
</pin_list>
<bind>
<StgValue><ssdm name=""/></StgValue>
</bind>
</comp>

<comp id="50" class="1001" name="const_50">
<pin_list>
<pin id="51" dir="1" index="0" bw="1" slack="0"/>
</pin_list>
<bind>
<StgValue><ssdm name="dataflow_in_loop_loop_ctr_encrypt"/></StgValue>
</bind>
</comp>

<comp id="52" class="1001" name="const_52">
<pin_list>
<pin id="53" dir="1" index="0" bw="1" slack="2147483647"/>
</pin_list>
<bind>
<StgValue><ssdm name="_ssdm_op_SpecLoopName"/></StgValue>
</bind>
</comp>

<comp id="54" class="1001" name="const_54">
<pin_list>
<pin id="55" dir="1" index="0" bw="1" slack="2147483647"/>
</pin_list>
<bind>
<StgValue><ssdm name="empty_7"/></StgValue>
</bind>
</comp>

<comp id="56" class="1004" name="ciphertext_read_read_fu_56">
<pin_list>
<pin id="57" dir="0" index="0" bw="64" slack="0"/>
<pin id="58" dir="0" index="1" bw="64" slack="0"/>
<pin id="59" dir="1" index="2" bw="64" slack="1"/>
</pin_list>
<bind>
<opcode="read(1150) " fcode="read"/>
<opset="ciphertext_read/1 "/>
</bind>
</comp>

<comp id="62" class="1004" name="plaintext_read_read_fu_62">
<pin_list>
<pin id="63" dir="0" index="0" bw="64" slack="0"/>
<pin id="64" dir="0" index="1" bw="64" slack="0"/>
<pin id="65" dir="1" index="2" bw="64" slack="1"/>
</pin_list>
<bind>
<opcode="read(1150) " fcode="read"/>
<opset="plaintext_read/1 "/>
</bind>
</comp>

<comp id="68" class="1004" name="block_count_read_read_fu_68">
<pin_list>
<pin id="69" dir="0" index="0" bw="60" slack="0"/>
<pin id="70" dir="0" index="1" bw="60" slack="0"/>
<pin id="71" dir="1" index="2" bw="60" slack="1"/>
</pin_list>
<bind>
<opcode="read(1150) " fcode="read"/>
<opset="block_count_read/1 "/>
</bind>
</comp>

<comp id="74" class="1004" name="p_read_4_read_fu_74">
<pin_list>
<pin id="75" dir="0" index="0" bw="96" slack="0"/>
<pin id="76" dir="0" index="1" bw="96" slack="0"/>
<pin id="77" dir="1" index="2" bw="96" slack="1"/>
</pin_list>
<bind>
<opcode="read(1150) " fcode="read"/>
<opset="p_read_4/1 "/>
</bind>
</comp>

<comp id="80" class="1005" name="i_reg_80">
<pin_list>
<pin id="81" dir="0" index="0" bw="60" slack="1"/>
<pin id="82" dir="1" index="1" bw="60" slack="1"/>
</pin_list>
<bind>
<opset="i (phireg) "/>
</bind>
</comp>

<comp id="84" class="1004" name="i_phi_fu_84">
<pin_list>
<pin id="85" dir="0" index="0" bw="1" slack="1"/>
<pin id="86" dir="0" index="1" bw="0" slack="2147483647"/>
<pin id="87" dir="0" index="2" bw="60" slack="0"/>
<pin id="88" dir="0" index="3" bw="0" slack="2147483647"/>
<pin id="89" dir="1" index="4" bw="60" slack="0"/>
</pin_list>
<bind>
<opcode="phi(47) " fcode="phi"/>
<opset="i/2 "/>
</bind>
</comp>

<comp id="92" class="1004" name="grp_dataflow_in_loop_loop_ctr_encrypt_fu_92">
<pin_list>
<pin id="93" dir="0" index="0" bw="0" slack="0"/>
<pin id="94" dir="0" index="1" bw="128" slack="0"/>
<pin id="95" dir="0" index="2" bw="60" slack="0"/>
<pin id="96" dir="0" index="3" bw="64" slack="1"/>
<pin id="97" dir="0" index="4" bw="96" slack="1"/>
<pin id="98" dir="0" index="5" bw="128" slack="0"/>
<pin id="99" dir="0" index="6" bw="64" slack="1"/>
<pin id="100" dir="0" index="7" bw="8" slack="0"/>
<pin id="101" dir="0" index="8" bw="8" slack="0"/>
<pin id="102" dir="0" index="9" bw="8" slack="0"/>
<pin id="103" dir="1" index="10" bw="0" slack="2147483647"/>
</pin_list>
<bind>
<opcode="call(48) " fcode="call"/>
<opset="call_ln26/2 "/>
</bind>
</comp>

<comp id="111" class="1004" name="icmp_ln18_fu_111">
<pin_list>
<pin id="112" dir="0" index="0" bw="60" slack="0"/>
<pin id="113" dir="0" index="1" bw="60" slack="1"/>
<pin id="114" dir="1" index="2" bw="1" slack="1"/>
</pin_list>
<bind>
<opcode="icmp(45) " fcode="icmp"/>
<opset="icmp_ln18/2 "/>
</bind>
</comp>

<comp id="116" class="1004" name="i_2_fu_116">
<pin_list>
<pin id="117" dir="0" index="0" bw="60" slack="0"/>
<pin id="118" dir="0" index="1" bw="1" slack="0"/>
<pin id="119" dir="1" index="2" bw="60" slack="0"/>
</pin_list>
<bind>
<opcode="add(8) " fcode="add"/>
<opset="i_2/2 "/>
</bind>
</comp>

<comp id="122" class="1005" name="ciphertext_read_reg_122">
<pin_list>
<pin id="123" dir="0" index="0" bw="64" slack="1"/>
<pin id="124" dir="1" index="1" bw="64" slack="1"/>
</pin_list>
<bind>
<opset="ciphertext_read "/>
</bind>
</comp>

<comp id="127" class="1005" name="plaintext_read_reg_127">
<pin_list>
<pin id="128" dir="0" index="0" bw="64" slack="1"/>
<pin id="129" dir="1" index="1" bw="64" slack="1"/>
</pin_list>
<bind>
<opset="plaintext_read "/>
</bind>
</comp>

<comp id="132" class="1005" name="block_count_read_reg_132">
<pin_list>
<pin id="133" dir="0" index="0" bw="60" slack="1"/>
<pin id="134" dir="1" index="1" bw="60" slack="1"/>
</pin_list>
<bind>
<opset="block_count_read "/>
</bind>
</comp>

<comp id="137" class="1005" name="p_read_4_reg_137">
<pin_list>
<pin id="138" dir="0" index="0" bw="96" slack="1"/>
<pin id="139" dir="1" index="1" bw="96" slack="1"/>
</pin_list>
<bind>
<opset="p_read_4 "/>
</bind>
</comp>

<comp id="142" class="1005" name="icmp_ln18_reg_142">
<pin_list>
<pin id="143" dir="0" index="0" bw="1" slack="1"/>
<pin id="144" dir="1" index="1" bw="1" slack="2147483647"/>
</pin_list>
<bind>
<opset="icmp_ln18 "/>
</bind>
</comp>

<comp id="146" class="1005" name="i_2_reg_146">
<pin_list>
<pin id="147" dir="0" index="0" bw="60" slack="0"/>
<pin id="148" dir="1" index="1" bw="60" slack="0"/>
</pin_list>
<bind>
<opset="i_2 "/>
</bind>
</comp>

</comp_list>

<net_list>
<net id="60"><net_src comp="36" pin="0"/><net_sink comp="56" pin=0"/></net>

<net id="61"><net_src comp="10" pin="0"/><net_sink comp="56" pin=1"/></net>

<net id="66"><net_src comp="36" pin="0"/><net_sink comp="62" pin=0"/></net>

<net id="67"><net_src comp="8" pin="0"/><net_sink comp="62" pin=1"/></net>

<net id="72"><net_src comp="38" pin="0"/><net_sink comp="68" pin=0"/></net>

<net id="73"><net_src comp="4" pin="0"/><net_sink comp="68" pin=1"/></net>

<net id="78"><net_src comp="40" pin="0"/><net_sink comp="74" pin=0"/></net>

<net id="79"><net_src comp="0" pin="0"/><net_sink comp="74" pin=1"/></net>

<net id="83"><net_src comp="42" pin="0"/><net_sink comp="80" pin=0"/></net>

<net id="90"><net_src comp="80" pin="1"/><net_sink comp="84" pin=0"/></net>

<net id="91"><net_src comp="84" pin="4"/><net_sink comp="80" pin=0"/></net>

<net id="104"><net_src comp="50" pin="0"/><net_sink comp="92" pin=0"/></net>

<net id="105"><net_src comp="6" pin="0"/><net_sink comp="92" pin=1"/></net>

<net id="106"><net_src comp="84" pin="4"/><net_sink comp="92" pin=2"/></net>

<net id="107"><net_src comp="2" pin="0"/><net_sink comp="92" pin=5"/></net>

<net id="108"><net_src comp="12" pin="0"/><net_sink comp="92" pin=7"/></net>

<net id="109"><net_src comp="14" pin="0"/><net_sink comp="92" pin=8"/></net>

<net id="110"><net_src comp="16" pin="0"/><net_sink comp="92" pin=9"/></net>

<net id="115"><net_src comp="84" pin="4"/><net_sink comp="111" pin=0"/></net>

<net id="120"><net_src comp="84" pin="4"/><net_sink comp="116" pin=0"/></net>

<net id="121"><net_src comp="48" pin="0"/><net_sink comp="116" pin=1"/></net>

<net id="125"><net_src comp="56" pin="2"/><net_sink comp="122" pin=0"/></net>

<net id="126"><net_src comp="122" pin="1"/><net_sink comp="92" pin=6"/></net>

<net id="130"><net_src comp="62" pin="2"/><net_sink comp="127" pin=0"/></net>

<net id="131"><net_src comp="127" pin="1"/><net_sink comp="92" pin=3"/></net>

<net id="135"><net_src comp="68" pin="2"/><net_sink comp="132" pin=0"/></net>

<net id="136"><net_src comp="132" pin="1"/><net_sink comp="111" pin=1"/></net>

<net id="140"><net_src comp="74" pin="2"/><net_sink comp="137" pin=0"/></net>

<net id="141"><net_src comp="137" pin="1"/><net_sink comp="92" pin=4"/></net>

<net id="145"><net_src comp="111" pin="2"/><net_sink comp="142" pin=0"/></net>

<net id="149"><net_src comp="116" pin="2"/><net_sink comp="146" pin=0"/></net>

<net id="150"><net_src comp="146" pin="1"/><net_sink comp="84" pin=2"/></net>

</net_list>

</model> 
---------------- Datapath Model END ------------------

* FSMD analyzer results:
  - Output states:
	Port: gmem | {2 3 }
 - Input state : 
	Port: ctr_encrypt : p_read | {1 }
	Port: ctr_encrypt : this_round_keys | {2 3 }
	Port: ctr_encrypt : block_count | {1 }
	Port: ctr_encrypt : gmem | {2 3 }
	Port: ctr_encrypt : plaintext | {1 }
	Port: ctr_encrypt : ciphertext | {1 }
	Port: ctr_encrypt : crypto_aes_sbox_V | {2 3 }
	Port: ctr_encrypt : crypto_aes_mul2_V | {2 3 }
	Port: ctr_encrypt : crypto_aes_mul3_V | {2 3 }
  - Chain level:
	State 1
	State 2
		icmp_ln18 : 1
		specdataflowpipeline_ln18 : 1
		i_2 : 1
		br_ln18 : 2
		call_ln26 : 1
	State 3


============================================================
+ Verbose Summary: Datapath Resource usage 
============================================================

* Functional unit list:
|----------|---------------------------------------------|---------|---------|---------|
| Operation|               Functional Unit               |  Delay  |    FF   |   LUT   |
|----------|---------------------------------------------|---------|---------|---------|
|   call   | grp_dataflow_in_loop_loop_ctr_encrypt_fu_92 | 25.3266 |   3309  |   2389  |
|----------|---------------------------------------------|---------|---------|---------|
|    add   |                  i_2_fu_116                 |    0    |    0    |    67   |
|----------|---------------------------------------------|---------|---------|---------|
|   icmp   |               icmp_ln18_fu_111              |    0    |    0    |    27   |
|----------|---------------------------------------------|---------|---------|---------|
|          |          ciphertext_read_read_fu_56         |    0    |    0    |    0    |
|   read   |          plaintext_read_read_fu_62          |    0    |    0    |    0    |
|          |         block_count_read_read_fu_68         |    0    |    0    |    0    |
|          |             p_read_4_read_fu_74             |    0    |    0    |    0    |
|----------|---------------------------------------------|---------|---------|---------|
|   Total  |                                             | 25.3266 |   3309  |   2483  |
|----------|---------------------------------------------|---------|---------|---------|

Memories:
N/A

* Register list:
+------------------------+--------+
|                        |   FF   |
+------------------------+--------+
|block_count_read_reg_132|   60   |
| ciphertext_read_reg_122|   64   |
|       i_2_reg_146      |   60   |
|        i_reg_80        |   60   |
|    icmp_ln18_reg_142   |    1   |
|    p_read_4_reg_137    |   96   |
| plaintext_read_reg_127 |   64   |
+------------------------+--------+
|          Total         |   405  |
+------------------------+--------+

* Multiplexer (MUX) list: 
|----------|------|------|------|--------||---------||---------|
|   Comp   |  Pin | Size |  BW  | S x BW ||  Delay  ||   LUT   |
|----------|------|------|------|--------||---------||---------|
| i_reg_80 |  p0  |   2  |  60  |   120  ||    9    |
|----------|------|------|------|--------||---------||---------|
|   Total  |      |      |      |   120  ||  1.588  ||    9    |
|----------|------|------|------|--------||---------||---------|



* Summary:
+-----------+--------+--------+--------+
|           |  Delay |   FF   |   LUT  |
+-----------+--------+--------+--------+
|  Function |   25   |  3309  |  2483  |
|   Memory  |    -   |    -   |    -   |
|Multiplexer|    1   |    -   |    9   |
|  Register |    -   |   405  |    -   |
+-----------+--------+--------+--------+
|   Total   |   26   |  3714  |  2492  |
+-----------+--------+--------+--------+
