

================================================================
== Vitis HLS Report for 'ctr_encrypt_Pipeline_loop_ctr_xor_block1'
================================================================
* Date:           Fri Dec  9 00:45:21 2022

* Version:        2022.2 (Build 3670227 on Oct 13 2022)
* Project:        pynqrypt-vitis-hls
* Solution:       pynqrypt (Vivado IP Flow Target)
* Product family: zynq
* Target device:  xc7z020i-clg400-1L


================================================================
== Performance Estimates
================================================================
+ Timing: 
    * Summary: 
    +--------+----------+----------+------------+
    |  Clock |  Target  | Estimated| Uncertainty|
    +--------+----------+----------+------------+
    |ap_clk  |  10.00 ns|  5.634 ns|     2.70 ns|
    +--------+----------+----------+------------+

+ Latency: 
    * Summary: 
    +---------+---------+----------+----------+-----+-----+---------+
    |  Latency (cycles) |  Latency (absolute) |  Interval | Pipeline|
    |   min   |   max   |    min   |    max   | min | max |   Type  |
    +---------+---------+----------+----------+-----+-----+---------+
    |        ?|        ?|         ?|         ?|    ?|    ?|       no|
    +---------+---------+----------+----------+-----+-----+---------+

    + Detail: 
        * Instance: 
        N/A

        * Loop: 
        +----------------------+---------+---------+----------+-----------+-----------+------+----------+
        |                      |  Latency (cycles) | Iteration|  Initiation Interval  | Trip |          |
        |       Loop Name      |   min   |   max   |  Latency |  achieved |   target  | Count| Pipelined|
        +----------------------+---------+---------+----------+-----------+-----------+------+----------+
        |- loop_ctr_xor_block  |        ?|        ?|         2|          1|          1|     ?|       yes|
        +----------------------+---------+---------+----------+-----------+-----------+------+----------+

============================================================
+ Verbose Summary: Synthesis Manager
============================================================
InlineROM: 1
ExposeGlobal: 0
============================================================
+ Verbose Summary: CDFG Model
============================================================
IsTopModel: 0
ResetActiveHigh: 1
IsCombinational: 0
IsDatapathOnly: 0
HasWiredReturn: 1
HasMFsm: 2
HasVarLatency: 1
IsPipeline: 0
IsRtlPipelined: 0
IsInstanceOverlapped: 0
IsDontTouch: 0
HasImplIP: 0
IsGatedGlobalClock: 0

+ Individual pipeline summary: 
  * Pipeline-0: initiation interval (II) = 1, depth = 2


============================================================
+ Verbose Summary: Schedule
============================================================
* Number of FSM states : 2
* Pipeline : 1
  Pipeline-0 : II = 1, D = 2, States = { 1 2 }
* Dataflow Pipeline: 0

* FSM state transitions: 
1 --> 2 
2 --> 

* FSM state operations: 

State 1 <SV = 0> <Delay = 4.36>
ST_1 : Operation 5 [1/1] (0.00ns)   --->   "%i_4 = alloca i32 1"   --->   Operation 5 'alloca' 'i_4' <Predicate = true> <Delay = 0.00>
ST_1 : Operation 6 [1/1] (0.00ns)   --->   "%select_ln23_1_read = read i64 @_ssdm_op_Read.ap_auto.i64, i64 %select_ln23_1"   --->   Operation 6 'read' 'select_ln23_1_read' <Predicate = true> <Delay = 0.00>
ST_1 : Operation 7 [1/1] (1.58ns)   --->   "%store_ln0 = store i5 0, i5 %i_4"   --->   Operation 7 'store' 'store_ln0' <Predicate = true> <Delay = 1.58>
ST_1 : Operation 8 [1/1] (0.00ns)   --->   "%br_ln0 = br void %for.body.i.1"   --->   Operation 8 'br' 'br_ln0' <Predicate = true> <Delay = 0.00>
ST_1 : Operation 9 [1/1] (0.00ns)   --->   "%i = load i5 %i_4" [hw-impl/src/pynqrypt.cpp:50]   --->   Operation 9 'load' 'i' <Predicate = true> <Delay = 0.00>
ST_1 : Operation 10 [1/1] (0.00ns)   --->   "%i_4_cast = zext i5 %i" [hw-impl/src/pynqrypt.cpp:50]   --->   Operation 10 'zext' 'i_4_cast' <Predicate = true> <Delay = 0.00>
ST_1 : Operation 11 [1/1] (0.00ns)   --->   "%specpipeline_ln0 = specpipeline void @_ssdm_op_SpecPipeline, i32 4294967295, i32 0, i32 1, i32 0, void @p_str"   --->   Operation 11 'specpipeline' 'specpipeline_ln0' <Predicate = true> <Delay = 0.00>
ST_1 : Operation 12 [1/1] (2.77ns)   --->   "%icmp_ln50 = icmp_eq  i64 %i_4_cast, i64 %select_ln23_1_read" [hw-impl/src/pynqrypt.cpp:50]   --->   Operation 12 'icmp' 'icmp_ln50' <Predicate = true> <Delay = 2.77> <CoreInst = "Cmp">   --->   Core 9 'Cmp' <Latency = 0> <II = 1> <Delay = 2.77> <FuncUnit> <Opcode : 'icmp'> <InPorts = 2> <OutPorts = 1>
ST_1 : Operation 13 [1/1] (1.78ns)   --->   "%i_27 = add i5 %i, i5 1" [hw-impl/src/pynqrypt.cpp:50]   --->   Operation 13 'add' 'i_27' <Predicate = true> <Delay = 1.78> <CoreInst = "Adder">   --->   Core 1 'Adder' <Latency = 0> <II = 1> <Delay = 1.78> <FuncUnit> <Opcode : 'add' 'sub'> <InPorts = 2> <OutPorts = 1>
ST_1 : Operation 14 [1/1] (0.00ns)   --->   "%br_ln50 = br i1 %icmp_ln50, void %for.body.i.1.split, void %_ZN6crypto8Pynqrypt13ctr_xor_blockEPhmS1_.exit.1.loopexit.exitStub" [hw-impl/src/pynqrypt.cpp:50]   --->   Operation 14 'br' 'br_ln50' <Predicate = true> <Delay = 0.00>
ST_1 : Operation 15 [1/1] (0.00ns)   --->   "%block_nonce_addr = getelementptr i8 %block_nonce, i64 0, i64 %i_4_cast" [hw-impl/src/pynqrypt.cpp:51]   --->   Operation 15 'getelementptr' 'block_nonce_addr' <Predicate = (!icmp_ln50)> <Delay = 0.00>
ST_1 : Operation 16 [2/2] (2.32ns)   --->   "%block_nonce_load = load i4 %block_nonce_addr" [hw-impl/src/pynqrypt.cpp:51]   --->   Operation 16 'load' 'block_nonce_load' <Predicate = (!icmp_ln50)> <Delay = 2.32> <CoreInst = "RAM">   --->   Core 82 'RAM' <Latency = 1> <II = 1> <Delay = 2.32> <Storage> <Opcode : 'load' 'store'> <Ports = 2> <Width = 8> <Depth = 16> <RAM>
ST_1 : Operation 17 [1/1] (0.00ns)   --->   "%block_addr = getelementptr i8 %block_r, i64 0, i64 %i_4_cast" [hw-impl/src/pynqrypt.cpp:51]   --->   Operation 17 'getelementptr' 'block_addr' <Predicate = (!icmp_ln50)> <Delay = 0.00>
ST_1 : Operation 18 [2/2] (2.32ns)   --->   "%block_load = load i4 %block_addr" [hw-impl/src/pynqrypt.cpp:51]   --->   Operation 18 'load' 'block_load' <Predicate = (!icmp_ln50)> <Delay = 2.32> <CoreInst = "RAM">   --->   Core 82 'RAM' <Latency = 1> <II = 1> <Delay = 2.32> <Storage> <Opcode : 'load' 'store'> <Ports = 2> <Width = 8> <Depth = 16> <RAM>
ST_1 : Operation 19 [1/1] (1.58ns)   --->   "%store_ln50 = store i5 %i_27, i5 %i_4" [hw-impl/src/pynqrypt.cpp:50]   --->   Operation 19 'store' 'store_ln50' <Predicate = (!icmp_ln50)> <Delay = 1.58>
ST_1 : Operation 26 [1/1] (0.00ns)   --->   "%ret_ln0 = ret"   --->   Operation 26 'ret' 'ret_ln0' <Predicate = (icmp_ln50)> <Delay = 0.00>

State 2 <SV = 1> <Delay = 5.63>
ST_2 : Operation 20 [1/1] (0.00ns)   --->   "%specloopname_ln50 = specloopname void @_ssdm_op_SpecLoopName, void @empty_13" [hw-impl/src/pynqrypt.cpp:50]   --->   Operation 20 'specloopname' 'specloopname_ln50' <Predicate = true> <Delay = 0.00>
ST_2 : Operation 21 [1/2] (2.32ns)   --->   "%block_nonce_load = load i4 %block_nonce_addr" [hw-impl/src/pynqrypt.cpp:51]   --->   Operation 21 'load' 'block_nonce_load' <Predicate = true> <Delay = 2.32> <CoreInst = "RAM">   --->   Core 82 'RAM' <Latency = 1> <II = 1> <Delay = 2.32> <Storage> <Opcode : 'load' 'store'> <Ports = 2> <Width = 8> <Depth = 16> <RAM>
ST_2 : Operation 22 [1/2] (2.32ns)   --->   "%block_load = load i4 %block_addr" [hw-impl/src/pynqrypt.cpp:51]   --->   Operation 22 'load' 'block_load' <Predicate = true> <Delay = 2.32> <CoreInst = "RAM">   --->   Core 82 'RAM' <Latency = 1> <II = 1> <Delay = 2.32> <Storage> <Opcode : 'load' 'store'> <Ports = 2> <Width = 8> <Depth = 16> <RAM>
ST_2 : Operation 23 [1/1] (0.99ns)   --->   "%xor_ln51 = xor i8 %block_load, i8 %block_nonce_load" [hw-impl/src/pynqrypt.cpp:51]   --->   Operation 23 'xor' 'xor_ln51' <Predicate = true> <Delay = 0.99> <CoreInst = "LogicGate">   --->   Core 74 'LogicGate' <Latency = 0> <II = 1> <Delay = 0.99> <FuncUnit> <Opcode : 'and' 'or' 'xor'> <InPorts = 2> <OutPorts = 1>
ST_2 : Operation 24 [1/1] (2.32ns)   --->   "%store_ln51 = store i8 %xor_ln51, i4 %block_addr" [hw-impl/src/pynqrypt.cpp:51]   --->   Operation 24 'store' 'store_ln51' <Predicate = true> <Delay = 2.32> <CoreInst = "RAM">   --->   Core 82 'RAM' <Latency = 1> <II = 1> <Delay = 2.32> <Storage> <Opcode : 'load' 'store'> <Ports = 2> <Width = 8> <Depth = 16> <RAM>
ST_2 : Operation 25 [1/1] (0.00ns)   --->   "%br_ln50 = br void %for.body.i.1" [hw-impl/src/pynqrypt.cpp:50]   --->   Operation 25 'br' 'br_ln50' <Predicate = true> <Delay = 0.00>


============================================================
+ Verbose Summary: Timing violations
============================================================
Target clock period: 10ns, clock uncertainty: 2.7ns.

 <State 1>: 4.36ns
The critical path consists of the following:
	'alloca' operation ('i') [4]  (0 ns)
	'load' operation ('i', hw-impl/src/pynqrypt.cpp:50) on local variable 'i' [9]  (0 ns)
	'add' operation ('i', hw-impl/src/pynqrypt.cpp:50) [13]  (1.78 ns)
	'store' operation ('store_ln50', hw-impl/src/pynqrypt.cpp:50) of variable 'i', hw-impl/src/pynqrypt.cpp:50 on local variable 'i' [23]  (1.59 ns)
	blocking operation 0.996 ns on control path)

 <State 2>: 5.63ns
The critical path consists of the following:
	'load' operation ('block_nonce_load', hw-impl/src/pynqrypt.cpp:51) on array 'block_nonce' [18]  (2.32 ns)
	'xor' operation ('xor_ln51', hw-impl/src/pynqrypt.cpp:51) [21]  (0.99 ns)
	'store' operation ('store_ln51', hw-impl/src/pynqrypt.cpp:51) of variable 'xor_ln51', hw-impl/src/pynqrypt.cpp:51 on array 'block_r' [22]  (2.32 ns)


============================================================
+ Verbose Summary: Binding
============================================================
N/A
* FSMD analyzer results:
  - Output states:
 - Input state : 
  - Chain level:
	State 1
	State 2


============================================================
+ Verbose Summary: Datapath Resource usage 
============================================================
N/A
