

================================================================
== Vitis HLS Report for 'Loop_2_proc'
================================================================
* Date:           Tue Dec  6 01:26:16 2022

* Version:        2022.2 (Build 3670227 on Oct 13 2022)
* Project:        pynqrypt-vitis-hls
* Solution:       pynqrypt (Vivado IP Flow Target)
* Product family: zynq
* Target device:  xc7z020i-clg400-1L


================================================================
== Performance Estimates
================================================================
+ Timing: 
    * Summary: 
    +--------+----------+----------+------------+
    |  Clock |  Target  | Estimated| Uncertainty|
    +--------+----------+----------+------------+
    |ap_clk  |  10.00 ns|  4.644 ns|     2.70 ns|
    +--------+----------+----------+------------+

+ Latency: 
    * Summary: 
    +---------+---------+----------+----------+-----+-----+---------+
    |  Latency (cycles) |  Latency (absolute) |  Interval | Pipeline|
    |   min   |   max   |    min   |    max   | min | max |   Type  |
    +---------+---------+----------+----------+-----+-----+---------+
    |       14|       14|  0.140 us|  0.140 us|   14|   14|       no|
    +---------+---------+----------+----------+-----+-----+---------+

    + Detail: 
        * Instance: 
        N/A

        * Loop: 
        +----------+---------+---------+----------+-----------+-----------+------+----------+
        |          |  Latency (cycles) | Iteration|  Initiation Interval  | Trip |          |
        | Loop Name|   min   |   max   |  Latency |  achieved |   target  | Count| Pipelined|
        +----------+---------+---------+----------+-----------+-----------+------+----------+
        |- Loop 1  |       12|       12|         2|          1|          1|    12|       yes|
        +----------+---------+---------+----------+-----------+-----------+------+----------+



================================================================
== Utilization Estimates
================================================================
* Summary: 
+-----------------+---------+-----+--------+-------+-----+
|       Name      | BRAM_18K| DSP |   FF   |  LUT  | URAM|
+-----------------+---------+-----+--------+-------+-----+
|DSP              |        -|    -|       -|      -|    -|
|Expression       |        -|    -|       0|     28|    -|
|FIFO             |        -|    -|       -|      -|    -|
|Instance         |        -|    -|       -|      -|    -|
|Memory           |        -|    -|       -|      -|    -|
|Multiplexer      |        -|    -|       -|     36|    -|
|Register         |        -|    -|      11|      -|    -|
+-----------------+---------+-----+--------+-------+-----+
|Total            |        0|    0|      11|     64|    0|
+-----------------+---------+-----+--------+-------+-----+
|Available        |      280|  220|  106400|  53200|    0|
+-----------------+---------+-----+--------+-------+-----+
|Utilization (%)  |        0|    0|      ~0|     ~0|    0|
+-----------------+---------+-----+--------+-------+-----+

+ Detail: 
    * Instance: 
    N/A

    * DSP: 
    N/A

    * Memory: 
    N/A

    * FIFO: 
    N/A

    * Expression: 
    +---------------------------+----------+----+---+----+------------+------------+
    |       Variable Name       | Operation| DSP| FF| LUT| Bitwidth P0| Bitwidth P1|
    +---------------------------+----------+----+---+----+------------+------------+
    |empty_68_fu_85_p2          |         +|   0|  0|  13|           4|           1|
    |ap_condition_91            |       and|   0|  0|   2|           1|           1|
    |exitcond1011_fu_79_p2      |      icmp|   0|  0|   9|           4|           4|
    |ap_block_pp0_stage0_11001  |        or|   0|  0|   2|           1|           1|
    |ap_enable_pp0              |       xor|   0|  0|   2|           1|           2|
    +---------------------------+----------+----+---+----+------------+------------+
    |Total                      |          |   0|  0|  28|          11|           9|
    +---------------------------+----------+----+---+----+------------+------------+

    * Multiplexer: 
    +------------------------------------+----+-----------+-----+-----------+
    |                Name                | LUT| Input Size| Bits| Total Bits|
    +------------------------------------+----+-----------+-----+-----------+
    |ap_done_int                         |   9|          2|    1|          2|
    |ap_enable_reg_pp0_iter1             |   9|          2|    1|          2|
    |ap_sig_allocacmp_loop_index_i_load  |   9|          2|    4|          8|
    |loop_index_i_fu_40                  |   9|          2|    4|          8|
    +------------------------------------+----+-----------+-----+-----------+
    |Total                               |  36|          8|   10|         20|
    +------------------------------------+----+-----------+-----+-----------+

    * Register: 
    +---------------------------+---+----+-----+-----------+
    |            Name           | FF| LUT| Bits| Const Bits|
    +---------------------------+---+----+-----+-----------+
    |ap_CS_fsm                  |  1|   0|    1|          0|
    |ap_done_reg                |  1|   0|    1|          0|
    |ap_enable_reg_pp0_iter1    |  1|   0|    1|          0|
    |loop_index_i_cast_reg_111  |  4|   0|   64|         60|
    |loop_index_i_fu_40         |  4|   0|    4|          0|
    +---------------------------+---+----+-----+-----------+
    |Total                      | 11|   0|   71|         60|
    +---------------------------+---+----+-----+-----------+



================================================================
== Interface
================================================================
* Summary: 
+-------------------------+-----+-----+------------+----------------+--------------+
|        RTL Ports        | Dir | Bits|  Protocol  |  Source Object |    C Type    |
+-------------------------+-----+-----+------------+----------------+--------------+
|ap_clk                   |   in|    1|  ap_ctrl_hs|     Loop_2_proc|  return value|
|ap_rst                   |   in|    1|  ap_ctrl_hs|     Loop_2_proc|  return value|
|ap_start                 |   in|    1|  ap_ctrl_hs|     Loop_2_proc|  return value|
|ap_done                  |  out|    1|  ap_ctrl_hs|     Loop_2_proc|  return value|
|ap_continue              |   in|    1|  ap_ctrl_hs|     Loop_2_proc|  return value|
|ap_idle                  |  out|    1|  ap_ctrl_hs|     Loop_2_proc|  return value|
|ap_ready                 |  out|    1|  ap_ctrl_hs|     Loop_2_proc|  return value|
|nonce_address0           |  out|    4|   ap_memory|           nonce|         array|
|nonce_ce0                |  out|    1|   ap_memory|           nonce|         array|
|nonce_q0                 |   in|    8|   ap_memory|           nonce|         array|
|pynqrypt_nonce_address0  |  out|    4|   ap_memory|  pynqrypt_nonce|         array|
|pynqrypt_nonce_ce0       |  out|    1|   ap_memory|  pynqrypt_nonce|         array|
|pynqrypt_nonce_we0       |  out|    1|   ap_memory|  pynqrypt_nonce|         array|
|pynqrypt_nonce_d0        |  out|    8|   ap_memory|  pynqrypt_nonce|         array|
+-------------------------+-----+-----+------------+----------------+--------------+

============================================================
+ Verbose Summary: Synthesis Manager
============================================================
InlineROM: 1
ExposeGlobal: 0
============================================================
+ Verbose Summary: CDFG Model
============================================================
IsTopModel: 0
ResetActiveHigh: 1
IsCombinational: 2
IsDatapathOnly: 0
HasWiredReturn: 1
HasMFsm: 2
HasVarLatency: 1
IsPipeline: 0
IsRtlPipelined: 0
IsInstanceOverlapped: 0
IsDontTouch: 0
HasImplIP: 0
IsGatedGlobalClock: 0

+ Individual pipeline summary: 
  * Pipeline-0: initiation interval (II) = 1, depth = 2


============================================================
+ Verbose Summary: Schedule
============================================================
* Number of FSM states : 2
* Pipeline : 1
  Pipeline-0 : II = 1, D = 2, States = { 1 2 }
* Dataflow Pipeline: 0

* FSM state transitions: 
1 --> 2 
2 --> 

* FSM state operations: 

State 1 <SV = 0> <Delay = 3.32>
ST_1 : Operation 5 [1/1] (0.00ns)   --->   "%loop_index_i = alloca i32 1"   --->   Operation 5 'alloca' 'loop_index_i' <Predicate = true> <Delay = 0.00>
ST_1 : Operation 6 [1/1] (0.00ns)   --->   "%specmemcore_ln0 = specmemcore void @_ssdm_op_SpecMemCore, i8 %nonce, i64 666, i64 207, i64 1"   --->   Operation 6 'specmemcore' 'specmemcore_ln0' <Predicate = true> <Delay = 0.00>
ST_1 : Operation 7 [1/1] (0.00ns)   --->   "%specinterface_ln0 = specinterface void @_ssdm_op_SpecInterface, i8 %nonce, void @empty_3, i32 0, i32 0, void @empty_2, i32 1, i32 0, void @empty_2, void @empty_2, void @empty_2, i32 0, i32 0, i32 0, i32 0, void @empty_2, void @empty_2, i32 4294967295, i32 0"   --->   Operation 7 'specinterface' 'specinterface_ln0' <Predicate = true> <Delay = 0.00>
ST_1 : Operation 8 [1/1] (1.58ns)   --->   "%store_ln0 = store i4 0, i4 %loop_index_i"   --->   Operation 8 'store' 'store_ln0' <Predicate = true> <Delay = 1.58>
ST_1 : Operation 9 [1/1] (0.00ns)   --->   "%br_ln0 = br void %load-store-loop.i"   --->   Operation 9 'br' 'br_ln0' <Predicate = true> <Delay = 0.00>
ST_1 : Operation 10 [1/1] (0.00ns)   --->   "%loop_index_i_load = load i4 %loop_index_i"   --->   Operation 10 'load' 'loop_index_i_load' <Predicate = true> <Delay = 0.00>
ST_1 : Operation 11 [1/1] (0.00ns)   --->   "%specpipeline_ln0 = specpipeline void @_ssdm_op_SpecPipeline, i32 4294967295, i32 0, i32 1, i32 0, void @p_str"   --->   Operation 11 'specpipeline' 'specpipeline_ln0' <Predicate = true> <Delay = 0.00>
ST_1 : Operation 12 [1/1] (1.30ns)   --->   "%exitcond1011 = icmp_eq  i4 %loop_index_i_load, i4 12"   --->   Operation 12 'icmp' 'exitcond1011' <Predicate = true> <Delay = 1.30> <CoreInst = "Cmp">   --->   Core 9 'Cmp' <Latency = 0> <II = 1> <Delay = 1.30> <FuncUnit> <Opcode : 'icmp'> <InPorts = 2> <OutPorts = 1>
ST_1 : Operation 13 [1/1] (0.00ns)   --->   "%empty = speclooptripcount i32 @_ssdm_op_SpecLoopTripCount, i64 12, i64 12, i64 12"   --->   Operation 13 'speclooptripcount' 'empty' <Predicate = true> <Delay = 0.00>
ST_1 : Operation 14 [1/1] (1.73ns)   --->   "%empty_68 = add i4 %loop_index_i_load, i4 1"   --->   Operation 14 'add' 'empty_68' <Predicate = true> <Delay = 1.73> <CoreInst = "Adder">   --->   Core 1 'Adder' <Latency = 0> <II = 1> <Delay = 1.73> <FuncUnit> <Opcode : 'add' 'sub'> <InPorts = 2> <OutPorts = 1>
ST_1 : Operation 15 [1/1] (0.00ns)   --->   "%br_ln0 = br i1 %exitcond1011, void %load-store-loop.i.split, void %load-store-loop.i.i.exitStub"   --->   Operation 15 'br' 'br_ln0' <Predicate = true> <Delay = 0.00>
ST_1 : Operation 16 [1/1] (0.00ns)   --->   "%loop_index_i_cast = zext i4 %loop_index_i_load"   --->   Operation 16 'zext' 'loop_index_i_cast' <Predicate = (!exitcond1011)> <Delay = 0.00>
ST_1 : Operation 17 [1/1] (0.00ns)   --->   "%nonce_addr = getelementptr i8 %nonce, i64 0, i64 %loop_index_i_cast"   --->   Operation 17 'getelementptr' 'nonce_addr' <Predicate = (!exitcond1011)> <Delay = 0.00>
ST_1 : Operation 18 [2/2] (2.32ns)   --->   "%nonce_load = load i4 %nonce_addr"   --->   Operation 18 'load' 'nonce_load' <Predicate = (!exitcond1011)> <Delay = 2.32> <CoreInst = "RAM_1P">   --->   Core 86 'RAM_1P' <Latency = 1> <II = 1> <Delay = 2.32> <Storage> <Opcode : 'load' 'store'> <Ports = 1> <Width = 8> <Depth = 12> <RAM>
ST_1 : Operation 19 [1/1] (1.58ns)   --->   "%store_ln0 = store i4 %empty_68, i4 %loop_index_i"   --->   Operation 19 'store' 'store_ln0' <Predicate = (!exitcond1011)> <Delay = 1.58>
ST_1 : Operation 24 [1/1] (0.00ns)   --->   "%ret_ln0 = ret"   --->   Operation 24 'ret' 'ret_ln0' <Predicate = (exitcond1011)> <Delay = 0.00>

State 2 <SV = 1> <Delay = 4.64>
ST_2 : Operation 20 [1/2] (2.32ns)   --->   "%nonce_load = load i4 %nonce_addr"   --->   Operation 20 'load' 'nonce_load' <Predicate = true> <Delay = 2.32> <CoreInst = "RAM_1P">   --->   Core 86 'RAM_1P' <Latency = 1> <II = 1> <Delay = 2.32> <Storage> <Opcode : 'load' 'store'> <Ports = 1> <Width = 8> <Depth = 12> <RAM>
ST_2 : Operation 21 [1/1] (0.00ns)   --->   "%pynqrypt_nonce_addr = getelementptr i8 %pynqrypt_nonce, i64 0, i64 %loop_index_i_cast"   --->   Operation 21 'getelementptr' 'pynqrypt_nonce_addr' <Predicate = true> <Delay = 0.00>
ST_2 : Operation 22 [1/1] (2.32ns)   --->   "%store_ln0 = store i8 %nonce_load, i4 %pynqrypt_nonce_addr"   --->   Operation 22 'store' 'store_ln0' <Predicate = true> <Delay = 2.32> <CoreInst = "RAM">   --->   Core 82 'RAM' <Latency = 1> <II = 1> <Delay = 2.32> <Storage> <Opcode : 'load' 'store'> <Ports = 2> <Width = 8> <Depth = 12> <RAM>
ST_2 : Operation 23 [1/1] (0.00ns)   --->   "%br_ln0 = br void %load-store-loop.i"   --->   Operation 23 'br' 'br_ln0' <Predicate = true> <Delay = 0.00>


============================================================
+ Verbose Summary: Binding
============================================================
STG Binding: 
---------------- STG Properties BEGIN ----------------
- Is combinational: 0
- Is one-state seq: 0
- Is datapath-only: 0
- Is pipelined: 0
- Is top level: 0
Port [ Return ] is wired: 1; IO mode=ap_ctrl_hs:ce=0
Port [ nonce]:  wired=1; compound=1; hidden=0; nouse=0; global=0; static=0; extern=0; dir=0; type=1; pingpong=0; private_global=0; MemPort=[1]; IO mode=ap_memory:ce=0
Port [ pynqrypt_nonce]:  wired=1; compound=1; hidden=0; nouse=0; global=0; static=0; extern=0; dir=1; type=1; pingpong=1; private_global=0; MemPort=[03]; IO mode=ap_memory:ce=0
---------------- STG Properties END ------------------

---------------- Datapath Model BEGIN ----------------

<LifeTime>
<method=bitvector/>
loop_index_i        (alloca           ) [ 010]
specmemcore_ln0     (specmemcore      ) [ 000]
specinterface_ln0   (specinterface    ) [ 000]
store_ln0           (store            ) [ 000]
br_ln0              (br               ) [ 000]
loop_index_i_load   (load             ) [ 000]
specpipeline_ln0    (specpipeline     ) [ 000]
exitcond1011        (icmp             ) [ 010]
empty               (speclooptripcount) [ 000]
empty_68            (add              ) [ 000]
br_ln0              (br               ) [ 000]
loop_index_i_cast   (zext             ) [ 011]
nonce_addr          (getelementptr    ) [ 011]
store_ln0           (store            ) [ 000]
nonce_load          (load             ) [ 000]
pynqrypt_nonce_addr (getelementptr    ) [ 000]
store_ln0           (store            ) [ 000]
br_ln0              (br               ) [ 000]
ret_ln0             (ret              ) [ 000]
</LifeTime>

<model>

<comp_list>
<comp id="0" class="1000" name="nonce">
<pin_list>
<pin id="1" dir="1" index="0" bw="1" slack="0"/>
</pin_list>
<bind>
<StgValue><ssdm name="nonce"/><MemPortTyVec>1 </MemPortTyVec>
</StgValue>
</bind>
</comp>

<comp id="2" class="1000" name="pynqrypt_nonce">
<pin_list>
<pin id="3" dir="1" index="0" bw="1" slack="0"/>
</pin_list>
<bind>
<StgValue><ssdm name="pynqrypt_nonce"/><MemPortTyVec>0 3 </MemPortTyVec>
</StgValue>
</bind>
</comp>

<comp id="4" class="1001" name="const_4">
<pin_list>
<pin id="5" dir="1" index="0" bw="1" slack="0"/>
</pin_list>
<bind>
<StgValue><ssdm name=""/></StgValue>
</bind>
</comp>

<comp id="6" class="1001" name="const_6">
<pin_list>
<pin id="7" dir="1" index="0" bw="1" slack="2147483647"/>
</pin_list>
<bind>
<StgValue><ssdm name="_ssdm_op_SpecMemCore"/></StgValue>
</bind>
</comp>

<comp id="8" class="1001" name="const_8">
<pin_list>
<pin id="9" dir="1" index="0" bw="1" slack="2147483647"/>
</pin_list>
<bind>
<StgValue><ssdm name=""/></StgValue>
</bind>
</comp>

<comp id="10" class="1001" name="const_10">
<pin_list>
<pin id="11" dir="1" index="0" bw="1" slack="2147483647"/>
</pin_list>
<bind>
<StgValue><ssdm name=""/></StgValue>
</bind>
</comp>

<comp id="12" class="1001" name="const_12">
<pin_list>
<pin id="13" dir="1" index="0" bw="1" slack="2147483647"/>
</pin_list>
<bind>
<StgValue><ssdm name=""/></StgValue>
</bind>
</comp>

<comp id="14" class="1001" name="const_14">
<pin_list>
<pin id="15" dir="1" index="0" bw="1" slack="2147483647"/>
</pin_list>
<bind>
<StgValue><ssdm name="_ssdm_op_SpecInterface"/></StgValue>
</bind>
</comp>

<comp id="16" class="1001" name="const_16">
<pin_list>
<pin id="17" dir="1" index="0" bw="1" slack="2147483647"/>
</pin_list>
<bind>
<StgValue><ssdm name="empty_3"/></StgValue>
</bind>
</comp>

<comp id="18" class="1001" name="const_18">
<pin_list>
<pin id="19" dir="1" index="0" bw="1" slack="2147483647"/>
</pin_list>
<bind>
<StgValue><ssdm name=""/></StgValue>
</bind>
</comp>

<comp id="20" class="1001" name="const_20">
<pin_list>
<pin id="21" dir="1" index="0" bw="1" slack="2147483647"/>
</pin_list>
<bind>
<StgValue><ssdm name="empty_2"/></StgValue>
</bind>
</comp>

<comp id="22" class="1001" name="const_22">
<pin_list>
<pin id="23" dir="1" index="0" bw="1" slack="2147483647"/>
</pin_list>
<bind>
<StgValue><ssdm name=""/></StgValue>
</bind>
</comp>

<comp id="24" class="1001" name="const_24">
<pin_list>
<pin id="25" dir="1" index="0" bw="1" slack="0"/>
</pin_list>
<bind>
<StgValue><ssdm name=""/></StgValue>
</bind>
</comp>

<comp id="26" class="1001" name="const_26">
<pin_list>
<pin id="27" dir="1" index="0" bw="1" slack="2147483647"/>
</pin_list>
<bind>
<StgValue><ssdm name="_ssdm_op_SpecPipeline"/></StgValue>
</bind>
</comp>

<comp id="28" class="1001" name="const_28">
<pin_list>
<pin id="29" dir="1" index="0" bw="1" slack="2147483647"/>
</pin_list>
<bind>
<StgValue><ssdm name="p_str"/></StgValue>
</bind>
</comp>

<comp id="30" class="1001" name="const_30">
<pin_list>
<pin id="31" dir="1" index="0" bw="1" slack="0"/>
</pin_list>
<bind>
<StgValue><ssdm name=""/></StgValue>
</bind>
</comp>

<comp id="32" class="1001" name="const_32">
<pin_list>
<pin id="33" dir="1" index="0" bw="1" slack="2147483647"/>
</pin_list>
<bind>
<StgValue><ssdm name="_ssdm_op_SpecLoopTripCount"/></StgValue>
</bind>
</comp>

<comp id="34" class="1001" name="const_34">
<pin_list>
<pin id="35" dir="1" index="0" bw="1" slack="2147483647"/>
</pin_list>
<bind>
<StgValue><ssdm name=""/></StgValue>
</bind>
</comp>

<comp id="36" class="1001" name="const_36">
<pin_list>
<pin id="37" dir="1" index="0" bw="1" slack="0"/>
</pin_list>
<bind>
<StgValue><ssdm name=""/></StgValue>
</bind>
</comp>

<comp id="38" class="1001" name="const_38">
<pin_list>
<pin id="39" dir="1" index="0" bw="1" slack="0"/>
</pin_list>
<bind>
<StgValue><ssdm name=""/></StgValue>
</bind>
</comp>

<comp id="40" class="1004" name="loop_index_i_fu_40">
<pin_list>
<pin id="41" dir="0" index="0" bw="1" slack="0"/>
<pin id="42" dir="1" index="1" bw="4" slack="0"/>
</pin_list>
<bind>
<opcode="alloca(26) " fcode="alloca"/>
<opset="loop_index_i/1 "/>
</bind>
</comp>

<comp id="44" class="1004" name="nonce_addr_gep_fu_44">
<pin_list>
<pin id="45" dir="0" index="0" bw="8" slack="0"/>
<pin id="46" dir="0" index="1" bw="1" slack="0"/>
<pin id="47" dir="0" index="2" bw="4" slack="0"/>
<pin id="48" dir="1" index="3" bw="4" slack="0"/>
</pin_list>
<bind>
<opcode="getelementptr(29) " fcode="getelementptr"/>
<opset="nonce_addr/1 "/>
</bind>
</comp>

<comp id="51" class="1004" name="grp_access_fu_51">
<pin_list>
<pin id="52" dir="0" index="0" bw="4" slack="0"/>
<pin id="53" dir="0" index="1" bw="8" slack="2147483647"/>
<pin id="54" dir="0" index="2" bw="0" slack="2147483647"/>
<pin id="55" dir="1" index="3" bw="8" slack="0"/>
</pin_list>
<bind>
<opcode="load(27) " fcode="load"/>
<opset="nonce_load/1 "/>
</bind>
</comp>

<comp id="57" class="1004" name="pynqrypt_nonce_addr_gep_fu_57">
<pin_list>
<pin id="58" dir="0" index="0" bw="8" slack="0"/>
<pin id="59" dir="0" index="1" bw="1" slack="0"/>
<pin id="60" dir="0" index="2" bw="4" slack="1"/>
<pin id="61" dir="1" index="3" bw="4" slack="0"/>
</pin_list>
<bind>
<opcode="getelementptr(29) " fcode="getelementptr"/>
<opset="pynqrypt_nonce_addr/2 "/>
</bind>
</comp>

<comp id="64" class="1004" name="store_ln0_access_fu_64">
<pin_list>
<pin id="65" dir="0" index="0" bw="4" slack="0"/>
<pin id="66" dir="0" index="1" bw="8" slack="0"/>
<pin id="67" dir="0" index="2" bw="0" slack="2147483647"/>
<pin id="68" dir="1" index="3" bw="8" slack="2147483647"/>
</pin_list>
<bind>
<opcode="store(28) " fcode="store"/>
<opset="store_ln0/2 "/>
</bind>
</comp>

<comp id="71" class="1004" name="store_ln0_store_fu_71">
<pin_list>
<pin id="72" dir="0" index="0" bw="1" slack="0"/>
<pin id="73" dir="0" index="1" bw="4" slack="0"/>
<pin id="74" dir="1" index="2" bw="0" slack="2147483647"/>
</pin_list>
<bind>
<opcode="store(28) " fcode="store"/>
<opset="store_ln0/1 "/>
</bind>
</comp>

<comp id="76" class="1004" name="loop_index_i_load_load_fu_76">
<pin_list>
<pin id="77" dir="0" index="0" bw="4" slack="0"/>
<pin id="78" dir="1" index="1" bw="4" slack="0"/>
</pin_list>
<bind>
<opcode="load(27) " fcode="load"/>
<opset="loop_index_i_load/1 "/>
</bind>
</comp>

<comp id="79" class="1004" name="exitcond1011_fu_79">
<pin_list>
<pin id="80" dir="0" index="0" bw="4" slack="0"/>
<pin id="81" dir="0" index="1" bw="4" slack="0"/>
<pin id="82" dir="1" index="2" bw="1" slack="2147483647"/>
</pin_list>
<bind>
<opcode="icmp(45) " fcode="icmp"/>
<opset="exitcond1011/1 "/>
</bind>
</comp>

<comp id="85" class="1004" name="empty_68_fu_85">
<pin_list>
<pin id="86" dir="0" index="0" bw="4" slack="0"/>
<pin id="87" dir="0" index="1" bw="1" slack="0"/>
<pin id="88" dir="1" index="2" bw="4" slack="0"/>
</pin_list>
<bind>
<opcode="add(8) " fcode="add"/>
<opset="empty_68/1 "/>
</bind>
</comp>

<comp id="91" class="1004" name="loop_index_i_cast_fu_91">
<pin_list>
<pin id="92" dir="0" index="0" bw="4" slack="0"/>
<pin id="93" dir="1" index="1" bw="64" slack="0"/>
</pin_list>
<bind>
<opcode="zext(34) " fcode="zext"/>
<opset="loop_index_i_cast/1 "/>
</bind>
</comp>

<comp id="96" class="1004" name="store_ln0_store_fu_96">
<pin_list>
<pin id="97" dir="0" index="0" bw="4" slack="0"/>
<pin id="98" dir="0" index="1" bw="4" slack="0"/>
<pin id="99" dir="1" index="2" bw="0" slack="2147483647"/>
</pin_list>
<bind>
<opcode="store(28) " fcode="store"/>
<opset="store_ln0/1 "/>
</bind>
</comp>

<comp id="101" class="1005" name="loop_index_i_reg_101">
<pin_list>
<pin id="102" dir="0" index="0" bw="4" slack="0"/>
<pin id="103" dir="1" index="1" bw="4" slack="0"/>
</pin_list>
<bind>
<opset="loop_index_i "/>
</bind>
</comp>

<comp id="111" class="1005" name="loop_index_i_cast_reg_111">
<pin_list>
<pin id="112" dir="0" index="0" bw="64" slack="1"/>
<pin id="113" dir="1" index="1" bw="64" slack="1"/>
</pin_list>
<bind>
<opset="loop_index_i_cast "/>
</bind>
</comp>

<comp id="116" class="1005" name="nonce_addr_reg_116">
<pin_list>
<pin id="117" dir="0" index="0" bw="4" slack="1"/>
<pin id="118" dir="1" index="1" bw="4" slack="1"/>
</pin_list>
<bind>
<opset="nonce_addr "/>
</bind>
</comp>

</comp_list>

<net_list>
<net id="43"><net_src comp="4" pin="0"/><net_sink comp="40" pin=0"/></net>

<net id="49"><net_src comp="0" pin="0"/><net_sink comp="44" pin=0"/></net>

<net id="50"><net_src comp="38" pin="0"/><net_sink comp="44" pin=1"/></net>

<net id="56"><net_src comp="44" pin="3"/><net_sink comp="51" pin=0"/></net>

<net id="62"><net_src comp="2" pin="0"/><net_sink comp="57" pin=0"/></net>

<net id="63"><net_src comp="38" pin="0"/><net_sink comp="57" pin=1"/></net>

<net id="69"><net_src comp="51" pin="3"/><net_sink comp="64" pin=1"/></net>

<net id="70"><net_src comp="57" pin="3"/><net_sink comp="64" pin=0"/></net>

<net id="75"><net_src comp="24" pin="0"/><net_sink comp="71" pin=0"/></net>

<net id="83"><net_src comp="76" pin="1"/><net_sink comp="79" pin=0"/></net>

<net id="84"><net_src comp="30" pin="0"/><net_sink comp="79" pin=1"/></net>

<net id="89"><net_src comp="76" pin="1"/><net_sink comp="85" pin=0"/></net>

<net id="90"><net_src comp="36" pin="0"/><net_sink comp="85" pin=1"/></net>

<net id="94"><net_src comp="76" pin="1"/><net_sink comp="91" pin=0"/></net>

<net id="95"><net_src comp="91" pin="1"/><net_sink comp="44" pin=2"/></net>

<net id="100"><net_src comp="85" pin="2"/><net_sink comp="96" pin=0"/></net>

<net id="104"><net_src comp="40" pin="1"/><net_sink comp="101" pin=0"/></net>

<net id="105"><net_src comp="101" pin="1"/><net_sink comp="71" pin=1"/></net>

<net id="106"><net_src comp="101" pin="1"/><net_sink comp="76" pin=0"/></net>

<net id="107"><net_src comp="101" pin="1"/><net_sink comp="96" pin=1"/></net>

<net id="114"><net_src comp="91" pin="1"/><net_sink comp="111" pin=0"/></net>

<net id="115"><net_src comp="111" pin="1"/><net_sink comp="57" pin=2"/></net>

<net id="119"><net_src comp="44" pin="3"/><net_sink comp="116" pin=0"/></net>

<net id="120"><net_src comp="116" pin="1"/><net_sink comp="51" pin=0"/></net>

</net_list>

</model> 
---------------- Datapath Model END ------------------

* FSMD analyzer results:
  - Output states:
	Port: nonce | {}
	Port: pynqrypt_nonce | {2 }
 - Input state : 
	Port: Loop_2_proc : nonce | {1 2 }
  - Chain level:
	State 1
		store_ln0 : 1
		loop_index_i_load : 1
		exitcond1011 : 2
		empty_68 : 2
		br_ln0 : 3
		loop_index_i_cast : 2
		nonce_addr : 3
		nonce_load : 4
		store_ln0 : 3
	State 2
		store_ln0 : 1


============================================================
+ Verbose Summary: Datapath Resource usage 
============================================================

* Functional unit list:
|----------|-------------------------|---------|---------|
| Operation|     Functional Unit     |    FF   |   LUT   |
|----------|-------------------------|---------|---------|
|    add   |      empty_68_fu_85     |    0    |    13   |
|----------|-------------------------|---------|---------|
|   icmp   |    exitcond1011_fu_79   |    0    |    9    |
|----------|-------------------------|---------|---------|
|   zext   | loop_index_i_cast_fu_91 |    0    |    0    |
|----------|-------------------------|---------|---------|
|   Total  |                         |    0    |    22   |
|----------|-------------------------|---------|---------|

Memories:
N/A

* Register list:
+-------------------------+--------+
|                         |   FF   |
+-------------------------+--------+
|loop_index_i_cast_reg_111|   64   |
|   loop_index_i_reg_101  |    4   |
|    nonce_addr_reg_116   |    4   |
+-------------------------+--------+
|          Total          |   72   |
+-------------------------+--------+

* Multiplexer (MUX) list: 
|------------------|------|------|------|--------||---------||---------|
|       Comp       |  Pin | Size |  BW  | S x BW ||  Delay  ||   LUT   |
|------------------|------|------|------|--------||---------||---------|
| grp_access_fu_51 |  p0  |   2  |   4  |    8   ||    9    |
|------------------|------|------|------|--------||---------||---------|
|       Total      |      |      |      |    8   ||  1.588  ||    9    |
|------------------|------|------|------|--------||---------||---------|



* Summary:
+-----------+--------+--------+--------+
|           |  Delay |   FF   |   LUT  |
+-----------+--------+--------+--------+
|  Function |    -   |    0   |   22   |
|   Memory  |    -   |    -   |    -   |
|Multiplexer|    1   |    -   |    9   |
|  Register |    -   |   72   |    -   |
+-----------+--------+--------+--------+
|   Total   |    1   |   72   |   31   |
+-----------+--------+--------+--------+
