

================================================================
== Vitis HLS Report for 'Loop_3_proc_Pipeline_VITIS_LOOP_198_1'
================================================================
* Date:           Tue Dec  6 01:26:13 2022

* Version:        2022.2 (Build 3670227 on Oct 13 2022)
* Project:        pynqrypt-vitis-hls
* Solution:       pynqrypt (Vivado IP Flow Target)
* Product family: zynq
* Target device:  xc7z020i-clg400-1L


================================================================
== Performance Estimates
================================================================
+ Timing: 
    * Summary: 
    +--------+----------+----------+------------+
    |  Clock |  Target  | Estimated| Uncertainty|
    +--------+----------+----------+------------+
    |ap_clk  |  10.00 ns|  6.508 ns|     2.70 ns|
    +--------+----------+----------+------------+

+ Latency: 
    * Summary: 
    +---------+---------+----------+----------+-----+-----+---------+
    |  Latency (cycles) |  Latency (absolute) |  Interval | Pipeline|
    |   min   |   max   |    min   |    max   | min | max |   Type  |
    +---------+---------+----------+----------+-----+-----+---------+
    |      322|      322|  3.220 us|  3.220 us|  322|  322|       no|
    +---------+---------+----------+----------+-----+-----+---------+

    + Detail: 
        * Instance: 
        N/A

        * Loop: 
        +--------------------+---------+---------+----------+-----------+-----------+------+----------+
        |                    |  Latency (cycles) | Iteration|  Initiation Interval  | Trip |          |
        |      Loop Name     |   min   |   max   |  Latency |  achieved |   target  | Count| Pipelined|
        +--------------------+---------+---------+----------+-----------+-----------+------+----------+
        |- VITIS_LOOP_198_1  |      320|      320|         8|          8|          1|    40|       yes|
        +--------------------+---------+---------+----------+-----------+-----------+------+----------+

============================================================
+ Verbose Summary: Synthesis Manager
============================================================
InlineROM: 1
ExposeGlobal: 0
============================================================
+ Verbose Summary: CDFG Model
============================================================
IsTopModel: 0
ResetActiveHigh: 1
IsCombinational: 0
IsDatapathOnly: 0
HasWiredReturn: 1
HasMFsm: 2
HasVarLatency: 1
IsPipeline: 0
IsRtlPipelined: 0
IsInstanceOverlapped: 0
IsDontTouch: 0
HasImplIP: 0
IsGatedGlobalClock: 0

+ Individual pipeline summary: 
  * Pipeline-0: initiation interval (II) = 8, depth = 8


============================================================
+ Verbose Summary: Schedule
============================================================
* Number of FSM states : 8
* Pipeline : 1
  Pipeline-0 : II = 8, D = 8, States = { 1 2 3 4 5 6 7 8 }
* Dataflow Pipeline: 0

* FSM state transitions: 
1 --> 2 
2 --> 3 
3 --> 4 
4 --> 5 
5 --> 6 
6 --> 7 
7 --> 8 
8 --> 

* FSM state operations: 

State 1 <SV = 0> <Delay = 5.16>
ST_1 : Operation 11 [1/1] (0.00ns)   --->   "%i = alloca i32 1"   --->   Operation 11 'alloca' 'i' <Predicate = true> <Delay = 0.00>
ST_1 : Operation 12 [1/1] (1.58ns)   --->   "%store_ln0 = store i6 4, i6 %i"   --->   Operation 12 'store' 'store_ln0' <Predicate = true> <Delay = 1.58>
ST_1 : Operation 13 [1/1] (0.00ns)   --->   "%br_ln0 = br void %while.body.i.i"   --->   Operation 13 'br' 'br_ln0' <Predicate = true> <Delay = 0.00>
ST_1 : Operation 14 [1/1] (0.00ns)   --->   "%i_8 = load i6 %i"   --->   Operation 14 'load' 'i_8' <Predicate = true> <Delay = 0.00>
ST_1 : Operation 15 [1/1] (0.00ns)   --->   "%specpipeline_ln0 = specpipeline void @_ssdm_op_SpecPipeline, i32 4294967295, i32 0, i32 1, i32 0, void @p_str"   --->   Operation 15 'specpipeline' 'specpipeline_ln0' <Predicate = true> <Delay = 0.00>
ST_1 : Operation 16 [1/1] (1.42ns)   --->   "%icmp_ln198 = icmp_eq  i6 %i_8, i6 44" [hw-impl/src/pynqrypt.cpp:198]   --->   Operation 16 'icmp' 'icmp_ln198' <Predicate = true> <Delay = 1.42> <CoreInst = "Cmp">   --->   Core 9 'Cmp' <Latency = 0> <II = 1> <Delay = 1.42> <FuncUnit> <Opcode : 'icmp'> <InPorts = 2> <OutPorts = 1>
ST_1 : Operation 17 [1/1] (0.00ns)   --->   "%empty = speclooptripcount i32 @_ssdm_op_SpecLoopTripCount, i64 40, i64 40, i64 40"   --->   Operation 17 'speclooptripcount' 'empty' <Predicate = true> <Delay = 0.00>
ST_1 : Operation 18 [1/1] (0.00ns)   --->   "%br_ln198 = br i1 %icmp_ln198, void %while.body.i.i.split_ifconv, void %_ZN6crypto8PynqryptC2EPhS1_.exit.exitStub.exitStub" [hw-impl/src/pynqrypt.cpp:198]   --->   Operation 18 'br' 'br_ln198' <Predicate = true> <Delay = 0.00>
ST_1 : Operation 19 [1/1] (0.00ns)   --->   "%atoms_result = bitconcatenate i8 @_ssdm_op_BitConcatenate.i8.i6.i2, i6 %i_8, i2 0" [hw-impl/src/pynqrypt.cpp:199]   --->   Operation 19 'bitconcatenate' 'atoms_result' <Predicate = (!icmp_ln198)> <Delay = 0.00>
ST_1 : Operation 20 [1/1] (1.91ns)   --->   "%add_ln199 = add i8 %atoms_result, i8 252" [hw-impl/src/pynqrypt.cpp:199]   --->   Operation 20 'add' 'add_ln199' <Predicate = (!icmp_ln198)> <Delay = 1.91> <CoreInst = "Adder">   --->   Core 1 'Adder' <Latency = 0> <II = 1> <Delay = 1.91> <FuncUnit> <Opcode : 'add' 'sub'> <InPorts = 2> <OutPorts = 1>
ST_1 : Operation 21 [1/1] (0.00ns)   --->   "%zext_ln199_1 = zext i8 %add_ln199" [hw-impl/src/pynqrypt.cpp:199]   --->   Operation 21 'zext' 'zext_ln199_1' <Predicate = (!icmp_ln198)> <Delay = 0.00>
ST_1 : Operation 22 [1/1] (0.00ns)   --->   "%pynqrypt_round_keys_addr_1 = getelementptr i8 %pynqrypt_round_keys, i64 0, i64 %zext_ln199_1" [hw-impl/src/pynqrypt.cpp:199]   --->   Operation 22 'getelementptr' 'pynqrypt_round_keys_addr_1' <Predicate = (!icmp_ln198)> <Delay = 0.00>
ST_1 : Operation 23 [2/2] (3.25ns)   --->   "%temp_1 = load i8 %pynqrypt_round_keys_addr_1" [hw-impl/src/pynqrypt.cpp:199]   --->   Operation 23 'load' 'temp_1' <Predicate = (!icmp_ln198)> <Delay = 3.25> <CoreInst = "RAM">   --->   Core 82 'RAM' <Latency = 1> <II = 1> <Delay = 3.25> <Storage> <Opcode : 'load' 'store'> <Ports = 2> <Width = 8> <Depth = 176> <RAM>
ST_1 : Operation 24 [1/1] (1.91ns)   --->   "%add_ln199_1 = add i8 %atoms_result, i8 253" [hw-impl/src/pynqrypt.cpp:199]   --->   Operation 24 'add' 'add_ln199_1' <Predicate = (!icmp_ln198)> <Delay = 1.91> <CoreInst = "Adder">   --->   Core 1 'Adder' <Latency = 0> <II = 1> <Delay = 1.91> <FuncUnit> <Opcode : 'add' 'sub'> <InPorts = 2> <OutPorts = 1>
ST_1 : Operation 25 [1/1] (0.00ns)   --->   "%zext_ln199_2 = zext i8 %add_ln199_1" [hw-impl/src/pynqrypt.cpp:199]   --->   Operation 25 'zext' 'zext_ln199_2' <Predicate = (!icmp_ln198)> <Delay = 0.00>
ST_1 : Operation 26 [1/1] (0.00ns)   --->   "%pynqrypt_round_keys_addr_2 = getelementptr i8 %pynqrypt_round_keys, i64 0, i64 %zext_ln199_2" [hw-impl/src/pynqrypt.cpp:199]   --->   Operation 26 'getelementptr' 'pynqrypt_round_keys_addr_2' <Predicate = (!icmp_ln198)> <Delay = 0.00>
ST_1 : Operation 27 [2/2] (3.25ns)   --->   "%pynqrypt_round_keys_load_1 = load i8 %pynqrypt_round_keys_addr_2" [hw-impl/src/pynqrypt.cpp:199]   --->   Operation 27 'load' 'pynqrypt_round_keys_load_1' <Predicate = (!icmp_ln198)> <Delay = 3.25> <CoreInst = "RAM">   --->   Core 82 'RAM' <Latency = 1> <II = 1> <Delay = 3.25> <Storage> <Opcode : 'load' 'store'> <Ports = 2> <Width = 8> <Depth = 176> <RAM>
ST_1 : Operation 28 [1/1] (0.00ns)   --->   "%trunc_ln = partselect i4 @_ssdm_op_PartSelect.i4.i6.i32.i32, i6 %i_8, i32 2, i32 5" [hw-impl/src/pynqrypt.cpp:204]   --->   Operation 28 'partselect' 'trunc_ln' <Predicate = (!icmp_ln198)> <Delay = 0.00>
ST_1 : Operation 29 [1/1] (1.73ns)   --->   "%add_ln204 = add i4 %trunc_ln, i4 15" [hw-impl/src/pynqrypt.cpp:204]   --->   Operation 29 'add' 'add_ln204' <Predicate = (!icmp_ln198)> <Delay = 1.73> <CoreInst = "Adder">   --->   Core 1 'Adder' <Latency = 0> <II = 1> <Delay = 1.73> <FuncUnit> <Opcode : 'add' 'sub'> <InPorts = 2> <OutPorts = 1>
ST_1 : Operation 30 [1/1] (0.00ns)   --->   "%zext_ln256 = zext i4 %add_ln204" [hw-impl/src/pynqrypt.cpp:256]   --->   Operation 30 'zext' 'zext_ln256' <Predicate = (!icmp_ln198)> <Delay = 0.00>
ST_1 : Operation 31 [1/1] (0.00ns)   --->   "%crypto_aes_rcon_addr = getelementptr i8 %crypto_aes_rcon, i64 0, i64 %zext_ln256" [hw-impl/src/pynqrypt.cpp:256]   --->   Operation 31 'getelementptr' 'crypto_aes_rcon_addr' <Predicate = (!icmp_ln198)> <Delay = 0.00>
ST_1 : Operation 32 [2/2] (2.32ns)   --->   "%crypto_aes_rcon_load = load i4 %crypto_aes_rcon_addr" [hw-impl/src/pynqrypt.cpp:256]   --->   Operation 32 'load' 'crypto_aes_rcon_load' <Predicate = (!icmp_ln198)> <Delay = 2.32> <CoreInst = "ROM">   --->   Core 95 'ROM' <Latency = 1> <II = 1> <Delay = 2.32> <Storage> <Opcode : 'load'> <Ports = 0> <Width = 8> <Depth = 10> <ROM>
ST_1 : Operation 115 [1/1] (0.00ns)   --->   "%ret_ln0 = ret"   --->   Operation 115 'ret' 'ret_ln0' <Predicate = (icmp_ln198)> <Delay = 0.00>

State 2 <SV = 1> <Delay = 6.50>
ST_2 : Operation 33 [1/2] (3.25ns)   --->   "%temp_1 = load i8 %pynqrypt_round_keys_addr_1" [hw-impl/src/pynqrypt.cpp:199]   --->   Operation 33 'load' 'temp_1' <Predicate = true> <Delay = 3.25> <CoreInst = "RAM">   --->   Core 82 'RAM' <Latency = 1> <II = 1> <Delay = 3.25> <Storage> <Opcode : 'load' 'store'> <Ports = 2> <Width = 8> <Depth = 176> <RAM>
ST_2 : Operation 34 [1/2] (3.25ns)   --->   "%pynqrypt_round_keys_load_1 = load i8 %pynqrypt_round_keys_addr_2" [hw-impl/src/pynqrypt.cpp:199]   --->   Operation 34 'load' 'pynqrypt_round_keys_load_1' <Predicate = true> <Delay = 3.25> <CoreInst = "RAM">   --->   Core 82 'RAM' <Latency = 1> <II = 1> <Delay = 3.25> <Storage> <Opcode : 'load' 'store'> <Ports = 2> <Width = 8> <Depth = 176> <RAM>
ST_2 : Operation 35 [1/1] (1.91ns)   --->   "%add_ln199_2 = add i8 %atoms_result, i8 254" [hw-impl/src/pynqrypt.cpp:199]   --->   Operation 35 'add' 'add_ln199_2' <Predicate = true> <Delay = 1.91> <CoreInst = "Adder">   --->   Core 1 'Adder' <Latency = 0> <II = 1> <Delay = 1.91> <FuncUnit> <Opcode : 'add' 'sub'> <InPorts = 2> <OutPorts = 1>
ST_2 : Operation 36 [1/1] (0.00ns)   --->   "%zext_ln199_3 = zext i8 %add_ln199_2" [hw-impl/src/pynqrypt.cpp:199]   --->   Operation 36 'zext' 'zext_ln199_3' <Predicate = true> <Delay = 0.00>
ST_2 : Operation 37 [1/1] (0.00ns)   --->   "%pynqrypt_round_keys_addr_3 = getelementptr i8 %pynqrypt_round_keys, i64 0, i64 %zext_ln199_3" [hw-impl/src/pynqrypt.cpp:199]   --->   Operation 37 'getelementptr' 'pynqrypt_round_keys_addr_3' <Predicate = true> <Delay = 0.00>
ST_2 : Operation 38 [2/2] (3.25ns)   --->   "%pynqrypt_round_keys_load_2 = load i8 %pynqrypt_round_keys_addr_3" [hw-impl/src/pynqrypt.cpp:199]   --->   Operation 38 'load' 'pynqrypt_round_keys_load_2' <Predicate = true> <Delay = 3.25> <CoreInst = "RAM">   --->   Core 82 'RAM' <Latency = 1> <II = 1> <Delay = 3.25> <Storage> <Opcode : 'load' 'store'> <Ports = 2> <Width = 8> <Depth = 176> <RAM>
ST_2 : Operation 39 [1/1] (1.91ns)   --->   "%add_ln199_3 = add i8 %atoms_result, i8 255" [hw-impl/src/pynqrypt.cpp:199]   --->   Operation 39 'add' 'add_ln199_3' <Predicate = true> <Delay = 1.91> <CoreInst = "Adder">   --->   Core 1 'Adder' <Latency = 0> <II = 1> <Delay = 1.91> <FuncUnit> <Opcode : 'add' 'sub'> <InPorts = 2> <OutPorts = 1>
ST_2 : Operation 40 [1/1] (0.00ns)   --->   "%zext_ln199_4 = zext i8 %add_ln199_3" [hw-impl/src/pynqrypt.cpp:199]   --->   Operation 40 'zext' 'zext_ln199_4' <Predicate = true> <Delay = 0.00>
ST_2 : Operation 41 [1/1] (0.00ns)   --->   "%pynqrypt_round_keys_addr_4 = getelementptr i8 %pynqrypt_round_keys, i64 0, i64 %zext_ln199_4" [hw-impl/src/pynqrypt.cpp:199]   --->   Operation 41 'getelementptr' 'pynqrypt_round_keys_addr_4' <Predicate = true> <Delay = 0.00>
ST_2 : Operation 42 [2/2] (3.25ns)   --->   "%pynqrypt_round_keys_load_3 = load i8 %pynqrypt_round_keys_addr_4" [hw-impl/src/pynqrypt.cpp:199]   --->   Operation 42 'load' 'pynqrypt_round_keys_load_3' <Predicate = true> <Delay = 3.25> <CoreInst = "RAM">   --->   Core 82 'RAM' <Latency = 1> <II = 1> <Delay = 3.25> <Storage> <Opcode : 'load' 'store'> <Ports = 2> <Width = 8> <Depth = 176> <RAM>
ST_2 : Operation 43 [1/1] (0.00ns)   --->   "%zext_ln249 = zext i8 %pynqrypt_round_keys_load_1" [hw-impl/src/pynqrypt.cpp:249]   --->   Operation 43 'zext' 'zext_ln249' <Predicate = true> <Delay = 0.00>
ST_2 : Operation 44 [1/1] (0.00ns)   --->   "%aes_sbox3_addr = getelementptr i8 %aes_sbox3, i64 0, i64 %zext_ln249" [hw-impl/src/pynqrypt.cpp:249]   --->   Operation 44 'getelementptr' 'aes_sbox3_addr' <Predicate = true> <Delay = 0.00>
ST_2 : Operation 45 [2/2] (3.25ns)   --->   "%aes_sbox3_load = load i8 %aes_sbox3_addr" [hw-impl/src/pynqrypt.cpp:249]   --->   Operation 45 'load' 'aes_sbox3_load' <Predicate = true> <Delay = 3.25> <CoreInst = "ROM">   --->   Core 95 'ROM' <Latency = 1> <II = 1> <Delay = 3.25> <Storage> <Opcode : 'load'> <Ports = 0> <Width = 8> <Depth = 256> <ROM>
ST_2 : Operation 46 [1/2] (2.32ns)   --->   "%crypto_aes_rcon_load = load i4 %crypto_aes_rcon_addr" [hw-impl/src/pynqrypt.cpp:256]   --->   Operation 46 'load' 'crypto_aes_rcon_load' <Predicate = true> <Delay = 2.32> <CoreInst = "ROM">   --->   Core 95 'ROM' <Latency = 1> <II = 1> <Delay = 2.32> <Storage> <Opcode : 'load'> <Ports = 0> <Width = 8> <Depth = 10> <ROM>

State 3 <SV = 2> <Delay = 6.50>
ST_3 : Operation 47 [1/2] (3.25ns)   --->   "%pynqrypt_round_keys_load_2 = load i8 %pynqrypt_round_keys_addr_3" [hw-impl/src/pynqrypt.cpp:199]   --->   Operation 47 'load' 'pynqrypt_round_keys_load_2' <Predicate = true> <Delay = 3.25> <CoreInst = "RAM">   --->   Core 82 'RAM' <Latency = 1> <II = 1> <Delay = 3.25> <Storage> <Opcode : 'load' 'store'> <Ports = 2> <Width = 8> <Depth = 176> <RAM>
ST_3 : Operation 48 [1/2] (3.25ns)   --->   "%pynqrypt_round_keys_load_3 = load i8 %pynqrypt_round_keys_addr_4" [hw-impl/src/pynqrypt.cpp:199]   --->   Operation 48 'load' 'pynqrypt_round_keys_load_3' <Predicate = true> <Delay = 3.25> <CoreInst = "RAM">   --->   Core 82 'RAM' <Latency = 1> <II = 1> <Delay = 3.25> <Storage> <Opcode : 'load' 'store'> <Ports = 2> <Width = 8> <Depth = 176> <RAM>
ST_3 : Operation 49 [1/2] (3.25ns)   --->   "%aes_sbox3_load = load i8 %aes_sbox3_addr" [hw-impl/src/pynqrypt.cpp:249]   --->   Operation 49 'load' 'aes_sbox3_load' <Predicate = true> <Delay = 3.25> <CoreInst = "ROM">   --->   Core 95 'ROM' <Latency = 1> <II = 1> <Delay = 3.25> <Storage> <Opcode : 'load'> <Ports = 0> <Width = 8> <Depth = 256> <ROM>
ST_3 : Operation 50 [1/1] (0.00ns)   --->   "%zext_ln249_1 = zext i8 %pynqrypt_round_keys_load_2" [hw-impl/src/pynqrypt.cpp:249]   --->   Operation 50 'zext' 'zext_ln249_1' <Predicate = true> <Delay = 0.00>
ST_3 : Operation 51 [1/1] (0.00ns)   --->   "%aes_sbox3_addr_1 = getelementptr i8 %aes_sbox3, i64 0, i64 %zext_ln249_1" [hw-impl/src/pynqrypt.cpp:249]   --->   Operation 51 'getelementptr' 'aes_sbox3_addr_1' <Predicate = true> <Delay = 0.00>
ST_3 : Operation 52 [2/2] (3.25ns)   --->   "%aes_sbox3_load_1 = load i8 %aes_sbox3_addr_1" [hw-impl/src/pynqrypt.cpp:249]   --->   Operation 52 'load' 'aes_sbox3_load_1' <Predicate = true> <Delay = 3.25> <CoreInst = "ROM">   --->   Core 95 'ROM' <Latency = 1> <II = 1> <Delay = 3.25> <Storage> <Opcode : 'load'> <Ports = 0> <Width = 8> <Depth = 256> <ROM>
ST_3 : Operation 53 [1/1] (1.91ns)   --->   "%add_ln207 = add i8 %atoms_result, i8 240" [hw-impl/src/pynqrypt.cpp:207]   --->   Operation 53 'add' 'add_ln207' <Predicate = true> <Delay = 1.91> <CoreInst = "Adder">   --->   Core 1 'Adder' <Latency = 0> <II = 1> <Delay = 1.91> <FuncUnit> <Opcode : 'add' 'sub'> <InPorts = 2> <OutPorts = 1>
ST_3 : Operation 54 [1/1] (0.00ns)   --->   "%zext_ln207 = zext i8 %add_ln207" [hw-impl/src/pynqrypt.cpp:207]   --->   Operation 54 'zext' 'zext_ln207' <Predicate = true> <Delay = 0.00>
ST_3 : Operation 55 [1/1] (0.00ns)   --->   "%pynqrypt_round_keys_addr_5 = getelementptr i8 %pynqrypt_round_keys, i64 0, i64 %zext_ln207" [hw-impl/src/pynqrypt.cpp:207]   --->   Operation 55 'getelementptr' 'pynqrypt_round_keys_addr_5' <Predicate = true> <Delay = 0.00>
ST_3 : Operation 56 [2/2] (3.25ns)   --->   "%pynqrypt_round_keys_load = load i8 %pynqrypt_round_keys_addr_5" [hw-impl/src/pynqrypt.cpp:207]   --->   Operation 56 'load' 'pynqrypt_round_keys_load' <Predicate = true> <Delay = 3.25> <CoreInst = "RAM">   --->   Core 82 'RAM' <Latency = 1> <II = 1> <Delay = 3.25> <Storage> <Opcode : 'load' 'store'> <Ports = 2> <Width = 8> <Depth = 176> <RAM>
ST_3 : Operation 57 [1/1] (1.91ns)   --->   "%add_ln207_1 = add i8 %atoms_result, i8 241" [hw-impl/src/pynqrypt.cpp:207]   --->   Operation 57 'add' 'add_ln207_1' <Predicate = true> <Delay = 1.91> <CoreInst = "Adder">   --->   Core 1 'Adder' <Latency = 0> <II = 1> <Delay = 1.91> <FuncUnit> <Opcode : 'add' 'sub'> <InPorts = 2> <OutPorts = 1>
ST_3 : Operation 58 [1/1] (0.00ns)   --->   "%zext_ln207_1 = zext i8 %add_ln207_1" [hw-impl/src/pynqrypt.cpp:207]   --->   Operation 58 'zext' 'zext_ln207_1' <Predicate = true> <Delay = 0.00>
ST_3 : Operation 59 [1/1] (0.00ns)   --->   "%pynqrypt_round_keys_addr_6 = getelementptr i8 %pynqrypt_round_keys, i64 0, i64 %zext_ln207_1" [hw-impl/src/pynqrypt.cpp:207]   --->   Operation 59 'getelementptr' 'pynqrypt_round_keys_addr_6' <Predicate = true> <Delay = 0.00>
ST_3 : Operation 60 [2/2] (3.25ns)   --->   "%pynqrypt_round_keys_load_4 = load i8 %pynqrypt_round_keys_addr_6" [hw-impl/src/pynqrypt.cpp:207]   --->   Operation 60 'load' 'pynqrypt_round_keys_load_4' <Predicate = true> <Delay = 3.25> <CoreInst = "RAM">   --->   Core 82 'RAM' <Latency = 1> <II = 1> <Delay = 3.25> <Storage> <Opcode : 'load' 'store'> <Ports = 2> <Width = 8> <Depth = 176> <RAM>

State 4 <SV = 3> <Delay = 5.16>
ST_4 : Operation 61 [1/2] (3.25ns)   --->   "%aes_sbox3_load_1 = load i8 %aes_sbox3_addr_1" [hw-impl/src/pynqrypt.cpp:249]   --->   Operation 61 'load' 'aes_sbox3_load_1' <Predicate = true> <Delay = 3.25> <CoreInst = "ROM">   --->   Core 95 'ROM' <Latency = 1> <II = 1> <Delay = 3.25> <Storage> <Opcode : 'load'> <Ports = 0> <Width = 8> <Depth = 256> <ROM>
ST_4 : Operation 62 [1/1] (0.00ns)   --->   "%zext_ln249_2 = zext i8 %pynqrypt_round_keys_load_3" [hw-impl/src/pynqrypt.cpp:249]   --->   Operation 62 'zext' 'zext_ln249_2' <Predicate = true> <Delay = 0.00>
ST_4 : Operation 63 [1/1] (0.00ns)   --->   "%aes_sbox3_addr_2 = getelementptr i8 %aes_sbox3, i64 0, i64 %zext_ln249_2" [hw-impl/src/pynqrypt.cpp:249]   --->   Operation 63 'getelementptr' 'aes_sbox3_addr_2' <Predicate = true> <Delay = 0.00>
ST_4 : Operation 64 [2/2] (3.25ns)   --->   "%aes_sbox3_load_2 = load i8 %aes_sbox3_addr_2" [hw-impl/src/pynqrypt.cpp:249]   --->   Operation 64 'load' 'aes_sbox3_load_2' <Predicate = true> <Delay = 3.25> <CoreInst = "ROM">   --->   Core 95 'ROM' <Latency = 1> <II = 1> <Delay = 3.25> <Storage> <Opcode : 'load'> <Ports = 0> <Width = 8> <Depth = 256> <ROM>
ST_4 : Operation 65 [1/2] (3.25ns)   --->   "%pynqrypt_round_keys_load = load i8 %pynqrypt_round_keys_addr_5" [hw-impl/src/pynqrypt.cpp:207]   --->   Operation 65 'load' 'pynqrypt_round_keys_load' <Predicate = true> <Delay = 3.25> <CoreInst = "RAM">   --->   Core 82 'RAM' <Latency = 1> <II = 1> <Delay = 3.25> <Storage> <Opcode : 'load' 'store'> <Ports = 2> <Width = 8> <Depth = 176> <RAM>
ST_4 : Operation 66 [1/2] (3.25ns)   --->   "%pynqrypt_round_keys_load_4 = load i8 %pynqrypt_round_keys_addr_6" [hw-impl/src/pynqrypt.cpp:207]   --->   Operation 66 'load' 'pynqrypt_round_keys_load_4' <Predicate = true> <Delay = 3.25> <CoreInst = "RAM">   --->   Core 82 'RAM' <Latency = 1> <II = 1> <Delay = 3.25> <Storage> <Opcode : 'load' 'store'> <Ports = 2> <Width = 8> <Depth = 176> <RAM>
ST_4 : Operation 67 [1/1] (1.91ns)   --->   "%add_ln207_2 = add i8 %atoms_result, i8 242" [hw-impl/src/pynqrypt.cpp:207]   --->   Operation 67 'add' 'add_ln207_2' <Predicate = true> <Delay = 1.91> <CoreInst = "Adder">   --->   Core 1 'Adder' <Latency = 0> <II = 1> <Delay = 1.91> <FuncUnit> <Opcode : 'add' 'sub'> <InPorts = 2> <OutPorts = 1>
ST_4 : Operation 68 [1/1] (0.00ns)   --->   "%zext_ln207_2 = zext i8 %add_ln207_2" [hw-impl/src/pynqrypt.cpp:207]   --->   Operation 68 'zext' 'zext_ln207_2' <Predicate = true> <Delay = 0.00>
ST_4 : Operation 69 [1/1] (0.00ns)   --->   "%pynqrypt_round_keys_addr_7 = getelementptr i8 %pynqrypt_round_keys, i64 0, i64 %zext_ln207_2" [hw-impl/src/pynqrypt.cpp:207]   --->   Operation 69 'getelementptr' 'pynqrypt_round_keys_addr_7' <Predicate = true> <Delay = 0.00>
ST_4 : Operation 70 [2/2] (3.25ns)   --->   "%pynqrypt_round_keys_load_5 = load i8 %pynqrypt_round_keys_addr_7" [hw-impl/src/pynqrypt.cpp:207]   --->   Operation 70 'load' 'pynqrypt_round_keys_load_5' <Predicate = true> <Delay = 3.25> <CoreInst = "RAM">   --->   Core 82 'RAM' <Latency = 1> <II = 1> <Delay = 3.25> <Storage> <Opcode : 'load' 'store'> <Ports = 2> <Width = 8> <Depth = 176> <RAM>
ST_4 : Operation 71 [1/1] (1.91ns)   --->   "%add_ln207_3 = add i8 %atoms_result, i8 243" [hw-impl/src/pynqrypt.cpp:207]   --->   Operation 71 'add' 'add_ln207_3' <Predicate = true> <Delay = 1.91> <CoreInst = "Adder">   --->   Core 1 'Adder' <Latency = 0> <II = 1> <Delay = 1.91> <FuncUnit> <Opcode : 'add' 'sub'> <InPorts = 2> <OutPorts = 1>
ST_4 : Operation 72 [1/1] (0.00ns)   --->   "%zext_ln207_3 = zext i8 %add_ln207_3" [hw-impl/src/pynqrypt.cpp:207]   --->   Operation 72 'zext' 'zext_ln207_3' <Predicate = true> <Delay = 0.00>
ST_4 : Operation 73 [1/1] (0.00ns)   --->   "%pynqrypt_round_keys_addr_8 = getelementptr i8 %pynqrypt_round_keys, i64 0, i64 %zext_ln207_3" [hw-impl/src/pynqrypt.cpp:207]   --->   Operation 73 'getelementptr' 'pynqrypt_round_keys_addr_8' <Predicate = true> <Delay = 0.00>
ST_4 : Operation 74 [2/2] (3.25ns)   --->   "%pynqrypt_round_keys_load_6 = load i8 %pynqrypt_round_keys_addr_8" [hw-impl/src/pynqrypt.cpp:207]   --->   Operation 74 'load' 'pynqrypt_round_keys_load_6' <Predicate = true> <Delay = 3.25> <CoreInst = "RAM">   --->   Core 82 'RAM' <Latency = 1> <II = 1> <Delay = 3.25> <Storage> <Opcode : 'load' 'store'> <Ports = 2> <Width = 8> <Depth = 176> <RAM>

State 5 <SV = 4> <Delay = 3.25>
ST_5 : Operation 75 [1/2] (3.25ns)   --->   "%aes_sbox3_load_2 = load i8 %aes_sbox3_addr_2" [hw-impl/src/pynqrypt.cpp:249]   --->   Operation 75 'load' 'aes_sbox3_load_2' <Predicate = true> <Delay = 3.25> <CoreInst = "ROM">   --->   Core 95 'ROM' <Latency = 1> <II = 1> <Delay = 3.25> <Storage> <Opcode : 'load'> <Ports = 0> <Width = 8> <Depth = 256> <ROM>
ST_5 : Operation 76 [1/1] (0.00ns)   --->   "%zext_ln249_3 = zext i8 %temp_1" [hw-impl/src/pynqrypt.cpp:249]   --->   Operation 76 'zext' 'zext_ln249_3' <Predicate = true> <Delay = 0.00>
ST_5 : Operation 77 [1/1] (0.00ns)   --->   "%aes_sbox3_addr_3 = getelementptr i8 %aes_sbox3, i64 0, i64 %zext_ln249_3" [hw-impl/src/pynqrypt.cpp:249]   --->   Operation 77 'getelementptr' 'aes_sbox3_addr_3' <Predicate = true> <Delay = 0.00>
ST_5 : Operation 78 [2/2] (3.25ns)   --->   "%aes_sbox3_load_3 = load i8 %aes_sbox3_addr_3" [hw-impl/src/pynqrypt.cpp:249]   --->   Operation 78 'load' 'aes_sbox3_load_3' <Predicate = true> <Delay = 3.25> <CoreInst = "ROM">   --->   Core 95 'ROM' <Latency = 1> <II = 1> <Delay = 3.25> <Storage> <Opcode : 'load'> <Ports = 0> <Width = 8> <Depth = 256> <ROM>
ST_5 : Operation 79 [1/2] (3.25ns)   --->   "%pynqrypt_round_keys_load_5 = load i8 %pynqrypt_round_keys_addr_7" [hw-impl/src/pynqrypt.cpp:207]   --->   Operation 79 'load' 'pynqrypt_round_keys_load_5' <Predicate = true> <Delay = 3.25> <CoreInst = "RAM">   --->   Core 82 'RAM' <Latency = 1> <II = 1> <Delay = 3.25> <Storage> <Opcode : 'load' 'store'> <Ports = 2> <Width = 8> <Depth = 176> <RAM>
ST_5 : Operation 80 [1/2] (3.25ns)   --->   "%pynqrypt_round_keys_load_6 = load i8 %pynqrypt_round_keys_addr_8" [hw-impl/src/pynqrypt.cpp:207]   --->   Operation 80 'load' 'pynqrypt_round_keys_load_6' <Predicate = true> <Delay = 3.25> <CoreInst = "RAM">   --->   Core 82 'RAM' <Latency = 1> <II = 1> <Delay = 3.25> <Storage> <Opcode : 'load' 'store'> <Ports = 2> <Width = 8> <Depth = 176> <RAM>

State 6 <SV = 5> <Delay = 5.23>
ST_6 : Operation 81 [1/1] (0.00ns) (grouped into LUT with out node temp_3)   --->   "%temp = bitconcatenate i32 @_ssdm_op_BitConcatenate.i32.i8.i8.i8.i8, i8 %pynqrypt_round_keys_load_3, i8 %pynqrypt_round_keys_load_2, i8 %pynqrypt_round_keys_load_1, i8 %temp_1" [hw-impl/src/pynqrypt.cpp:199]   --->   Operation 81 'bitconcatenate' 'temp' <Predicate = true> <Delay = 0.00>
ST_6 : Operation 82 [1/1] (0.00ns)   --->   "%empty_66 = trunc i6 %i_8"   --->   Operation 82 'trunc' 'empty_66' <Predicate = true> <Delay = 0.00>
ST_6 : Operation 83 [1/1] (0.95ns)   --->   "%icmp_ln201 = icmp_eq  i2 %empty_66, i2 0" [hw-impl/src/pynqrypt.cpp:201]   --->   Operation 83 'icmp' 'icmp_ln201' <Predicate = true> <Delay = 0.95> <CoreInst = "Cmp">   --->   Core 9 'Cmp' <Latency = 0> <II = 1> <Delay = 0.95> <FuncUnit> <Opcode : 'icmp'> <InPorts = 2> <OutPorts = 1>
ST_6 : Operation 84 [1/2] (3.25ns)   --->   "%aes_sbox3_load_3 = load i8 %aes_sbox3_addr_3" [hw-impl/src/pynqrypt.cpp:249]   --->   Operation 84 'load' 'aes_sbox3_load_3' <Predicate = true> <Delay = 3.25> <CoreInst = "ROM">   --->   Core 95 'ROM' <Latency = 1> <II = 1> <Delay = 3.25> <Storage> <Opcode : 'load'> <Ports = 0> <Width = 8> <Depth = 256> <ROM>
ST_6 : Operation 85 [1/1] (0.00ns) (grouped into LUT with out node temp_3)   --->   "%xor_ln256 = xor i8 %crypto_aes_rcon_load, i8 %aes_sbox3_load" [hw-impl/src/pynqrypt.cpp:256]   --->   Operation 85 'xor' 'xor_ln256' <Predicate = true> <Delay = 0.00> <CoreInst = "LogicGate">   --->   Core 74 'LogicGate' <Latency = 0> <II = 1> <Delay = 0.99> <FuncUnit> <Opcode : 'and' 'or' 'xor'> <InPorts = 2> <OutPorts = 1>
ST_6 : Operation 86 [1/1] (0.00ns) (grouped into LUT with out node temp_3)   --->   "%temp_2 = bitconcatenate i32 @_ssdm_op_BitConcatenate.i32.i8.i8.i8.i8, i8 %aes_sbox3_load_3, i8 %aes_sbox3_load_2, i8 %aes_sbox3_load_1, i8 %xor_ln256" [hw-impl/src/pynqrypt.cpp:256]   --->   Operation 86 'bitconcatenate' 'temp_2' <Predicate = true> <Delay = 0.00>
ST_6 : Operation 87 [1/1] (0.99ns) (out node of the LUT)   --->   "%temp_3 = select i1 %icmp_ln201, i32 %temp_2, i32 %temp" [hw-impl/src/pynqrypt.cpp:201]   --->   Operation 87 'select' 'temp_3' <Predicate = true> <Delay = 0.99> <CoreInst = "Sel">   --->   Core 73 'Sel' <Latency = 0> <II = 1> <Delay = 0.69> <FuncUnit> <Opcode : 'select'> <InPorts = 3> <OutPorts = 1>
ST_6 : Operation 88 [1/1] (0.00ns)   --->   "%trunc_ln266 = trunc i32 %temp_3" [hw-impl/src/pynqrypt.cpp:266]   --->   Operation 88 'trunc' 'trunc_ln266' <Predicate = true> <Delay = 0.00>
ST_6 : Operation 89 [1/1] (0.99ns)   --->   "%xor_ln266 = xor i8 %pynqrypt_round_keys_load, i8 %trunc_ln266" [hw-impl/src/pynqrypt.cpp:266]   --->   Operation 89 'xor' 'xor_ln266' <Predicate = true> <Delay = 0.99> <CoreInst = "LogicGate">   --->   Core 74 'LogicGate' <Latency = 0> <II = 1> <Delay = 0.99> <FuncUnit> <Opcode : 'and' 'or' 'xor'> <InPorts = 2> <OutPorts = 1>
ST_6 : Operation 90 [1/1] (0.00ns)   --->   "%trunc_ln266_1 = partselect i8 @_ssdm_op_PartSelect.i8.i32.i32.i32, i32 %temp_3, i32 8, i32 15" [hw-impl/src/pynqrypt.cpp:266]   --->   Operation 90 'partselect' 'trunc_ln266_1' <Predicate = true> <Delay = 0.00>
ST_6 : Operation 91 [1/1] (0.99ns)   --->   "%xor_ln266_1 = xor i8 %trunc_ln266_1, i8 %pynqrypt_round_keys_load_4" [hw-impl/src/pynqrypt.cpp:266]   --->   Operation 91 'xor' 'xor_ln266_1' <Predicate = true> <Delay = 0.99> <CoreInst = "LogicGate">   --->   Core 74 'LogicGate' <Latency = 0> <II = 1> <Delay = 0.99> <FuncUnit> <Opcode : 'and' 'or' 'xor'> <InPorts = 2> <OutPorts = 1>
ST_6 : Operation 92 [1/1] (0.00ns)   --->   "%trunc_ln266_3 = partselect i8 @_ssdm_op_PartSelect.i8.i32.i32.i32, i32 %temp_3, i32 16, i32 23" [hw-impl/src/pynqrypt.cpp:266]   --->   Operation 92 'partselect' 'trunc_ln266_3' <Predicate = true> <Delay = 0.00>
ST_6 : Operation 93 [1/1] (0.99ns)   --->   "%xor_ln266_2 = xor i8 %trunc_ln266_3, i8 %pynqrypt_round_keys_load_5" [hw-impl/src/pynqrypt.cpp:266]   --->   Operation 93 'xor' 'xor_ln266_2' <Predicate = true> <Delay = 0.99> <CoreInst = "LogicGate">   --->   Core 74 'LogicGate' <Latency = 0> <II = 1> <Delay = 0.99> <FuncUnit> <Opcode : 'and' 'or' 'xor'> <InPorts = 2> <OutPorts = 1>
ST_6 : Operation 94 [1/1] (0.00ns)   --->   "%trunc_ln266_5 = partselect i8 @_ssdm_op_PartSelect.i8.i32.i32.i32, i32 %temp_3, i32 24, i32 31" [hw-impl/src/pynqrypt.cpp:266]   --->   Operation 94 'partselect' 'trunc_ln266_5' <Predicate = true> <Delay = 0.00>
ST_6 : Operation 95 [1/1] (0.99ns)   --->   "%xor_ln266_3 = xor i8 %trunc_ln266_5, i8 %pynqrypt_round_keys_load_6" [hw-impl/src/pynqrypt.cpp:266]   --->   Operation 95 'xor' 'xor_ln266_3' <Predicate = true> <Delay = 0.99> <CoreInst = "LogicGate">   --->   Core 74 'LogicGate' <Latency = 0> <II = 1> <Delay = 0.99> <FuncUnit> <Opcode : 'and' 'or' 'xor'> <InPorts = 2> <OutPorts = 1>

State 7 <SV = 6> <Delay = 3.25>
ST_7 : Operation 96 [1/1] (0.00ns)   --->   "%zext_ln199 = zext i8 %atoms_result" [hw-impl/src/pynqrypt.cpp:199]   --->   Operation 96 'zext' 'zext_ln199' <Predicate = true> <Delay = 0.00>
ST_7 : Operation 97 [1/1] (0.00ns)   --->   "%pynqrypt_round_keys_addr_9 = getelementptr i8 %pynqrypt_round_keys, i64 0, i64 %zext_ln199" [hw-impl/src/pynqrypt.cpp:266]   --->   Operation 97 'getelementptr' 'pynqrypt_round_keys_addr_9' <Predicate = true> <Delay = 0.00>
ST_7 : Operation 98 [1/1] (3.25ns)   --->   "%store_ln266 = store i8 %xor_ln266, i8 %pynqrypt_round_keys_addr_9" [hw-impl/src/pynqrypt.cpp:266]   --->   Operation 98 'store' 'store_ln266' <Predicate = true> <Delay = 3.25> <CoreInst = "RAM">   --->   Core 82 'RAM' <Latency = 1> <II = 1> <Delay = 3.25> <Storage> <Opcode : 'load' 'store'> <Ports = 2> <Width = 8> <Depth = 176> <RAM>
ST_7 : Operation 99 [1/1] (0.00ns)   --->   "%or_ln266 = or i8 %atoms_result, i8 1" [hw-impl/src/pynqrypt.cpp:266]   --->   Operation 99 'or' 'or_ln266' <Predicate = true> <Delay = 0.00>
ST_7 : Operation 100 [1/1] (0.00ns)   --->   "%zext_ln266 = zext i8 %or_ln266" [hw-impl/src/pynqrypt.cpp:266]   --->   Operation 100 'zext' 'zext_ln266' <Predicate = true> <Delay = 0.00>
ST_7 : Operation 101 [1/1] (0.00ns)   --->   "%pynqrypt_round_keys_addr_10 = getelementptr i8 %pynqrypt_round_keys, i64 0, i64 %zext_ln266" [hw-impl/src/pynqrypt.cpp:266]   --->   Operation 101 'getelementptr' 'pynqrypt_round_keys_addr_10' <Predicate = true> <Delay = 0.00>
ST_7 : Operation 102 [1/1] (3.25ns)   --->   "%store_ln266 = store i8 %xor_ln266_1, i8 %pynqrypt_round_keys_addr_10" [hw-impl/src/pynqrypt.cpp:266]   --->   Operation 102 'store' 'store_ln266' <Predicate = true> <Delay = 3.25> <CoreInst = "RAM">   --->   Core 82 'RAM' <Latency = 1> <II = 1> <Delay = 3.25> <Storage> <Opcode : 'load' 'store'> <Ports = 2> <Width = 8> <Depth = 176> <RAM>

State 8 <SV = 7> <Delay = 3.41>
ST_8 : Operation 103 [1/1] (0.00ns)   --->   "%specloopname_ln197 = specloopname void @_ssdm_op_SpecLoopName, void @empty_7" [hw-impl/src/pynqrypt.cpp:197]   --->   Operation 103 'specloopname' 'specloopname_ln197' <Predicate = true> <Delay = 0.00>
ST_8 : Operation 104 [1/1] (0.00ns)   --->   "%or_ln266_1 = or i8 %atoms_result, i8 2" [hw-impl/src/pynqrypt.cpp:266]   --->   Operation 104 'or' 'or_ln266_1' <Predicate = true> <Delay = 0.00>
ST_8 : Operation 105 [1/1] (0.00ns)   --->   "%zext_ln266_1 = zext i8 %or_ln266_1" [hw-impl/src/pynqrypt.cpp:266]   --->   Operation 105 'zext' 'zext_ln266_1' <Predicate = true> <Delay = 0.00>
ST_8 : Operation 106 [1/1] (0.00ns)   --->   "%pynqrypt_round_keys_addr_11 = getelementptr i8 %pynqrypt_round_keys, i64 0, i64 %zext_ln266_1" [hw-impl/src/pynqrypt.cpp:266]   --->   Operation 106 'getelementptr' 'pynqrypt_round_keys_addr_11' <Predicate = true> <Delay = 0.00>
ST_8 : Operation 107 [1/1] (3.25ns)   --->   "%store_ln266 = store i8 %xor_ln266_2, i8 %pynqrypt_round_keys_addr_11" [hw-impl/src/pynqrypt.cpp:266]   --->   Operation 107 'store' 'store_ln266' <Predicate = true> <Delay = 3.25> <CoreInst = "RAM">   --->   Core 82 'RAM' <Latency = 1> <II = 1> <Delay = 3.25> <Storage> <Opcode : 'load' 'store'> <Ports = 2> <Width = 8> <Depth = 176> <RAM>
ST_8 : Operation 108 [1/1] (0.00ns)   --->   "%or_ln266_2 = or i8 %atoms_result, i8 3" [hw-impl/src/pynqrypt.cpp:266]   --->   Operation 108 'or' 'or_ln266_2' <Predicate = true> <Delay = 0.00>
ST_8 : Operation 109 [1/1] (0.00ns)   --->   "%zext_ln266_2 = zext i8 %or_ln266_2" [hw-impl/src/pynqrypt.cpp:266]   --->   Operation 109 'zext' 'zext_ln266_2' <Predicate = true> <Delay = 0.00>
ST_8 : Operation 110 [1/1] (0.00ns)   --->   "%pynqrypt_round_keys_addr_12 = getelementptr i8 %pynqrypt_round_keys, i64 0, i64 %zext_ln266_2" [hw-impl/src/pynqrypt.cpp:266]   --->   Operation 110 'getelementptr' 'pynqrypt_round_keys_addr_12' <Predicate = true> <Delay = 0.00>
ST_8 : Operation 111 [1/1] (3.25ns)   --->   "%store_ln266 = store i8 %xor_ln266_3, i8 %pynqrypt_round_keys_addr_12" [hw-impl/src/pynqrypt.cpp:266]   --->   Operation 111 'store' 'store_ln266' <Predicate = true> <Delay = 3.25> <CoreInst = "RAM">   --->   Core 82 'RAM' <Latency = 1> <II = 1> <Delay = 3.25> <Storage> <Opcode : 'load' 'store'> <Ports = 2> <Width = 8> <Depth = 176> <RAM>
ST_8 : Operation 112 [1/1] (1.82ns)   --->   "%add_ln209 = add i6 %i_8, i6 1" [hw-impl/src/pynqrypt.cpp:209]   --->   Operation 112 'add' 'add_ln209' <Predicate = true> <Delay = 1.82> <CoreInst = "Adder">   --->   Core 1 'Adder' <Latency = 0> <II = 1> <Delay = 1.82> <FuncUnit> <Opcode : 'add' 'sub'> <InPorts = 2> <OutPorts = 1>
ST_8 : Operation 113 [1/1] (1.58ns)   --->   "%store_ln198 = store i6 %add_ln209, i6 %i" [hw-impl/src/pynqrypt.cpp:198]   --->   Operation 113 'store' 'store_ln198' <Predicate = true> <Delay = 1.58>
ST_8 : Operation 114 [1/1] (0.00ns)   --->   "%br_ln198 = br void %while.body.i.i" [hw-impl/src/pynqrypt.cpp:198]   --->   Operation 114 'br' 'br_ln198' <Predicate = true> <Delay = 0.00>


============================================================
+ Verbose Summary: Timing violations
============================================================
Target clock period: 10ns, clock uncertainty: 2.7ns.

 <State 1>: 5.17ns
The critical path consists of the following:
	'alloca' operation ('i') [4]  (0 ns)
	'load' operation ('i') on local variable 'i' [8]  (0 ns)
	'add' operation ('add_ln199', hw-impl/src/pynqrypt.cpp:199) [17]  (1.92 ns)
	'getelementptr' operation ('pynqrypt_round_keys_addr_1', hw-impl/src/pynqrypt.cpp:199) [19]  (0 ns)
	'load' operation ('temp', hw-impl/src/pynqrypt.cpp:199) on array 'pynqrypt_round_keys' [20]  (3.25 ns)

 <State 2>: 6.51ns
The critical path consists of the following:
	'load' operation ('pynqrypt_round_keys_load_1', hw-impl/src/pynqrypt.cpp:199) on array 'pynqrypt_round_keys' [24]  (3.25 ns)
	'getelementptr' operation ('aes_sbox3_addr', hw-impl/src/pynqrypt.cpp:249) [37]  (0 ns)
	'load' operation ('aes_sbox3_load', hw-impl/src/pynqrypt.cpp:249) on array 'aes_sbox3' [38]  (3.25 ns)

 <State 3>: 6.51ns
The critical path consists of the following:
	'load' operation ('pynqrypt_round_keys_load_2', hw-impl/src/pynqrypt.cpp:199) on array 'pynqrypt_round_keys' [28]  (3.25 ns)
	'getelementptr' operation ('aes_sbox3_addr_1', hw-impl/src/pynqrypt.cpp:249) [40]  (0 ns)
	'load' operation ('aes_sbox3_load_1', hw-impl/src/pynqrypt.cpp:249) on array 'aes_sbox3' [41]  (3.25 ns)

 <State 4>: 5.17ns
The critical path consists of the following:
	'add' operation ('add_ln207_2', hw-impl/src/pynqrypt.cpp:207) [66]  (1.92 ns)
	'getelementptr' operation ('pynqrypt_round_keys_addr_7', hw-impl/src/pynqrypt.cpp:207) [68]  (0 ns)
	'load' operation ('pynqrypt_round_keys_load_5', hw-impl/src/pynqrypt.cpp:207) on array 'pynqrypt_round_keys' [69]  (3.25 ns)

 <State 5>: 3.25ns
The critical path consists of the following:
	'load' operation ('aes_sbox3_load_2', hw-impl/src/pynqrypt.cpp:249) on array 'aes_sbox3' [44]  (3.25 ns)

 <State 6>: 5.23ns
The critical path consists of the following:
	'load' operation ('aes_sbox3_load_3', hw-impl/src/pynqrypt.cpp:249) on array 'aes_sbox3' [47]  (3.25 ns)
	'select' operation ('temp', hw-impl/src/pynqrypt.cpp:201) [55]  (0.99 ns)
	'xor' operation ('xor_ln266', hw-impl/src/pynqrypt.cpp:266) [61]  (0.99 ns)

 <State 7>: 3.25ns
The critical path consists of the following:
	'getelementptr' operation ('pynqrypt_round_keys_addr_9', hw-impl/src/pynqrypt.cpp:266) [74]  (0 ns)
	'store' operation ('store_ln266', hw-impl/src/pynqrypt.cpp:266) of variable 'xor_ln266', hw-impl/src/pynqrypt.cpp:266 on array 'pynqrypt_round_keys' [75]  (3.25 ns)

 <State 8>: 3.41ns
The critical path consists of the following:
	'add' operation ('add_ln209', hw-impl/src/pynqrypt.cpp:209) [94]  (1.83 ns)
	'store' operation ('store_ln198', hw-impl/src/pynqrypt.cpp:198) of variable 'add_ln209', hw-impl/src/pynqrypt.cpp:209 on local variable 'i' [95]  (1.59 ns)


============================================================
+ Verbose Summary: Binding
============================================================
N/A
* FSMD analyzer results:
  - Output states:
 - Input state : 
  - Chain level:
	State 1
	State 2
	State 3
	State 4
	State 5
	State 6
	State 7
	State 8


============================================================
+ Verbose Summary: Datapath Resource usage 
============================================================
N/A
