/home/mrindeciso/Documents/pynqrypt/pynqrypt-vitis-hls/pynqrypt/csynth.tcl:22:9: warning: HLS pragma dump _XLX_SEP_ PragmaIsValid=1_XLX_SEP_ PragmaType=top_XLX_SEP_ PragmaContext=directive_XLX_SEP_ PragmaFunction=pynqrypt_encrypt_XLX_SEP_ PragmaOptions=name=pynqrypt_encrypt_XLX_SEP_ [-Wdump-hls-pragmas]
#pragma HLSDIRECTIVE TOP name=pynqrypt_encrypt
        ^
/home/mrindeciso/Documents/pynqrypt/pynqrypt-vitis-hls/pynqrypt/directives.tcl:6:9: warning: HLS pragma dump _XLX_SEP_ PragmaIsValid=1_XLX_SEP_ PragmaType=top_XLX_SEP_ PragmaContext=directive_XLX_SEP_ PragmaFunction=pynqrypt_encrypt_XLX_SEP_ PragmaOptions=name=pynqrypt_encrypt_XLX_SEP_ [-Wdump-hls-pragmas]
#pragma HLSDIRECTIVE TOP name=pynqrypt_encrypt
        ^
hw-impl/src/pynqrypt_hls.cpp:10:9: warning: HLS pragma dump _XLX_SEP_ PragmaIsValid=1_XLX_SEP_ PragmaType=interface_XLX_SEP_ PragmaContext=_XLX_SEP_ PragmaFunction=pynqrypt_encrypt_XLX_SEP_ PragmaOptions=mode=m_axi port=plaintext offset=slave bundle=gmem depth=16384_XLX_SEP_ [-Wdump-hls-pragmas]
#pragma HLS INTERFACE mode=m_axi port=plaintext offset=slave bundle=gmem depth=16384
        ^
hw-impl/src/pynqrypt_hls.cpp:11:9: warning: HLS pragma dump _XLX_SEP_ PragmaIsValid=1_XLX_SEP_ PragmaType=interface_XLX_SEP_ PragmaContext=_XLX_SEP_ PragmaFunction=pynqrypt_encrypt_XLX_SEP_ PragmaOptions=mode=m_axi port=ciphertext offset=slave bundle=gmem depth=16384_XLX_SEP_ [-Wdump-hls-pragmas]
#pragma HLS INTERFACE mode=m_axi port=ciphertext offset=slave bundle=gmem depth=16384
        ^
hw-impl/src/pynqrypt_hls.cpp:13:9: warning: HLS pragma dump _XLX_SEP_ PragmaIsValid=1_XLX_SEP_ PragmaType=interface_XLX_SEP_ PragmaContext=_XLX_SEP_ PragmaFunction=pynqrypt_encrypt_XLX_SEP_ PragmaOptions=mode=s_axilite port=key bundle=control_XLX_SEP_ [-Wdump-hls-pragmas]
#pragma HLS INTERFACE mode=s_axilite port=key bundle=control
        ^
hw-impl/src/pynqrypt_hls.cpp:14:9: warning: HLS pragma dump _XLX_SEP_ PragmaIsValid=1_XLX_SEP_ PragmaType=interface_XLX_SEP_ PragmaContext=_XLX_SEP_ PragmaFunction=pynqrypt_encrypt_XLX_SEP_ PragmaOptions=mode=s_axilite port=nonce bundle=control_XLX_SEP_ [-Wdump-hls-pragmas]
#pragma HLS INTERFACE mode=s_axilite port=nonce bundle=control
        ^
hw-impl/src/pynqrypt_hls.cpp:15:9: warning: HLS pragma dump _XLX_SEP_ PragmaIsValid=1_XLX_SEP_ PragmaType=interface_XLX_SEP_ PragmaContext=_XLX_SEP_ PragmaFunction=pynqrypt_encrypt_XLX_SEP_ PragmaOptions=mode=s_axilite port=plaintext_length bundle=control_XLX_SEP_ [-Wdump-hls-pragmas]
#pragma HLS INTERFACE mode=s_axilite port=plaintext_length bundle=control
        ^
hw-impl/src/pynqrypt_hls.cpp:16:9: warning: HLS pragma dump _XLX_SEP_ PragmaIsValid=1_XLX_SEP_ PragmaType=interface_XLX_SEP_ PragmaContext=_XLX_SEP_ PragmaFunction=pynqrypt_encrypt_XLX_SEP_ PragmaOptions=mode=s_axilite port=plaintext bundle=control_XLX_SEP_ [-Wdump-hls-pragmas]
#pragma HLS INTERFACE mode=s_axilite port=plaintext bundle=control
        ^
hw-impl/src/pynqrypt_hls.cpp:17:9: warning: HLS pragma dump _XLX_SEP_ PragmaIsValid=1_XLX_SEP_ PragmaType=interface_XLX_SEP_ PragmaContext=_XLX_SEP_ PragmaFunction=pynqrypt_encrypt_XLX_SEP_ PragmaOptions=mode=s_axilite port=ciphertext bundle=control_XLX_SEP_ [-Wdump-hls-pragmas]
#pragma HLS INTERFACE mode=s_axilite port=ciphertext bundle=control
        ^
hw-impl/src/pynqrypt_hls.cpp:18:9: warning: HLS pragma dump _XLX_SEP_ PragmaIsValid=1_XLX_SEP_ PragmaType=interface_XLX_SEP_ PragmaContext=_XLX_SEP_ PragmaFunction=pynqrypt_encrypt_XLX_SEP_ PragmaOptions=mode=s_axilite port=return bundle=control_XLX_SEP_ [-Wdump-hls-pragmas]
#pragma HLS INTERFACE mode=s_axilite port=return bundle=control
        ^
hw-impl/src/pynqrypt_hls.cpp:22:9: warning: HLS pragma dump _XLX_SEP_ PragmaIsValid=1_XLX_SEP_ PragmaType=dataflow_XLX_SEP_ PragmaContext=_XLX_SEP_ PragmaFunction=pynqrypt_encrypt_XLX_SEP_ PragmaOptions=_XLX_SEP_ [-Wdump-hls-pragmas]
#pragma HLS dataflow
        ^
11 warnings generated.
