/home/mrindeciso/Documents/pynqrypt/pynqrypt-vitis-hls/pynqrypt/.autopilot/db/pynqrypt.pp.0.cpp:24459:2: warning: Added loop label VITIS_LOOP_75_1:   [xilinx-label-all-loops]
 for (int i = 0; i < BLOCK_SIZE; i++)
 ^~~
 VITIS_LOOP_75_1: 
/home/mrindeciso/Documents/pynqrypt/pynqrypt-vitis-hls/pynqrypt/.autopilot/db/pynqrypt.pp.0.cpp:24459:2: note: FIX-IT applied suggested code changes
/home/mrindeciso/Documents/pynqrypt/pynqrypt-vitis-hls/pynqrypt/.autopilot/db/pynqrypt.pp.0.cpp:24495:5: warning: Added loop label VITIS_LOOP_111_1:   [xilinx-label-all-loops]
    for (int i = 0; i < 4; i++) {
    ^~~
    VITIS_LOOP_111_1: 
/home/mrindeciso/Documents/pynqrypt/pynqrypt-vitis-hls/pynqrypt/.autopilot/db/pynqrypt.pp.0.cpp:24495:5: note: FIX-IT applied suggested code changes
/home/mrindeciso/Documents/pynqrypt/pynqrypt-vitis-hls/pynqrypt/.autopilot/db/pynqrypt.pp.0.cpp:24522:5: warning: Added loop label VITIS_LOOP_138_1:   [xilinx-label-all-loops]
    for (int i = NUM_ROUNDS - 1; i > 0; i--) {
    ^~~
    VITIS_LOOP_138_1: 
/home/mrindeciso/Documents/pynqrypt/pynqrypt-vitis-hls/pynqrypt/.autopilot/db/pynqrypt.pp.0.cpp:24522:5: note: FIX-IT applied suggested code changes
/home/mrindeciso/Documents/pynqrypt/pynqrypt-vitis-hls/pynqrypt/.autopilot/db/pynqrypt.pp.0.cpp:24536:5: warning: Added loop label VITIS_LOOP_152_1:   [xilinx-label-all-loops]
    for (int i = 0; i < BLOCK_SIZE; i++)
    ^~~
    VITIS_LOOP_152_1: 
/home/mrindeciso/Documents/pynqrypt/pynqrypt-vitis-hls/pynqrypt/.autopilot/db/pynqrypt.pp.0.cpp:24536:5: note: FIX-IT applied suggested code changes
/home/mrindeciso/Documents/pynqrypt/pynqrypt-vitis-hls/pynqrypt/.autopilot/db/pynqrypt.pp.0.cpp:24567:5: warning: Added loop label VITIS_LOOP_183_1:   [xilinx-label-all-loops]
    for (int i = 0; i < 4; i++) {
    ^~~
    VITIS_LOOP_183_1: 
/home/mrindeciso/Documents/pynqrypt/pynqrypt-vitis-hls/pynqrypt/.autopilot/db/pynqrypt.pp.0.cpp:24567:5: note: FIX-IT applied suggested code changes
/home/mrindeciso/Documents/pynqrypt/pynqrypt-vitis-hls/pynqrypt/.autopilot/db/pynqrypt.pp.0.cpp:24620:2: warning: Added loop label VITIS_LOOP_236_1:   [xilinx-label-all-loops]
 for (int i = 0; i < BLOCK_SIZE; i++)
 ^~~
 VITIS_LOOP_236_1: 
/home/mrindeciso/Documents/pynqrypt/pynqrypt-vitis-hls/pynqrypt/.autopilot/db/pynqrypt.pp.0.cpp:24620:2: note: FIX-IT applied suggested code changes
/home/mrindeciso/Documents/pynqrypt/pynqrypt-vitis-hls/pynqrypt/.autopilot/db/pynqrypt.pp.0.cpp:24654:5: warning: Added loop label VITIS_LOOP_270_1:   [xilinx-label-all-loops]
    for (int i = 0; i < 4; i++)
    ^~~
    VITIS_LOOP_270_1: 
/home/mrindeciso/Documents/pynqrypt/pynqrypt-vitis-hls/pynqrypt/.autopilot/db/pynqrypt.pp.0.cpp:24654:5: note: FIX-IT applied suggested code changes
/home/mrindeciso/Documents/pynqrypt/pynqrypt-vitis-hls/pynqrypt/.autopilot/db/pynqrypt.pp.0.cpp:24671:5: warning: Added loop label VITIS_LOOP_287_1:   [xilinx-label-all-loops]
    for (int i = 0; i < 4; i++)
    ^~~
    VITIS_LOOP_287_1: 
/home/mrindeciso/Documents/pynqrypt/pynqrypt-vitis-hls/pynqrypt/.autopilot/db/pynqrypt.pp.0.cpp:24671:5: note: FIX-IT applied suggested code changes
