

================================================================
== Vitis HLS Report for 'aes_encrypt_block'
================================================================
* Date:           Wed Dec  7 00:11:52 2022

* Version:        2022.2 (Build 3670227 on Oct 13 2022)
* Project:        pynqrypt-vitis-hls
* Solution:       pynqrypt (Vivado IP Flow Target)
* Product family: zynq
* Target device:  xc7z020i-clg400-1L


================================================================
== Performance Estimates
================================================================
+ Timing: 
    * Summary: 
    +--------+----------+----------+------------+
    |  Clock |  Target  | Estimated| Uncertainty|
    +--------+----------+----------+------------+
    |ap_clk  |  10.00 ns|  6.764 ns|     2.70 ns|
    +--------+----------+----------+------------+

+ Latency: 
    * Summary: 
    +---------+---------+----------+----------+-----+-----+---------+
    |  Latency (cycles) |  Latency (absolute) |  Interval | Pipeline|
    |   min   |   max   |    min   |    max   | min | max |   Type  |
    +---------+---------+----------+----------+-----+-----+---------+
    |      192|      192|  1.920 us|  1.920 us|  192|  192|       no|
    +---------+---------+----------+----------+-----+-----+---------+

    + Detail: 
        * Instance: 
        +--------------------------------------------------------------+---------------------------------------------------+---------+---------+----------+----------+-----+-----+---------+
        |                                                              |                                                   |  Latency (cycles) |  Latency (absolute) |  Interval | Pipeline|
        |                           Instance                           |                       Module                      |   min   |   max   |    min   |    max   | min | max |   Type  |
        +--------------------------------------------------------------+---------------------------------------------------+---------+---------+----------+----------+-----+-----+---------+
        |grp_aes_encrypt_block_Pipeline_loop_aes_encrypt_block_fu_601  |aes_encrypt_block_Pipeline_loop_aes_encrypt_block  |      137|      137|  1.370 us|  1.370 us|  137|  137|       no|
        |grp_aes_encrypt_block_Pipeline_2_fu_628                       |aes_encrypt_block_Pipeline_2                       |       18|       18|  0.180 us|  0.180 us|   18|   18|       no|
        +--------------------------------------------------------------+---------------------------------------------------+---------+---------+----------+----------+-----+-----+---------+

        * Loop: 
        N/A



================================================================
== Utilization Estimates
================================================================
* Summary: 
+-----------------+---------+-----+--------+-------+-----+
|       Name      | BRAM_18K| DSP |   FF   |  LUT  | URAM|
+-----------------+---------+-----+--------+-------+-----+
|DSP              |        -|    -|       -|      -|    -|
|Expression       |        -|    -|       0|    248|    -|
|FIFO             |        -|    -|       -|      -|    -|
|Instance         |        1|    -|     453|   1503|    -|
|Memory           |        1|    -|      16|      2|    0|
|Multiplexer      |        -|    -|       -|    856|    -|
|Register         |        -|    -|     160|      -|    -|
+-----------------+---------+-----+--------+-------+-----+
|Total            |        2|    0|     629|   2609|    0|
+-----------------+---------+-----+--------+-------+-----+
|Available        |      280|  220|  106400|  53200|    0|
+-----------------+---------+-----+--------+-------+-----+
|Utilization (%)  |       ~0|    0|      ~0|      4|    0|
+-----------------+---------+-----+--------+-------+-----+

+ Detail: 
    * Instance: 
    +--------------------------------------------------------------+---------------------------------------------------+---------+----+-----+------+-----+
    |                           Instance                           |                       Module                      | BRAM_18K| DSP|  FF |  LUT | URAM|
    +--------------------------------------------------------------+---------------------------------------------------+---------+----+-----+------+-----+
    |grp_aes_encrypt_block_Pipeline_2_fu_628                       |aes_encrypt_block_Pipeline_2                       |        0|   0|   13|    61|    0|
    |grp_aes_encrypt_block_Pipeline_loop_aes_encrypt_block_fu_601  |aes_encrypt_block_Pipeline_loop_aes_encrypt_block  |        1|   0|  440|  1442|    0|
    +--------------------------------------------------------------+---------------------------------------------------+---------+----+-----+------+-----+
    |Total                                                         |                                                   |        1|   0|  453|  1503|    0|
    +--------------------------------------------------------------+---------------------------------------------------+---------+----+-----+------+-----+

    * DSP: 
    N/A

    * Memory: 
    +-------------------+-----------------------------------------------+---------+----+----+-----+------+-----+------+-------------+
    |       Memory      |                     Module                    | BRAM_18K| FF | LUT| URAM| Words| Bits| Banks| W*Bits*Banks|
    +-------------------+-----------------------------------------------+---------+----+----+-----+------+-----+------+-------------+
    |crypto_aes_sbox_U  |aes_encrypt_block_crypto_aes_sbox_ROM_AUTO_1R  |        1|   0|   0|    0|   256|    8|     1|         2048|
    |temp_U             |aes_encrypt_block_temp_RAM_AUTO_1R1W           |        0|  16|   2|    0|    16|    8|     1|          128|
    +-------------------+-----------------------------------------------+---------+----+----+-----+------+-----+------+-------------+
    |Total              |                                               |        1|  16|   2|    0|   272|   16|     2|         2176|
    +-------------------+-----------------------------------------------+---------+----+----+-----+------+-----+------+-------------+

    * FIFO: 
    N/A

    * Expression: 
    +------------------------+----------+----+---+----+------------+------------+
    |      Variable Name     | Operation| DSP| FF| LUT| Bitwidth P0| Bitwidth P1|
    +------------------------+----------+----+---+----+------------+------------+
    |grp_fu_635_p2           |       xor|   0|  0|   8|           8|           7|
    |xor_ln233_10_fu_707_p2  |       xor|   0|  0|   8|           8|           8|
    |xor_ln233_11_fu_713_p2  |       xor|   0|  0|   8|           8|           7|
    |xor_ln233_12_fu_719_p2  |       xor|   0|  0|   8|           8|           7|
    |xor_ln233_13_fu_725_p2  |       xor|   0|  0|   8|           8|           8|
    |xor_ln233_14_fu_732_p2  |       xor|   0|  0|   8|           8|           2|
    |xor_ln233_15_fu_738_p2  |       xor|   0|  0|   8|           8|           8|
    |xor_ln233_16_fu_879_p2  |       xor|   0|  0|   8|           8|           6|
    |xor_ln233_18_fu_886_p2  |       xor|   0|  0|   8|           8|           8|
    |xor_ln233_1_fu_651_p2   |       xor|   0|  0|   8|           8|           7|
    |xor_ln233_20_fu_893_p2  |       xor|   0|  0|   8|           8|           7|
    |xor_ln233_21_fu_900_p2  |       xor|   0|  0|   8|           8|           3|
    |xor_ln233_22_fu_907_p2  |       xor|   0|  0|   8|           8|           6|
    |xor_ln233_23_fu_914_p2  |       xor|   0|  0|   8|           8|           8|
    |xor_ln233_24_fu_921_p2  |       xor|   0|  0|   8|           8|           3|
    |xor_ln233_25_fu_928_p2  |       xor|   0|  0|   8|           8|           7|
    |xor_ln233_26_fu_935_p2  |       xor|   0|  0|   8|           8|           7|
    |xor_ln233_27_fu_942_p2  |       xor|   0|  0|   8|           8|           8|
    |xor_ln233_28_fu_949_p2  |       xor|   0|  0|   8|           8|           7|
    |xor_ln233_29_fu_956_p2  |       xor|   0|  0|   8|           8|           7|
    |xor_ln233_2_fu_658_p2   |       xor|   0|  0|   8|           8|           6|
    |xor_ln233_30_fu_963_p2  |       xor|   0|  0|   8|           8|           7|
    |xor_ln233_31_fu_970_p2  |       xor|   0|  0|   8|           8|           7|
    |xor_ln233_3_fu_665_p2   |       xor|   0|  0|   8|           8|           7|
    |xor_ln233_4_fu_671_p2   |       xor|   0|  0|   8|           8|           7|
    |xor_ln233_5_fu_677_p2   |       xor|   0|  0|   8|           8|           7|
    |xor_ln233_6_fu_683_p2   |       xor|   0|  0|   8|           8|           8|
    |xor_ln233_7_fu_689_p2   |       xor|   0|  0|   8|           8|           8|
    |xor_ln233_8_fu_695_p2   |       xor|   0|  0|   8|           8|           7|
    |xor_ln233_9_fu_701_p2   |       xor|   0|  0|   8|           8|           8|
    |xor_ln233_fu_745_p2     |       xor|   0|  0|   8|           8|           7|
    +------------------------+----------+----+---+----+------------+------------+
    |Total                   |          |   0|  0| 248|         248|         210|
    +------------------------+----------+----+---+----+------------+------------+

    * Multiplexer: 
    +--------------------------+-----+-----------+-----+-----------+
    |           Name           | LUT | Input Size| Bits| Total Bits|
    +--------------------------+-----+-----------+-----+-----------+
    |ap_NS_fsm                 |  172|         39|    1|         39|
    |crypto_aes_sbox_address0  |   53|         10|    8|         80|
    |crypto_aes_sbox_address1  |   53|         10|    8|         80|
    |crypto_aes_sbox_ce0       |   14|          3|    1|          3|
    |crypto_aes_sbox_ce1       |   14|          3|    1|          3|
    |reg_642                   |    9|          2|    8|         16|
    |state_address0            |  100|         20|    4|         80|
    |state_address1            |   81|         17|    4|         68|
    |state_ce0                 |   20|          4|    1|          4|
    |state_ce1                 |   14|          3|    1|          3|
    |state_d0                  |   87|         18|    8|        144|
    |state_d1                  |   87|         18|    8|        144|
    |state_we0                 |   14|          3|    1|          3|
    |state_we1                 |   14|          3|    1|          3|
    |temp_address0             |   53|         10|    4|         40|
    |temp_address1             |   48|          9|    4|         36|
    |temp_ce0                  |   14|          3|    1|          3|
    |temp_we0                  |    9|          2|    1|          2|
    +--------------------------+-----+-----------+-----+-----------+
    |Total                     |  856|        177|   65|        751|
    +--------------------------+-----+-----------+-----+-----------+

    * Register: 
    +---------------------------------------------------------------------------+----+----+-----+-----------+
    |                                    Name                                   | FF | LUT| Bits| Const Bits|
    +---------------------------------------------------------------------------+----+----+-----+-----------+
    |ap_CS_fsm                                                                  |  38|   0|   38|          0|
    |grp_aes_encrypt_block_Pipeline_2_fu_628_ap_start_reg                       |   1|   0|    1|          0|
    |grp_aes_encrypt_block_Pipeline_loop_aes_encrypt_block_fu_601_ap_start_reg  |   1|   0|    1|          0|
    |reg_642                                                                    |   8|   0|    8|          0|
    |reg_647                                                                    |   8|   0|    8|          0|
    |state_load_10_reg_1176                                                     |   8|   0|    8|          0|
    |state_load_11_reg_1193                                                     |   8|   0|    8|          0|
    |state_load_12_reg_1198                                                     |   8|   0|    8|          0|
    |state_load_14_reg_1215                                                     |   8|   0|    8|          0|
    |state_load_3_reg_1105                                                      |   8|   0|    8|          0|
    |state_load_4_reg_1110                                                      |   8|   0|    8|          0|
    |state_load_5_reg_1127                                                      |   8|   0|    8|          0|
    |state_load_6_reg_1132                                                      |   8|   0|    8|          0|
    |state_load_7_reg_1149                                                      |   8|   0|    8|          0|
    |state_load_8_reg_1154                                                      |   8|   0|    8|          0|
    |state_load_9_reg_1171                                                      |   8|   0|    8|          0|
    |state_load_reg_1078                                                        |   8|   0|    8|          0|
    |xor_ln233_reg_1226                                                         |   8|   0|    8|          0|
    +---------------------------------------------------------------------------+----+----+-----+-----------+
    |Total                                                                      | 160|   0|  160|          0|
    +---------------------------------------------------------------------------+----+----+-----+-----------+



================================================================
== Interface
================================================================
* Summary: 
+----------------+-----+-----+------------+-------------------+--------------+
|    RTL Ports   | Dir | Bits|  Protocol  |   Source Object   |    C Type    |
+----------------+-----+-----+------------+-------------------+--------------+
|ap_clk          |   in|    1|  ap_ctrl_hs|  aes_encrypt_block|  return value|
|ap_rst          |   in|    1|  ap_ctrl_hs|  aes_encrypt_block|  return value|
|ap_start        |   in|    1|  ap_ctrl_hs|  aes_encrypt_block|  return value|
|ap_done         |  out|    1|  ap_ctrl_hs|  aes_encrypt_block|  return value|
|ap_idle         |  out|    1|  ap_ctrl_hs|  aes_encrypt_block|  return value|
|ap_ready        |  out|    1|  ap_ctrl_hs|  aes_encrypt_block|  return value|
|state_address0  |  out|    4|   ap_memory|              state|         array|
|state_ce0       |  out|    1|   ap_memory|              state|         array|
|state_we0       |  out|    1|   ap_memory|              state|         array|
|state_d0        |  out|    8|   ap_memory|              state|         array|
|state_q0        |   in|    8|   ap_memory|              state|         array|
|state_address1  |  out|    4|   ap_memory|              state|         array|
|state_ce1       |  out|    1|   ap_memory|              state|         array|
|state_we1       |  out|    1|   ap_memory|              state|         array|
|state_d1        |  out|    8|   ap_memory|              state|         array|
|state_q1        |   in|    8|   ap_memory|              state|         array|
+----------------+-----+-----+------------+-------------------+--------------+

