

================================================================
== Vitis HLS Report for 'aes_encrypt_block_Pipeline_loop_aes_encrypt_block'
================================================================
* Date:           Sat Dec 10 13:08:42 2022

* Version:        2022.2 (Build 3670227 on Oct 13 2022)
* Project:        pynqrypt-vitis-hls
* Solution:       pynqrypt (Vivado IP Flow Target)
* Product family: zynq
* Target device:  xc7z020i-clg400-1L


================================================================
== Performance Estimates
================================================================
+ Timing: 
    * Summary: 
    +--------+----------+----------+------------+
    |  Clock |  Target  | Estimated| Uncertainty|
    +--------+----------+----------+------------+
    |ap_clk  |  10.00 ns|  5.944 ns|     2.70 ns|
    +--------+----------+----------+------------+

+ Latency: 
    * Summary: 
    +---------+---------+----------+----------+-----+-----+---------+
    |  Latency (cycles) |  Latency (absolute) |  Interval | Pipeline|
    |   min   |   max   |    min   |    max   | min | max |   Type  |
    +---------+---------+----------+----------+-----+-----+---------+
    |       92|       92|  0.920 us|  0.920 us|   92|   92|       no|
    +---------+---------+----------+----------+-----+-----+---------+

    + Detail: 
        * Instance: 
        N/A

        * Loop: 
        +--------------------------+---------+---------+----------+-----------+-----------+------+----------+
        |                          |  Latency (cycles) | Iteration|  Initiation Interval  | Trip |          |
        |         Loop Name        |   min   |   max   |  Latency |  achieved |   target  | Count| Pipelined|
        +--------------------------+---------+---------+----------+-----------+-----------+------+----------+
        |- loop_aes_encrypt_block  |       90|       90|        10|         10|          1|     9|       yes|
        +--------------------------+---------+---------+----------+-----------+-----------+------+----------+



================================================================
== Utilization Estimates
================================================================
* Summary: 
+-----------------+---------+-----+--------+-------+-----+
|       Name      | BRAM_18K| DSP |   FF   |  LUT  | URAM|
+-----------------+---------+-----+--------+-------+-----+
|DSP              |        -|    -|       -|      -|    -|
|Expression       |        -|    -|       0|  35272|    -|
|FIFO             |        -|    -|       -|      -|    -|
|Instance         |        -|    -|       -|      -|    -|
|Memory           |        2|    -|       0|      0|    -|
|Multiplexer      |        -|    -|       -|    305|    -|
|Register         |        -|    -|     737|      -|    -|
+-----------------+---------+-----+--------+-------+-----+
|Total            |        2|    0|     737|  35577|    0|
+-----------------+---------+-----+--------+-------+-----+
|Available        |      280|  220|  106400|  53200|    0|
+-----------------+---------+-----+--------+-------+-----+
|Utilization (%)  |       ~0|    0|      ~0|     66|    0|
+-----------------+---------+-----+--------+-------+-----+

+ Detail: 
    * Instance: 
    N/A

    * DSP: 
    N/A

    * Memory: 
    +---------------------+---------------------------------------------------------------------------------+---------+---+----+-----+------+-----+------+-------------+
    |        Memory       |                                      Module                                     | BRAM_18K| FF| LUT| URAM| Words| Bits| Banks| W*Bits*Banks|
    +---------------------+---------------------------------------------------------------------------------+---------+---+----+-----+------+-----+------+-------------+
    |crypto_aes_mul2_V_U  |aes_encrypt_block_Pipeline_loop_aes_encrypt_block_crypto_aes_mul2_V_ROM_AUTO_1R  |        1|  0|   0|    0|   256|    8|     1|         2048|
    |crypto_aes_mul3_V_U  |aes_encrypt_block_Pipeline_loop_aes_encrypt_block_crypto_aes_mul3_V_ROM_AUTO_1R  |        1|  0|   0|    0|   256|    8|     1|         2048|
    +---------------------+---------------------------------------------------------------------------------+---------+---+----+-----+------+-----+------+-------------+
    |Total                |                                                                                 |        2|  0|   0|    0|   512|   16|     2|         4096|
    +---------------------+---------------------------------------------------------------------------------+---------+---+----+-----+------+-----+------+-------------+

    * FIFO: 
    N/A

    * Expression: 
    +--------------------------+----------+----+---+------+------------+------------+
    |       Variable Name      | Operation| DSP| FF|  LUT | Bitwidth P0| Bitwidth P1|
    +--------------------------+----------+----+---+------+------------+------------+
    |add_ln47_fu_641_p2        |         +|   0|  0|    13|           4|           1|
    |icmp_ln47_fu_429_p2       |      icmp|   0|  0|     9|           4|           4|
    |lshr_ln186_10_fu_871_p2   |      lshr|   0|  0|  2171|        2045|        2048|
    |lshr_ln186_11_fu_892_p2   |      lshr|   0|  0|  2171|        2045|        2048|
    |lshr_ln186_12_fu_923_p2   |      lshr|   0|  0|  2171|        2045|        2048|
    |lshr_ln186_13_fu_944_p2   |      lshr|   0|  0|  2171|        2045|        2048|
    |lshr_ln186_14_fu_975_p2   |      lshr|   0|  0|  2171|        2045|        2048|
    |lshr_ln186_15_fu_996_p2   |      lshr|   0|  0|  2171|        2045|        2048|
    |lshr_ln186_1_fu_491_p2    |      lshr|   0|  0|  2171|        2045|        2048|
    |lshr_ln186_2_fu_663_p2    |      lshr|   0|  0|  2171|        2045|        2048|
    |lshr_ln186_3_fu_684_p2    |      lshr|   0|  0|  2171|        2045|        2048|
    |lshr_ln186_4_fu_715_p2    |      lshr|   0|  0|  2171|        2045|        2048|
    |lshr_ln186_5_fu_736_p2    |      lshr|   0|  0|  2171|        2045|        2048|
    |lshr_ln186_6_fu_767_p2    |      lshr|   0|  0|  2171|        2045|        2048|
    |lshr_ln186_7_fu_788_p2    |      lshr|   0|  0|  2171|        2045|        2048|
    |lshr_ln186_8_fu_819_p2    |      lshr|   0|  0|  2171|        2045|        2048|
    |lshr_ln186_9_fu_840_p2    |      lshr|   0|  0|  2171|        2045|        2048|
    |lshr_ln186_fu_459_p2      |      lshr|   0|  0|  2171|        2045|        2048|
    |ap_enable_pp0             |       xor|   0|  0|     2|           1|           2|
    |xor_ln1499_10_fu_1056_p2  |       xor|   0|  0|     8|           8|           8|
    |xor_ln1499_11_fu_1060_p2  |       xor|   0|  0|     8|           8|           8|
    |xor_ln1499_12_fu_1064_p2  |       xor|   0|  0|     8|           8|           8|
    |xor_ln1499_13_fu_1070_p2  |       xor|   0|  0|     8|           8|           8|
    |xor_ln1499_14_fu_1074_p2  |       xor|   0|  0|     8|           8|           8|
    |xor_ln1499_15_fu_1078_p2  |       xor|   0|  0|     8|           8|           8|
    |xor_ln1499_16_fu_1084_p2  |       xor|   0|  0|     8|           8|           8|
    |xor_ln1499_17_fu_1088_p2  |       xor|   0|  0|     8|           8|           8|
    |xor_ln1499_18_fu_1092_p2  |       xor|   0|  0|     8|           8|           8|
    |xor_ln1499_19_fu_1098_p2  |       xor|   0|  0|     8|           8|           8|
    |xor_ln1499_20_fu_1102_p2  |       xor|   0|  0|     8|           8|           8|
    |xor_ln1499_21_fu_1106_p2  |       xor|   0|  0|     8|           8|           8|
    |xor_ln1499_22_fu_1112_p2  |       xor|   0|  0|     8|           8|           8|
    |xor_ln1499_23_fu_1116_p2  |       xor|   0|  0|     8|           8|           8|
    |xor_ln1499_24_fu_1120_p2  |       xor|   0|  0|     8|           8|           8|
    |xor_ln1499_25_fu_1126_p2  |       xor|   0|  0|     8|           8|           8|
    |xor_ln1499_26_fu_1130_p2  |       xor|   0|  0|     8|           8|           8|
    |xor_ln1499_27_fu_1134_p2  |       xor|   0|  0|     8|           8|           8|
    |xor_ln1499_28_fu_1140_p2  |       xor|   0|  0|     8|           8|           8|
    |xor_ln1499_29_fu_1144_p2  |       xor|   0|  0|     8|           8|           8|
    |xor_ln1499_30_fu_1148_p2  |       xor|   0|  0|     8|           8|           8|
    |xor_ln1499_31_fu_1154_p2  |       xor|   0|  0|     8|           8|           8|
    |xor_ln1499_32_fu_1158_p2  |       xor|   0|  0|     8|           8|           8|
    |xor_ln1499_33_fu_1162_p2  |       xor|   0|  0|     8|           8|           8|
    |xor_ln1499_34_fu_1168_p2  |       xor|   0|  0|     8|           8|           8|
    |xor_ln1499_35_fu_1172_p2  |       xor|   0|  0|     8|           8|           8|
    |xor_ln1499_36_fu_1176_p2  |       xor|   0|  0|     8|           8|           8|
    |xor_ln1499_37_fu_1182_p2  |       xor|   0|  0|     8|           8|           8|
    |xor_ln1499_38_fu_1186_p2  |       xor|   0|  0|     8|           8|           8|
    |xor_ln1499_39_fu_1190_p2  |       xor|   0|  0|     8|           8|           8|
    |xor_ln1499_40_fu_1196_p2  |       xor|   0|  0|     8|           8|           8|
    |xor_ln1499_41_fu_1201_p2  |       xor|   0|  0|     8|           8|           8|
    |xor_ln1499_42_fu_1205_p2  |       xor|   0|  0|     8|           8|           8|
    |xor_ln1499_43_fu_1211_p2  |       xor|   0|  0|     8|           8|           8|
    |xor_ln1499_44_fu_1215_p2  |       xor|   0|  0|     8|           8|           8|
    |xor_ln1499_45_fu_1219_p2  |       xor|   0|  0|     8|           8|           8|
    |xor_ln1499_46_fu_1229_p2  |       xor|   0|  0|     8|           8|           8|
    |xor_ln1499_47_fu_1225_p2  |       xor|   0|  0|     8|           8|           8|
    |xor_ln1499_48_fu_1234_p2  |       xor|   0|  0|     8|           8|           8|
    |xor_ln1499_49_fu_1243_p2  |       xor|   0|  0|     8|           8|           8|
    |xor_ln1499_50_fu_1239_p2  |       xor|   0|  0|     8|           8|           8|
    |xor_ln1499_51_fu_1249_p2  |       xor|   0|  0|     8|           8|           8|
    |xor_ln1499_5_fu_1031_p2   |       xor|   0|  0|     8|           8|           8|
    |xor_ln1499_6_fu_1035_p2   |       xor|   0|  0|     8|           8|           8|
    |xor_ln1499_7_fu_1041_p2   |       xor|   0|  0|     8|           8|           8|
    |xor_ln1499_8_fu_1046_p2   |       xor|   0|  0|     8|           8|           8|
    |xor_ln1499_9_fu_1050_p2   |       xor|   0|  0|     8|           8|           8|
    |xor_ln1499_fu_1026_p2     |       xor|   0|  0|     8|           8|           8|
    |xor_ln859_1_fu_1290_p2    |       xor|   0|  0|   128|         128|         128|
    +--------------------------+----------+----+---+------+------------+------------+
    |Total                     |          |   0|  0| 35272|       33241|       33287|
    +--------------------------+----------+----+---+------+------------+------------+

    * Multiplexer: 
    +-----------------------------+----+-----------+-----+-----------+
    |             Name            | LUT| Input Size| Bits| Total Bits|
    +-----------------------------+----+-----------+-----+-----------+
    |ap_NS_fsm                    |  59|         11|    1|         11|
    |ap_done_int                  |   9|          2|    1|          2|
    |ap_enable_reg_pp0_iter0      |   9|          2|    1|          2|
    |ap_enable_reg_pp0_iter0_reg  |   9|          2|    1|          2|
    |ap_enable_reg_pp0_iter1      |   9|          2|    1|          2|
    |crypto_aes_mul2_V_address0   |  48|          9|    8|         72|
    |crypto_aes_mul2_V_address1   |  48|          9|    8|         72|
    |crypto_aes_mul3_V_address0   |  48|          9|    8|         72|
    |crypto_aes_mul3_V_address1   |  48|          9|    8|         72|
    |i_fu_112                     |   9|          2|    4|          8|
    |state_promoted_i_fu_108      |   9|          2|  128|        256|
    +-----------------------------+----+-----------+-----+-----------+
    |Total                        | 305|         59|  169|        571|
    +-----------------------------+----+-----------+-----+-----------+

    * Register: 
    +------------------------------------+-----+----+-----+-----------+
    |                Name                |  FF | LUT| Bits| Const Bits|
    +------------------------------------+-----+----+-----+-----------+
    |ap_CS_fsm                           |   10|   0|   10|          0|
    |ap_done_reg                         |    1|   0|    1|          0|
    |ap_enable_reg_pp0_iter0_reg         |    1|   0|    1|          0|
    |ap_enable_reg_pp0_iter1             |    1|   0|    1|          0|
    |crypto_aes_mul2_V_load_10_reg_1489  |    8|   0|    8|          0|
    |crypto_aes_mul2_V_load_11_reg_1799  |    8|   0|    8|          0|
    |crypto_aes_mul2_V_load_13_reg_1769  |    8|   0|    8|          0|
    |crypto_aes_mul2_V_load_14_reg_1607  |    8|   0|    8|          0|
    |crypto_aes_mul2_V_load_15_reg_1499  |    8|   0|    8|          0|
    |crypto_aes_mul2_V_load_2_reg_1685   |    8|   0|    8|          0|
    |crypto_aes_mul2_V_load_3_reg_1577   |    8|   0|    8|          0|
    |crypto_aes_mul2_V_load_4_reg_1636   |    8|   0|    8|          0|
    |crypto_aes_mul2_V_load_5_reg_1543   |    8|   0|    8|          0|
    |crypto_aes_mul2_V_load_6_reg_1789   |    8|   0|    8|          0|
    |crypto_aes_mul2_V_load_7_reg_1695   |    8|   0|    8|          0|
    |crypto_aes_mul2_V_load_8_reg_1744   |    8|   0|    8|          0|
    |crypto_aes_mul2_V_load_9_reg_1661   |    8|   0|    8|          0|
    |crypto_aes_mul2_V_load_reg_1518     |    8|   0|    8|          0|
    |crypto_aes_mul3_V_load_10_reg_1794  |    8|   0|    8|          0|
    |crypto_aes_mul3_V_load_11_reg_1754  |    8|   0|    8|          0|
    |crypto_aes_mul3_V_load_12_reg_1764  |    8|   0|    8|          0|
    |crypto_aes_mul3_V_load_13_reg_1602  |    8|   0|    8|          0|
    |crypto_aes_mul3_V_load_14_reg_1494  |    8|   0|    8|          0|
    |crypto_aes_mul3_V_load_1_reg_1680   |    8|   0|    8|          0|
    |crypto_aes_mul3_V_load_2_reg_1572   |    8|   0|    8|          0|
    |crypto_aes_mul3_V_load_3_reg_1528   |    8|   0|    8|          0|
    |crypto_aes_mul3_V_load_4_reg_1538   |    8|   0|    8|          0|
    |crypto_aes_mul3_V_load_5_reg_1784   |    8|   0|    8|          0|
    |crypto_aes_mul3_V_load_6_reg_1690   |    8|   0|    8|          0|
    |crypto_aes_mul3_V_load_7_reg_1646   |    8|   0|    8|          0|
    |crypto_aes_mul3_V_load_8_reg_1656   |    8|   0|    8|          0|
    |crypto_aes_mul3_V_load_9_reg_1484   |    8|   0|    8|          0|
    |i_fu_112                            |    4|   0|    4|          0|
    |state_promoted_i_fu_108             |  128|   0|  128|          0|
    |this_round_keys_load_reg_1445       |  128|   0|  128|          0|
    |tmp_10_reg_1376                     |    8|   0|    8|          0|
    |tmp_11_reg_1381                     |    8|   0|    8|          0|
    |tmp_12_reg_1386                     |    8|   0|    8|          0|
    |tmp_13_reg_1391                     |    8|   0|    8|          0|
    |tmp_14_reg_1396                     |    8|   0|    8|          0|
    |tmp_15_reg_1401                     |    8|   0|    8|          0|
    |tmp_2_reg_1336                      |    8|   0|    8|          0|
    |tmp_3_reg_1341                      |    8|   0|    8|          0|
    |tmp_4_reg_1346                      |    8|   0|    8|          0|
    |tmp_5_reg_1351                      |    8|   0|    8|          0|
    |tmp_6_reg_1356                      |    8|   0|    8|          0|
    |tmp_7_reg_1361                      |    8|   0|    8|          0|
    |tmp_8_reg_1366                      |    8|   0|    8|          0|
    |tmp_9_reg_1371                      |    8|   0|    8|          0|
    |trunc_ln186_10_reg_1565             |    8|   0|    8|          0|
    |trunc_ln186_11_reg_1612             |    8|   0|    8|          0|
    |trunc_ln186_12_reg_1619             |    8|   0|    8|          0|
    |trunc_ln186_13_reg_1666             |    8|   0|    8|          0|
    |trunc_ln186_14_reg_1673             |    8|   0|    8|          0|
    |trunc_ln186_15_reg_1720             |    8|   0|    8|          0|
    |trunc_ln186_16_reg_1727             |    8|   0|    8|          0|
    |trunc_ln186_1_reg_1322              |    8|   0|    8|          0|
    |trunc_ln186_2_reg_1329              |    8|   0|    8|          0|
    |trunc_ln186_3_reg_1411              |    8|   0|    8|          0|
    |trunc_ln186_4_reg_1418              |    8|   0|    8|          0|
    |trunc_ln186_5_reg_1450              |    8|   0|    8|          0|
    |trunc_ln186_6_reg_1457              |    8|   0|    8|          0|
    |trunc_ln186_7_reg_1504              |    8|   0|    8|          0|
    |trunc_ln186_8_reg_1511              |    8|   0|    8|          0|
    |trunc_ln186_9_reg_1558              |    8|   0|    8|          0|
    +------------------------------------+-----+----+-----+-----------+
    |Total                               |  737|   0|  737|          0|
    +------------------------------------+-----+----+-----+-----------+



================================================================
== Interface
================================================================
* Summary: 
+-----------------------------+-----+-----+------------+---------------------------------------------------+--------------+
|          RTL Ports          | Dir | Bits|  Protocol  |                   Source Object                   |    C Type    |
+-----------------------------+-----+-----+------------+---------------------------------------------------+--------------+
|ap_clk                       |   in|    1|  ap_ctrl_hs|  aes_encrypt_block_Pipeline_loop_aes_encrypt_block|  return value|
|ap_rst                       |   in|    1|  ap_ctrl_hs|  aes_encrypt_block_Pipeline_loop_aes_encrypt_block|  return value|
|ap_start                     |   in|    1|  ap_ctrl_hs|  aes_encrypt_block_Pipeline_loop_aes_encrypt_block|  return value|
|ap_done                      |  out|    1|  ap_ctrl_hs|  aes_encrypt_block_Pipeline_loop_aes_encrypt_block|  return value|
|ap_idle                      |  out|    1|  ap_ctrl_hs|  aes_encrypt_block_Pipeline_loop_aes_encrypt_block|  return value|
|ap_ready                     |  out|    1|  ap_ctrl_hs|  aes_encrypt_block_Pipeline_loop_aes_encrypt_block|  return value|
|xor_ln859                    |   in|  128|     ap_none|                                          xor_ln859|        scalar|
|this_round_keys_address0     |  out|    4|   ap_memory|                                    this_round_keys|         array|
|this_round_keys_ce0          |  out|    1|   ap_memory|                                    this_round_keys|         array|
|this_round_keys_q0           |   in|  128|   ap_memory|                                    this_round_keys|         array|
|state_promoted_i_out         |  out|  128|      ap_vld|                               state_promoted_i_out|       pointer|
|state_promoted_i_out_ap_vld  |  out|    1|      ap_vld|                               state_promoted_i_out|       pointer|
+-----------------------------+-----+-----+------------+---------------------------------------------------+--------------+

