

================================================================
== Vitis HLS Report for 'aes_generate_round_keys'
================================================================
* Date:           Sat Dec 10 14:02:51 2022

* Version:        2022.2 (Build 3670227 on Oct 13 2022)
* Project:        pynqrypt-vitis-hls
* Solution:       pynqrypt (Vivado IP Flow Target)
* Product family: zynq
* Target device:  xc7z020i-clg400-1L


================================================================
== Performance Estimates
================================================================
+ Timing: 
    * Summary: 
    +--------+----------+----------+------------+
    |  Clock |  Target  | Estimated| Uncertainty|
    +--------+----------+----------+------------+
    |ap_clk  |  10.00 ns|  6.508 ns|     2.70 ns|
    +--------+----------+----------+------------+

+ Latency: 
    * Summary: 
    +---------+---------+----------+----------+-----+-----+---------+
    |  Latency (cycles) |  Latency (absolute) |  Interval | Pipeline|
    |   min   |   max   |    min   |    max   | min | max |   Type  |
    +---------+---------+----------+----------+-----+-----+---------+
    |       81|       81|  0.810 us|  0.810 us|   81|   81|       no|
    +---------+---------+----------+----------+-----+-----+---------+

    + Detail: 
        * Instance: 
        +-------------------------------------------------------------------------+---------------------------------------------------------------+---------+---------+----------+----------+-----+-----+---------+
        |                                                                         |                                                               |  Latency (cycles) |  Latency (absolute) |  Interval | Pipeline|
        |                                 Instance                                |                             Module                            |   min   |   max   |    min   |    max   | min | max |   Type  |
        +-------------------------------------------------------------------------+---------------------------------------------------------------+---------+---------+----------+----------+-----+-----+---------+
        |grp_aes_generate_round_keys_Pipeline_loop_aes_generate_round_keys_fu_87  |aes_generate_round_keys_Pipeline_loop_aes_generate_round_keys  |       52|       52|  0.520 us|  0.520 us|   52|   52|       no|
        |grp_aes_generate_round_keys_Pipeline_VITIS_LOOP_184_1_fu_94              |aes_generate_round_keys_Pipeline_VITIS_LOOP_184_1              |       24|       24|  0.240 us|  0.240 us|   24|   24|       no|
        +-------------------------------------------------------------------------+---------------------------------------------------------------+---------+---------+----------+----------+-----+-----+---------+

        * Loop: 
        N/A



================================================================
== Utilization Estimates
================================================================
* Summary: 
+-----------------+---------+-----+--------+-------+-----+
|       Name      | BRAM_18K| DSP |   FF   |  LUT  | URAM|
+-----------------+---------+-----+--------+-------+-----+
|DSP              |        -|    -|       -|      -|    -|
|Expression       |        -|    -|       -|      -|    -|
|FIFO             |        -|    -|       -|      -|    -|
|Instance         |        0|    -|     280|   9218|    -|
|Memory           |        2|    -|       0|      0|    0|
|Multiplexer      |        -|    -|       -|    195|    -|
|Register         |        -|    -|      72|      -|    -|
+-----------------+---------+-----+--------+-------+-----+
|Total            |        2|    0|     352|   9413|    0|
+-----------------+---------+-----+--------+-------+-----+
|Available        |      280|  220|  106400|  53200|    0|
+-----------------+---------+-----+--------+-------+-----+
|Utilization (%)  |       ~0|    0|      ~0|     17|    0|
+-----------------+---------+-----+--------+-------+-----+

+ Detail: 
    * Instance: 
    +-------------------------------------------------------------------------+---------------------------------------------------------------+---------+----+-----+------+-----+
    |                                 Instance                                |                             Module                            | BRAM_18K| DSP|  FF |  LUT | URAM|
    +-------------------------------------------------------------------------+---------------------------------------------------------------+---------+----+-----+------+-----+
    |grp_aes_generate_round_keys_Pipeline_VITIS_LOOP_184_1_fu_94              |aes_generate_round_keys_Pipeline_VITIS_LOOP_184_1              |        0|   0|   86|   140|    0|
    |grp_aes_generate_round_keys_Pipeline_loop_aes_generate_round_keys_fu_87  |aes_generate_round_keys_Pipeline_loop_aes_generate_round_keys  |        0|   0|  194|  9078|    0|
    +-------------------------------------------------------------------------+---------------------------------------------------------------+---------+----+-----+------+-----+
    |Total                                                                    |                                                               |        0|   0|  280|  9218|    0|
    +-------------------------------------------------------------------------+---------------------------------------------------------------+---------+----+-----+------+-----+

    * DSP: 
    N/A

    * Memory: 
    +-----------------+-----------------------------------------------------+---------+---+----+-----+------+-----+------+-------------+
    |      Memory     |                        Module                       | BRAM_18K| FF| LUT| URAM| Words| Bits| Banks| W*Bits*Banks|
    +-----------------+-----------------------------------------------------+---------+---+----+-----+------+-----+------+-------------+
    |p_round_key_V_U  |aes_generate_round_keys_p_round_key_V_RAM_AUTO_1R1W  |        2|  0|   0|    0|    44|   32|     1|         1408|
    +-----------------+-----------------------------------------------------+---------+---+----+-----+------+-----+------+-------------+
    |Total            |                                                     |        2|  0|   0|    0|    44|   32|     1|         1408|
    +-----------------+-----------------------------------------------------+---------+---+----+-----+------+-----+------+-------------+

    * FIFO: 
    N/A

    * Expression: 
    N/A

    * Multiplexer: 
    +------------------------+----+-----------+-----+-----------+
    |          Name          | LUT| Input Size| Bits| Total Bits|
    +------------------------+----+-----------+-----+-----------+
    |ap_NS_fsm               |  37|          7|    1|          7|
    |p_round_key_V_address0  |  25|          5|    6|         30|
    |p_round_key_V_address1  |  25|          5|    6|         30|
    |p_round_key_V_ce0       |  20|          4|    1|          4|
    |p_round_key_V_ce1       |  20|          4|    1|          4|
    |p_round_key_V_d0        |  20|          4|   32|        128|
    |p_round_key_V_d1        |  20|          4|   32|        128|
    |p_round_key_V_we0       |  14|          3|    1|          3|
    |p_round_key_V_we1       |  14|          3|    1|          3|
    +------------------------+----+-----------+-----+-----------+
    |Total                   | 195|         39|   81|        337|
    +------------------------+----+-----------+-----+-----------+

    * Register: 
    +--------------------------------------------------------------------------------------+----+----+-----+-----------+
    |                                         Name                                         | FF | LUT| Bits| Const Bits|
    +--------------------------------------------------------------------------------------+----+----+-----+-----------+
    |ap_CS_fsm                                                                             |   6|   0|    6|          0|
    |grp_aes_generate_round_keys_Pipeline_VITIS_LOOP_184_1_fu_94_ap_start_reg              |   1|   0|    1|          0|
    |grp_aes_generate_round_keys_Pipeline_loop_aes_generate_round_keys_fu_87_ap_start_reg  |   1|   0|    1|          0|
    |tmp_s_reg_137                                                                         |  32|   0|   32|          0|
    |trunc_ln628_reg_142                                                                   |  32|   0|   32|          0|
    +--------------------------------------------------------------------------------------+----+----+-----+-----------+
    |Total                                                                                 |  72|   0|   72|          0|
    +--------------------------------------------------------------------------------------+----+----+-----+-----------+



================================================================
== Interface
================================================================
* Summary: 
+--------------------------+-----+-----+------------+-------------------------+--------------+
|         RTL Ports        | Dir | Bits|  Protocol  |      Source Object      |    C Type    |
+--------------------------+-----+-----+------------+-------------------------+--------------+
|ap_clk                    |   in|    1|  ap_ctrl_hs|  aes_generate_round_keys|  return value|
|ap_rst                    |   in|    1|  ap_ctrl_hs|  aes_generate_round_keys|  return value|
|ap_start                  |   in|    1|  ap_ctrl_hs|  aes_generate_round_keys|  return value|
|ap_done                   |  out|    1|  ap_ctrl_hs|  aes_generate_round_keys|  return value|
|ap_idle                   |  out|    1|  ap_ctrl_hs|  aes_generate_round_keys|  return value|
|ap_ready                  |  out|    1|  ap_ctrl_hs|  aes_generate_round_keys|  return value|
|p_read                    |   in|  128|     ap_none|                   p_read|        scalar|
|this_round_keys_address0  |  out|    4|   ap_memory|          this_round_keys|         array|
|this_round_keys_ce0       |  out|    1|   ap_memory|          this_round_keys|         array|
|this_round_keys_we0       |  out|    1|   ap_memory|          this_round_keys|         array|
|this_round_keys_d0        |  out|  128|   ap_memory|          this_round_keys|         array|
+--------------------------+-----+-----+------------+-------------------------+--------------+

