

================================================================
== Vitis HLS Report for 'assign_swap_endianness_1'
================================================================
* Date:           Sat Dec 10 12:35:00 2022

* Version:        2022.2 (Build 3670227 on Oct 13 2022)
* Project:        pynqrypt-vitis-hls
* Solution:       pynqrypt (Vivado IP Flow Target)
* Product family: zynq
* Target device:  xc7z020i-clg400-1L


================================================================
== Performance Estimates
================================================================
+ Timing: 
    * Summary: 
    +--------+----------+----------+------------+
    |  Clock |  Target  | Estimated| Uncertainty|
    +--------+----------+----------+------------+
    |ap_clk  |  10.00 ns|  7.300 ns|     2.70 ns|
    +--------+----------+----------+------------+

+ Latency: 
    * Summary: 
    +---------+---------+-----------+-----------+-----+-----+---------+
    |  Latency (cycles) |   Latency (absolute)  |  Interval | Pipeline|
    |   min   |   max   |    min    |    max    | min | max |   Type  |
    +---------+---------+-----------+-----------+-----+-----+---------+
    |        7|        7|  70.000 ns|  70.000 ns|    7|    7|       no|
    +---------+---------+-----------+-----------+-----+-----+---------+

    + Detail: 
        * Instance: 
        N/A

        * Loop: 
        N/A



================================================================
== Utilization Estimates
================================================================
* Summary: 
+-----------------+---------+-----+--------+-------+-----+
|       Name      | BRAM_18K| DSP |   FF   |  LUT  | URAM|
+-----------------+---------+-----+--------+-------+-----+
|DSP              |        -|    -|       -|      -|    -|
|Expression       |        -|    -|       0|     73|    -|
|FIFO             |        -|    -|       -|      -|    -|
|Instance         |        -|    -|       -|      -|    -|
|Memory           |        -|    -|       -|      -|    -|
|Multiplexer      |        -|    -|       -|    102|    -|
|Register         |        -|    -|     197|      -|    -|
+-----------------+---------+-----+--------+-------+-----+
|Total            |        0|    0|     197|    175|    0|
+-----------------+---------+-----+--------+-------+-----+
|Available        |      280|  220|  106400|  53200|    0|
+-----------------+---------+-----+--------+-------+-----+
|Utilization (%)  |        0|    0|      ~0|     ~0|    0|
+-----------------+---------+-----+--------+-------+-----+

+ Detail: 
    * Instance: 
    N/A

    * DSP: 
    N/A

    * Memory: 
    N/A

    * FIFO: 
    N/A

    * Expression: 
    +--------------------+----------+----+---+----+------------+------------+
    |    Variable Name   | Operation| DSP| FF| LUT| Bitwidth P0| Bitwidth P1|
    +--------------------+----------+----+---+----+------------+------------+
    |p_Val2_s_fu_162_p2  |         +|   0|  0|  71|          64|          64|
    |ap_block_state1     |        or|   0|  0|   2|           1|           1|
    +--------------------+----------+----+---+----+------------+------------+
    |Total               |          |   0|  0|  73|          65|          65|
    +--------------------+----------+----+---+----+------------+------------+

    * Multiplexer: 
    +------------------+----+-----------+-----+-----------+
    |       Name       | LUT| Input Size| Bits| Total Bits|
    +------------------+----+-----------+-----+-----------+
    |ap_NS_fsm         |  48|          9|    1|          9|
    |ap_done           |   9|          2|    1|          2|
    |ciphertext_blk_n  |   9|          2|    1|          2|
    |gmem_blk_n_AW     |   9|          2|    1|          2|
    |gmem_blk_n_B      |   9|          2|    1|          2|
    |gmem_blk_n_W      |   9|          2|    1|          2|
    |i_blk_n           |   9|          2|    1|          2|
    +------------------+----+-----------+-----+-----------+
    |Total             | 102|         21|    7|         21|
    +------------------+----+-----------+-----+-----------+

    * Register: 
    +---------------------+----+----+-----+-----------+
    |         Name        | FF | LUT| Bits| Const Bits|
    +---------------------+----+----+-----+-----------+
    |ap_CS_fsm            |   8|   0|    8|          0|
    |ap_done_reg          |   1|   0|    1|          0|
    |tmp_10_i_reg_423     |   8|   0|    8|          0|
    |tmp_11_i_reg_428     |   8|   0|    8|          0|
    |tmp_12_i_reg_433     |   8|   0|    8|          0|
    |tmp_13_i_reg_438     |   8|   0|    8|          0|
    |tmp_14_i_reg_443     |   8|   0|    8|          0|
    |tmp_1_i6_reg_393     |   8|   0|    8|          0|
    |tmp_2_i7_reg_398     |   8|   0|    8|          0|
    |tmp_3_i8_reg_403     |   8|   0|    8|          0|
    |tmp_4_i9_reg_408     |   8|   0|    8|          0|
    |tmp_5_i_reg_413      |   8|   0|    8|          0|
    |tmp_6_i_reg_418      |   8|   0|    8|          0|
    |tmp_7_i2_reg_373     |   8|   0|    8|          0|
    |tmp_8_i3_reg_378     |   8|   0|    8|          0|
    |tmp_9_i4_reg_383     |   8|   0|    8|          0|
    |tmp_i5_reg_388       |   8|   0|    8|          0|
    |trunc_ln628_reg_368  |   8|   0|    8|          0|
    |trunc_ln_reg_363     |  60|   0|   60|          0|
    +---------------------+----+----+-----+-----------+
    |Total                | 197|   0|  197|          0|
    +---------------------+----+----+-----+-----------+



================================================================
== Interface
================================================================
* Summary: 
+---------------------------+-----+-----+------------+--------------------------+--------------+
|         RTL Ports         | Dir | Bits|  Protocol  |       Source Object      |    C Type    |
+---------------------------+-----+-----+------------+--------------------------+--------------+
|ap_clk                     |   in|    1|  ap_ctrl_hs|  assign_swap_endianness.1|  return value|
|ap_rst                     |   in|    1|  ap_ctrl_hs|  assign_swap_endianness.1|  return value|
|ap_start                   |   in|    1|  ap_ctrl_hs|  assign_swap_endianness.1|  return value|
|ap_done                    |  out|    1|  ap_ctrl_hs|  assign_swap_endianness.1|  return value|
|ap_continue                |   in|    1|  ap_ctrl_hs|  assign_swap_endianness.1|  return value|
|ap_idle                    |  out|    1|  ap_ctrl_hs|  assign_swap_endianness.1|  return value|
|ap_ready                   |  out|    1|  ap_ctrl_hs|  assign_swap_endianness.1|  return value|
|p_read                     |   in|  128|     ap_none|                    p_read|        scalar|
|m_axi_gmem_AWVALID         |  out|    1|       m_axi|                      gmem|       pointer|
|m_axi_gmem_AWREADY         |   in|    1|       m_axi|                      gmem|       pointer|
|m_axi_gmem_AWADDR          |  out|   64|       m_axi|                      gmem|       pointer|
|m_axi_gmem_AWID            |  out|    1|       m_axi|                      gmem|       pointer|
|m_axi_gmem_AWLEN           |  out|   32|       m_axi|                      gmem|       pointer|
|m_axi_gmem_AWSIZE          |  out|    3|       m_axi|                      gmem|       pointer|
|m_axi_gmem_AWBURST         |  out|    2|       m_axi|                      gmem|       pointer|
|m_axi_gmem_AWLOCK          |  out|    2|       m_axi|                      gmem|       pointer|
|m_axi_gmem_AWCACHE         |  out|    4|       m_axi|                      gmem|       pointer|
|m_axi_gmem_AWPROT          |  out|    3|       m_axi|                      gmem|       pointer|
|m_axi_gmem_AWQOS           |  out|    4|       m_axi|                      gmem|       pointer|
|m_axi_gmem_AWREGION        |  out|    4|       m_axi|                      gmem|       pointer|
|m_axi_gmem_AWUSER          |  out|    1|       m_axi|                      gmem|       pointer|
|m_axi_gmem_WVALID          |  out|    1|       m_axi|                      gmem|       pointer|
|m_axi_gmem_WREADY          |   in|    1|       m_axi|                      gmem|       pointer|
|m_axi_gmem_WDATA           |  out|  128|       m_axi|                      gmem|       pointer|
|m_axi_gmem_WSTRB           |  out|   16|       m_axi|                      gmem|       pointer|
|m_axi_gmem_WLAST           |  out|    1|       m_axi|                      gmem|       pointer|
|m_axi_gmem_WID             |  out|    1|       m_axi|                      gmem|       pointer|
|m_axi_gmem_WUSER           |  out|    1|       m_axi|                      gmem|       pointer|
|m_axi_gmem_ARVALID         |  out|    1|       m_axi|                      gmem|       pointer|
|m_axi_gmem_ARREADY         |   in|    1|       m_axi|                      gmem|       pointer|
|m_axi_gmem_ARADDR          |  out|   64|       m_axi|                      gmem|       pointer|
|m_axi_gmem_ARID            |  out|    1|       m_axi|                      gmem|       pointer|
|m_axi_gmem_ARLEN           |  out|   32|       m_axi|                      gmem|       pointer|
|m_axi_gmem_ARSIZE          |  out|    3|       m_axi|                      gmem|       pointer|
|m_axi_gmem_ARBURST         |  out|    2|       m_axi|                      gmem|       pointer|
|m_axi_gmem_ARLOCK          |  out|    2|       m_axi|                      gmem|       pointer|
|m_axi_gmem_ARCACHE         |  out|    4|       m_axi|                      gmem|       pointer|
|m_axi_gmem_ARPROT          |  out|    3|       m_axi|                      gmem|       pointer|
|m_axi_gmem_ARQOS           |  out|    4|       m_axi|                      gmem|       pointer|
|m_axi_gmem_ARREGION        |  out|    4|       m_axi|                      gmem|       pointer|
|m_axi_gmem_ARUSER          |  out|    1|       m_axi|                      gmem|       pointer|
|m_axi_gmem_RVALID          |   in|    1|       m_axi|                      gmem|       pointer|
|m_axi_gmem_RREADY          |  out|    1|       m_axi|                      gmem|       pointer|
|m_axi_gmem_RDATA           |   in|  128|       m_axi|                      gmem|       pointer|
|m_axi_gmem_RLAST           |   in|    1|       m_axi|                      gmem|       pointer|
|m_axi_gmem_RID             |   in|    1|       m_axi|                      gmem|       pointer|
|m_axi_gmem_RFIFONUM        |   in|    9|       m_axi|                      gmem|       pointer|
|m_axi_gmem_RUSER           |   in|    1|       m_axi|                      gmem|       pointer|
|m_axi_gmem_RRESP           |   in|    2|       m_axi|                      gmem|       pointer|
|m_axi_gmem_BVALID          |   in|    1|       m_axi|                      gmem|       pointer|
|m_axi_gmem_BREADY          |  out|    1|       m_axi|                      gmem|       pointer|
|m_axi_gmem_BRESP           |   in|    2|       m_axi|                      gmem|       pointer|
|m_axi_gmem_BID             |   in|    1|       m_axi|                      gmem|       pointer|
|m_axi_gmem_BUSER           |   in|    1|       m_axi|                      gmem|       pointer|
|i_dout                     |   in|   60|     ap_fifo|                         i|       pointer|
|i_num_data_valid           |   in|    3|     ap_fifo|                         i|       pointer|
|i_fifo_cap                 |   in|    3|     ap_fifo|                         i|       pointer|
|i_empty_n                  |   in|    1|     ap_fifo|                         i|       pointer|
|i_read                     |  out|    1|     ap_fifo|                         i|       pointer|
|ciphertext_dout            |   in|   64|     ap_fifo|                ciphertext|       pointer|
|ciphertext_num_data_valid  |   in|    4|     ap_fifo|                ciphertext|       pointer|
|ciphertext_fifo_cap        |   in|    4|     ap_fifo|                ciphertext|       pointer|
|ciphertext_empty_n         |   in|    1|     ap_fifo|                ciphertext|       pointer|
|ciphertext_read            |  out|    1|     ap_fifo|                ciphertext|       pointer|
+---------------------------+-----+-----+------------+--------------------------+--------------+

