

================================================================
== Vitis HLS Report for 'ctr_encrypt'
================================================================
* Date:           Tue Dec  6 01:26:18 2022

* Version:        2022.2 (Build 3670227 on Oct 13 2022)
* Project:        pynqrypt-vitis-hls
* Solution:       pynqrypt (Vivado IP Flow Target)
* Product family: zynq
* Target device:  xc7z020i-clg400-1L


================================================================
== Performance Estimates
================================================================
+ Timing: 
    * Summary: 
    +--------+----------+----------+------------+
    |  Clock |  Target  | Estimated| Uncertainty|
    +--------+----------+----------+------------+
    |ap_clk  |  10.00 ns|  7.300 ns|     2.70 ns|
    +--------+----------+----------+------------+

+ Latency: 
    * Summary: 
    +---------+---------+----------+----------+-----+-----+---------+
    |  Latency (cycles) |  Latency (absolute) |  Interval | Pipeline|
    |   min   |   max   |    min   |    max   | min | max |   Type  |
    +---------+---------+----------+----------+-----+-----+---------+
    |        ?|        ?|         ?|         ?|    ?|    ?|       no|
    +---------+---------+----------+----------+-----+-----+---------+

    + Detail: 
        * Instance: 
        +-------------------------------------------------+--------------------------------------+---------+---------+-----------+----------+-----+-----+---------+
        |                                                 |                                      |  Latency (cycles) |  Latency (absolute)  |  Interval | Pipeline|
        |                     Instance                    |                Module                |   min   |   max   |    min    |    max   | min | max |   Type  |
        +-------------------------------------------------+--------------------------------------+---------+---------+-----------+----------+-----+-----+---------+
        |grp_ctr_encrypt_Pipeline_1_fu_206                |ctr_encrypt_Pipeline_1                |        4|        ?|  40.000 ns|         ?|    4|    ?|       no|
        |grp_ctr_encrypt_Pipeline_2_fu_215                |ctr_encrypt_Pipeline_2                |       14|       14|   0.140 us|  0.140 us|   14|   14|       no|
        |grp_aes_encrypt_block_fu_222                     |aes_encrypt_block                     |      266|      266|   2.660 us|  2.660 us|  266|  266|       no|
        |grp_ctr_encrypt_Pipeline_VITIS_LOOP_43_1_fu_231  |ctr_encrypt_Pipeline_VITIS_LOOP_43_1  |        ?|        ?|          ?|         ?|    ?|    ?|       no|
        |grp_ctr_encrypt_Pipeline_4_fu_238                |ctr_encrypt_Pipeline_4                |        5|        ?|  50.000 ns|         ?|    5|    ?|       no|
        +-------------------------------------------------+--------------------------------------+---------+---------+-----------+----------+-----+-----+---------+

        * Loop: 
        +-------------------+---------+---------+----------+-----------+-----------+------+----------+
        |                   |  Latency (cycles) | Iteration|  Initiation Interval  | Trip |          |
        |     Loop Name     |   min   |   max   |  Latency |  achieved |   target  | Count| Pipelined|
        +-------------------+---------+---------+----------+-----------+-----------+------+----------+
        |- VITIS_LOOP_21_1  |        ?|        ?|         ?|          -|          -|     ?|        no|
        +-------------------+---------+---------+----------+-----------+-----------+------+----------+



================================================================
== Utilization Estimates
================================================================
* Summary: 
+-----------------+---------+-----+--------+-------+-----+
|       Name      | BRAM_18K| DSP |   FF   |  LUT  | URAM|
+-----------------+---------+-----+--------+-------+-----+
|DSP              |        -|    -|       -|      -|    -|
|Expression       |        -|    -|       0|    894|    -|
|FIFO             |        -|    -|       -|      -|    -|
|Instance         |        1|    -|     807|   2548|    -|
|Memory           |        0|    -|      32|      4|    0|
|Multiplexer      |        -|    -|       -|    735|    -|
|Register         |        -|    -|     685|      -|    -|
+-----------------+---------+-----+--------+-------+-----+
|Total            |        1|    0|    1524|   4181|    0|
+-----------------+---------+-----+--------+-------+-----+
|Available        |      280|  220|  106400|  53200|    0|
+-----------------+---------+-----+--------+-------+-----+
|Utilization (%)  |       ~0|    0|       1|      7|    0|
+-----------------+---------+-----+--------+-------+-----+

+ Detail: 
    * Instance: 
    +-------------------------------------------------+--------------------------------------+---------+----+-----+------+-----+
    |                     Instance                    |                Module                | BRAM_18K| DSP|  FF |  LUT | URAM|
    +-------------------------------------------------+--------------------------------------+---------+----+-----+------+-----+
    |grp_aes_encrypt_block_fu_222                     |aes_encrypt_block                     |        1|   0|  424|  2084|    0|
    |grp_ctr_encrypt_Pipeline_1_fu_206                |ctr_encrypt_Pipeline_1                |        0|   0|  211|   158|    0|
    |grp_ctr_encrypt_Pipeline_2_fu_215                |ctr_encrypt_Pipeline_2                |        0|   0|   11|    60|    0|
    |grp_ctr_encrypt_Pipeline_4_fu_238                |ctr_encrypt_Pipeline_4                |        0|   0|  149|   158|    0|
    |grp_ctr_encrypt_Pipeline_VITIS_LOOP_43_1_fu_231  |ctr_encrypt_Pipeline_VITIS_LOOP_43_1  |        0|   0|   12|    88|    0|
    +-------------------------------------------------+--------------------------------------+---------+----+-----+------+-----+
    |Total                                            |                                      |        1|   0|  807|  2548|    0|
    +-------------------------------------------------+--------------------------------------+---------+----+-----+------+-----+

    * DSP: 
    N/A

    * Memory: 
    +---------------+---------------------------------------+---------+----+----+-----+------+-----+------+-------------+
    |     Memory    |                 Module                | BRAM_18K| FF | LUT| URAM| Words| Bits| Banks| W*Bits*Banks|
    +---------------+---------------------------------------+---------+----+----+-----+------+-----+------+-------------+
    |block_U        |ctr_encrypt_block_RAM_AUTO_1R1W        |        0|  16|   2|    0|    16|    8|     1|          128|
    |block_nonce_U  |ctr_encrypt_block_nonce_RAM_AUTO_1R1W  |        0|  16|   2|    0|    16|    8|     1|          128|
    +---------------+---------------------------------------+---------+----+----+-----+------+-----+------+-------------+
    |Total          |                                       |        0|  32|   4|    0|    32|   16|     2|          256|
    +---------------+---------------------------------------+---------+----+----+-----+------+-----+------+-------------+

    * FIFO: 
    N/A

    * Expression: 
    +----------------------------------+----------+----+---+----+------------+------------+
    |           Variable Name          | Operation| DSP| FF| LUT| Bitwidth P0| Bitwidth P1|
    +----------------------------------+----------+----+---+----+------------+------------+
    |add_ln21_fu_430_p2                |         +|   0|  0|  71|          64|           5|
    |add_ln22_1_fu_369_p2              |         +|   0|  0|  71|          64|          64|
    |add_ln22_2_fu_333_p2              |         +|   0|  0|  71|          64|          64|
    |add_ln22_3_fu_299_p2              |         +|   0|  0|  39|          32|          32|
    |add_ln22_fu_288_p2                |         +|   0|  0|  71|          64|          64|
    |i_3_fu_425_p2                     |         +|   0|  0|  71|          64|           5|
    |sub_ln22_fu_318_p2                |         -|   0|  0|  71|          64|          64|
    |ap_block_state12_on_subcall_done  |       and|   0|  0|   2|           1|           1|
    |ap_block_state19_io               |       and|   0|  0|   2|           1|           1|
    |ap_block_state26                  |       and|   0|  0|   2|           1|           1|
    |ap_block_state4_io                |       and|   0|  0|   2|           1|           1|
    |icmp_ln200_fu_327_p2              |      icmp|   0|  0|  29|          64|           5|
    |icmp_ln21_1_fu_279_p2             |      icmp|   0|  0|  29|          64|          64|
    |icmp_ln21_fu_349_p2               |      icmp|   0|  0|  29|          64|           6|
    |icmp_ln22_fu_293_p2               |      icmp|   0|  0|  29|          64|           6|
    |icmp_ln23_fu_343_p2               |      icmp|   0|  0|   9|           5|           1|
    |ap_block_state1                   |        or|   0|  0|   2|           1|           1|
    |block_size_fu_337_p3              |    select|   0|  0|   6|           1|           6|
    |select_ln21_fu_361_p3             |    select|   0|  0|  64|           1|          64|
    |select_ln22_fu_310_p3             |    select|   0|  0|  32|           1|          32|
    |xor_ln21_1_fu_355_p2              |       xor|   0|  0|  64|          64|           2|
    |xor_ln21_fu_254_p2                |       xor|   0|  0|  64|          64|           2|
    |xor_ln22_1_fu_304_p2              |       xor|   0|  0|  32|           2|          32|
    |xor_ln22_fu_260_p2                |       xor|   0|  0|  32|          32|           2|
    +----------------------------------+----------+----+---+----+------------+------------+
    |Total                             |          |   0|  0| 894|         847|         525|
    +----------------------------------+----------+----+---+----+------------+------------+

    * Multiplexer: 
    +------------------------+-----+-----------+-----+-----------+
    |          Name          | LUT | Input Size| Bits| Total Bits|
    +------------------------+-----+-----------+-----+-----------+
    |ap_NS_fsm               |  121|         27|    1|         27|
    |ap_done                 |    9|          2|    1|          2|
    |block_address0          |   20|          4|    4|         16|
    |block_ce0               |   20|          4|    1|          4|
    |block_ce1               |    9|          2|    1|          2|
    |block_d0                |   14|          3|    8|         24|
    |block_nonce_address0    |   31|          6|    4|         24|
    |block_nonce_address1    |   20|          4|    4|         16|
    |block_nonce_ce0         |   25|          5|    1|          5|
    |block_nonce_ce1         |   14|          3|    1|          3|
    |block_nonce_d0          |   25|          5|    8|         40|
    |block_nonce_d1          |   20|          4|    8|         32|
    |block_nonce_we0         |   20|          4|    1|          4|
    |block_nonce_we1         |   14|          3|    1|          3|
    |block_we0               |   14|          3|    1|          3|
    |ciphertext_blk_n        |    9|          2|    1|          2|
    |gmem_blk_n_AR           |    9|          2|    1|          2|
    |gmem_blk_n_AW           |    9|          2|    1|          2|
    |gmem_blk_n_B            |    9|          2|    1|          2|
    |i_1_fu_106              |    9|          2|   64|        128|
    |icmp_ln23_pr_reg_194    |    9|          2|    1|          2|
    |indvars_iv_fu_110       |    9|          2|   64|        128|
    |m_axi_gmem_ARADDR       |   14|          3|   64|        192|
    |m_axi_gmem_ARBURST      |    9|          2|    2|          4|
    |m_axi_gmem_ARCACHE      |    9|          2|    4|          8|
    |m_axi_gmem_ARID         |    9|          2|    1|          2|
    |m_axi_gmem_ARLEN        |   14|          3|   32|         96|
    |m_axi_gmem_ARLOCK       |    9|          2|    2|          4|
    |m_axi_gmem_ARPROT       |    9|          2|    3|          6|
    |m_axi_gmem_ARQOS        |    9|          2|    4|          8|
    |m_axi_gmem_ARREGION     |    9|          2|    4|          8|
    |m_axi_gmem_ARSIZE       |    9|          2|    3|          6|
    |m_axi_gmem_ARUSER       |    9|          2|    1|          2|
    |m_axi_gmem_ARVALID      |   14|          3|    1|          3|
    |m_axi_gmem_AWADDR       |   14|          3|   64|        192|
    |m_axi_gmem_AWBURST      |    9|          2|    2|          4|
    |m_axi_gmem_AWCACHE      |    9|          2|    4|          8|
    |m_axi_gmem_AWID         |    9|          2|    1|          2|
    |m_axi_gmem_AWLEN        |   14|          3|   32|         96|
    |m_axi_gmem_AWLOCK       |    9|          2|    2|          4|
    |m_axi_gmem_AWPROT       |    9|          2|    3|          6|
    |m_axi_gmem_AWQOS        |    9|          2|    4|          8|
    |m_axi_gmem_AWREGION     |    9|          2|    4|          8|
    |m_axi_gmem_AWSIZE       |    9|          2|    3|          6|
    |m_axi_gmem_AWUSER       |    9|          2|    1|          2|
    |m_axi_gmem_AWVALID      |   14|          3|    1|          3|
    |m_axi_gmem_BREADY       |   14|          3|    1|          3|
    |m_axi_gmem_RREADY       |    9|          2|    1|          2|
    |m_axi_gmem_WVALID       |    9|          2|    1|          2|
    |plaintext_blk_n         |    9|          2|    1|          2|
    |plaintext_length_blk_n  |    9|          2|    1|          2|
    +------------------------+-----+-----------+-----+-----------+
    |Total                   |  735|        158|  425|       1160|
    +------------------------+-----+-----------+-----+-----------+

    * Register: 
    +--------------------------------------------------------------+----+----+-----+-----------+
    |                             Name                             | FF | LUT| Bits| Const Bits|
    +--------------------------------------------------------------+----+----+-----+-----------+
    |add_ln22_1_reg_550                                            |  64|   0|   64|          0|
    |add_ln22_2_reg_528                                            |  64|   0|   64|          0|
    |ap_CS_fsm                                                     |  26|   0|   26|          0|
    |ap_done_reg                                                   |   1|   0|    1|          0|
    |block_size_reg_534                                            |   5|   0|    5|          0|
    |ciphertext_read_reg_460                                       |  64|   0|   64|          0|
    |grp_aes_encrypt_block_fu_222_ap_start_reg                     |   1|   0|    1|          0|
    |grp_ctr_encrypt_Pipeline_1_fu_206_ap_start_reg                |   1|   0|    1|          0|
    |grp_ctr_encrypt_Pipeline_2_fu_215_ap_start_reg                |   1|   0|    1|          0|
    |grp_ctr_encrypt_Pipeline_4_fu_238_ap_start_reg                |   1|   0|    1|          0|
    |grp_ctr_encrypt_Pipeline_VITIS_LOOP_43_1_fu_231_ap_start_reg  |   1|   0|    1|          0|
    |i_1_fu_106                                                    |  64|   0|   64|          0|
    |icmp_ln200_reg_523                                            |   1|   0|    1|          0|
    |icmp_ln23_pr_reg_194                                          |   1|   0|    1|          0|
    |icmp_ln23_reg_540                                             |   1|   0|    1|          0|
    |indvars_iv_fu_110                                             |  64|   0|   64|          0|
    |plaintext_length_read_reg_470                                 |  64|   0|   64|          0|
    |plaintext_read_reg_465                                        |  64|   0|   64|          0|
    |select_ln21_reg_545                                           |  64|   0|   64|          0|
    |select_ln22_reg_512                                           |  32|   0|   32|          0|
    |trunc_ln200_reg_518                                           |   5|   0|    5|          0|
    |xor_ln21_reg_496                                              |  64|   0|   64|          0|
    |xor_ln22_reg_501                                              |  32|   0|   32|          0|
    +--------------------------------------------------------------+----+----+-----+-----------+
    |Total                                                         | 685|   0|  685|          0|
    +--------------------------------------------------------------+----+----+-----+-----------+



================================================================
== Interface
================================================================
* Summary: 
+---------------------------------+-----+-----+------------+---------------------+--------------+
|            RTL Ports            | Dir | Bits|  Protocol  |    Source Object    |    C Type    |
+---------------------------------+-----+-----+------------+---------------------+--------------+
|ap_clk                           |   in|    1|  ap_ctrl_hs|          ctr_encrypt|  return value|
|ap_rst                           |   in|    1|  ap_ctrl_hs|          ctr_encrypt|  return value|
|ap_start                         |   in|    1|  ap_ctrl_hs|          ctr_encrypt|  return value|
|ap_done                          |  out|    1|  ap_ctrl_hs|          ctr_encrypt|  return value|
|ap_continue                      |   in|    1|  ap_ctrl_hs|          ctr_encrypt|  return value|
|ap_idle                          |  out|    1|  ap_ctrl_hs|          ctr_encrypt|  return value|
|ap_ready                         |  out|    1|  ap_ctrl_hs|          ctr_encrypt|  return value|
|this_nonce_address0              |  out|    4|   ap_memory|           this_nonce|         array|
|this_nonce_ce0                   |  out|    1|   ap_memory|           this_nonce|         array|
|this_nonce_q0                    |   in|    8|   ap_memory|           this_nonce|         array|
|pynqrypt_round_keys_address0     |  out|    8|   ap_memory|  pynqrypt_round_keys|         array|
|pynqrypt_round_keys_ce0          |  out|    1|   ap_memory|  pynqrypt_round_keys|         array|
|pynqrypt_round_keys_q0           |   in|    8|   ap_memory|  pynqrypt_round_keys|         array|
|pynqrypt_round_keys_address1     |  out|    8|   ap_memory|  pynqrypt_round_keys|         array|
|pynqrypt_round_keys_ce1          |  out|    1|   ap_memory|  pynqrypt_round_keys|         array|
|pynqrypt_round_keys_q1           |   in|    8|   ap_memory|  pynqrypt_round_keys|         array|
|plaintext_length_dout            |   in|   64|     ap_fifo|     plaintext_length|       pointer|
|plaintext_length_num_data_valid  |   in|    3|     ap_fifo|     plaintext_length|       pointer|
|plaintext_length_fifo_cap        |   in|    3|     ap_fifo|     plaintext_length|       pointer|
|plaintext_length_empty_n         |   in|    1|     ap_fifo|     plaintext_length|       pointer|
|plaintext_length_read            |  out|    1|     ap_fifo|     plaintext_length|       pointer|
|m_axi_gmem_AWVALID               |  out|    1|       m_axi|                 gmem|       pointer|
|m_axi_gmem_AWREADY               |   in|    1|       m_axi|                 gmem|       pointer|
|m_axi_gmem_AWADDR                |  out|   64|       m_axi|                 gmem|       pointer|
|m_axi_gmem_AWID                  |  out|    1|       m_axi|                 gmem|       pointer|
|m_axi_gmem_AWLEN                 |  out|   32|       m_axi|                 gmem|       pointer|
|m_axi_gmem_AWSIZE                |  out|    3|       m_axi|                 gmem|       pointer|
|m_axi_gmem_AWBURST               |  out|    2|       m_axi|                 gmem|       pointer|
|m_axi_gmem_AWLOCK                |  out|    2|       m_axi|                 gmem|       pointer|
|m_axi_gmem_AWCACHE               |  out|    4|       m_axi|                 gmem|       pointer|
|m_axi_gmem_AWPROT                |  out|    3|       m_axi|                 gmem|       pointer|
|m_axi_gmem_AWQOS                 |  out|    4|       m_axi|                 gmem|       pointer|
|m_axi_gmem_AWREGION              |  out|    4|       m_axi|                 gmem|       pointer|
|m_axi_gmem_AWUSER                |  out|    1|       m_axi|                 gmem|       pointer|
|m_axi_gmem_WVALID                |  out|    1|       m_axi|                 gmem|       pointer|
|m_axi_gmem_WREADY                |   in|    1|       m_axi|                 gmem|       pointer|
|m_axi_gmem_WDATA                 |  out|    8|       m_axi|                 gmem|       pointer|
|m_axi_gmem_WSTRB                 |  out|    1|       m_axi|                 gmem|       pointer|
|m_axi_gmem_WLAST                 |  out|    1|       m_axi|                 gmem|       pointer|
|m_axi_gmem_WID                   |  out|    1|       m_axi|                 gmem|       pointer|
|m_axi_gmem_WUSER                 |  out|    1|       m_axi|                 gmem|       pointer|
|m_axi_gmem_ARVALID               |  out|    1|       m_axi|                 gmem|       pointer|
|m_axi_gmem_ARREADY               |   in|    1|       m_axi|                 gmem|       pointer|
|m_axi_gmem_ARADDR                |  out|   64|       m_axi|                 gmem|       pointer|
|m_axi_gmem_ARID                  |  out|    1|       m_axi|                 gmem|       pointer|
|m_axi_gmem_ARLEN                 |  out|   32|       m_axi|                 gmem|       pointer|
|m_axi_gmem_ARSIZE                |  out|    3|       m_axi|                 gmem|       pointer|
|m_axi_gmem_ARBURST               |  out|    2|       m_axi|                 gmem|       pointer|
|m_axi_gmem_ARLOCK                |  out|    2|       m_axi|                 gmem|       pointer|
|m_axi_gmem_ARCACHE               |  out|    4|       m_axi|                 gmem|       pointer|
|m_axi_gmem_ARPROT                |  out|    3|       m_axi|                 gmem|       pointer|
|m_axi_gmem_ARQOS                 |  out|    4|       m_axi|                 gmem|       pointer|
|m_axi_gmem_ARREGION              |  out|    4|       m_axi|                 gmem|       pointer|
|m_axi_gmem_ARUSER                |  out|    1|       m_axi|                 gmem|       pointer|
|m_axi_gmem_RVALID                |   in|    1|       m_axi|                 gmem|       pointer|
|m_axi_gmem_RREADY                |  out|    1|       m_axi|                 gmem|       pointer|
|m_axi_gmem_RDATA                 |   in|    8|       m_axi|                 gmem|       pointer|
|m_axi_gmem_RLAST                 |   in|    1|       m_axi|                 gmem|       pointer|
|m_axi_gmem_RID                   |   in|    1|       m_axi|                 gmem|       pointer|
|m_axi_gmem_RFIFONUM              |   in|   11|       m_axi|                 gmem|       pointer|
|m_axi_gmem_RUSER                 |   in|    1|       m_axi|                 gmem|       pointer|
|m_axi_gmem_RRESP                 |   in|    2|       m_axi|                 gmem|       pointer|
|m_axi_gmem_BVALID                |   in|    1|       m_axi|                 gmem|       pointer|
|m_axi_gmem_BREADY                |  out|    1|       m_axi|                 gmem|       pointer|
|m_axi_gmem_BRESP                 |   in|    2|       m_axi|                 gmem|       pointer|
|m_axi_gmem_BID                   |   in|    1|       m_axi|                 gmem|       pointer|
|m_axi_gmem_BUSER                 |   in|    1|       m_axi|                 gmem|       pointer|
|plaintext_dout                   |   in|   64|     ap_fifo|            plaintext|       pointer|
|plaintext_num_data_valid         |   in|    3|     ap_fifo|            plaintext|       pointer|
|plaintext_fifo_cap               |   in|    3|     ap_fifo|            plaintext|       pointer|
|plaintext_empty_n                |   in|    1|     ap_fifo|            plaintext|       pointer|
|plaintext_read                   |  out|    1|     ap_fifo|            plaintext|       pointer|
|ciphertext_dout                  |   in|   64|     ap_fifo|           ciphertext|       pointer|
|ciphertext_num_data_valid        |   in|    3|     ap_fifo|           ciphertext|       pointer|
|ciphertext_fifo_cap              |   in|    3|     ap_fifo|           ciphertext|       pointer|
|ciphertext_empty_n               |   in|    1|     ap_fifo|           ciphertext|       pointer|
|ciphertext_read                  |  out|    1|     ap_fifo|           ciphertext|       pointer|
+---------------------------------+-----+-----+------------+---------------------+--------------+

