

================================================================
== Vitis HLS Report for 'ctr_encrypt_Pipeline_56'
================================================================
* Date:           Fri Dec  9 00:45:42 2022

* Version:        2022.2 (Build 3670227 on Oct 13 2022)
* Project:        pynqrypt-vitis-hls
* Solution:       pynqrypt (Vivado IP Flow Target)
* Product family: zynq
* Target device:  xc7z020i-clg400-1L


================================================================
== Performance Estimates
================================================================
+ Timing: 
    * Summary: 
    +--------+----------+----------+------------+
    |  Clock |  Target  | Estimated| Uncertainty|
    +--------+----------+----------+------------+
    |ap_clk  |  10.00 ns|  7.300 ns|     2.70 ns|
    +--------+----------+----------+------------+

+ Latency: 
    * Summary: 
    +---------+---------+-----------+----------+-----+-----+---------+
    |  Latency (cycles) |  Latency (absolute)  |  Interval | Pipeline|
    |   min   |   max   |    min    |    max   | min | max |   Type  |
    +---------+---------+-----------+----------+-----+-----+---------+
    |        5|        ?|  50.000 ns|         ?|    5|    ?|       no|
    +---------+---------+-----------+----------+-----+-----+---------+

    + Detail: 
        * Instance: 
        N/A

        * Loop: 
        +----------+---------+---------+----------+-----------+-----------+-------+----------+
        |          |  Latency (cycles) | Iteration|  Initiation Interval  |  Trip |          |
        | Loop Name|   min   |   max   |  Latency |  achieved |   target  | Count | Pipelined|
        +----------+---------+---------+----------+-----------+-----------+-------+----------+
        |- Loop 1  |        3|        ?|         3|          1|          1|  1 ~ ?|       yes|
        +----------+---------+---------+----------+-----------+-----------+-------+----------+



================================================================
== Utilization Estimates
================================================================
* Summary: 
+-----------------+---------+-----+--------+-------+-----+
|       Name      | BRAM_18K| DSP |   FF   |  LUT  | URAM|
+-----------------+---------+-----+--------+-------+-----+
|DSP              |        -|    -|       -|      -|    -|
|Expression       |        -|    -|       0|    104|    -|
|FIFO             |        -|    -|       -|      -|    -|
|Instance         |        -|    -|       -|      -|    -|
|Memory           |        -|    -|       -|      -|    -|
|Multiplexer      |        -|    -|       -|     54|    -|
|Register         |        -|    -|     144|      -|    -|
+-----------------+---------+-----+--------+-------+-----+
|Total            |        0|    0|     144|    158|    0|
+-----------------+---------+-----+--------+-------+-----+
|Available        |      280|  220|  106400|  53200|    0|
+-----------------+---------+-----+--------+-------+-----+
|Utilization (%)  |        0|    0|      ~0|     ~0|    0|
+-----------------+---------+-----+--------+-------+-----+

+ Detail: 
    * Instance: 
    N/A

    * DSP: 
    N/A

    * Memory: 
    N/A

    * FIFO: 
    N/A

    * Expression: 
    +---------------------------+----------+----+---+----+------------+------------+
    |       Variable Name       | Operation| DSP| FF| LUT| Bitwidth P0| Bitwidth P1|
    +---------------------------+----------+----+---+----+------------+------------+
    |empty_fu_97_p2             |         +|   0|  0|  71|          64|           1|
    |ap_block_pp0_stage0_11001  |       and|   0|  0|   2|           1|           1|
    |exitcond55_fu_103_p2       |      icmp|   0|  0|  29|          64|          64|
    |ap_enable_pp0              |       xor|   0|  0|   2|           1|           2|
    +---------------------------+----------+----+---+----+------------+------------+
    |Total                      |          |   0|  0| 104|         130|          68|
    +---------------------------+----------+----+---+----+------------+------------+

    * Multiplexer: 
    +--------------------------------------+----+-----------+-----+-----------+
    |                 Name                 | LUT| Input Size| Bits| Total Bits|
    +--------------------------------------+----+-----------+-----+-----------+
    |ap_done_int                           |   9|          2|    1|          2|
    |ap_enable_reg_pp0_iter1               |   9|          2|    1|          2|
    |ap_loop_exit_ready_pp0_iter3_reg      |   9|          2|    1|          2|
    |ap_sig_allocacmp_loop_index4_13_load  |   9|          2|   64|        128|
    |gmem_blk_n_W                          |   9|          2|    1|          2|
    |loop_index4_13_fu_46                  |   9|          2|   64|        128|
    +--------------------------------------+----+-----------+-----+-----------+
    |Total                                 |  54|         12|  132|        264|
    +--------------------------------------+----+-----------+-----+-----------+

    * Register: 
    +----------------------------------+----+----+-----+-----------+
    |               Name               | FF | LUT| Bits| Const Bits|
    +----------------------------------+----+----+-----+-----------+
    |ap_CS_fsm                         |   1|   0|    1|          0|
    |ap_done_reg                       |   1|   0|    1|          0|
    |ap_enable_reg_pp0_iter1           |   1|   0|    1|          0|
    |ap_enable_reg_pp0_iter2           |   1|   0|    1|          0|
    |ap_enable_reg_pp0_iter3           |   1|   0|    1|          0|
    |ap_loop_exit_ready_pp0_iter2_reg  |   1|   0|    1|          0|
    |ap_loop_exit_ready_pp0_iter3_reg  |   1|   0|    1|          0|
    |block_load_reg_148                |   8|   0|    8|          0|
    |empty_reg_139                     |  64|   0|   64|          0|
    |exitcond55_reg_144                |   1|   0|    1|          0|
    |loop_index4_13_fu_46              |  64|   0|   64|          0|
    +----------------------------------+----+----+-----+-----------+
    |Total                             | 144|   0|  144|          0|
    +----------------------------------+----+----+-----+-----------+



================================================================
== Interface
================================================================
* Summary: 
+---------------------+-----+-----+------------+-------------------------+--------------+
|      RTL Ports      | Dir | Bits|  Protocol  |      Source Object      |    C Type    |
+---------------------+-----+-----+------------+-------------------------+--------------+
|ap_clk               |   in|    1|  ap_ctrl_hs|  ctr_encrypt_Pipeline_56|  return value|
|ap_rst               |   in|    1|  ap_ctrl_hs|  ctr_encrypt_Pipeline_56|  return value|
|ap_start             |   in|    1|  ap_ctrl_hs|  ctr_encrypt_Pipeline_56|  return value|
|ap_done              |  out|    1|  ap_ctrl_hs|  ctr_encrypt_Pipeline_56|  return value|
|ap_idle              |  out|    1|  ap_ctrl_hs|  ctr_encrypt_Pipeline_56|  return value|
|ap_ready             |  out|    1|  ap_ctrl_hs|  ctr_encrypt_Pipeline_56|  return value|
|m_axi_gmem_AWVALID   |  out|    1|       m_axi|                     gmem|       pointer|
|m_axi_gmem_AWREADY   |   in|    1|       m_axi|                     gmem|       pointer|
|m_axi_gmem_AWADDR    |  out|   64|       m_axi|                     gmem|       pointer|
|m_axi_gmem_AWID      |  out|    1|       m_axi|                     gmem|       pointer|
|m_axi_gmem_AWLEN     |  out|   32|       m_axi|                     gmem|       pointer|
|m_axi_gmem_AWSIZE    |  out|    3|       m_axi|                     gmem|       pointer|
|m_axi_gmem_AWBURST   |  out|    2|       m_axi|                     gmem|       pointer|
|m_axi_gmem_AWLOCK    |  out|    2|       m_axi|                     gmem|       pointer|
|m_axi_gmem_AWCACHE   |  out|    4|       m_axi|                     gmem|       pointer|
|m_axi_gmem_AWPROT    |  out|    3|       m_axi|                     gmem|       pointer|
|m_axi_gmem_AWQOS     |  out|    4|       m_axi|                     gmem|       pointer|
|m_axi_gmem_AWREGION  |  out|    4|       m_axi|                     gmem|       pointer|
|m_axi_gmem_AWUSER    |  out|    1|       m_axi|                     gmem|       pointer|
|m_axi_gmem_WVALID    |  out|    1|       m_axi|                     gmem|       pointer|
|m_axi_gmem_WREADY    |   in|    1|       m_axi|                     gmem|       pointer|
|m_axi_gmem_WDATA     |  out|    8|       m_axi|                     gmem|       pointer|
|m_axi_gmem_WSTRB     |  out|    1|       m_axi|                     gmem|       pointer|
|m_axi_gmem_WLAST     |  out|    1|       m_axi|                     gmem|       pointer|
|m_axi_gmem_WID       |  out|    1|       m_axi|                     gmem|       pointer|
|m_axi_gmem_WUSER     |  out|    1|       m_axi|                     gmem|       pointer|
|m_axi_gmem_ARVALID   |  out|    1|       m_axi|                     gmem|       pointer|
|m_axi_gmem_ARREADY   |   in|    1|       m_axi|                     gmem|       pointer|
|m_axi_gmem_ARADDR    |  out|   64|       m_axi|                     gmem|       pointer|
|m_axi_gmem_ARID      |  out|    1|       m_axi|                     gmem|       pointer|
|m_axi_gmem_ARLEN     |  out|   32|       m_axi|                     gmem|       pointer|
|m_axi_gmem_ARSIZE    |  out|    3|       m_axi|                     gmem|       pointer|
|m_axi_gmem_ARBURST   |  out|    2|       m_axi|                     gmem|       pointer|
|m_axi_gmem_ARLOCK    |  out|    2|       m_axi|                     gmem|       pointer|
|m_axi_gmem_ARCACHE   |  out|    4|       m_axi|                     gmem|       pointer|
|m_axi_gmem_ARPROT    |  out|    3|       m_axi|                     gmem|       pointer|
|m_axi_gmem_ARQOS     |  out|    4|       m_axi|                     gmem|       pointer|
|m_axi_gmem_ARREGION  |  out|    4|       m_axi|                     gmem|       pointer|
|m_axi_gmem_ARUSER    |  out|    1|       m_axi|                     gmem|       pointer|
|m_axi_gmem_RVALID    |   in|    1|       m_axi|                     gmem|       pointer|
|m_axi_gmem_RREADY    |  out|    1|       m_axi|                     gmem|       pointer|
|m_axi_gmem_RDATA     |   in|    8|       m_axi|                     gmem|       pointer|
|m_axi_gmem_RLAST     |   in|    1|       m_axi|                     gmem|       pointer|
|m_axi_gmem_RID       |   in|    1|       m_axi|                     gmem|       pointer|
|m_axi_gmem_RFIFONUM  |   in|   11|       m_axi|                     gmem|       pointer|
|m_axi_gmem_RUSER     |   in|    1|       m_axi|                     gmem|       pointer|
|m_axi_gmem_RRESP     |   in|    2|       m_axi|                     gmem|       pointer|
|m_axi_gmem_BVALID    |   in|    1|       m_axi|                     gmem|       pointer|
|m_axi_gmem_BREADY    |  out|    1|       m_axi|                     gmem|       pointer|
|m_axi_gmem_BRESP     |   in|    2|       m_axi|                     gmem|       pointer|
|m_axi_gmem_BID       |   in|    1|       m_axi|                     gmem|       pointer|
|m_axi_gmem_BUSER     |   in|    1|       m_axi|                     gmem|       pointer|
|add_ln24_7           |   in|   64|     ap_none|               add_ln24_7|        scalar|
|block_r_address0     |  out|    4|   ap_memory|                  block_r|         array|
|block_r_ce0          |  out|    1|   ap_memory|                  block_r|         array|
|block_r_q0           |   in|    8|   ap_memory|                  block_r|         array|
|select_ln23_13       |   in|   64|     ap_none|           select_ln23_13|        scalar|
+---------------------+-----+-----+------------+-------------------------+--------------+

