

================================================================
== Vitis HLS Report for 'ctr_encrypt_Pipeline_18'
================================================================
* Date:           Fri Dec  9 00:45:36 2022

* Version:        2022.2 (Build 3670227 on Oct 13 2022)
* Project:        pynqrypt-vitis-hls
* Solution:       pynqrypt (Vivado IP Flow Target)
* Product family: zynq
* Target device:  xc7z020i-clg400-1L


================================================================
== Performance Estimates
================================================================
+ Timing: 
    * Summary: 
    +--------+----------+----------+------------+
    |  Clock |  Target  | Estimated| Uncertainty|
    +--------+----------+----------+------------+
    |ap_clk  |  10.00 ns|  4.644 ns|     2.70 ns|
    +--------+----------+----------+------------+

+ Latency: 
    * Summary: 
    +---------+---------+----------+----------+-----+-----+---------+
    |  Latency (cycles) |  Latency (absolute) |  Interval | Pipeline|
    |   min   |   max   |    min   |    max   | min | max |   Type  |
    +---------+---------+----------+----------+-----+-----+---------+
    |       14|       14|  0.140 us|  0.140 us|   14|   14|       no|
    +---------+---------+----------+----------+-----+-----+---------+

    + Detail: 
        * Instance: 
        N/A

        * Loop: 
        +----------+---------+---------+----------+-----------+-----------+------+----------+
        |          |  Latency (cycles) | Iteration|  Initiation Interval  | Trip |          |
        | Loop Name|   min   |   max   |  Latency |  achieved |   target  | Count| Pipelined|
        +----------+---------+---------+----------+-----------+-----------+------+----------+
        |- Loop 1  |       12|       12|         2|          1|          1|    12|       yes|
        +----------+---------+---------+----------+-----------+-----------+------+----------+



================================================================
== Utilization Estimates
================================================================
* Summary: 
+-----------------+---------+-----+--------+-------+-----+
|       Name      | BRAM_18K| DSP |   FF   |  LUT  | URAM|
+-----------------+---------+-----+--------+-------+-----+
|DSP              |        -|    -|       -|      -|    -|
|Expression       |        -|    -|       0|     24|    -|
|FIFO             |        -|    -|       -|      -|    -|
|Instance         |        -|    -|       -|      -|    -|
|Memory           |        -|    -|       -|      -|    -|
|Multiplexer      |        -|    -|       -|     36|    -|
|Register         |        -|    -|      11|      -|    -|
+-----------------+---------+-----+--------+-------+-----+
|Total            |        0|    0|      11|     60|    0|
+-----------------+---------+-----+--------+-------+-----+
|Available        |      280|  220|  106400|  53200|    0|
+-----------------+---------+-----+--------+-------+-----+
|Utilization (%)  |        0|    0|      ~0|     ~0|    0|
+-----------------+---------+-----+--------+-------+-----+

+ Detail: 
    * Instance: 
    N/A

    * DSP: 
    N/A

    * Memory: 
    N/A

    * FIFO: 
    N/A

    * Expression: 
    +-----------------------+----------+----+---+----+------------+------------+
    |     Variable Name     | Operation| DSP| FF| LUT| Bitwidth P0| Bitwidth P1|
    +-----------------------+----------+----+---+----+------------+------------+
    |empty_67_fu_71_p2      |         +|   0|  0|  13|           4|           1|
    |exitcond1056_fu_65_p2  |      icmp|   0|  0|   9|           4|           4|
    |ap_enable_pp0          |       xor|   0|  0|   2|           1|           2|
    +-----------------------+----------+----+---+----+------------+------------+
    |Total                  |          |   0|  0|  24|           9|           7|
    +-----------------------+----------+----+---+----+------------+------------+

    * Multiplexer: 
    +------------------------------------+----+-----------+-----+-----------+
    |                Name                | LUT| Input Size| Bits| Total Bits|
    +------------------------------------+----+-----------+-----+-----------+
    |ap_done_int                         |   9|          2|    1|          2|
    |ap_enable_reg_pp0_iter1             |   9|          2|    1|          2|
    |ap_sig_allocacmp_loop_index_4_load  |   9|          2|    4|          8|
    |loop_index_4_fu_26                  |   9|          2|    4|          8|
    +------------------------------------+----+-----------+-----+-----------+
    |Total                               |  36|          8|   10|         20|
    +------------------------------------+----+-----------+-----+-----------+

    * Register: 
    +--------------------------+---+----+-----+-----------+
    |           Name           | FF| LUT| Bits| Const Bits|
    +--------------------------+---+----+-----+-----------+
    |ap_CS_fsm                 |  1|   0|    1|          0|
    |ap_done_reg               |  1|   0|    1|          0|
    |ap_enable_reg_pp0_iter1   |  1|   0|    1|          0|
    |loop_index_4_cast_reg_97  |  4|   0|   64|         60|
    |loop_index_4_fu_26        |  4|   0|    4|          0|
    +--------------------------+---+----+-----+-----------+
    |Total                     | 11|   0|   71|         60|
    +--------------------------+---+----+-----+-----------+



================================================================
== Interface
================================================================
* Summary: 
+----------------------+-----+-----+------------+-------------------------+--------------+
|       RTL Ports      | Dir | Bits|  Protocol  |      Source Object      |    C Type    |
+----------------------+-----+-----+------------+-------------------------+--------------+
|ap_clk                |   in|    1|  ap_ctrl_hs|  ctr_encrypt_Pipeline_18|  return value|
|ap_rst                |   in|    1|  ap_ctrl_hs|  ctr_encrypt_Pipeline_18|  return value|
|ap_start              |   in|    1|  ap_ctrl_hs|  ctr_encrypt_Pipeline_18|  return value|
|ap_done               |  out|    1|  ap_ctrl_hs|  ctr_encrypt_Pipeline_18|  return value|
|ap_idle               |  out|    1|  ap_ctrl_hs|  ctr_encrypt_Pipeline_18|  return value|
|ap_ready              |  out|    1|  ap_ctrl_hs|  ctr_encrypt_Pipeline_18|  return value|
|this_nonce_address0   |  out|    4|   ap_memory|               this_nonce|         array|
|this_nonce_ce0        |  out|    1|   ap_memory|               this_nonce|         array|
|this_nonce_q0         |   in|    8|   ap_memory|               this_nonce|         array|
|block_nonce_address0  |  out|    4|   ap_memory|              block_nonce|         array|
|block_nonce_ce0       |  out|    1|   ap_memory|              block_nonce|         array|
|block_nonce_we0       |  out|    1|   ap_memory|              block_nonce|         array|
|block_nonce_d0        |  out|    8|   ap_memory|              block_nonce|         array|
+----------------------+-----+-----+------------+-------------------------+--------------+

