

================================================================
== Vitis HLS Report for 'entry_proc'
================================================================
* Date:           Tue Dec  6 01:26:16 2022

* Version:        2022.2 (Build 3670227 on Oct 13 2022)
* Project:        pynqrypt-vitis-hls
* Solution:       pynqrypt (Vivado IP Flow Target)
* Product family: zynq
* Target device:  xc7z020i-clg400-1L


================================================================
== Performance Estimates
================================================================
+ Timing: 
    * Summary: 
    +--------+----------+----------+------------+
    |  Clock |  Target  | Estimated| Uncertainty|
    +--------+----------+----------+------------+
    |ap_clk  |  10.00 ns|  3.634 ns|     2.70 ns|
    +--------+----------+----------+------------+

+ Latency: 
    * Summary: 
    +---------+---------+----------+----------+-----+-----+---------+
    |  Latency (cycles) |  Latency (absolute) |  Interval | Pipeline|
    |   min   |   max   |    min   |    max   | min | max |   Type  |
    +---------+---------+----------+----------+-----+-----+---------+
    |        0|        0|      0 ns|      0 ns|    0|    0|       no|
    +---------+---------+----------+----------+-----+-----+---------+

    + Detail: 
        * Instance: 
        N/A

        * Loop: 
        N/A



================================================================
== Utilization Estimates
================================================================
* Summary: 
+-----------------+---------+-----+--------+-------+-----+
|       Name      | BRAM_18K| DSP |   FF   |  LUT  | URAM|
+-----------------+---------+-----+--------+-------+-----+
|DSP              |        -|    -|       -|      -|    -|
|Expression       |        -|    -|       0|      2|    -|
|FIFO             |        -|    -|       -|      -|    -|
|Instance         |        -|    -|       -|      -|    -|
|Memory           |        -|    -|       -|      -|    -|
|Multiplexer      |        -|    -|       -|     36|    -|
|Register         |        -|    -|       2|      -|    -|
+-----------------+---------+-----+--------+-------+-----+
|Total            |        0|    0|       2|     38|    0|
+-----------------+---------+-----+--------+-------+-----+
|Available        |      280|  220|  106400|  53200|    0|
+-----------------+---------+-----+--------+-------+-----+
|Utilization (%)  |        0|    0|      ~0|     ~0|    0|
+-----------------+---------+-----+--------+-------+-----+

+ Detail: 
    * Instance: 
    N/A

    * DSP: 
    N/A

    * Memory: 
    N/A

    * FIFO: 
    N/A

    * Expression: 
    +-----------------+----------+----+---+----+------------+------------+
    |  Variable Name  | Operation| DSP| FF| LUT| Bitwidth P0| Bitwidth P1|
    +-----------------+----------+----+---+----+------------+------------+
    |ap_block_state1  |        or|   0|  0|   2|           1|           1|
    +-----------------+----------+----+---+----+------------+------------+
    |Total            |          |   0|  0|   2|           1|           1|
    +-----------------+----------+----+---+----+------------+------------+

    * Multiplexer: 
    +--------------------------+----+-----------+-----+-----------+
    |           Name           | LUT| Input Size| Bits| Total Bits|
    +--------------------------+----+-----------+-----+-----------+
    |ap_done                   |   9|          2|    1|          2|
    |ciphertext_c_blk_n        |   9|          2|    1|          2|
    |plaintext_c_blk_n         |   9|          2|    1|          2|
    |plaintext_length_c_blk_n  |   9|          2|    1|          2|
    +--------------------------+----+-----------+-----+-----------+
    |Total                     |  36|          8|    4|          8|
    +--------------------------+----+-----------+-----+-----------+

    * Register: 
    +-------------+---+----+-----+-----------+
    |     Name    | FF| LUT| Bits| Const Bits|
    +-------------+---+----+-----+-----------+
    |ap_CS_fsm    |  1|   0|    1|          0|
    |ap_done_reg  |  1|   0|    1|          0|
    +-------------+---+----+-----+-----------+
    |Total        |  2|   0|    2|          0|
    +-------------+---+----+-----+-----------+



================================================================
== Interface
================================================================
* Summary: 
+-----------------------------------+-----+-----+------------+--------------------+--------------+
|             RTL Ports             | Dir | Bits|  Protocol  |    Source Object   |    C Type    |
+-----------------------------------+-----+-----+------------+--------------------+--------------+
|ap_clk                             |   in|    1|  ap_ctrl_hs|          entry_proc|  return value|
|ap_rst                             |   in|    1|  ap_ctrl_hs|          entry_proc|  return value|
|ap_start                           |   in|    1|  ap_ctrl_hs|          entry_proc|  return value|
|ap_done                            |  out|    1|  ap_ctrl_hs|          entry_proc|  return value|
|ap_continue                        |   in|    1|  ap_ctrl_hs|          entry_proc|  return value|
|ap_idle                            |  out|    1|  ap_ctrl_hs|          entry_proc|  return value|
|ap_ready                           |  out|    1|  ap_ctrl_hs|          entry_proc|  return value|
|plaintext_length                   |   in|   64|     ap_none|    plaintext_length|        scalar|
|plaintext_length_c_din             |  out|   64|     ap_fifo|  plaintext_length_c|       pointer|
|plaintext_length_c_num_data_valid  |   in|    3|     ap_fifo|  plaintext_length_c|       pointer|
|plaintext_length_c_fifo_cap        |   in|    3|     ap_fifo|  plaintext_length_c|       pointer|
|plaintext_length_c_full_n          |   in|    1|     ap_fifo|  plaintext_length_c|       pointer|
|plaintext_length_c_write           |  out|    1|     ap_fifo|  plaintext_length_c|       pointer|
|plaintext                          |   in|   64|     ap_none|           plaintext|        scalar|
|plaintext_c_din                    |  out|   64|     ap_fifo|         plaintext_c|       pointer|
|plaintext_c_num_data_valid         |   in|    3|     ap_fifo|         plaintext_c|       pointer|
|plaintext_c_fifo_cap               |   in|    3|     ap_fifo|         plaintext_c|       pointer|
|plaintext_c_full_n                 |   in|    1|     ap_fifo|         plaintext_c|       pointer|
|plaintext_c_write                  |  out|    1|     ap_fifo|         plaintext_c|       pointer|
|ciphertext                         |   in|   64|     ap_none|          ciphertext|        scalar|
|ciphertext_c_din                   |  out|   64|     ap_fifo|        ciphertext_c|       pointer|
|ciphertext_c_num_data_valid        |   in|    3|     ap_fifo|        ciphertext_c|       pointer|
|ciphertext_c_fifo_cap              |   in|    3|     ap_fifo|        ciphertext_c|       pointer|
|ciphertext_c_full_n                |   in|    1|     ap_fifo|        ciphertext_c|       pointer|
|ciphertext_c_write                 |  out|    1|     ap_fifo|        ciphertext_c|       pointer|
+-----------------------------------+-----+-----+------------+--------------------+--------------+

