

================================================================
== Vitis HLS Report for 'Loop_3_proc'
================================================================
* Date:           Tue Dec  6 01:26:17 2022

* Version:        2022.2 (Build 3670227 on Oct 13 2022)
* Project:        pynqrypt-vitis-hls
* Solution:       pynqrypt (Vivado IP Flow Target)
* Product family: zynq
* Target device:  xc7z020i-clg400-1L


================================================================
== Performance Estimates
================================================================
+ Timing: 
    * Summary: 
    +--------+----------+----------+------------+
    |  Clock |  Target  | Estimated| Uncertainty|
    +--------+----------+----------+------------+
    |ap_clk  |  10.00 ns|  6.904 ns|     2.70 ns|
    +--------+----------+----------+------------+

+ Latency: 
    * Summary: 
    +---------+---------+----------+----------+-----+-----+---------+
    |  Latency (cycles) |  Latency (absolute) |  Interval | Pipeline|
    |   min   |   max   |    min   |    max   | min | max |   Type  |
    +---------+---------+----------+----------+-----+-----+---------+
    |      343|      343|  3.430 us|  3.430 us|  343|  343|       no|
    +---------+---------+----------+----------+-----+-----+---------+

    + Detail: 
        * Instance: 
        +-------------------------------------------------+---------------------------------------+---------+---------+----------+----------+-----+-----+---------+
        |                                                 |                                       |  Latency (cycles) |  Latency (absolute) |  Interval | Pipeline|
        |                     Instance                    |                 Module                |   min   |   max   |    min   |    max   | min | max |   Type  |
        +-------------------------------------------------+---------------------------------------+---------+---------+----------+----------+-----+-----+---------+
        |grp_Loop_3_proc_Pipeline_1_fu_26                 |Loop_3_proc_Pipeline_1                 |       18|       18|  0.180 us|  0.180 us|   18|   18|       no|
        |grp_Loop_3_proc_Pipeline_VITIS_LOOP_198_1_fu_34  |Loop_3_proc_Pipeline_VITIS_LOOP_198_1  |      322|      322|  3.220 us|  3.220 us|  322|  322|       no|
        +-------------------------------------------------+---------------------------------------+---------+---------+----------+----------+-----+-----+---------+

        * Loop: 
        N/A



================================================================
== Utilization Estimates
================================================================
* Summary: 
+-----------------+---------+-----+--------+-------+-----+
|       Name      | BRAM_18K| DSP |   FF   |  LUT  | URAM|
+-----------------+---------+-----+--------+-------+-----+
|DSP              |        -|    -|       -|      -|    -|
|Expression       |        -|    -|       0|      2|    -|
|FIFO             |        -|    -|       -|      -|    -|
|Instance         |        1|    -|     176|    537|    -|
|Memory           |        -|    -|       -|      -|    -|
|Multiplexer      |        -|    -|       -|    117|    -|
|Register         |        -|    -|       7|      -|    -|
+-----------------+---------+-----+--------+-------+-----+
|Total            |        1|    0|     183|    656|    0|
+-----------------+---------+-----+--------+-------+-----+
|Available        |      280|  220|  106400|  53200|    0|
+-----------------+---------+-----+--------+-------+-----+
|Utilization (%)  |       ~0|    0|      ~0|      1|    0|
+-----------------+---------+-----+--------+-------+-----+

+ Detail: 
    * Instance: 
    +-------------------------------------------------+---------------------------------------+---------+----+-----+-----+-----+
    |                     Instance                    |                 Module                | BRAM_18K| DSP|  FF | LUT | URAM|
    +-------------------------------------------------+---------------------------------------+---------+----+-----+-----+-----+
    |grp_Loop_3_proc_Pipeline_1_fu_26                 |Loop_3_proc_Pipeline_1                 |        0|   0|   13|   72|    0|
    |grp_Loop_3_proc_Pipeline_VITIS_LOOP_198_1_fu_34  |Loop_3_proc_Pipeline_VITIS_LOOP_198_1  |        1|   0|  163|  465|    0|
    +-------------------------------------------------+---------------------------------------+---------+----+-----+-----+-----+
    |Total                                            |                                       |        1|   0|  176|  537|    0|
    +-------------------------------------------------+---------------------------------------+---------+----+-----+-----+-----+

    * DSP: 
    N/A

    * Memory: 
    N/A

    * FIFO: 
    N/A

    * Expression: 
    +-----------------+----------+----+---+----+------------+------------+
    |  Variable Name  | Operation| DSP| FF| LUT| Bitwidth P0| Bitwidth P1|
    +-----------------+----------+----+---+----+------------+------------+
    |ap_block_state1  |        or|   0|  0|   2|           1|           1|
    +-----------------+----------+----+---+----+------------+------------+
    |Total            |          |   0|  0|   2|           1|           1|
    +-----------------+----------+----+---+----+------------+------------+

    * Multiplexer: 
    +------------------------------+----+-----------+-----+-----------+
    |             Name             | LUT| Input Size| Bits| Total Bits|
    +------------------------------+----+-----------+-----+-----------+
    |ap_NS_fsm                     |  25|          5|    1|          5|
    |ap_done                       |   9|          2|    1|          2|
    |pynqrypt_key_read             |   9|          2|    1|          2|
    |pynqrypt_round_keys_address0  |  14|          3|    8|         24|
    |pynqrypt_round_keys_ce0       |  14|          3|    1|          3|
    |pynqrypt_round_keys_ce1       |   9|          2|    1|          2|
    |pynqrypt_round_keys_d0        |  14|          3|    8|         24|
    |pynqrypt_round_keys_we0       |  14|          3|    1|          3|
    |pynqrypt_round_keys_we1       |   9|          2|    1|          2|
    +------------------------------+----+-----------+-----+-----------+
    |Total                         | 117|         25|   23|         67|
    +------------------------------+----+-----------+-----+-----------+

    * Register: 
    +--------------------------------------------------------------+---+----+-----+-----------+
    |                             Name                             | FF| LUT| Bits| Const Bits|
    +--------------------------------------------------------------+---+----+-----+-----------+
    |ap_CS_fsm                                                     |  4|   0|    4|          0|
    |ap_done_reg                                                   |  1|   0|    1|          0|
    |grp_Loop_3_proc_Pipeline_1_fu_26_ap_start_reg                 |  1|   0|    1|          0|
    |grp_Loop_3_proc_Pipeline_VITIS_LOOP_198_1_fu_34_ap_start_reg  |  1|   0|    1|          0|
    +--------------------------------------------------------------+---+----+-----+-----------+
    |Total                                                         |  7|   0|    7|          0|
    +--------------------------------------------------------------+---+----+-----+-----------+



================================================================
== Interface
================================================================
* Summary: 
+------------------------------+-----+-----+------------+---------------------+--------------+
|           RTL Ports          | Dir | Bits|  Protocol  |    Source Object    |    C Type    |
+------------------------------+-----+-----+------------+---------------------+--------------+
|ap_clk                        |   in|    1|  ap_ctrl_hs|          Loop_3_proc|  return value|
|ap_rst                        |   in|    1|  ap_ctrl_hs|          Loop_3_proc|  return value|
|ap_start                      |   in|    1|  ap_ctrl_hs|          Loop_3_proc|  return value|
|ap_done                       |  out|    1|  ap_ctrl_hs|          Loop_3_proc|  return value|
|ap_continue                   |   in|    1|  ap_ctrl_hs|          Loop_3_proc|  return value|
|ap_idle                       |  out|    1|  ap_ctrl_hs|          Loop_3_proc|  return value|
|ap_ready                      |  out|    1|  ap_ctrl_hs|          Loop_3_proc|  return value|
|pynqrypt_key_dout             |   in|    8|     ap_fifo|         pynqrypt_key|       pointer|
|pynqrypt_key_num_data_valid   |   in|    5|     ap_fifo|         pynqrypt_key|       pointer|
|pynqrypt_key_fifo_cap         |   in|    5|     ap_fifo|         pynqrypt_key|       pointer|
|pynqrypt_key_empty_n          |   in|    1|     ap_fifo|         pynqrypt_key|       pointer|
|pynqrypt_key_read             |  out|    1|     ap_fifo|         pynqrypt_key|       pointer|
|pynqrypt_round_keys_address0  |  out|    8|   ap_memory|  pynqrypt_round_keys|         array|
|pynqrypt_round_keys_ce0       |  out|    1|   ap_memory|  pynqrypt_round_keys|         array|
|pynqrypt_round_keys_we0       |  out|    1|   ap_memory|  pynqrypt_round_keys|         array|
|pynqrypt_round_keys_d0        |  out|    8|   ap_memory|  pynqrypt_round_keys|         array|
|pynqrypt_round_keys_q0        |   in|    8|   ap_memory|  pynqrypt_round_keys|         array|
|pynqrypt_round_keys_address1  |  out|    8|   ap_memory|  pynqrypt_round_keys|         array|
|pynqrypt_round_keys_ce1       |  out|    1|   ap_memory|  pynqrypt_round_keys|         array|
|pynqrypt_round_keys_we1       |  out|    1|   ap_memory|  pynqrypt_round_keys|         array|
|pynqrypt_round_keys_d1        |  out|    8|   ap_memory|  pynqrypt_round_keys|         array|
|pynqrypt_round_keys_q1        |   in|    8|   ap_memory|  pynqrypt_round_keys|         array|
+------------------------------+-----+-----+------------+---------------------+--------------+

