

================================================================
== Vitis HLS Report for 'pynqrypt_encrypt'
================================================================
* Date:           Sat Dec 10 11:47:23 2022

* Version:        2022.2 (Build 3670227 on Oct 13 2022)
* Project:        pynqrypt-vitis-hls
* Solution:       pynqrypt (Vivado IP Flow Target)
* Product family: zynq
* Target device:  xc7z020i-clg400-1L


================================================================
== Performance Estimates
================================================================
+ Timing: 
    * Summary: 
    +--------+----------+----------+------------+
    |  Clock |  Target  | Estimated| Uncertainty|
    +--------+----------+----------+------------+
    |ap_clk  |  10.00 ns|  7.300 ns|     2.70 ns|
    +--------+----------+----------+------------+

+ Latency: 
    * Summary: 
    +---------+---------+----------+----------+-----+-----+---------+
    |  Latency (cycles) |  Latency (absolute) |  Interval | Pipeline|
    |   min   |   max   |    min   |    max   | min | max |   Type  |
    +---------+---------+----------+----------+-----+-----+---------+
    |        ?|        ?|         ?|         ?|    ?|    ?|       no|
    +---------+---------+----------+----------+-----+-----+---------+

    + Detail: 
        * Instance: 
        +-------------------------------------------------------------------+--------------------------------------------------------+---------+---------+----------+----------+-----+-----+---------+
        |                                                                   |                                                        |  Latency (cycles) |  Latency (absolute) |  Interval | Pipeline|
        |                              Instance                             |                         Module                         |   min   |   max   |    min   |    max   | min | max |   Type  |
        +-------------------------------------------------------------------+--------------------------------------------------------+---------+---------+----------+----------+-----+-----+---------+
        |grp_pynqrypt_encrypt_Pipeline_loop_aes_generate_round_keys_fu_314  |pynqrypt_encrypt_Pipeline_loop_aes_generate_round_keys  |       82|       82|  0.820 us|  0.820 us|   82|   82|       no|
        |grp_pynqrypt_encrypt_Pipeline_VITIS_LOOP_155_1_fu_323              |pynqrypt_encrypt_Pipeline_VITIS_LOOP_155_1              |       24|       24|  0.240 us|  0.240 us|   24|   24|       no|
        |grp_aes_encrypt_block_fu_329                                       |aes_encrypt_block                                       |      148|      148|  1.480 us|  1.480 us|  148|  148|       no|
        +-------------------------------------------------------------------+--------------------------------------------------------+---------+---------+----------+----------+-----+-----+---------+

        * Loop: 
        +---------------------+---------+---------+----------+-----------+-----------+------+----------+
        |                     |  Latency (cycles) | Iteration|  Initiation Interval  | Trip |          |
        |      Loop Name      |   min   |   max   |  Latency |  achieved |   target  | Count| Pipelined|
        +---------------------+---------+---------+----------+-----------+-----------+------+----------+
        |- loop_ctr_encrypt   |        ?|        ?|       203|          -|          -|     ?|        no|
        | + VITIS_LOOP_183_1  |       24|       24|         3|          -|          -|     8|        no|
        | + VITIS_LOOP_183_1  |       24|       24|         3|          -|          -|     8|        no|
        +---------------------+---------+---------+----------+-----------+-----------+------+----------+



================================================================
== Utilization Estimates
================================================================
* Summary: 
+-----------------+---------+-----+--------+-------+-----+
|       Name      | BRAM_18K| DSP |   FF   |  LUT  | URAM|
+-----------------+---------+-----+--------+-------+-----+
|DSP              |        -|    -|       -|      -|    -|
|Expression       |        -|    -|       0|  10112|    -|
|FIFO             |        -|    -|       -|      -|    -|
|Instance         |        4|    -|    3202|   6003|    -|
|Memory           |        7|    -|       0|      0|    0|
|Multiplexer      |        -|    -|       -|    421|    -|
|Register         |        -|    -|    1845|      -|    -|
+-----------------+---------+-----+--------+-------+-----+
|Total            |       11|    0|    5047|  16536|    0|
+-----------------+---------+-----+--------+-------+-----+
|Available        |      280|  220|  106400|  53200|    0|
+-----------------+---------+-----+--------+-------+-----+
|Utilization (%)  |        3|    0|       4|     31|    0|
+-----------------+---------+-----+--------+-------+-----+

+ Detail: 
    * Instance: 
    +-------------------------------------------------------------------+--------------------------------------------------------+---------+----+------+------+-----+
    |                              Instance                             |                         Module                         | BRAM_18K| DSP|  FF  |  LUT | URAM|
    +-------------------------------------------------------------------+--------------------------------------------------------+---------+----+------+------+-----+
    |grp_aes_encrypt_block_fu_329                                       |aes_encrypt_block                                       |        4|   0|  1538|  3039|    0|
    |control_s_axi_U                                                    |control_s_axi                                           |        0|   0|   482|   872|    0|
    |gmem_m_axi_U                                                       |gmem_m_axi                                              |        0|   0|   819|  1525|    0|
    |grp_pynqrypt_encrypt_Pipeline_VITIS_LOOP_155_1_fu_323              |pynqrypt_encrypt_Pipeline_VITIS_LOOP_155_1              |        0|   0|    86|   140|    0|
    |grp_pynqrypt_encrypt_Pipeline_loop_aes_generate_round_keys_fu_314  |pynqrypt_encrypt_Pipeline_loop_aes_generate_round_keys  |        0|   0|   277|   427|    0|
    +-------------------------------------------------------------------+--------------------------------------------------------+---------+----+------+------+-----+
    |Total                                                              |                                                        |        4|   0|  3202|  6003|    0|
    +-------------------------------------------------------------------+--------------------------------------------------------+---------+----+------+------+-----+

    * DSP: 
    N/A

    * Memory: 
    +-------------------------+---------------------------------------------------------------------------------+---------+---+----+-----+------+-----+------+-------------+
    |          Memory         |                                      Module                                     | BRAM_18K| FF| LUT| URAM| Words| Bits| Banks| W*Bits*Banks|
    +-------------------------+---------------------------------------------------------------------------------+---------+---+----+-----+------+-----+------+-------------+
    |crypto_aes_sbox_V_U      |aes_encrypt_block_Pipeline_loop_aes_encrypt_block_crypto_aes_sbox_V_ROM_AUTO_1R  |        1|  0|   0|    0|   256|    8|     1|         2048|
    |p_round_key_V_U          |p_round_key_V_RAM_AUTO_1R1W                                                      |        2|  0|   0|    0|    44|   32|     1|         1408|
    |pynqrypt_round_keys_V_U  |pynqrypt_round_keys_V_RAM_AUTO_1R1W                                              |        4|  0|   0|    0|    11|  128|     1|         1408|
    +-------------------------+---------------------------------------------------------------------------------+---------+---+----+-----+------+-----+------+-------------+
    |Total                    |                                                                                 |        7|  0|   0|    0|   311|  168|     3|         4864|
    +-------------------------+---------------------------------------------------------------------------------+---------+---+----+-----+------+-----+------+-------------+

    * FIFO: 
    N/A

    * Expression: 
    +---------------------------+----------+----+---+-----+------------+------------+
    |       Variable Name       | Operation| DSP| FF| LUT | Bitwidth P0| Bitwidth P1|
    +---------------------------+----------+----+---+-----+------------+------------+
    |i_2_fu_461_p2              |         +|   0|  0|   13|           4|           1|
    |i_3_fu_450_p2              |         +|   0|  0|   67|          60|           1|
    |i_5_fu_780_p2              |         +|   0|  0|   13|           4|           1|
    |sub_ln185_1_fu_808_p2      |         -|   0|  0|   14|           5|           7|
    |sub_ln185_fu_489_p2        |         -|   0|  0|   14|           5|           7|
    |sub_ln628_1_fu_537_p2      |         -|   0|  0|   14|           7|           7|
    |sub_ln628_2_fu_832_p2      |         -|   0|  0|   14|           7|           7|
    |sub_ln628_3_fu_849_p2      |         -|   0|  0|   14|           7|           7|
    |sub_ln628_fu_520_p2        |         -|   0|  0|   14|           7|           7|
    |and_ln368_1_fu_632_p2      |       and|   0|  0|  128|         128|         128|
    |and_ln368_2_fu_751_p2      |       and|   0|  0|  128|         128|         128|
    |and_ln368_3_fu_757_p2      |       and|   0|  0|  128|         128|         128|
    |and_ln368_4_fu_986_p2      |       and|   0|  0|  128|         128|         128|
    |and_ln368_5_fu_944_p2      |       and|   0|  0|  128|         128|         128|
    |and_ln368_6_fu_1063_p2     |       and|   0|  0|  128|         128|         128|
    |and_ln368_7_fu_1069_p2     |       and|   0|  0|  128|         128|         128|
    |and_ln368_fu_674_p2        |       and|   0|  0|  128|         128|         128|
    |ap_block_state10           |       and|   0|  0|    2|           1|           1|
    |p_Result_4_fu_651_p2       |       and|   0|  0|  128|         128|         128|
    |p_Result_7_fu_963_p2       |       and|   0|  0|  128|         128|         128|
    |icmp_ln183_1_fu_774_p2     |      icmp|   0|  0|    9|           4|           5|
    |icmp_ln183_fu_455_p2       |      icmp|   0|  0|    9|           4|           5|
    |icmp_ln18_fu_445_p2        |      icmp|   0|  0|   27|          60|          60|
    |icmp_ln368_1_fu_902_p2     |      icmp|   0|  0|   10|           7|           7|
    |icmp_ln368_fu_590_p2       |      icmp|   0|  0|   10|           7|           7|
    |icmp_ln628_1_fu_818_p2     |      icmp|   0|  0|   10|           7|           7|
    |icmp_ln628_fu_506_p2       |      icmp|   0|  0|   10|           7|           7|
    |lshr_ln368_1_fu_938_p2     |      lshr|   0|  0|  423|           2|         128|
    |lshr_ln368_fu_626_p2       |      lshr|   0|  0|  423|           2|         128|
    |lshr_ln628_1_fu_578_p2     |      lshr|   0|  0|  423|         128|         128|
    |lshr_ln628_2_fu_584_p2     |      lshr|   0|  0|  423|           2|         128|
    |lshr_ln628_3_fu_953_p2     |      lshr|   0|  0|  423|         128|         128|
    |lshr_ln628_4_fu_890_p2     |      lshr|   0|  0|  423|         128|         128|
    |lshr_ln628_5_fu_896_p2     |      lshr|   0|  0|  423|           2|         128|
    |lshr_ln628_fu_641_p2       |      lshr|   0|  0|  423|         128|         128|
    |or_ln368_3_fu_1012_p2      |        or|   0|  0|    6|           6|           3|
    |or_ln368_fu_700_p2         |        or|   0|  0|    6|           6|           3|
    |or_ln628_1_fu_836_p2       |        or|   0|  0|    6|           6|           3|
    |or_ln628_fu_524_p2         |        or|   0|  0|    6|           6|           3|
    |p_Result_3_fu_1074_p2      |        or|   0|  0|  128|         128|         128|
    |p_Result_5_fu_690_p2       |        or|   0|  0|  128|         128|         128|
    |p_Result_8_fu_1002_p2      |        or|   0|  0|  128|         128|         128|
    |p_Result_s_fu_762_p2       |        or|   0|  0|  128|         128|         128|
    |select_ln368_1_fu_600_p3   |    select|   0|  0|    7|           1|           7|
    |select_ln368_2_fu_713_p3   |    select|   0|  0|    7|           1|           7|
    |select_ln368_3_fu_739_p3   |    select|   0|  0|  128|           1|         128|
    |select_ln368_4_fu_906_p3   |    select|   0|  0|    7|           1|           7|
    |select_ln368_5_fu_912_p3   |    select|   0|  0|    7|           1|           7|
    |select_ln368_6_fu_1025_p3  |    select|   0|  0|    7|           1|           7|
    |select_ln368_7_fu_1051_p3  |    select|   0|  0|  128|           1|         128|
    |select_ln368_fu_594_p3     |    select|   0|  0|    7|           1|           7|
    |select_ln628_1_fu_549_p3   |    select|   0|  0|  128|           1|         128|
    |select_ln628_2_fu_557_p3   |    select|   0|  0|    7|           1|           7|
    |select_ln628_3_fu_853_p3   |    select|   0|  0|    7|           1|           7|
    |select_ln628_4_fu_861_p3   |    select|   0|  0|  128|           1|         128|
    |select_ln628_5_fu_869_p3   |    select|   0|  0|    7|           1|           7|
    |select_ln628_fu_541_p3     |    select|   0|  0|    7|           1|           7|
    |shl_ln368_1_fu_684_p2      |       shl|   0|  0|  423|         128|         128|
    |shl_ln368_2_fu_723_p2      |       shl|   0|  0|  423|         128|         128|
    |shl_ln368_3_fu_620_p2      |       shl|   0|  0|  423|           2|         128|
    |shl_ln368_4_fu_974_p2      |       shl|   0|  0|  423|           8|         128|
    |shl_ln368_5_fu_996_p2      |       shl|   0|  0|  423|         128|         128|
    |shl_ln368_6_fu_1035_p2     |       shl|   0|  0|  423|         128|         128|
    |shl_ln368_7_fu_932_p2      |       shl|   0|  0|  423|           2|         128|
    |shl_ln368_fu_662_p2        |       shl|   0|  0|  423|           8|         128|
    |block_V_2_fu_768_p2        |       xor|   0|  0|  128|         128|         128|
    |xor_ln185_1_fu_802_p2      |       xor|   0|  0|    7|           7|           2|
    |xor_ln185_fu_483_p2        |       xor|   0|  0|    7|           7|           2|
    |xor_ln368_1_fu_606_p2      |       xor|   0|  0|    7|           7|           2|
    |xor_ln368_2_fu_746_p2      |       xor|   0|  0|  128|           2|         128|
    |xor_ln368_3_fu_980_p2      |       xor|   0|  0|  128|         128|           2|
    |xor_ln368_4_fu_918_p2      |       xor|   0|  0|    7|           7|           2|
    |xor_ln368_5_fu_1058_p2     |       xor|   0|  0|  128|           2|         128|
    |xor_ln368_fu_668_p2        |       xor|   0|  0|  128|         128|           2|
    |xor_ln628_1_fu_876_p2      |       xor|   0|  0|    7|           7|           2|
    |xor_ln628_fu_564_p2        |       xor|   0|  0|    7|           7|           2|
    +---------------------------+----------+----+---+-----+------------+------------+
    |Total                      |          |   0|  0|10112|        3515|        4978|
    +---------------------------+----------+----+---+-----+------------+------------+

    * Multiplexer: 
    +--------------------------------+-----+-----------+-----+-----------+
    |              Name              | LUT | Input Size| Bits| Total Bits|
    +--------------------------------+-----+-----------+-----+-----------+
    |ap_NS_fsm                       |  113|         24|    1|         24|
    |crypto_aes_sbox_V_address0      |   14|          3|    8|         24|
    |crypto_aes_sbox_V_ce0           |    9|          2|    1|          2|
    |gmem_blk_n_AR                   |    9|          2|    1|          2|
    |gmem_blk_n_AW                   |    9|          2|    1|          2|
    |gmem_blk_n_B                    |    9|          2|    1|          2|
    |gmem_blk_n_R                    |    9|          2|    1|          2|
    |gmem_blk_n_W                    |    9|          2|    1|          2|
    |i_4_reg_303                     |    9|          2|    4|          8|
    |i_reg_281                       |    9|          2|    4|          8|
    |offset_fu_160                   |    9|          2|   60|        120|
    |p_Val2_2_reg_292                |    9|          2|  128|        256|
    |p_Val2_s_reg_271                |    9|          2|  128|        256|
    |p_round_key_V_address0          |   25|          5|    6|         30|
    |p_round_key_V_address1          |   25|          5|    6|         30|
    |p_round_key_V_ce0               |   20|          4|    1|          4|
    |p_round_key_V_ce1               |   20|          4|    1|          4|
    |p_round_key_V_d0                |   20|          4|   32|        128|
    |p_round_key_V_d1                |   20|          4|   32|        128|
    |p_round_key_V_we0               |   14|          3|    1|          3|
    |p_round_key_V_we1               |   14|          3|    1|          3|
    |pynqrypt_round_keys_V_address0  |   14|          3|    4|         12|
    |pynqrypt_round_keys_V_ce0       |   14|          3|    1|          3|
    |pynqrypt_round_keys_V_we0       |    9|          2|    1|          2|
    +--------------------------------+-----+-----------+-----+-----------+
    |Total                           |  421|         89|  425|       1055|
    +--------------------------------+-----+-----------+-----+-----------+

    * Register: 
    +--------------------------------------------------------------------------------+-----+----+-----+-----------+
    |                                      Name                                      |  FF | LUT| Bits| Const Bits|
    +--------------------------------------------------------------------------------+-----+----+-----+-----------+
    |and_ln368_1_reg_1211                                                            |  128|   0|  128|          0|
    |and_ln368_5_reg_1281                                                            |  128|   0|  128|          0|
    |ap_CS_fsm                                                                       |   23|   0|   23|          0|
    |block_V_reg_1147                                                                |  128|   0|  128|          0|
    |grp_aes_encrypt_block_fu_329_ap_start_reg                                       |    1|   0|    1|          0|
    |grp_pynqrypt_encrypt_Pipeline_VITIS_LOOP_155_1_fu_323_ap_start_reg              |    1|   0|    1|          0|
    |grp_pynqrypt_encrypt_Pipeline_loop_aes_generate_round_keys_fu_314_ap_start_reg  |    1|   0|    1|          0|
    |i_2_reg_1155                                                                    |    4|   0|    4|          0|
    |i_3_reg_1142                                                                    |   60|   0|   60|          0|
    |i_4_reg_303                                                                     |    4|   0|    4|          0|
    |i_5_reg_1230                                                                    |    4|   0|    4|          0|
    |i_reg_281                                                                       |    4|   0|    4|          0|
    |icmp_ln18_reg_1138                                                              |    1|   0|    1|          0|
    |icmp_ln368_1_reg_1275                                                           |    1|   0|    1|          0|
    |icmp_ln368_reg_1205                                                             |    1|   0|    1|          0|
    |lshr_ln628_1_reg_1195                                                           |  128|   0|  128|          0|
    |lshr_ln628_2_reg_1200                                                           |  128|   0|  128|          0|
    |lshr_ln628_4_reg_1265                                                           |  128|   0|  128|          0|
    |lshr_ln628_5_reg_1270                                                           |  128|   0|  128|          0|
    |nonce_read_reg_1087                                                             |   96|   0|   96|          0|
    |offset_fu_160                                                                   |   60|   0|   60|          0|
    |p_Result_6_reg_1190                                                             |  128|   0|  128|          0|
    |p_Val2_2_reg_292                                                                |  128|   0|  128|          0|
    |p_Val2_s_reg_271                                                                |  128|   0|  128|          0|
    |shl_ln184_1_reg_1235                                                            |    3|   0|    6|          3|
    |shl_ln_reg_1160                                                                 |    3|   0|    6|          3|
    |sub_ln185_1_reg_1253                                                            |    4|   0|    7|          3|
    |sub_ln185_reg_1178                                                              |    4|   0|    7|          3|
    |tmp_1_reg_1092                                                                  |   32|   0|   32|          0|
    |trunc_ln18_1_reg_1107                                                           |   60|   0|   60|          0|
    |trunc_ln18_2_reg_1118                                                           |   60|   0|   60|          0|
    |trunc_ln18_3_reg_1102                                                           |   60|   0|   60|          0|
    |trunc_ln2_reg_1112                                                              |   32|   0|   32|          0|
    |trunc_ln628_reg_1097                                                            |   32|   0|   32|          0|
    |xor_ln185_1_reg_1243                                                            |    7|   0|    7|          0|
    |xor_ln185_reg_1168                                                              |    7|   0|    7|          0|
    +--------------------------------------------------------------------------------+-----+----+-----+-----------+
    |Total                                                                           | 1845|   0| 1857|         12|
    +--------------------------------------------------------------------------------+-----+----+-----+-----------+



================================================================
== Interface
================================================================
* Summary: 
+-----------------------+-----+-----+------------+------------------+--------------+
|       RTL Ports       | Dir | Bits|  Protocol  |   Source Object  |    C Type    |
+-----------------------+-----+-----+------------+------------------+--------------+
|s_axi_control_AWVALID  |   in|    1|       s_axi|           control|        scalar|
|s_axi_control_AWREADY  |  out|    1|       s_axi|           control|        scalar|
|s_axi_control_AWADDR   |   in|    7|       s_axi|           control|        scalar|
|s_axi_control_WVALID   |   in|    1|       s_axi|           control|        scalar|
|s_axi_control_WREADY   |  out|    1|       s_axi|           control|        scalar|
|s_axi_control_WDATA    |   in|   32|       s_axi|           control|        scalar|
|s_axi_control_WSTRB    |   in|    4|       s_axi|           control|        scalar|
|s_axi_control_ARVALID  |   in|    1|       s_axi|           control|        scalar|
|s_axi_control_ARREADY  |  out|    1|       s_axi|           control|        scalar|
|s_axi_control_ARADDR   |   in|    7|       s_axi|           control|        scalar|
|s_axi_control_RVALID   |  out|    1|       s_axi|           control|        scalar|
|s_axi_control_RREADY   |   in|    1|       s_axi|           control|        scalar|
|s_axi_control_RDATA    |  out|   32|       s_axi|           control|        scalar|
|s_axi_control_RRESP    |  out|    2|       s_axi|           control|        scalar|
|s_axi_control_BVALID   |  out|    1|       s_axi|           control|        scalar|
|s_axi_control_BREADY   |   in|    1|       s_axi|           control|        scalar|
|s_axi_control_BRESP    |  out|    2|       s_axi|           control|        scalar|
|ap_clk                 |   in|    1|  ap_ctrl_hs|  pynqrypt_encrypt|  return value|
|ap_rst_n               |   in|    1|  ap_ctrl_hs|  pynqrypt_encrypt|  return value|
|interrupt              |  out|    1|  ap_ctrl_hs|  pynqrypt_encrypt|  return value|
|m_axi_gmem_AWVALID     |  out|    1|       m_axi|              gmem|       pointer|
|m_axi_gmem_AWREADY     |   in|    1|       m_axi|              gmem|       pointer|
|m_axi_gmem_AWADDR      |  out|   64|       m_axi|              gmem|       pointer|
|m_axi_gmem_AWID        |  out|    1|       m_axi|              gmem|       pointer|
|m_axi_gmem_AWLEN       |  out|    8|       m_axi|              gmem|       pointer|
|m_axi_gmem_AWSIZE      |  out|    3|       m_axi|              gmem|       pointer|
|m_axi_gmem_AWBURST     |  out|    2|       m_axi|              gmem|       pointer|
|m_axi_gmem_AWLOCK      |  out|    2|       m_axi|              gmem|       pointer|
|m_axi_gmem_AWCACHE     |  out|    4|       m_axi|              gmem|       pointer|
|m_axi_gmem_AWPROT      |  out|    3|       m_axi|              gmem|       pointer|
|m_axi_gmem_AWQOS       |  out|    4|       m_axi|              gmem|       pointer|
|m_axi_gmem_AWREGION    |  out|    4|       m_axi|              gmem|       pointer|
|m_axi_gmem_AWUSER      |  out|    1|       m_axi|              gmem|       pointer|
|m_axi_gmem_WVALID      |  out|    1|       m_axi|              gmem|       pointer|
|m_axi_gmem_WREADY      |   in|    1|       m_axi|              gmem|       pointer|
|m_axi_gmem_WDATA       |  out|  128|       m_axi|              gmem|       pointer|
|m_axi_gmem_WSTRB       |  out|   16|       m_axi|              gmem|       pointer|
|m_axi_gmem_WLAST       |  out|    1|       m_axi|              gmem|       pointer|
|m_axi_gmem_WID         |  out|    1|       m_axi|              gmem|       pointer|
|m_axi_gmem_WUSER       |  out|    1|       m_axi|              gmem|       pointer|
|m_axi_gmem_ARVALID     |  out|    1|       m_axi|              gmem|       pointer|
|m_axi_gmem_ARREADY     |   in|    1|       m_axi|              gmem|       pointer|
|m_axi_gmem_ARADDR      |  out|   64|       m_axi|              gmem|       pointer|
|m_axi_gmem_ARID        |  out|    1|       m_axi|              gmem|       pointer|
|m_axi_gmem_ARLEN       |  out|    8|       m_axi|              gmem|       pointer|
|m_axi_gmem_ARSIZE      |  out|    3|       m_axi|              gmem|       pointer|
|m_axi_gmem_ARBURST     |  out|    2|       m_axi|              gmem|       pointer|
|m_axi_gmem_ARLOCK      |  out|    2|       m_axi|              gmem|       pointer|
|m_axi_gmem_ARCACHE     |  out|    4|       m_axi|              gmem|       pointer|
|m_axi_gmem_ARPROT      |  out|    3|       m_axi|              gmem|       pointer|
|m_axi_gmem_ARQOS       |  out|    4|       m_axi|              gmem|       pointer|
|m_axi_gmem_ARREGION    |  out|    4|       m_axi|              gmem|       pointer|
|m_axi_gmem_ARUSER      |  out|    1|       m_axi|              gmem|       pointer|
|m_axi_gmem_RVALID      |   in|    1|       m_axi|              gmem|       pointer|
|m_axi_gmem_RREADY      |  out|    1|       m_axi|              gmem|       pointer|
|m_axi_gmem_RDATA       |   in|  128|       m_axi|              gmem|       pointer|
|m_axi_gmem_RLAST       |   in|    1|       m_axi|              gmem|       pointer|
|m_axi_gmem_RID         |   in|    1|       m_axi|              gmem|       pointer|
|m_axi_gmem_RUSER       |   in|    1|       m_axi|              gmem|       pointer|
|m_axi_gmem_RRESP       |   in|    2|       m_axi|              gmem|       pointer|
|m_axi_gmem_BVALID      |   in|    1|       m_axi|              gmem|       pointer|
|m_axi_gmem_BREADY      |  out|    1|       m_axi|              gmem|       pointer|
|m_axi_gmem_BRESP       |   in|    2|       m_axi|              gmem|       pointer|
|m_axi_gmem_BID         |   in|    1|       m_axi|              gmem|       pointer|
|m_axi_gmem_BUSER       |   in|    1|       m_axi|              gmem|       pointer|
+-----------------------+-----+-----+------------+------------------+--------------+

