#-----------------------------------------------------------
# xsim v2022.2 (64-bit)
# SW Build 3671981 on Fri Oct 14 04:59:54 MDT 2022
# IP Build 3669848 on Fri Oct 14 08:30:02 MDT 2022
# Start of session at: Tue Dec 13 20:52:50 2022
# Process ID: 54394
# Current directory: /home/mrindeciso/Documents/pynqrypt/pynqrypt-vitis-hls/pynqrypt/pynqrypt/sim/verilog
# Command line: xsim -mode tcl -source {xsim.dir/pynqrypt_encrypt/xsim_script.tcl}
# Log file: /home/mrindeciso/Documents/pynqrypt/pynqrypt-vitis-hls/pynqrypt/pynqrypt/sim/verilog/xsim.log
# Journal file: /home/mrindeciso/Documents/pynqrypt/pynqrypt-vitis-hls/pynqrypt/pynqrypt/sim/verilog/xsim.jou
# Running On: mrindeciso-MS-7C91, OS: Linux, CPU Frequency: 2200.000 MHz, CPU Physical cores: 16, Host memory: 16694 MB
#-----------------------------------------------------------
source xsim.dir/pynqrypt_encrypt/xsim_script.tcl
# xsim {pynqrypt_encrypt} -autoloadwcfg -tclbatch {pynqrypt_encrypt.tcl}
Time resolution is 1 ps
source pynqrypt_encrypt.tcl
## run all
////////////////////////////////////////////////////////////////////////////////////
// Inter-Transaction Progress: Completed Transaction / Total Transaction
// Intra-Transaction Progress: Measured Latency / Latency Estimation * 100%
//
// RTL Simulation : "Inter-Transaction Progress" ["Intra-Transaction Progress"] @ "Simulation Time"
////////////////////////////////////////////////////////////////////////////////////
// RTL Simulation : 0 / 1 [0.00%] @ "125000"
// RTL Simulation : 1 / 1 [100.00%] @ "268445000"
////////////////////////////////////////////////////////////////////////////////////
$finish called at time : 268505 ns : File "/home/mrindeciso/Documents/pynqrypt/pynqrypt-vitis-hls/pynqrypt/pynqrypt/sim/verilog/pynqrypt_encrypt.autotb.v" Line 443
## quit
INFO: [Common 17-206] Exiting xsim at Tue Dec 13 20:52:54 2022...
