Vivado Simulator v2022.2
Copyright 1986-1999, 2001-2022 Xilinx, Inc. All Rights Reserved.
Running: /xilinx/Vivado/2022.2/bin/unwrapped/lnx64.o/xelab --incr --debug typical --relax --mt 8 -L xil_defaultlib -L xilinx_vip -L unisims_ver -L secureip --snapshot main_design_wrapper_func_synth xil_defaultlib.main_design_wrapper xil_defaultlib.glbl -log elaborate.log 
Using 8 slave threads.
Starting static elaboration
Pass Through NonSizing Optimizer
Completed static elaboration
Starting simulation data flow analysis
Completed simulation data flow analysis
Time Resolution for simulation is 1ps
Compiling module unisims_ver.PULLUP
Compiling module unisims_ver.GND
Compiling module unisims_ver.VCC
Compiling module unisims_ver.BIBUF
Compiling module unisims_ver.PS7
Compiling module unisims_ver.BUFG
Compiling module unisims_ver.x_lut1_mux2
Compiling module unisims_ver.LUT1
Compiling module xil_defaultlib.main_design_processing_system7_0...
Compiling module xil_defaultlib.main_design_processing_system7_0...
Compiling module unisims_ver.LUT5
Compiling module unisims_ver.FDSE_default
Compiling module unisims_ver.FDRE_default
Compiling module unisims_ver.LUT4
Compiling module unisims_ver.LUT6
Compiling module unisims_ver.x_lut3_mux8
Compiling module unisims_ver.LUT3
Compiling module unisims_ver.x_lut2_mux4
Compiling module unisims_ver.LUT2
Compiling module xil_defaultlib.main_design_auto_pc_1_axi_protoc...
Compiling module unisims_ver.CARRY4
Compiling module xil_defaultlib.main_design_auto_pc_1_axi_protoc...
Compiling module xil_defaultlib.main_design_auto_pc_1_axi_protoc...
Compiling module xil_defaultlib.main_design_auto_pc_1_axi_protoc...
Compiling module xil_defaultlib.main_design_auto_pc_1_axi_protoc...
Compiling module unisims_ver.SRLC32E_default
Compiling module xil_defaultlib.main_design_auto_pc_1_axi_protoc...
Compiling module xil_defaultlib.main_design_auto_pc_1_axi_protoc...
Compiling module xil_defaultlib.main_design_auto_pc_1_axi_protoc...
Compiling module xil_defaultlib.main_design_auto_pc_1_axi_regist...
Compiling module xil_defaultlib.main_design_auto_pc_1_axi_regist...
Compiling module xil_defaultlib.main_design_auto_pc_1_axi_regist...
Compiling module xil_defaultlib.main_design_auto_pc_1_axi_regist...
Compiling module xil_defaultlib.main_design_auto_pc_1_axi_regist...
Compiling module xil_defaultlib.main_design_auto_pc_1_axi_protoc...
Compiling module xil_defaultlib.main_design_auto_pc_1_axi_protoc...
Compiling module xil_defaultlib.main_design_auto_pc_1_axi_protoc...
Compiling module xil_defaultlib.main_design_auto_pc_1_axi_protoc...
Compiling module xil_defaultlib.main_design_auto_pc_1_axi_protoc...
Compiling module unisims_ver.SRL16E_default
Compiling module xil_defaultlib.main_design_auto_pc_1_axi_protoc...
Compiling module xil_defaultlib.main_design_auto_pc_1_axi_protoc...
Compiling module xil_defaultlib.main_design_auto_pc_1_axi_protoc...
Compiling module xil_defaultlib.main_design_auto_pc_1_axi_protoc...
Compiling module xil_defaultlib.main_design_auto_pc_1_axi_protoc...
Compiling module xil_defaultlib.main_design_auto_pc_1
Compiling module xil_defaultlib.s00_couplers_imp_15E0VTY
Compiling module xil_defaultlib.main_design_ps7_0_axi_periph_2
Compiling module unisims_ver.RAM32X1S
Compiling module xil_defaultlib.main_design_pynqrypt_encrypt_0_1...
Compiling module unisims_ver.RB18_INTERNAL_VLOG(READ_WIDTH_A=...
Compiling module unisims_ver.RAMB18E1(READ_WIDTH_A=18,READ_WI...
Compiling module xil_defaultlib.main_design_pynqrypt_encrypt_0_1...
Compiling module xil_defaultlib.main_design_pynqrypt_encrypt_0_1...
Compiling module xil_defaultlib.main_design_pynqrypt_encrypt_0_1...
Compiling module xil_defaultlib.main_design_pynqrypt_encrypt_0_1...
Compiling module xil_defaultlib.main_design_pynqrypt_encrypt_0_1...
Compiling module xil_defaultlib.main_design_pynqrypt_encrypt_0_1...
Compiling module xil_defaultlib.main_design_pynqrypt_encrypt_0_1...
Compiling module xil_defaultlib.main_design_pynqrypt_encrypt_0_1...
Compiling module xil_defaultlib.main_design_pynqrypt_encrypt_0_1...
Compiling module xil_defaultlib.main_design_pynqrypt_encrypt_0_1...
Compiling module xil_defaultlib.main_design_pynqrypt_encrypt_0_1...
Compiling module xil_defaultlib.main_design_pynqrypt_encrypt_0_1...
Compiling module xil_defaultlib.main_design_pynqrypt_encrypt_0_1...
Compiling module xil_defaultlib.main_design_pynqrypt_encrypt_0_1...
Compiling module xil_defaultlib.main_design_pynqrypt_encrypt_0_1...
Compiling module xil_defaultlib.main_design_pynqrypt_encrypt_0_1...
Compiling module xil_defaultlib.main_design_pynqrypt_encrypt_0_1...
Compiling module xil_defaultlib.main_design_pynqrypt_encrypt_0_1...
Compiling module xil_defaultlib.main_design_pynqrypt_encrypt_0_1...
Compiling module xil_defaultlib.main_design_pynqrypt_encrypt_0_1...
Compiling module xil_defaultlib.main_design_pynqrypt_encrypt_0_1...
Compiling module unisims_ver.RB36_INTERNAL_VLOG(RAM_MODE="SDP...
Compiling module unisims_ver.RAMB36E1(RAM_MODE="SDP",READ_WID...
Compiling module xil_defaultlib.main_design_pynqrypt_encrypt_0_1...
Compiling module xil_defaultlib.main_design_pynqrypt_encrypt_0_1...
Compiling module xil_defaultlib.main_design_pynqrypt_encrypt_0_1...
Compiling module xil_defaultlib.main_design_pynqrypt_encrypt_0_1...
Compiling module xil_defaultlib.main_design_pynqrypt_encrypt_0_1...
Compiling module xil_defaultlib.main_design_pynqrypt_encrypt_0_1...
Compiling module xil_defaultlib.main_design_pynqrypt_encrypt_0_1...
Compiling module unisims_ver.RB18_INTERNAL_VLOG(READ_WIDTH_A=...
Compiling module unisims_ver.RAMB18E1(READ_WIDTH_A=18,READ_WI...
Compiling module xil_defaultlib.main_design_pynqrypt_encrypt_0_1...
Compiling module xil_defaultlib.main_design_pynqrypt_encrypt_0_1...
Compiling module xil_defaultlib.main_design_pynqrypt_encrypt_0_1...
Compiling module xil_defaultlib.main_design_pynqrypt_encrypt_0_1...
Compiling module xil_defaultlib.main_design_pynqrypt_encrypt_0_1...
Compiling module xil_defaultlib.main_design_pynqrypt_encrypt_0_1...
Compiling module xil_defaultlib.main_design_pynqrypt_encrypt_0_1...
Compiling module xil_defaultlib.main_design_pynqrypt_encrypt_0_1...
Compiling module xil_defaultlib.main_design_pynqrypt_encrypt_0_1...
Compiling module xil_defaultlib.main_design_pynqrypt_encrypt_0_1...
Compiling module xil_defaultlib.main_design_pynqrypt_encrypt_0_1...
Compiling module unisims_ver.RB18_INTERNAL_VLOG(RDADDR_COLLIS...
Compiling module unisims_ver.RAMB18E1(INIT_00=256'b0111011000...
Compiling module xil_defaultlib.main_design_pynqrypt_encrypt_0_1...
Compiling module xil_defaultlib.main_design_pynqrypt_encrypt_0_1...
Compiling module xil_defaultlib.main_design_pynqrypt_encrypt_0_1...
Compiling module xil_defaultlib.main_design_pynqrypt_encrypt_0_1...
Compiling module unisims_ver.RB18_INTERNAL_VLOG(RDADDR_COLLIS...
Compiling module unisims_ver.RAMB18E1(INIT_00=256'b0100101100...
Compiling module xil_defaultlib.main_design_pynqrypt_encrypt_0_1...
Compiling module xil_defaultlib.main_design_pynqrypt_encrypt_0_1...
Compiling module unisims_ver.RAM32X1D
Compiling module xil_defaultlib.main_design_pynqrypt_encrypt_0_1...
Compiling module xil_defaultlib.main_design_pynqrypt_encrypt_0_1...
Compiling module xil_defaultlib.main_design_pynqrypt_encrypt_0_1...
Compiling module xil_defaultlib.main_design_pynqrypt_encrypt_0_1...
Compiling module xil_defaultlib.main_design_pynqrypt_encrypt_0_1
Compiling module xil_defaultlib.main_design_rst_ps7_0_100M_2_cdc...
Compiling module xil_defaultlib.main_design_rst_ps7_0_100M_2_cdc...
Compiling module xil_defaultlib.main_design_rst_ps7_0_100M_2_lpf
Compiling module xil_defaultlib.main_design_rst_ps7_0_100M_2_upc...
Compiling module xil_defaultlib.main_design_rst_ps7_0_100M_2_seq...
Compiling module xil_defaultlib.main_design_rst_ps7_0_100M_2_pro...
Compiling module xil_defaultlib.main_design_rst_ps7_0_100M_2
Compiling module xil_defaultlib.main_design
Compiling module xil_defaultlib.main_design_wrapper
Compiling module xil_defaultlib.glbl
Built simulation snapshot main_design_wrapper_func_synth
