
*** Running vivado
    with args -log main_design_auto_pc_2.vds -m64 -product Vivado -mode batch -messageDb vivado.pb -notrace -source main_design_auto_pc_2.tcl


****** Vivado v2022.2 (64-bit)
  **** SW Build 3671981 on Fri Oct 14 04:59:54 MDT 2022
  **** IP Build 3669848 on Fri Oct 14 08:30:02 MDT 2022
    ** Copyright 1986-2022 Xilinx, Inc. All Rights Reserved.

source main_design_auto_pc_2.tcl -notrace
INFO: [IP_Flow 19-234] Refreshing IP repositories
INFO: [IP_Flow 19-1700] Loaded user IP repository '/home/mrindeciso/Documents/pynqrypt/pynqrypt-vitis-hls'.
INFO: [IP_Flow 19-2313] Loaded Vivado IP repository '/xilinx/Vivado/2022.2/data/ip'.
INFO: [IP_Flow 19-6924] IPCACHE: Running cache check for IP inst: main_design_auto_pc_2
Command: synth_design -top main_design_auto_pc_2 -part xc7z020clg400-1 -incremental_mode off -mode out_of_context
Starting synth_design
Attempting to get a license for feature 'Synthesis' and/or device 'xc7z020'
INFO: [Common 17-349] Got license for feature 'Synthesis' and/or device 'xc7z020'
INFO: [Device 21-403] Loading part xc7z020clg400-1
INFO: [Synth 8-7079] Multithreading enabled for synth_design using a maximum of 4 processes.
INFO: [Synth 8-7078] Launching helper process for spawning children vivado processes
INFO: [Synth 8-7075] Helper process launched with PID 127899
INFO: [Synth 8-11241] undeclared symbol 'REGCCE', assumed default net type 'wire' [/xilinx/Vivado/2022.2/data/verilog/src/unimacro/BRAM_SINGLE_MACRO.v:2170]
---------------------------------------------------------------------------------
Starting RTL Elaboration : Time (s): cpu = 00:00:05 ; elapsed = 00:00:06 . Memory (MB): peak = 1976.246 ; gain = 371.699 ; free physical = 284 ; free virtual = 18235
Synthesis current peak Physical Memory [PSS] (MB): peak = 1180.983; parent = 1052.673; children = 128.311
Synthesis current peak Virtual Memory [VSS] (MB): peak = 3003.723; parent = 1982.188; children = 1021.535
---------------------------------------------------------------------------------
INFO: [Synth 8-6157] synthesizing module 'main_design_auto_pc_2' [/home/mrindeciso/Documents/pynqrypt/pynqrypt-vivado/pynqrypt-vivado.gen/sources_1/bd/main_design/ip/main_design_auto_pc_2/synth/main_design_auto_pc_2.v:53]
INFO: [Synth 8-6157] synthesizing module 'axi_protocol_converter_v2_1_27_axi_protocol_converter' [/home/mrindeciso/Documents/pynqrypt/pynqrypt-vivado/pynqrypt-vivado.gen/sources_1/bd/main_design/ipshared/aeb3/hdl/axi_protocol_converter_v2_1_vl_rfs.v:4807]
INFO: [Synth 8-6157] synthesizing module 'axi_protocol_converter_v2_1_27_axi3_conv' [/home/mrindeciso/Documents/pynqrypt/pynqrypt-vivado/pynqrypt-vivado.gen/sources_1/bd/main_design/ipshared/aeb3/hdl/axi_protocol_converter_v2_1_vl_rfs.v:953]
INFO: [Synth 8-6157] synthesizing module 'axi_protocol_converter_v2_1_27_a_axi3_conv' [/home/mrindeciso/Documents/pynqrypt/pynqrypt-vivado/pynqrypt-vivado.gen/sources_1/bd/main_design/ipshared/aeb3/hdl/axi_protocol_converter_v2_1_vl_rfs.v:61]
INFO: [Synth 8-6157] synthesizing module 'axi_data_fifo_v2_1_26_axic_fifo' [/home/mrindeciso/Documents/pynqrypt/pynqrypt-vivado/pynqrypt-vivado.gen/sources_1/bd/main_design/ipshared/3111/hdl/axi_data_fifo_v2_1_vl_rfs.v:63]
INFO: [Synth 8-6157] synthesizing module 'axi_data_fifo_v2_1_26_fifo_gen' [/home/mrindeciso/Documents/pynqrypt/pynqrypt-vivado/pynqrypt-vivado.gen/sources_1/bd/main_design/ipshared/3111/hdl/axi_data_fifo_v2_1_vl_rfs.v:167]
INFO: [Synth 8-6157] synthesizing module 'xpm_cdc_async_rst' [/xilinx/Vivado/2022.2/data/ip/xpm/xpm_cdc/hdl/xpm_cdc.sv:1174]
INFO: [Synth 8-6155] done synthesizing module 'xpm_cdc_async_rst' (0#1) [/xilinx/Vivado/2022.2/data/ip/xpm/xpm_cdc/hdl/xpm_cdc.sv:1174]
INFO: [Synth 8-6155] done synthesizing module 'axi_data_fifo_v2_1_26_fifo_gen' (0#1) [/home/mrindeciso/Documents/pynqrypt/pynqrypt-vivado/pynqrypt-vivado.gen/sources_1/bd/main_design/ipshared/3111/hdl/axi_data_fifo_v2_1_vl_rfs.v:167]
INFO: [Synth 8-6155] done synthesizing module 'axi_data_fifo_v2_1_26_axic_fifo' (0#1) [/home/mrindeciso/Documents/pynqrypt/pynqrypt-vivado/pynqrypt-vivado.gen/sources_1/bd/main_design/ipshared/3111/hdl/axi_data_fifo_v2_1_vl_rfs.v:63]
INFO: [Synth 8-6155] done synthesizing module 'axi_protocol_converter_v2_1_27_a_axi3_conv' (0#1) [/home/mrindeciso/Documents/pynqrypt/pynqrypt-vivado/pynqrypt-vivado.gen/sources_1/bd/main_design/ipshared/aeb3/hdl/axi_protocol_converter_v2_1_vl_rfs.v:61]
INFO: [Synth 8-6157] synthesizing module 'axi_protocol_converter_v2_1_27_w_axi3_conv' [/home/mrindeciso/Documents/pynqrypt/pynqrypt-vivado/pynqrypt-vivado.gen/sources_1/bd/main_design/ipshared/aeb3/hdl/axi_protocol_converter_v2_1_vl_rfs.v:2003]
INFO: [Synth 8-6155] done synthesizing module 'axi_protocol_converter_v2_1_27_w_axi3_conv' (0#1) [/home/mrindeciso/Documents/pynqrypt/pynqrypt-vivado/pynqrypt-vivado.gen/sources_1/bd/main_design/ipshared/aeb3/hdl/axi_protocol_converter_v2_1_vl_rfs.v:2003]
INFO: [Synth 8-6155] done synthesizing module 'axi_protocol_converter_v2_1_27_axi3_conv' (0#1) [/home/mrindeciso/Documents/pynqrypt/pynqrypt-vivado/pynqrypt-vivado.gen/sources_1/bd/main_design/ipshared/aeb3/hdl/axi_protocol_converter_v2_1_vl_rfs.v:953]
INFO: [Synth 8-6155] done synthesizing module 'axi_protocol_converter_v2_1_27_axi_protocol_converter' (0#1) [/home/mrindeciso/Documents/pynqrypt/pynqrypt-vivado/pynqrypt-vivado.gen/sources_1/bd/main_design/ipshared/aeb3/hdl/axi_protocol_converter_v2_1_vl_rfs.v:4807]
INFO: [Synth 8-6155] done synthesizing module 'main_design_auto_pc_2' (0#1) [/home/mrindeciso/Documents/pynqrypt/pynqrypt-vivado/pynqrypt-vivado.gen/sources_1/bd/main_design/ip/main_design_auto_pc_2/synth/main_design_auto_pc_2.v:53]
WARNING: [Synth 8-6014] Unused sequential element NO_B_CHANNEL.cmd_b_depth_reg was removed.  [/home/mrindeciso/Documents/pynqrypt/pynqrypt-vivado/pynqrypt-vivado.gen/sources_1/bd/main_design/ipshared/aeb3/hdl/axi_protocol_converter_v2_1_vl_rfs.v:853]
WARNING: [Synth 8-6014] Unused sequential element S_AXI_AUSER_Q_reg was removed.  [/home/mrindeciso/Documents/pynqrypt/pynqrypt-vivado/pynqrypt-vivado.gen/sources_1/bd/main_design/ipshared/aeb3/hdl/axi_protocol_converter_v2_1_vl_rfs.v:281]
WARNING: [Synth 8-6014] Unused sequential element num_transactions_q_reg was removed.  [/home/mrindeciso/Documents/pynqrypt/pynqrypt-vivado/pynqrypt-vivado.gen/sources_1/bd/main_design/ipshared/aeb3/hdl/axi_protocol_converter_v2_1_vl_rfs.v:371]
WARNING: [Synth 8-6014] Unused sequential element cmd_b_push_block_reg was removed.  [/home/mrindeciso/Documents/pynqrypt/pynqrypt-vivado/pynqrypt-vivado.gen/sources_1/bd/main_design/ipshared/aeb3/hdl/axi_protocol_converter_v2_1_vl_rfs.v:637]
WARNING: [Synth 8-3848] Net USE_WRITE.wr_cmd_b_ready in module/entity axi_protocol_converter_v2_1_27_axi3_conv does not have driver. [/home/mrindeciso/Documents/pynqrypt/pynqrypt-vivado/pynqrypt-vivado.gen/sources_1/bd/main_design/ipshared/aeb3/hdl/axi_protocol_converter_v2_1_vl_rfs.v:1131]
WARNING: [Synth 8-7129] Port S_AXI_WLAST in module axi_protocol_converter_v2_1_27_w_axi3_conv is either unconnected or has no load
WARNING: [Synth 8-7129] Port S_AXI_WUSER[0] in module axi_protocol_converter_v2_1_27_w_axi3_conv is either unconnected or has no load
WARNING: [Synth 8-7129] Port ALMOST_FULL_I in module output_blk is either unconnected or has no load
WARNING: [Synth 8-7129] Port PROG_FULL_I in module output_blk is either unconnected or has no load
WARNING: [Synth 8-7129] Port ALMOST_EMPTY_I in module output_blk is either unconnected or has no load
WARNING: [Synth 8-7129] Port PROG_EMPTY_I in module output_blk is either unconnected or has no load
WARNING: [Synth 8-7129] Port WR_ACK_I in module output_blk is either unconnected or has no load
WARNING: [Synth 8-7129] Port VALID_I in module output_blk is either unconnected or has no load
WARNING: [Synth 8-7129] Port OVERFLOW_I in module output_blk is either unconnected or has no load
WARNING: [Synth 8-7129] Port UNDERFLOW_I in module output_blk is either unconnected or has no load
WARNING: [Synth 8-7129] Port DATA_COUNT_I[5] in module output_blk is either unconnected or has no load
WARNING: [Synth 8-7129] Port DATA_COUNT_I[4] in module output_blk is either unconnected or has no load
WARNING: [Synth 8-7129] Port DATA_COUNT_I[3] in module output_blk is either unconnected or has no load
WARNING: [Synth 8-7129] Port DATA_COUNT_I[2] in module output_blk is either unconnected or has no load
WARNING: [Synth 8-7129] Port DATA_COUNT_I[1] in module output_blk is either unconnected or has no load
WARNING: [Synth 8-7129] Port DATA_COUNT_I[0] in module output_blk is either unconnected or has no load
WARNING: [Synth 8-7129] Port WR_DATA_COUNT_I[5] in module output_blk is either unconnected or has no load
WARNING: [Synth 8-7129] Port WR_DATA_COUNT_I[4] in module output_blk is either unconnected or has no load
WARNING: [Synth 8-7129] Port WR_DATA_COUNT_I[3] in module output_blk is either unconnected or has no load
WARNING: [Synth 8-7129] Port WR_DATA_COUNT_I[2] in module output_blk is either unconnected or has no load
WARNING: [Synth 8-7129] Port WR_DATA_COUNT_I[1] in module output_blk is either unconnected or has no load
WARNING: [Synth 8-7129] Port WR_DATA_COUNT_I[0] in module output_blk is either unconnected or has no load
WARNING: [Synth 8-7129] Port RD_DATA_COUNT_I[5] in module output_blk is either unconnected or has no load
WARNING: [Synth 8-7129] Port RD_DATA_COUNT_I[4] in module output_blk is either unconnected or has no load
WARNING: [Synth 8-7129] Port RD_DATA_COUNT_I[3] in module output_blk is either unconnected or has no load
WARNING: [Synth 8-7129] Port RD_DATA_COUNT_I[2] in module output_blk is either unconnected or has no load
WARNING: [Synth 8-7129] Port RD_DATA_COUNT_I[1] in module output_blk is either unconnected or has no load
WARNING: [Synth 8-7129] Port RD_DATA_COUNT_I[0] in module output_blk is either unconnected or has no load
WARNING: [Synth 8-7129] Port SBITERR_I in module output_blk is either unconnected or has no load
WARNING: [Synth 8-7129] Port DBITERR_I in module output_blk is either unconnected or has no load
WARNING: [Synth 8-7129] Port SRST_FULL_FF in module wr_status_flags_ss is either unconnected or has no load
WARNING: [Synth 8-7129] Port WR_RST in module wr_status_flags_ss is either unconnected or has no load
WARNING: [Synth 8-7129] Port SRST in module wr_status_flags_ss is either unconnected or has no load
WARNING: [Synth 8-7129] Port SAFETY_CKT_WR_RST in module wr_status_flags_ss is either unconnected or has no load
WARNING: [Synth 8-7129] Port WR_PNTR_PLUS2[4] in module wr_status_flags_ss is either unconnected or has no load
WARNING: [Synth 8-7129] Port WR_PNTR_PLUS2[3] in module wr_status_flags_ss is either unconnected or has no load
WARNING: [Synth 8-7129] Port WR_PNTR_PLUS2[2] in module wr_status_flags_ss is either unconnected or has no load
WARNING: [Synth 8-7129] Port WR_PNTR_PLUS2[1] in module wr_status_flags_ss is either unconnected or has no load
WARNING: [Synth 8-7129] Port WR_PNTR_PLUS2[0] in module wr_status_flags_ss is either unconnected or has no load
WARNING: [Synth 8-7129] Port WR_PNTR_PLUS3[4] in module wr_status_flags_ss is either unconnected or has no load
WARNING: [Synth 8-7129] Port WR_PNTR_PLUS3[3] in module wr_status_flags_ss is either unconnected or has no load
WARNING: [Synth 8-7129] Port WR_PNTR_PLUS3[2] in module wr_status_flags_ss is either unconnected or has no load
WARNING: [Synth 8-7129] Port WR_PNTR_PLUS3[1] in module wr_status_flags_ss is either unconnected or has no load
WARNING: [Synth 8-7129] Port WR_PNTR_PLUS3[0] in module wr_status_flags_ss is either unconnected or has no load
WARNING: [Synth 8-7129] Port SRST in module wr_bin_cntr is either unconnected or has no load
WARNING: [Synth 8-7129] Port WR_EN_INTO_LOGIC in module wr_logic is either unconnected or has no load
WARNING: [Synth 8-7129] Port WR_RST_INTO_LOGIC in module wr_logic is either unconnected or has no load
WARNING: [Synth 8-7129] Port RD_EN in module wr_logic is either unconnected or has no load
WARNING: [Synth 8-7129] Port WR_RST_BUSY in module wr_logic is either unconnected or has no load
WARNING: [Synth 8-7129] Port EMPTY in module wr_logic is either unconnected or has no load
WARNING: [Synth 8-7129] Port ALMOST_EMPTY in module wr_logic is either unconnected or has no load
WARNING: [Synth 8-7129] Port PROG_FULL_THRESH[4] in module wr_logic is either unconnected or has no load
WARNING: [Synth 8-7129] Port PROG_FULL_THRESH[3] in module wr_logic is either unconnected or has no load
WARNING: [Synth 8-7129] Port PROG_FULL_THRESH[2] in module wr_logic is either unconnected or has no load
WARNING: [Synth 8-7129] Port PROG_FULL_THRESH[1] in module wr_logic is either unconnected or has no load
WARNING: [Synth 8-7129] Port PROG_FULL_THRESH[0] in module wr_logic is either unconnected or has no load
WARNING: [Synth 8-7129] Port PROG_FULL_THRESH_ASSERT[4] in module wr_logic is either unconnected or has no load
WARNING: [Synth 8-7129] Port PROG_FULL_THRESH_ASSERT[3] in module wr_logic is either unconnected or has no load
WARNING: [Synth 8-7129] Port PROG_FULL_THRESH_ASSERT[2] in module wr_logic is either unconnected or has no load
WARNING: [Synth 8-7129] Port PROG_FULL_THRESH_ASSERT[1] in module wr_logic is either unconnected or has no load
WARNING: [Synth 8-7129] Port PROG_FULL_THRESH_ASSERT[0] in module wr_logic is either unconnected or has no load
WARNING: [Synth 8-7129] Port PROG_FULL_THRESH_NEGATE[4] in module wr_logic is either unconnected or has no load
WARNING: [Synth 8-7129] Port PROG_FULL_THRESH_NEGATE[3] in module wr_logic is either unconnected or has no load
WARNING: [Synth 8-7129] Port PROG_FULL_THRESH_NEGATE[2] in module wr_logic is either unconnected or has no load
WARNING: [Synth 8-7129] Port PROG_FULL_THRESH_NEGATE[1] in module wr_logic is either unconnected or has no load
WARNING: [Synth 8-7129] Port PROG_FULL_THRESH_NEGATE[0] in module wr_logic is either unconnected or has no load
WARNING: [Synth 8-7129] Port SRST in module rd_fwft is either unconnected or has no load
WARNING: [Synth 8-7129] Port SAFETY_CKT_RD_RST in module rd_fwft is either unconnected or has no load
WARNING: [Synth 8-7129] Port RAM_ALMOST_EMPTY in module rd_fwft is either unconnected or has no load
WARNING: [Synth 8-7129] Port SRST in module rd_status_flags_ss is either unconnected or has no load
WARNING: [Synth 8-7129] Port SAFETY_CKT_RD_RST in module rd_status_flags_ss is either unconnected or has no load
WARNING: [Synth 8-7129] Port RD_PNTR_PLUS2[4] in module rd_status_flags_ss is either unconnected or has no load
WARNING: [Synth 8-7129] Port RD_PNTR_PLUS2[3] in module rd_status_flags_ss is either unconnected or has no load
WARNING: [Synth 8-7129] Port RD_PNTR_PLUS2[2] in module rd_status_flags_ss is either unconnected or has no load
WARNING: [Synth 8-7129] Port RD_PNTR_PLUS2[1] in module rd_status_flags_ss is either unconnected or has no load
WARNING: [Synth 8-7129] Port RD_PNTR_PLUS2[0] in module rd_status_flags_ss is either unconnected or has no load
WARNING: [Synth 8-7129] Port SRST in module rd_bin_cntr is either unconnected or has no load
WARNING: [Synth 8-7129] Port RD_EN_INTO_LOGIC in module rd_logic is either unconnected or has no load
WARNING: [Synth 8-7129] Port RD_RST_INTO_LOGIC in module rd_logic is either unconnected or has no load
WARNING: [Synth 8-7129] Port RD_RST_BUSY in module rd_logic is either unconnected or has no load
WARNING: [Synth 8-7129] Port RST_FULL_FF in module rd_logic is either unconnected or has no load
WARNING: [Synth 8-7129] Port ALMOST_FULL_FB in module rd_logic is either unconnected or has no load
WARNING: [Synth 8-7129] Port FULL in module rd_logic is either unconnected or has no load
WARNING: [Synth 8-7129] Port WR_PNTR_PLUS1_RD[4] in module rd_logic is either unconnected or has no load
WARNING: [Synth 8-7129] Port WR_PNTR_PLUS1_RD[3] in module rd_logic is either unconnected or has no load
WARNING: [Synth 8-7129] Port WR_PNTR_PLUS1_RD[2] in module rd_logic is either unconnected or has no load
WARNING: [Synth 8-7129] Port WR_PNTR_PLUS1_RD[1] in module rd_logic is either unconnected or has no load
WARNING: [Synth 8-7129] Port WR_PNTR_PLUS1_RD[0] in module rd_logic is either unconnected or has no load
WARNING: [Synth 8-7129] Port PROG_EMPTY_THRESH[4] in module rd_logic is either unconnected or has no load
WARNING: [Synth 8-7129] Port PROG_EMPTY_THRESH[3] in module rd_logic is either unconnected or has no load
WARNING: [Synth 8-7129] Port PROG_EMPTY_THRESH[2] in module rd_logic is either unconnected or has no load
WARNING: [Synth 8-7129] Port PROG_EMPTY_THRESH[1] in module rd_logic is either unconnected or has no load
WARNING: [Synth 8-7129] Port PROG_EMPTY_THRESH[0] in module rd_logic is either unconnected or has no load
WARNING: [Synth 8-7129] Port PROG_EMPTY_THRESH_ASSERT[4] in module rd_logic is either unconnected or has no load
WARNING: [Synth 8-7129] Port PROG_EMPTY_THRESH_ASSERT[3] in module rd_logic is either unconnected or has no load
WARNING: [Synth 8-7129] Port PROG_EMPTY_THRESH_ASSERT[2] in module rd_logic is either unconnected or has no load
WARNING: [Synth 8-7129] Port PROG_EMPTY_THRESH_ASSERT[1] in module rd_logic is either unconnected or has no load
WARNING: [Synth 8-7129] Port PROG_EMPTY_THRESH_ASSERT[0] in module rd_logic is either unconnected or has no load
WARNING: [Synth 8-7129] Port PROG_EMPTY_THRESH_NEGATE[4] in module rd_logic is either unconnected or has no load
WARNING: [Synth 8-7129] Port PROG_EMPTY_THRESH_NEGATE[3] in module rd_logic is either unconnected or has no load
INFO: [Common 17-14] Message 'Synth 8-7129' appears 100 times and further instances of the messages will be disabled. Use the Tcl command set_msg_config to change the current settings.
---------------------------------------------------------------------------------
Finished RTL Elaboration : Time (s): cpu = 00:00:09 ; elapsed = 00:00:11 . Memory (MB): peak = 2153.152 ; gain = 548.605 ; free physical = 484 ; free virtual = 17727
Synthesis current peak Physical Memory [PSS] (MB): peak = 1361.301; parent = 1233.786; children = 128.311
Synthesis current peak Virtual Memory [VSS] (MB): peak = 3174.691; parent = 2153.156; children = 1021.535
---------------------------------------------------------------------------------
---------------------------------------------------------------------------------
Start Handling Custom Attributes
---------------------------------------------------------------------------------
---------------------------------------------------------------------------------
Finished Handling Custom Attributes : Time (s): cpu = 00:00:09 ; elapsed = 00:00:11 . Memory (MB): peak = 2170.965 ; gain = 566.418 ; free physical = 463 ; free virtual = 17706
Synthesis current peak Physical Memory [PSS] (MB): peak = 1361.301; parent = 1233.786; children = 128.311
Synthesis current peak Virtual Memory [VSS] (MB): peak = 3192.504; parent = 2170.969; children = 1021.535
---------------------------------------------------------------------------------
---------------------------------------------------------------------------------
Finished RTL Optimization Phase 1 : Time (s): cpu = 00:00:09 ; elapsed = 00:00:11 . Memory (MB): peak = 2170.965 ; gain = 566.418 ; free physical = 458 ; free virtual = 17701
Synthesis current peak Physical Memory [PSS] (MB): peak = 1361.301; parent = 1233.786; children = 128.311
Synthesis current peak Virtual Memory [VSS] (MB): peak = 3192.504; parent = 2170.969; children = 1021.535
---------------------------------------------------------------------------------
Netlist sorting complete. Time (s): cpu = 00:00:00.02 ; elapsed = 00:00:00.01 . Memory (MB): peak = 2176.902 ; gain = 0.000 ; free physical = 689 ; free virtual = 17932
INFO: [Project 1-570] Preparing netlist for logic optimization

Processing XDC Constraints
Initializing timing engine
Parsing XDC File [/home/mrindeciso/Documents/pynqrypt/pynqrypt-vivado/pynqrypt-vivado.gen/sources_1/bd/main_design/ip/main_design_auto_pc_2/main_design_auto_pc_2_ooc.xdc] for cell 'inst'
Finished Parsing XDC File [/home/mrindeciso/Documents/pynqrypt/pynqrypt-vivado/pynqrypt-vivado.gen/sources_1/bd/main_design/ip/main_design_auto_pc_2/main_design_auto_pc_2_ooc.xdc] for cell 'inst'
Parsing XDC File [/home/mrindeciso/Documents/pynqrypt/pynqrypt-vivado/pynqrypt-vivado.runs/main_design_auto_pc_2_synth_1/dont_touch.xdc]
Finished Parsing XDC File [/home/mrindeciso/Documents/pynqrypt/pynqrypt-vivado/pynqrypt-vivado.runs/main_design_auto_pc_2_synth_1/dont_touch.xdc]
INFO: [Project 1-1714] 1 XPM XDC files have been applied to the design.
Completed Processing XDC Constraints

Netlist sorting complete. Time (s): cpu = 00:00:00 ; elapsed = 00:00:00 . Memory (MB): peak = 2300.715 ; gain = 0.000 ; free physical = 1315 ; free virtual = 18569
INFO: [Project 1-111] Unisim Transformation Summary:
No Unisim elements were transformed.

Constraint Validation Runtime : Time (s): cpu = 00:00:00.02 ; elapsed = 00:00:00.02 . Memory (MB): peak = 2300.715 ; gain = 0.000 ; free physical = 1308 ; free virtual = 18562
INFO: [Designutils 20-5008] Incremental synthesis strategy off
INFO: [Synth 8-11241] undeclared symbol 'REGCCE', assumed default net type 'wire' [/xilinx/Vivado/2022.2/data/verilog/src/unimacro/BRAM_SINGLE_MACRO.v:2170]
---------------------------------------------------------------------------------
Finished Constraint Validation : Time (s): cpu = 00:00:15 ; elapsed = 00:00:17 . Memory (MB): peak = 2300.715 ; gain = 696.168 ; free physical = 890 ; free virtual = 18162
Synthesis current peak Physical Memory [PSS] (MB): peak = 1361.301; parent = 1233.786; children = 128.311
Synthesis current peak Virtual Memory [VSS] (MB): peak = 3290.238; parent = 2268.703; children = 1021.535
---------------------------------------------------------------------------------
---------------------------------------------------------------------------------
Start Loading Part and Timing Information
---------------------------------------------------------------------------------
Loading part: xc7z020clg400-1
---------------------------------------------------------------------------------
Finished Loading Part and Timing Information : Time (s): cpu = 00:00:15 ; elapsed = 00:00:17 . Memory (MB): peak = 2300.715 ; gain = 696.168 ; free physical = 881 ; free virtual = 18152
Synthesis current peak Physical Memory [PSS] (MB): peak = 1361.301; parent = 1233.786; children = 128.311
Synthesis current peak Virtual Memory [VSS] (MB): peak = 3290.238; parent = 2268.703; children = 1021.535
---------------------------------------------------------------------------------
---------------------------------------------------------------------------------
Start Applying 'set_property' XDC Constraints
---------------------------------------------------------------------------------
Applied set_property KEEP_HIERARCHY = SOFT for inst. (constraint file  /home/mrindeciso/Documents/pynqrypt/pynqrypt-vivado/pynqrypt-vivado.runs/main_design_auto_pc_2_synth_1/dont_touch.xdc, line 9).
Applied set_property KEEP_HIERARCHY = SOFT for inst/\gen_axi4_axi3.axi3_conv_inst /\USE_WRITE.write_addr_inst /\USE_BURSTS.cmd_queue /inst/fifo_gen_inst/inst_fifo_gen/\gconvfifo.rf /\grf.rf /rstblk/\ngwrdrst.grst.g7serrst.gnsckt_wrst.rst_wr_reg2_inst . (constraint file  auto generated constraint).
---------------------------------------------------------------------------------
Finished applying 'set_property' XDC Constraints : Time (s): cpu = 00:00:15 ; elapsed = 00:00:17 . Memory (MB): peak = 2300.715 ; gain = 696.168 ; free physical = 868 ; free virtual = 18140
Synthesis current peak Physical Memory [PSS] (MB): peak = 1361.301; parent = 1233.786; children = 128.311
Synthesis current peak Virtual Memory [VSS] (MB): peak = 3290.238; parent = 2268.703; children = 1021.535
---------------------------------------------------------------------------------
INFO: [Synth 8-802] inferred FSM for state register 'gpregsm1.curr_fwft_state_reg' in module 'rd_fwft'
INFO: [Synth 8-6159] Found Keep on FSM register 'gpregsm1.curr_fwft_state_reg' in module 'rd_fwft', re-encoding will not be performed
---------------------------------------------------------------------------------------------------
                   State |                     New Encoding |                Previous Encoding 
---------------------------------------------------------------------------------------------------
                 invalid |                               00 |                               00
            stage1_valid |                               10 |                               10
       both_stages_valid |                               11 |                               11
            stage2_valid |                               01 |                               01
---------------------------------------------------------------------------------------------------
---------------------------------------------------------------------------------
Finished RTL Optimization Phase 2 : Time (s): cpu = 00:00:16 ; elapsed = 00:00:18 . Memory (MB): peak = 2300.715 ; gain = 696.168 ; free physical = 1018 ; free virtual = 18291
Synthesis current peak Physical Memory [PSS] (MB): peak = 1361.301; parent = 1233.786; children = 128.311
Synthesis current peak Virtual Memory [VSS] (MB): peak = 3290.238; parent = 2268.703; children = 1021.535
---------------------------------------------------------------------------------
---------------------------------------------------------------------------------
Start RTL Component Statistics 
---------------------------------------------------------------------------------
Detailed RTL Component Info : 
+---Adders : 
	   2 Input   32 Bit       Adders := 1     
	   2 Input    8 Bit       Adders := 1     
	   2 Input    6 Bit       Adders := 1     
	   2 Input    5 Bit       Adders := 3     
	   2 Input    4 Bit       Adders := 1     
+---XORs : 
	   2 Input      1 Bit         XORs := 20    
+---Registers : 
	               32 Bit    Registers := 3     
	               16 Bit    Registers := 1     
	               12 Bit    Registers := 1     
	                8 Bit    Registers := 2     
	                6 Bit    Registers := 1     
	                5 Bit    Registers := 6     
	                4 Bit    Registers := 4     
	                3 Bit    Registers := 2     
	                2 Bit    Registers := 4     
	                1 Bit    Registers := 23    
+---Muxes : 
	   8 Input   32 Bit        Muxes := 1     
	   2 Input   32 Bit        Muxes := 1     
	   3 Input   16 Bit        Muxes := 1     
	   2 Input   16 Bit        Muxes := 1     
	   8 Input   12 Bit        Muxes := 1     
	   2 Input    8 Bit        Muxes := 2     
	   2 Input    4 Bit        Muxes := 1     
	   4 Input    2 Bit        Muxes := 1     
	   2 Input    2 Bit        Muxes := 12    
	   5 Input    2 Bit        Muxes := 1     
	   3 Input    2 Bit        Muxes := 1     
	   3 Input    1 Bit        Muxes := 1     
	   2 Input    1 Bit        Muxes := 12    
	   4 Input    1 Bit        Muxes := 2     
---------------------------------------------------------------------------------
Finished RTL Component Statistics 
---------------------------------------------------------------------------------
---------------------------------------------------------------------------------
Start Part Resource Summary
---------------------------------------------------------------------------------
Part Resources:
DSPs: 220 (col length:60)
BRAMs: 280 (col length: RAMB18 60 RAMB36 30)
---------------------------------------------------------------------------------
Finished Part Resource Summary
---------------------------------------------------------------------------------
---------------------------------------------------------------------------------
Start Cross Boundary and Area Optimization
---------------------------------------------------------------------------------
WARNING: [Synth 8-7080] Parallel synthesis criteria is not met
---------------------------------------------------------------------------------
Finished Cross Boundary and Area Optimization : Time (s): cpu = 00:00:17 ; elapsed = 00:00:19 . Memory (MB): peak = 2300.715 ; gain = 696.168 ; free physical = 1065 ; free virtual = 18376
Synthesis current peak Physical Memory [PSS] (MB): peak = 1361.301; parent = 1233.786; children = 128.311
Synthesis current peak Virtual Memory [VSS] (MB): peak = 3290.238; parent = 2268.703; children = 1021.535
---------------------------------------------------------------------------------
---------------------------------------------------------------------------------
Start ROM, RAM, DSP, Shift Register and Retiming Reporting
---------------------------------------------------------------------------------

Distributed RAM: Preliminary Mapping Report (see note below)
+------------------------------------------------------------------------------------------------------+-------------------------------------------------------------------------------+----------------+----------------------+-------------+
|Module Name                                                                                           | RTL Object                                                                    | Inference      | Size (Depth x Width) | Primitives  | 
+------------------------------------------------------------------------------------------------------+-------------------------------------------------------------------------------+----------------+----------------------+-------------+
|inst/\gen_axi4_axi3.axi3_conv_inst/USE_WRITE.write_addr_inst/USE_BURSTS.cmd_queue/inst/fifo_gen_inst  | inst_fifo_gen/gconvfifo.rf/grf.rf/gntv_or_sync_fifo.mem/gdm.dm_gen.dm/RAM_reg | User Attribute | 32 x 5               | RAM32M x 1  | 
+------------------------------------------------------------------------------------------------------+-------------------------------------------------------------------------------+----------------+----------------------+-------------+

Note: The table above is a preliminary report that shows the Distributed RAMs at the current stage of the synthesis flow. Some Distributed RAMs may be reimplemented as non Distributed RAM primitives later in the synthesis flow. Multiple instantiated RAMs are reported only once.
---------------------------------------------------------------------------------
Finished ROM, RAM, DSP, Shift Register and Retiming Reporting
---------------------------------------------------------------------------------
---------------------------------------------------------------------------------
Start Applying XDC Timing Constraints
---------------------------------------------------------------------------------
---------------------------------------------------------------------------------
Finished Applying XDC Timing Constraints : Time (s): cpu = 00:00:21 ; elapsed = 00:00:23 . Memory (MB): peak = 2300.715 ; gain = 696.168 ; free physical = 726 ; free virtual = 18074
Synthesis current peak Physical Memory [PSS] (MB): peak = 1361.301; parent = 1233.786; children = 128.311
Synthesis current peak Virtual Memory [VSS] (MB): peak = 3290.238; parent = 2268.703; children = 1021.535
---------------------------------------------------------------------------------
---------------------------------------------------------------------------------
Start Timing Optimization
---------------------------------------------------------------------------------
---------------------------------------------------------------------------------
Finished Timing Optimization : Time (s): cpu = 00:00:22 ; elapsed = 00:00:24 . Memory (MB): peak = 2300.715 ; gain = 696.168 ; free physical = 789 ; free virtual = 18190
Synthesis current peak Physical Memory [PSS] (MB): peak = 1361.301; parent = 1233.786; children = 128.311
Synthesis current peak Virtual Memory [VSS] (MB): peak = 3290.238; parent = 2268.703; children = 1021.535
---------------------------------------------------------------------------------
---------------------------------------------------------------------------------
Start Technology Mapping
---------------------------------------------------------------------------------
---------------------------------------------------------------------------------
Finished Technology Mapping : Time (s): cpu = 00:00:22 ; elapsed = 00:00:24 . Memory (MB): peak = 2300.715 ; gain = 696.168 ; free physical = 716 ; free virtual = 18153
Synthesis current peak Physical Memory [PSS] (MB): peak = 1361.301; parent = 1233.786; children = 128.311
Synthesis current peak Virtual Memory [VSS] (MB): peak = 3290.238; parent = 2268.703; children = 1021.535
---------------------------------------------------------------------------------
---------------------------------------------------------------------------------
Start IO Insertion
---------------------------------------------------------------------------------
---------------------------------------------------------------------------------
Start Flattening Before IO Insertion
---------------------------------------------------------------------------------
---------------------------------------------------------------------------------
Finished Flattening Before IO Insertion
---------------------------------------------------------------------------------
---------------------------------------------------------------------------------
Start Final Netlist Cleanup
---------------------------------------------------------------------------------
---------------------------------------------------------------------------------
Finished Final Netlist Cleanup
---------------------------------------------------------------------------------
---------------------------------------------------------------------------------
Finished IO Insertion : Time (s): cpu = 00:00:25 ; elapsed = 00:00:27 . Memory (MB): peak = 2300.715 ; gain = 696.168 ; free physical = 709 ; free virtual = 18263
Synthesis current peak Physical Memory [PSS] (MB): peak = 1361.301; parent = 1233.786; children = 128.311
Synthesis current peak Virtual Memory [VSS] (MB): peak = 3290.238; parent = 2268.703; children = 1021.535
---------------------------------------------------------------------------------
---------------------------------------------------------------------------------
Start Renaming Generated Instances
---------------------------------------------------------------------------------
---------------------------------------------------------------------------------
Finished Renaming Generated Instances : Time (s): cpu = 00:00:25 ; elapsed = 00:00:27 . Memory (MB): peak = 2300.715 ; gain = 696.168 ; free physical = 707 ; free virtual = 18261
Synthesis current peak Physical Memory [PSS] (MB): peak = 1361.301; parent = 1233.786; children = 128.311
Synthesis current peak Virtual Memory [VSS] (MB): peak = 3290.238; parent = 2268.703; children = 1021.535
---------------------------------------------------------------------------------
---------------------------------------------------------------------------------
Start Rebuilding User Hierarchy
---------------------------------------------------------------------------------
---------------------------------------------------------------------------------
Finished Rebuilding User Hierarchy : Time (s): cpu = 00:00:25 ; elapsed = 00:00:27 . Memory (MB): peak = 2300.715 ; gain = 696.168 ; free physical = 703 ; free virtual = 18257
Synthesis current peak Physical Memory [PSS] (MB): peak = 1361.301; parent = 1233.786; children = 128.311
Synthesis current peak Virtual Memory [VSS] (MB): peak = 3290.238; parent = 2268.703; children = 1021.535
---------------------------------------------------------------------------------
---------------------------------------------------------------------------------
Start Renaming Generated Ports
---------------------------------------------------------------------------------
---------------------------------------------------------------------------------
Finished Renaming Generated Ports : Time (s): cpu = 00:00:25 ; elapsed = 00:00:27 . Memory (MB): peak = 2300.715 ; gain = 696.168 ; free physical = 701 ; free virtual = 18255
Synthesis current peak Physical Memory [PSS] (MB): peak = 1361.301; parent = 1233.786; children = 128.311
Synthesis current peak Virtual Memory [VSS] (MB): peak = 3290.238; parent = 2268.703; children = 1021.535
---------------------------------------------------------------------------------
---------------------------------------------------------------------------------
Start Handling Custom Attributes
---------------------------------------------------------------------------------
---------------------------------------------------------------------------------
Finished Handling Custom Attributes : Time (s): cpu = 00:00:25 ; elapsed = 00:00:27 . Memory (MB): peak = 2300.715 ; gain = 696.168 ; free physical = 698 ; free virtual = 18252
Synthesis current peak Physical Memory [PSS] (MB): peak = 1361.301; parent = 1233.786; children = 128.311
Synthesis current peak Virtual Memory [VSS] (MB): peak = 3290.238; parent = 2268.703; children = 1021.535
---------------------------------------------------------------------------------
---------------------------------------------------------------------------------
Start Renaming Generated Nets
---------------------------------------------------------------------------------
---------------------------------------------------------------------------------
Finished Renaming Generated Nets : Time (s): cpu = 00:00:25 ; elapsed = 00:00:28 . Memory (MB): peak = 2300.715 ; gain = 696.168 ; free physical = 698 ; free virtual = 18252
Synthesis current peak Physical Memory [PSS] (MB): peak = 1361.301; parent = 1233.786; children = 128.311
Synthesis current peak Virtual Memory [VSS] (MB): peak = 3290.238; parent = 2268.703; children = 1021.535
---------------------------------------------------------------------------------
---------------------------------------------------------------------------------
Start Writing Synthesis Report
---------------------------------------------------------------------------------

Report BlackBoxes: 
+-+--------------+----------+
| |BlackBox name |Instances |
+-+--------------+----------+
+-+--------------+----------+

Report Cell Usage: 
+------+-------+------+
|      |Cell   |Count |
+------+-------+------+
|1     |LUT1   |    14|
|2     |LUT2   |     4|
|3     |LUT3   |     9|
|4     |LUT4   |    10|
|5     |LUT5   |    13|
|6     |LUT6   |    15|
|7     |RAM32M |     1|
|8     |FDCE   |    23|
|9     |FDPE   |    11|
|10    |FDRE   |    76|
|11    |FDSE   |     1|
+------+-------+------+
---------------------------------------------------------------------------------
Finished Writing Synthesis Report : Time (s): cpu = 00:00:25 ; elapsed = 00:00:28 . Memory (MB): peak = 2300.715 ; gain = 696.168 ; free physical = 696 ; free virtual = 18250
Synthesis current peak Physical Memory [PSS] (MB): peak = 1361.301; parent = 1233.786; children = 128.311
Synthesis current peak Virtual Memory [VSS] (MB): peak = 3290.238; parent = 2268.703; children = 1021.535
---------------------------------------------------------------------------------
Synthesis finished with 0 errors, 0 critical warnings and 551 warnings.
Synthesis Optimization Runtime : Time (s): cpu = 00:00:23 ; elapsed = 00:00:26 . Memory (MB): peak = 2300.715 ; gain = 566.418 ; free physical = 696 ; free virtual = 18252
Synthesis Optimization Complete : Time (s): cpu = 00:00:25 ; elapsed = 00:00:28 . Memory (MB): peak = 2300.715 ; gain = 696.168 ; free physical = 729 ; free virtual = 18285
INFO: [Project 1-571] Translating synthesized netlist
Netlist sorting complete. Time (s): cpu = 00:00:00.01 ; elapsed = 00:00:00.01 . Memory (MB): peak = 2300.715 ; gain = 0.000 ; free physical = 722 ; free virtual = 18281
INFO: [Netlist 29-17] Analyzing 1 Unisim elements for replacement
INFO: [Netlist 29-28] Unisim Transformation completed in 3 CPU seconds
INFO: [Project 1-570] Preparing netlist for logic optimization
INFO: [Opt 31-138] Pushed 0 inverter(s) to 0 load pin(s).
Netlist sorting complete. Time (s): cpu = 00:00:00 ; elapsed = 00:00:00 . Memory (MB): peak = 2300.715 ; gain = 0.000 ; free physical = 675 ; free virtual = 18240
INFO: [Project 1-111] Unisim Transformation Summary:
  A total of 1 instances were transformed.
  RAM32M => RAM32M (RAMD32(x6), RAMS32(x2)): 1 instance 

Synth Design complete, checksum: 2643afed
INFO: [Common 17-83] Releasing license: Synthesis
41 Infos, 106 Warnings, 0 Critical Warnings and 0 Errors encountered.
synth_design completed successfully
synth_design: Time (s): cpu = 00:00:33 ; elapsed = 00:00:32 . Memory (MB): peak = 2300.715 ; gain = 973.613 ; free physical = 986 ; free virtual = 18554
INFO: [Common 17-1381] The checkpoint '/home/mrindeciso/Documents/pynqrypt/pynqrypt-vivado/pynqrypt-vivado.runs/main_design_auto_pc_2_synth_1/main_design_auto_pc_2.dcp' has been generated.
INFO: [Coretcl 2-1648] Added synthesis output to IP cache for IP main_design_auto_pc_2, cache-ID = 153ed7140c32195e
INFO: [Coretcl 2-1174] Renamed 21 cell refs.
INFO: [Common 17-1381] The checkpoint '/home/mrindeciso/Documents/pynqrypt/pynqrypt-vivado/pynqrypt-vivado.runs/main_design_auto_pc_2_synth_1/main_design_auto_pc_2.dcp' has been generated.
INFO: [runtcl-4] Executing : report_utilization -file main_design_auto_pc_2_utilization_synth.rpt -pb main_design_auto_pc_2_utilization_synth.pb
INFO: [Common 17-206] Exiting Vivado at Fri Dec  9 00:50:51 2022...
