Vivado Simulator v2022.2
Copyright 1986-1999, 2001-2022 Xilinx, Inc. All Rights Reserved.
Running: /xilinx/Vivado/2022.2/bin/unwrapped/lnx64.o/xelab xil_defaultlib.apatb_pynqrypt_encrypt_top glbl -Oenable_linking_all_libraries -prj pynqrypt_encrypt.prj -L smartconnect_v1_0 -L axi_protocol_checker_v1_1_12 -L axi_protocol_checker_v1_1_13 -L axis_protocol_checker_v1_1_11 -L axis_protocol_checker_v1_1_12 -L xil_defaultlib -L unisims_ver -L xpm -L floating_point_v7_0_20 -L floating_point_v7_1_15 --lib ieee_proposed=./ieee_proposed -s pynqrypt_encrypt 
Multi-threading is on. Using 14 slave threads.
WARNING: [XSIM 43-3431] One or more environment variables have been detected which affect the operation of the C compiler. These are typically not set in standard installations and are not tested by Xilinx, however they may be appropriate for your system, so the flow will attempt to continue.  If errors occur, try running xelab with the "-mt off -v 1" switches to see more information from the C compiler. The following environment variables have been detected:
INFO: [VRFC 10-2263] Analyzing SystemVerilog file "/home/mrindeciso/Documents/pynqrypt/pynqrypt-vitis-hls/pynqrypt/sim/verilog/glbl.v" into library work
INFO: [VRFC 10-311] analyzing module glbl
INFO: [VRFC 10-2263] Analyzing SystemVerilog file "/home/mrindeciso/Documents/pynqrypt/pynqrypt-vitis-hls/pynqrypt/sim/verilog/pynqrypt_encrypt.autotb.v" into library xil_defaultlib
INFO: [VRFC 10-311] analyzing module apatb_pynqrypt_encrypt_top
INFO: [VRFC 10-2263] Analyzing SystemVerilog file "/home/mrindeciso/Documents/pynqrypt/pynqrypt-vitis-hls/pynqrypt/sim/verilog/AESL_axi_master_gmem.v" into library xil_defaultlib
INFO: [VRFC 10-311] analyzing module AESL_axi_master_gmem
INFO: [VRFC 10-2263] Analyzing SystemVerilog file "/home/mrindeciso/Documents/pynqrypt/pynqrypt-vitis-hls/pynqrypt/sim/verilog/AESL_axi_slave_control.v" into library xil_defaultlib
INFO: [VRFC 10-311] analyzing module AESL_axi_slave_control
INFO: [VRFC 10-2263] Analyzing SystemVerilog file "/home/mrindeciso/Documents/pynqrypt/pynqrypt-vitis-hls/pynqrypt/sim/verilog/AESL_deadlock_detection_unit.v" into library xil_defaultlib
INFO: [VRFC 10-311] analyzing module AESL_deadlock_detect_unit
INFO: [VRFC 10-2263] Analyzing SystemVerilog file "/home/mrindeciso/Documents/pynqrypt/pynqrypt-vitis-hls/pynqrypt/sim/verilog/AESL_deadlock_report_unit.v" into library xil_defaultlib
INFO: [VRFC 10-311] analyzing module AESL_deadlock_report_unit
INFO: [VRFC 10-2263] Analyzing SystemVerilog file "/home/mrindeciso/Documents/pynqrypt/pynqrypt-vitis-hls/pynqrypt/sim/verilog/AESL_deadlock_detector.v" into library xil_defaultlib
INFO: [VRFC 10-311] analyzing module AESL_deadlock_detector
INFO: [VRFC 10-2263] Analyzing SystemVerilog file "/home/mrindeciso/Documents/pynqrypt/pynqrypt-vitis-hls/pynqrypt/sim/verilog/pynqrypt_encrypt_entry_proc.v" into library xil_defaultlib
INFO: [VRFC 10-311] analyzing module pynqrypt_encrypt_entry_proc
INFO: [VRFC 10-2263] Analyzing SystemVerilog file "/home/mrindeciso/Documents/pynqrypt/pynqrypt-vitis-hls/pynqrypt/sim/verilog/pynqrypt_encrypt_Loop_1_proc.v" into library xil_defaultlib
INFO: [VRFC 10-311] analyzing module pynqrypt_encrypt_Loop_1_proc
INFO: [VRFC 10-2263] Analyzing SystemVerilog file "/home/mrindeciso/Documents/pynqrypt/pynqrypt-vitis-hls/pynqrypt/sim/verilog/pynqrypt_encrypt_Loop_2_proc.v" into library xil_defaultlib
INFO: [VRFC 10-311] analyzing module pynqrypt_encrypt_Loop_2_proc
INFO: [VRFC 10-2263] Analyzing SystemVerilog file "/home/mrindeciso/Documents/pynqrypt/pynqrypt-vitis-hls/pynqrypt/sim/verilog/pynqrypt_encrypt_Loop_3_proc_Pipeline_1.v" into library xil_defaultlib
INFO: [VRFC 10-311] analyzing module pynqrypt_encrypt_Loop_3_proc_Pipeline_1
INFO: [VRFC 10-2263] Analyzing SystemVerilog file "/home/mrindeciso/Documents/pynqrypt/pynqrypt-vitis-hls/pynqrypt/sim/verilog/pynqrypt_encrypt_Loop_3_proc_Pipeline_VITIS_LOOP_198_1.v" into library xil_defaultlib
INFO: [VRFC 10-311] analyzing module pynqrypt_encrypt_Loop_3_proc_Pipeline_VITIS_LOOP_198_1
INFO: [VRFC 10-2263] Analyzing SystemVerilog file "/home/mrindeciso/Documents/pynqrypt/pynqrypt-vitis-hls/pynqrypt/sim/verilog/pynqrypt_encrypt_Loop_3_proc.v" into library xil_defaultlib
INFO: [VRFC 10-311] analyzing module pynqrypt_encrypt_Loop_3_proc
INFO: [VRFC 10-2263] Analyzing SystemVerilog file "/home/mrindeciso/Documents/pynqrypt/pynqrypt-vitis-hls/pynqrypt/sim/verilog/pynqrypt_encrypt_ctr_encrypt_Pipeline_1.v" into library xil_defaultlib
INFO: [VRFC 10-311] analyzing module pynqrypt_encrypt_ctr_encrypt_Pipeline_1
INFO: [VRFC 10-2263] Analyzing SystemVerilog file "/home/mrindeciso/Documents/pynqrypt/pynqrypt-vitis-hls/pynqrypt/sim/verilog/pynqrypt_encrypt_ctr_encrypt_Pipeline_2.v" into library xil_defaultlib
INFO: [VRFC 10-311] analyzing module pynqrypt_encrypt_ctr_encrypt_Pipeline_2
INFO: [VRFC 10-2263] Analyzing SystemVerilog file "/home/mrindeciso/Documents/pynqrypt/pynqrypt-vitis-hls/pynqrypt/sim/verilog/pynqrypt_encrypt_aes_encrypt_block_Pipeline_VITIS_LOOP_52_1.v" into library xil_defaultlib
INFO: [VRFC 10-311] analyzing module pynqrypt_encrypt_aes_encrypt_block_Pipeline_VITIS_LOOP_52_1
INFO: [VRFC 10-2263] Analyzing SystemVerilog file "/home/mrindeciso/Documents/pynqrypt/pynqrypt-vitis-hls/pynqrypt/sim/verilog/pynqrypt_encrypt_aes_encrypt_block_Pipeline_VITIS_LOOP_66_1.v" into library xil_defaultlib
INFO: [VRFC 10-311] analyzing module pynqrypt_encrypt_aes_encrypt_block_Pipeline_VITIS_LOOP_66_1
INFO: [VRFC 10-2263] Analyzing SystemVerilog file "/home/mrindeciso/Documents/pynqrypt/pynqrypt-vitis-hls/pynqrypt/sim/verilog/pynqrypt_encrypt_aes_encrypt_block_Pipeline_VITIS_LOOP_215_1.v" into library xil_defaultlib
INFO: [VRFC 10-311] analyzing module pynqrypt_encrypt_aes_encrypt_block_Pipeline_VITIS_LOOP_215_1
INFO: [VRFC 10-2263] Analyzing SystemVerilog file "/home/mrindeciso/Documents/pynqrypt/pynqrypt-vitis-hls/pynqrypt/sim/verilog/pynqrypt_encrypt_aes_encrypt_block.v" into library xil_defaultlib
INFO: [VRFC 10-311] analyzing module pynqrypt_encrypt_aes_encrypt_block
INFO: [VRFC 10-2263] Analyzing SystemVerilog file "/home/mrindeciso/Documents/pynqrypt/pynqrypt-vitis-hls/pynqrypt/sim/verilog/pynqrypt_encrypt_ctr_encrypt_Pipeline_VITIS_LOOP_43_1.v" into library xil_defaultlib
INFO: [VRFC 10-311] analyzing module pynqrypt_encrypt_ctr_encrypt_Pipeline_VITIS_LOOP_43_1
INFO: [VRFC 10-2263] Analyzing SystemVerilog file "/home/mrindeciso/Documents/pynqrypt/pynqrypt-vitis-hls/pynqrypt/sim/verilog/pynqrypt_encrypt_ctr_encrypt_Pipeline_4.v" into library xil_defaultlib
INFO: [VRFC 10-311] analyzing module pynqrypt_encrypt_ctr_encrypt_Pipeline_4
INFO: [VRFC 10-2263] Analyzing SystemVerilog file "/home/mrindeciso/Documents/pynqrypt/pynqrypt-vitis-hls/pynqrypt/sim/verilog/pynqrypt_encrypt_ctr_encrypt.v" into library xil_defaultlib
INFO: [VRFC 10-311] analyzing module pynqrypt_encrypt_ctr_encrypt
INFO: [VRFC 10-2263] Analyzing SystemVerilog file "/home/mrindeciso/Documents/pynqrypt/pynqrypt-vitis-hls/pynqrypt/sim/verilog/pynqrypt_encrypt.v" into library xil_defaultlib
INFO: [VRFC 10-311] analyzing module pynqrypt_encrypt
INFO: [VRFC 10-2263] Analyzing SystemVerilog file "/home/mrindeciso/Documents/pynqrypt/pynqrypt-vitis-hls/pynqrypt/sim/verilog/pynqrypt_encrypt_flow_control_loop_pipe.v" into library xil_defaultlib
INFO: [VRFC 10-311] analyzing module pynqrypt_encrypt_flow_control_loop_pipe
INFO: [VRFC 10-2263] Analyzing SystemVerilog file "/home/mrindeciso/Documents/pynqrypt/pynqrypt-vitis-hls/pynqrypt/sim/verilog/pynqrypt_encrypt_flow_control_loop_pipe_sequential_init.v" into library xil_defaultlib
INFO: [VRFC 10-311] analyzing module pynqrypt_encrypt_flow_control_loop_pipe_sequential_init
INFO: [VRFC 10-2263] Analyzing SystemVerilog file "/home/mrindeciso/Documents/pynqrypt/pynqrypt-vitis-hls/pynqrypt/sim/verilog/pynqrypt_encrypt_Loop_3_proc_Pipeline_VITIS_LOOP_198_1_aes_sbox3_ROM_AUTO_1R.v" into library xil_defaultlib
INFO: [VRFC 10-311] analyzing module pynqrypt_encrypt_Loop_3_proc_Pipeline_VITIS_LOOP_198_1_aes_sbox3_ROM_AUTO_1R
INFO: [VRFC 10-2263] Analyzing SystemVerilog file "/home/mrindeciso/Documents/pynqrypt/pynqrypt-vitis-hls/pynqrypt/sim/verilog/pynqrypt_encrypt_Loop_3_proc_Pipeline_VITIS_LOOP_198_1_crypto_aes_rcon_ROM_AUTO_1R.v" into library xil_defaultlib
INFO: [VRFC 10-311] analyzing module pynqrypt_encrypt_Loop_3_proc_Pipeline_VITIS_LOOP_198_1_crypto_aes_rcon_ROM_AUTO_1R
INFO: [VRFC 10-2263] Analyzing SystemVerilog file "/home/mrindeciso/Documents/pynqrypt/pynqrypt-vitis-hls/pynqrypt/sim/verilog/pynqrypt_encrypt_ctr_encrypt_block_nonce_RAM_AUTO_1R1W.v" into library xil_defaultlib
INFO: [VRFC 10-311] analyzing module pynqrypt_encrypt_ctr_encrypt_block_nonce_RAM_AUTO_1R1W
INFO: [VRFC 10-2263] Analyzing SystemVerilog file "/home/mrindeciso/Documents/pynqrypt/pynqrypt-vitis-hls/pynqrypt/sim/verilog/pynqrypt_encrypt_ctr_encrypt_block_RAM_AUTO_1R1W.v" into library xil_defaultlib
INFO: [VRFC 10-311] analyzing module pynqrypt_encrypt_ctr_encrypt_block_RAM_AUTO_1R1W
INFO: [VRFC 10-2263] Analyzing SystemVerilog file "/home/mrindeciso/Documents/pynqrypt/pynqrypt-vitis-hls/pynqrypt/sim/verilog/pynqrypt_encrypt_pynqrypt_round_keys_RAM_AUTO_1R1W.v" into library xil_defaultlib
INFO: [VRFC 10-311] analyzing module pynqrypt_encrypt_pynqrypt_round_keys_RAM_AUTO_1R1W
INFO: [VRFC 10-2263] Analyzing SystemVerilog file "/home/mrindeciso/Documents/pynqrypt/pynqrypt-vitis-hls/pynqrypt/sim/verilog/pynqrypt_encrypt_pynqrypt_round_keys_RAM_AUTO_1R1W_memcore.v" into library xil_defaultlib
INFO: [VRFC 10-311] analyzing module pynqrypt_encrypt_pynqrypt_round_keys_RAM_AUTO_1R1W_memcore
INFO: [VRFC 10-2263] Analyzing SystemVerilog file "/home/mrindeciso/Documents/pynqrypt/pynqrypt-vitis-hls/pynqrypt/sim/verilog/pynqrypt_encrypt_pynqrypt_nonce_RAM_AUTO_1R1W.v" into library xil_defaultlib
INFO: [VRFC 10-311] analyzing module pynqrypt_encrypt_pynqrypt_nonce_RAM_AUTO_1R1W
INFO: [VRFC 10-2263] Analyzing SystemVerilog file "/home/mrindeciso/Documents/pynqrypt/pynqrypt-vitis-hls/pynqrypt/sim/verilog/pynqrypt_encrypt_pynqrypt_nonce_RAM_AUTO_1R1W_memcore.v" into library xil_defaultlib
INFO: [VRFC 10-311] analyzing module pynqrypt_encrypt_pynqrypt_nonce_RAM_AUTO_1R1W_memcore
INFO: [VRFC 10-2263] Analyzing SystemVerilog file "/home/mrindeciso/Documents/pynqrypt/pynqrypt-vitis-hls/pynqrypt/sim/verilog/pynqrypt_encrypt_fifo_w64_d4_S.v" into library xil_defaultlib
INFO: [VRFC 10-311] analyzing module pynqrypt_encrypt_fifo_w64_d4_S
INFO: [VRFC 10-311] analyzing module pynqrypt_encrypt_fifo_w64_d4_S_ShiftReg
INFO: [VRFC 10-2263] Analyzing SystemVerilog file "/home/mrindeciso/Documents/pynqrypt/pynqrypt-vitis-hls/pynqrypt/sim/verilog/pynqrypt_encrypt_fifo_w8_d16_S.v" into library xil_defaultlib
INFO: [VRFC 10-311] analyzing module pynqrypt_encrypt_fifo_w8_d16_S
INFO: [VRFC 10-311] analyzing module pynqrypt_encrypt_fifo_w8_d16_S_ShiftReg
INFO: [VRFC 10-2263] Analyzing SystemVerilog file "/home/mrindeciso/Documents/pynqrypt/pynqrypt-vitis-hls/pynqrypt/sim/verilog/pynqrypt_encrypt_start_for_Loop_3_proc_U0.v" into library xil_defaultlib
INFO: [VRFC 10-311] analyzing module pynqrypt_encrypt_start_for_Loop_3_proc_U0
INFO: [VRFC 10-311] analyzing module pynqrypt_encrypt_start_for_Loop_3_proc_U0_ShiftReg
INFO: [VRFC 10-2263] Analyzing SystemVerilog file "/home/mrindeciso/Documents/pynqrypt/pynqrypt-vitis-hls/pynqrypt/sim/verilog/pynqrypt_encrypt_gmem_m_axi.v" into library xil_defaultlib
INFO: [VRFC 10-311] analyzing module pynqrypt_encrypt_gmem_m_axi
INFO: [VRFC 10-311] analyzing module pynqrypt_encrypt_gmem_m_axi_load
INFO: [VRFC 10-311] analyzing module pynqrypt_encrypt_gmem_m_axi_store
INFO: [VRFC 10-311] analyzing module pynqrypt_encrypt_gmem_m_axi_read
INFO: [VRFC 10-311] analyzing module pynqrypt_encrypt_gmem_m_axi_write
INFO: [VRFC 10-311] analyzing module pynqrypt_encrypt_gmem_m_axi_throttle
INFO: [VRFC 10-311] analyzing module pynqrypt_encrypt_gmem_m_axi_reg_slice
INFO: [VRFC 10-311] analyzing module pynqrypt_encrypt_gmem_m_axi_fifo
INFO: [VRFC 10-311] analyzing module pynqrypt_encrypt_gmem_m_axi_srl
INFO: [VRFC 10-311] analyzing module pynqrypt_encrypt_gmem_m_axi_mem
INFO: [VRFC 10-2263] Analyzing SystemVerilog file "/home/mrindeciso/Documents/pynqrypt/pynqrypt-vitis-hls/pynqrypt/sim/verilog/pynqrypt_encrypt_control_s_axi.v" into library xil_defaultlib
INFO: [VRFC 10-311] analyzing module pynqrypt_encrypt_control_s_axi
INFO: [VRFC 10-311] analyzing module pynqrypt_encrypt_control_s_axi_ram
INFO: [VRFC 10-2263] Analyzing SystemVerilog file "/home/mrindeciso/Documents/pynqrypt/pynqrypt-vitis-hls/pynqrypt/sim/verilog/dataflow_monitor.sv" into library xil_defaultlib
INFO: [VRFC 10-311] analyzing module dataflow_monitor
Starting static elaboration
Pass Through NonSizing Optimizer
WARNING: [VRFC 10-3091] actual bit length 8 differs from formal bit length 32 for port 'd0' [/home/mrindeciso/Documents/pynqrypt/pynqrypt-vitis-hls/pynqrypt/sim/verilog/pynqrypt_encrypt_control_s_axi.v:192]
WARNING: [VRFC 10-3091] actual bit length 8 differs from formal bit length 32 for port 'd0' [/home/mrindeciso/Documents/pynqrypt/pynqrypt-vitis-hls/pynqrypt/sim/verilog/pynqrypt_encrypt_control_s_axi.v:212]
Completed static elaboration
Starting simulation data flow analysis
Completed simulation data flow analysis
Time Resolution for simulation is 1ps
Compiling package xil_defaultlib.$unit_dataflow_monitor_sv
Compiling module xil_defaultlib.pynqrypt_encrypt_pynqrypt_round_...
Compiling module xil_defaultlib.pynqrypt_encrypt_pynqrypt_round_...
Compiling module xil_defaultlib.pynqrypt_encrypt_pynqrypt_nonce_...
Compiling module xil_defaultlib.pynqrypt_encrypt_pynqrypt_nonce_...
Compiling module xil_defaultlib.pynqrypt_encrypt_control_s_axi_r...
Compiling module xil_defaultlib.pynqrypt_encrypt_control_s_axi_r...
Compiling module xil_defaultlib.pynqrypt_encrypt_control_s_axi
Compiling module xil_defaultlib.pynqrypt_encrypt_gmem_m_axi_srl(...
Compiling module xil_defaultlib.pynqrypt_encrypt_gmem_m_axi_fifo...
Compiling module xil_defaultlib.pynqrypt_encrypt_gmem_m_axi_mem(...
Compiling module xil_defaultlib.pynqrypt_encrypt_gmem_m_axi_fifo...
Compiling module xil_defaultlib.pynqrypt_encrypt_gmem_m_axi_srl(...
Compiling module xil_defaultlib.pynqrypt_encrypt_gmem_m_axi_fifo...
Compiling module xil_defaultlib.pynqrypt_encrypt_gmem_m_axi_srl(...
Compiling module xil_defaultlib.pynqrypt_encrypt_gmem_m_axi_fifo...
Compiling module xil_defaultlib.pynqrypt_encrypt_gmem_m_axi_srl(...
Compiling module xil_defaultlib.pynqrypt_encrypt_gmem_m_axi_fifo...
Compiling module xil_defaultlib.pynqrypt_encrypt_gmem_m_axi_stor...
Compiling module xil_defaultlib.pynqrypt_encrypt_gmem_m_axi_mem(...
Compiling module xil_defaultlib.pynqrypt_encrypt_gmem_m_axi_fifo...
Compiling module xil_defaultlib.pynqrypt_encrypt_gmem_m_axi_srl(...
Compiling module xil_defaultlib.pynqrypt_encrypt_gmem_m_axi_fifo...
Compiling module xil_defaultlib.pynqrypt_encrypt_gmem_m_axi_load...
Compiling module xil_defaultlib.pynqrypt_encrypt_gmem_m_axi_reg_...
Compiling module xil_defaultlib.pynqrypt_encrypt_gmem_m_axi_srl(...
Compiling module xil_defaultlib.pynqrypt_encrypt_gmem_m_axi_fifo...
Compiling module xil_defaultlib.pynqrypt_encrypt_gmem_m_axi_reg_...
Compiling module xil_defaultlib.pynqrypt_encrypt_gmem_m_axi_srl(...
Compiling module xil_defaultlib.pynqrypt_encrypt_gmem_m_axi_fifo...
Compiling module xil_defaultlib.pynqrypt_encrypt_gmem_m_axi_srl(...
Compiling module xil_defaultlib.pynqrypt_encrypt_gmem_m_axi_fifo...
Compiling module xil_defaultlib.pynqrypt_encrypt_gmem_m_axi_thro...
Compiling module xil_defaultlib.pynqrypt_encrypt_gmem_m_axi_reg_...
Compiling module xil_defaultlib.pynqrypt_encrypt_gmem_m_axi_writ...
Compiling module xil_defaultlib.pynqrypt_encrypt_gmem_m_axi_reg_...
Compiling module xil_defaultlib.pynqrypt_encrypt_gmem_m_axi_read...
Compiling module xil_defaultlib.pynqrypt_encrypt_gmem_m_axi(CONS...
Compiling module xil_defaultlib.pynqrypt_encrypt_entry_proc
Compiling module xil_defaultlib.pynqrypt_encrypt_flow_control_lo...
Compiling module xil_defaultlib.pynqrypt_encrypt_Loop_1_proc
Compiling module xil_defaultlib.pynqrypt_encrypt_Loop_2_proc
Compiling module xil_defaultlib.pynqrypt_encrypt_flow_control_lo...
Compiling module xil_defaultlib.pynqrypt_encrypt_Loop_3_proc_Pip...
Compiling module xil_defaultlib.pynqrypt_encrypt_Loop_3_proc_Pip...
Compiling module xil_defaultlib.pynqrypt_encrypt_Loop_3_proc_Pip...
Compiling module xil_defaultlib.pynqrypt_encrypt_Loop_3_proc_Pip...
Compiling module xil_defaultlib.pynqrypt_encrypt_Loop_3_proc
Compiling module xil_defaultlib.pynqrypt_encrypt_ctr_encrypt_blo...
Compiling module xil_defaultlib.pynqrypt_encrypt_ctr_encrypt_blo...
Compiling module xil_defaultlib.pynqrypt_encrypt_ctr_encrypt_Pip...
Compiling module xil_defaultlib.pynqrypt_encrypt_ctr_encrypt_Pip...
Compiling module xil_defaultlib.pynqrypt_encrypt_aes_encrypt_blo...
Compiling module xil_defaultlib.pynqrypt_encrypt_aes_encrypt_blo...
Compiling module xil_defaultlib.pynqrypt_encrypt_aes_encrypt_blo...
Compiling module xil_defaultlib.pynqrypt_encrypt_aes_encrypt_blo...
Compiling module xil_defaultlib.pynqrypt_encrypt_ctr_encrypt_Pip...
Compiling module xil_defaultlib.pynqrypt_encrypt_ctr_encrypt_Pip...
Compiling module xil_defaultlib.pynqrypt_encrypt_ctr_encrypt
Compiling module xil_defaultlib.pynqrypt_encrypt_fifo_w64_d4_S_S...
Compiling module xil_defaultlib.pynqrypt_encrypt_fifo_w64_d4_S
Compiling module xil_defaultlib.pynqrypt_encrypt_fifo_w8_d16_S_S...
Compiling module xil_defaultlib.pynqrypt_encrypt_fifo_w8_d16_S
Compiling module xil_defaultlib.pynqrypt_encrypt_start_for_Loop_...
Compiling module xil_defaultlib.pynqrypt_encrypt_start_for_Loop_...
Compiling module xil_defaultlib.pynqrypt_encrypt
Compiling module xil_defaultlib.AESL_axi_master_gmem
Compiling module xil_defaultlib.AESL_axi_slave_control
WARNING: [XSIM 43-3373] "/home/mrindeciso/Documents/pynqrypt/pynqrypt-vitis-hls/pynqrypt/sim/verilog/AESL_axi_slave_control.v" Line 843. System function $fread is used as system task. This system function should have a LHS e.g. x=$fread().
WARNING: [XSIM 43-3373] "/home/mrindeciso/Documents/pynqrypt/pynqrypt-vitis-hls/pynqrypt/sim/verilog/AESL_axi_slave_control.v" Line 852. System function $fread is used as system task. This system function should have a LHS e.g. x=$fread().
WARNING: [XSIM 43-3373] "/home/mrindeciso/Documents/pynqrypt/pynqrypt-vitis-hls/pynqrypt/sim/verilog/AESL_axi_slave_control.v" Line 893. System function $fread is used as system task. This system function should have a LHS e.g. x=$fread().
WARNING: [XSIM 43-3373] "/home/mrindeciso/Documents/pynqrypt/pynqrypt-vitis-hls/pynqrypt/sim/verilog/AESL_axi_slave_control.v" Line 960. System function $fread is used as system task. This system function should have a LHS e.g. x=$fread().
WARNING: [XSIM 43-3373] "/home/mrindeciso/Documents/pynqrypt/pynqrypt-vitis-hls/pynqrypt/sim/verilog/AESL_axi_slave_control.v" Line 969. System function $fread is used as system task. This system function should have a LHS e.g. x=$fread().
WARNING: [XSIM 43-3373] "/home/mrindeciso/Documents/pynqrypt/pynqrypt-vitis-hls/pynqrypt/sim/verilog/AESL_axi_slave_control.v" Line 1010. System function $fread is used as system task. This system function should have a LHS e.g. x=$fread().
Compiling module xil_defaultlib.AESL_deadlock_detect_unit(PROC_N...
Compiling module xil_defaultlib.AESL_deadlock_detect_unit(PROC_N...
Compiling module xil_defaultlib.AESL_deadlock_detect_unit(PROC_N...
Compiling module xil_defaultlib.AESL_deadlock_detect_unit(PROC_N...
Compiling module xil_defaultlib.AESL_deadlock_detect_unit(PROC_N...
Compiling module xil_defaultlib.AESL_deadlock_report_unit(PROC_N...
Compiling module xil_defaultlib.AESL_deadlock_detector_1
Compiling module xil_defaultlib.df_fifo_intf
Compiling module xil_defaultlib.df_process_intf
Compiling module xil_defaultlib.nodf_module_intf
Compiling module xil_defaultlib.seq_loop_intf(FSM_WIDTH=26)
Compiling module xil_defaultlib.seq_loop_intf(FSM_WIDTH=17)
Compiling module xil_defaultlib.upc_loop_intf(FSM_WIDTH=1)
Compiling module xil_defaultlib.dataflow_monitor_1
Compiling module xil_defaultlib.apatb_pynqrypt_encrypt_top
Compiling module work.glbl
Built simulation snapshot pynqrypt_encrypt
