#-----------------------------------------------------------
# xsim v2022.2 (64-bit)
# SW Build 3671981 on Fri Oct 14 04:59:54 MDT 2022
# IP Build 3669848 on Fri Oct 14 08:30:02 MDT 2022
# Start of session at: Tue Dec  6 01:27:10 2022
# Process ID: 44142
# Current directory: /home/mrindeciso/Documents/pynqrypt/pynqrypt-vitis-hls/pynqrypt/sim/verilog
# Command line: xsim -mode tcl -source {xsim.dir/pynqrypt_encrypt/xsim_script.tcl}
# Log file: /home/mrindeciso/Documents/pynqrypt/pynqrypt-vitis-hls/pynqrypt/sim/verilog/xsim.log
# Journal file: /home/mrindeciso/Documents/pynqrypt/pynqrypt-vitis-hls/pynqrypt/sim/verilog/xsim.jou
# Running On: SSD-UBUNTU, OS: Linux, CPU Frequency: 2200.000 MHz, CPU Physical cores: 16, Host memory: 16694 MB
#-----------------------------------------------------------
source xsim.dir/pynqrypt_encrypt/xsim_script.tcl
# xsim {pynqrypt_encrypt} -autoloadwcfg -tclbatch {pynqrypt_encrypt.tcl}
Time resolution is 1 ps
source pynqrypt_encrypt.tcl
## run all
////////////////////////////////////////////////////////////////////////////////////
// Inter-Transaction Progress: Completed Transaction / Total Transaction
// Intra-Transaction Progress: Measured Latency / Latency Estimation * 100%
//
// RTL Simulation : "Inter-Transaction Progress" ["Intra-Transaction Progress"] @ "Simulation Time"
////////////////////////////////////////////////////////////////////////////////////
// RTL Simulation : 0 / 1 [n/a] @ "125000"
// RTL Simulation : 1 / 1 [n/a] @ "3701375000"
////////////////////////////////////////////////////////////////////////////////////
$finish called at time : 3701435 ns : File "/home/mrindeciso/Documents/pynqrypt/pynqrypt-vitis-hls/pynqrypt/sim/verilog/pynqrypt_encrypt.autotb.v" Line 443
run: Time (s): cpu = 00:00:00 ; elapsed = 00:00:13 . Memory (MB): peak = 1263.277 ; gain = 0.000 ; free physical = 267 ; free virtual = 23730
## quit
INFO: xsimkernel Simulation Memory Usage: 112080 KB (Peak: 164544 KB), Simulation CPU Usage: 13270 ms
INFO: [Common 17-206] Exiting xsim at Tue Dec  6 01:27:28 2022...
