
*** Running vivado
    with args -log bd_0_hls_inst_0.vds -m64 -product Vivado -mode batch -messageDb vivado.pb -notrace -source bd_0_hls_inst_0.tcl


****** Vivado v2022.2 (64-bit)
  **** SW Build 3671981 on Fri Oct 14 04:59:54 MDT 2022
  **** IP Build 3669848 on Fri Oct 14 08:30:02 MDT 2022
    ** Copyright 1986-2022 Xilinx, Inc. All Rights Reserved.

source bd_0_hls_inst_0.tcl -notrace
INFO: Dispatch client connection id - 41631
INFO: [IP_Flow 19-234] Refreshing IP repositories
INFO: [IP_Flow 19-1700] Loaded user IP repository '/home/mrindeciso/Documents/pynqrypt/pynqrypt-vitis-hls/pynqrypt/impl/ip'.
INFO: [IP_Flow 19-2313] Loaded Vivado IP repository '/xilinx/Vivado/2022.2/data/ip'.
INFO: [IP_Flow 19-6924] IPCACHE: Running cache check for IP inst: bd_0_hls_inst_0
Command: synth_design -top bd_0_hls_inst_0 -part xc7z020iclg400-1L -directive sdx_optimization_effort_high -incremental_mode off -mode out_of_context
Starting synth_design
Attempting to get a license for feature 'Synthesis' and/or device 'xc7z020i'
INFO: [Common 17-349] Got license for feature 'Synthesis' and/or device 'xc7z020i'
INFO: [Device 21-403] Loading part xc7z020iclg400-1L
INFO: [Synth 8-7079] Multithreading enabled for synth_design using a maximum of 4 processes.
INFO: [Synth 8-7078] Launching helper process for spawning children vivado processes
INFO: [Synth 8-7075] Helper process launched with PID 17906
INFO: [Synth 8-11241] undeclared symbol 'REGCCE', assumed default net type 'wire' [/xilinx/Vivado/2022.2/data/verilog/src/unimacro/BRAM_SINGLE_MACRO.v:2170]
---------------------------------------------------------------------------------
Starting RTL Elaboration : Time (s): cpu = 00:00:03 ; elapsed = 00:00:03 . Memory (MB): peak = 1980.527 ; gain = 360.766 ; free physical = 1307 ; free virtual = 22223
Synthesis current peak Physical Memory [PSS] (MB): peak = 1400.924; parent = 1190.745; children = 210.179
Synthesis current peak Virtual Memory [VSS] (MB): peak = 3015.926; parent = 1987.469; children = 1028.457
---------------------------------------------------------------------------------
INFO: [Synth 8-6157] synthesizing module 'bd_0_hls_inst_0' [/home/mrindeciso/Documents/pynqrypt/pynqrypt-vitis-hls/pynqrypt/impl/verilog/project.gen/sources_1/bd/bd_0/ip/bd_0_hls_inst_0/synth/bd_0_hls_inst_0.v:53]
INFO: [Synth 8-6157] synthesizing module 'pynqrypt_encrypt' [/home/mrindeciso/Documents/pynqrypt/pynqrypt-vitis-hls/pynqrypt/impl/verilog/project.gen/sources_1/bd/bd_0/ipshared/c372/hdl/verilog/pynqrypt_encrypt.v:10]
INFO: [Synth 8-6157] synthesizing module 'pynqrypt_encrypt_aes_encrypt_block_Pipeline_loop_aes_encrypt_block_crypto_aes_sbox_ROM_AUTO_1R' [/home/mrindeciso/Documents/pynqrypt/pynqrypt-vitis-hls/pynqrypt/impl/verilog/project.gen/sources_1/bd/bd_0/ipshared/c372/hdl/verilog/pynqrypt_encrypt_aes_encrypt_block_Pipeline_loop_aes_encrypt_block_crypto_aes_sbox_ROM_AUTO_1R.v:7]
INFO: [Synth 8-3876] $readmem data file './pynqrypt_encrypt_aes_encrypt_block_Pipeline_loop_aes_encrypt_block_crypto_aes_sbox_ROM_AUTO_1R.dat' is read successfully [/home/mrindeciso/Documents/pynqrypt/pynqrypt-vitis-hls/pynqrypt/impl/verilog/project.gen/sources_1/bd/bd_0/ipshared/c372/hdl/verilog/pynqrypt_encrypt_aes_encrypt_block_Pipeline_loop_aes_encrypt_block_crypto_aes_sbox_ROM_AUTO_1R.v:33]
INFO: [Synth 8-6155] done synthesizing module 'pynqrypt_encrypt_aes_encrypt_block_Pipeline_loop_aes_encrypt_block_crypto_aes_sbox_ROM_AUTO_1R' (0#1) [/home/mrindeciso/Documents/pynqrypt/pynqrypt-vitis-hls/pynqrypt/impl/verilog/project.gen/sources_1/bd/bd_0/ipshared/c372/hdl/verilog/pynqrypt_encrypt_aes_encrypt_block_Pipeline_loop_aes_encrypt_block_crypto_aes_sbox_ROM_AUTO_1R.v:7]
INFO: [Synth 8-6157] synthesizing module 'pynqrypt_encrypt_pynqrypt_round_keys_RAM_AUTO_1R1W' [/home/mrindeciso/Documents/pynqrypt/pynqrypt-vitis-hls/pynqrypt/impl/verilog/project.gen/sources_1/bd/bd_0/ipshared/c372/hdl/verilog/pynqrypt_encrypt_pynqrypt_round_keys_RAM_AUTO_1R1W.v:7]
INFO: [Synth 8-6155] done synthesizing module 'pynqrypt_encrypt_pynqrypt_round_keys_RAM_AUTO_1R1W' (0#1) [/home/mrindeciso/Documents/pynqrypt/pynqrypt-vitis-hls/pynqrypt/impl/verilog/project.gen/sources_1/bd/bd_0/ipshared/c372/hdl/verilog/pynqrypt_encrypt_pynqrypt_round_keys_RAM_AUTO_1R1W.v:7]
INFO: [Synth 8-6157] synthesizing module 'pynqrypt_encrypt_block_nonce_RAM_AUTO_1R1W' [/home/mrindeciso/Documents/pynqrypt/pynqrypt-vitis-hls/pynqrypt/impl/verilog/project.gen/sources_1/bd/bd_0/ipshared/c372/hdl/verilog/pynqrypt_encrypt_block_nonce_RAM_AUTO_1R1W.v:7]
INFO: [Synth 8-6155] done synthesizing module 'pynqrypt_encrypt_block_nonce_RAM_AUTO_1R1W' (0#1) [/home/mrindeciso/Documents/pynqrypt/pynqrypt-vitis-hls/pynqrypt/impl/verilog/project.gen/sources_1/bd/bd_0/ipshared/c372/hdl/verilog/pynqrypt_encrypt_block_nonce_RAM_AUTO_1R1W.v:7]
INFO: [Synth 8-6157] synthesizing module 'pynqrypt_encrypt_aes_encrypt_block_temp_RAM_AUTO_1R1W' [/home/mrindeciso/Documents/pynqrypt/pynqrypt-vitis-hls/pynqrypt/impl/verilog/project.gen/sources_1/bd/bd_0/ipshared/c372/hdl/verilog/pynqrypt_encrypt_aes_encrypt_block_temp_RAM_AUTO_1R1W.v:7]
INFO: [Synth 8-6155] done synthesizing module 'pynqrypt_encrypt_aes_encrypt_block_temp_RAM_AUTO_1R1W' (0#1) [/home/mrindeciso/Documents/pynqrypt/pynqrypt-vitis-hls/pynqrypt/impl/verilog/project.gen/sources_1/bd/bd_0/ipshared/c372/hdl/verilog/pynqrypt_encrypt_aes_encrypt_block_temp_RAM_AUTO_1R1W.v:7]
INFO: [Synth 8-6157] synthesizing module 'pynqrypt_encrypt_pynqrypt_key_RAM_AUTO_1R1W' [/home/mrindeciso/Documents/pynqrypt/pynqrypt-vitis-hls/pynqrypt/impl/verilog/project.gen/sources_1/bd/bd_0/ipshared/c372/hdl/verilog/pynqrypt_encrypt_pynqrypt_key_RAM_AUTO_1R1W.v:7]
INFO: [Synth 8-6155] done synthesizing module 'pynqrypt_encrypt_pynqrypt_key_RAM_AUTO_1R1W' (0#1) [/home/mrindeciso/Documents/pynqrypt/pynqrypt-vitis-hls/pynqrypt/impl/verilog/project.gen/sources_1/bd/bd_0/ipshared/c372/hdl/verilog/pynqrypt_encrypt_pynqrypt_key_RAM_AUTO_1R1W.v:7]
INFO: [Synth 8-6157] synthesizing module 'pynqrypt_encrypt_pynqrypt_nonce_RAM_AUTO_1R1W' [/home/mrindeciso/Documents/pynqrypt/pynqrypt-vitis-hls/pynqrypt/impl/verilog/project.gen/sources_1/bd/bd_0/ipshared/c372/hdl/verilog/pynqrypt_encrypt_pynqrypt_nonce_RAM_AUTO_1R1W.v:7]
INFO: [Synth 8-6155] done synthesizing module 'pynqrypt_encrypt_pynqrypt_nonce_RAM_AUTO_1R1W' (0#1) [/home/mrindeciso/Documents/pynqrypt/pynqrypt-vitis-hls/pynqrypt/impl/verilog/project.gen/sources_1/bd/bd_0/ipshared/c372/hdl/verilog/pynqrypt_encrypt_pynqrypt_nonce_RAM_AUTO_1R1W.v:7]
INFO: [Synth 8-6157] synthesizing module 'pynqrypt_encrypt_pynqrypt_encrypt_Pipeline_1' [/home/mrindeciso/Documents/pynqrypt/pynqrypt-vitis-hls/pynqrypt/impl/verilog/project.gen/sources_1/bd/bd_0/ipshared/c372/hdl/verilog/pynqrypt_encrypt_pynqrypt_encrypt_Pipeline_1.v:10]
INFO: [Synth 8-6157] synthesizing module 'pynqrypt_encrypt_flow_control_loop_pipe_sequential_init' [/home/mrindeciso/Documents/pynqrypt/pynqrypt-vitis-hls/pynqrypt/impl/verilog/project.gen/sources_1/bd/bd_0/ipshared/c372/hdl/verilog/pynqrypt_encrypt_flow_control_loop_pipe_sequential_init.v:9]
INFO: [Synth 8-6155] done synthesizing module 'pynqrypt_encrypt_flow_control_loop_pipe_sequential_init' (0#1) [/home/mrindeciso/Documents/pynqrypt/pynqrypt-vitis-hls/pynqrypt/impl/verilog/project.gen/sources_1/bd/bd_0/ipshared/c372/hdl/verilog/pynqrypt_encrypt_flow_control_loop_pipe_sequential_init.v:9]
INFO: [Synth 8-6155] done synthesizing module 'pynqrypt_encrypt_pynqrypt_encrypt_Pipeline_1' (0#1) [/home/mrindeciso/Documents/pynqrypt/pynqrypt-vitis-hls/pynqrypt/impl/verilog/project.gen/sources_1/bd/bd_0/ipshared/c372/hdl/verilog/pynqrypt_encrypt_pynqrypt_encrypt_Pipeline_1.v:10]
INFO: [Synth 8-6157] synthesizing module 'pynqrypt_encrypt_pynqrypt_encrypt_Pipeline_2' [/home/mrindeciso/Documents/pynqrypt/pynqrypt-vitis-hls/pynqrypt/impl/verilog/project.gen/sources_1/bd/bd_0/ipshared/c372/hdl/verilog/pynqrypt_encrypt_pynqrypt_encrypt_Pipeline_2.v:10]
INFO: [Synth 8-6155] done synthesizing module 'pynqrypt_encrypt_pynqrypt_encrypt_Pipeline_2' (0#1) [/home/mrindeciso/Documents/pynqrypt/pynqrypt-vitis-hls/pynqrypt/impl/verilog/project.gen/sources_1/bd/bd_0/ipshared/c372/hdl/verilog/pynqrypt_encrypt_pynqrypt_encrypt_Pipeline_2.v:10]
INFO: [Synth 8-6157] synthesizing module 'pynqrypt_encrypt_aes_generate_round_keys' [/home/mrindeciso/Documents/pynqrypt/pynqrypt-vitis-hls/pynqrypt/impl/verilog/project.gen/sources_1/bd/bd_0/ipshared/c372/hdl/verilog/pynqrypt_encrypt_aes_generate_round_keys.v:10]
INFO: [Synth 8-6157] synthesizing module 'pynqrypt_encrypt_aes_generate_round_keys_Pipeline_1' [/home/mrindeciso/Documents/pynqrypt/pynqrypt-vitis-hls/pynqrypt/impl/verilog/project.gen/sources_1/bd/bd_0/ipshared/c372/hdl/verilog/pynqrypt_encrypt_aes_generate_round_keys_Pipeline_1.v:10]
INFO: [Synth 8-6155] done synthesizing module 'pynqrypt_encrypt_aes_generate_round_keys_Pipeline_1' (0#1) [/home/mrindeciso/Documents/pynqrypt/pynqrypt-vitis-hls/pynqrypt/impl/verilog/project.gen/sources_1/bd/bd_0/ipshared/c372/hdl/verilog/pynqrypt_encrypt_aes_generate_round_keys_Pipeline_1.v:10]
INFO: [Synth 8-6157] synthesizing module 'pynqrypt_encrypt_aes_generate_round_keys_Pipeline_loop_generate_round_keys' [/home/mrindeciso/Documents/pynqrypt/pynqrypt-vitis-hls/pynqrypt/impl/verilog/project.gen/sources_1/bd/bd_0/ipshared/c372/hdl/verilog/pynqrypt_encrypt_aes_generate_round_keys_Pipeline_loop_generate_round_keys.v:10]
INFO: [Synth 8-6157] synthesizing module 'pynqrypt_encrypt_aes_generate_round_keys_Pipeline_loop_generate_round_keys_crypto_aes_sbox_ROMbkb' [/home/mrindeciso/Documents/pynqrypt/pynqrypt-vitis-hls/pynqrypt/impl/verilog/project.gen/sources_1/bd/bd_0/ipshared/c372/hdl/verilog/pynqrypt_encrypt_aes_generate_round_keys_Pipeline_loop_generate_round_keys_crypto_aes_sbox_ROMbkb.v:7]
INFO: [Synth 8-3876] $readmem data file './pynqrypt_encrypt_aes_generate_round_keys_Pipeline_loop_generate_round_keys_crypto_aes_sbox_ROMbkb.dat' is read successfully [/home/mrindeciso/Documents/pynqrypt/pynqrypt-vitis-hls/pynqrypt/impl/verilog/project.gen/sources_1/bd/bd_0/ipshared/c372/hdl/verilog/pynqrypt_encrypt_aes_generate_round_keys_Pipeline_loop_generate_round_keys_crypto_aes_sbox_ROMbkb.v:28]
INFO: [Synth 8-6155] done synthesizing module 'pynqrypt_encrypt_aes_generate_round_keys_Pipeline_loop_generate_round_keys_crypto_aes_sbox_ROMbkb' (0#1) [/home/mrindeciso/Documents/pynqrypt/pynqrypt-vitis-hls/pynqrypt/impl/verilog/project.gen/sources_1/bd/bd_0/ipshared/c372/hdl/verilog/pynqrypt_encrypt_aes_generate_round_keys_Pipeline_loop_generate_round_keys_crypto_aes_sbox_ROMbkb.v:7]
INFO: [Synth 8-6157] synthesizing module 'pynqrypt_encrypt_aes_generate_round_keys_Pipeline_loop_generate_round_keys_crypto_aes_rcon_ROMcud' [/home/mrindeciso/Documents/pynqrypt/pynqrypt-vitis-hls/pynqrypt/impl/verilog/project.gen/sources_1/bd/bd_0/ipshared/c372/hdl/verilog/pynqrypt_encrypt_aes_generate_round_keys_Pipeline_loop_generate_round_keys_crypto_aes_rcon_ROMcud.v:7]
INFO: [Synth 8-3876] $readmem data file './pynqrypt_encrypt_aes_generate_round_keys_Pipeline_loop_generate_round_keys_crypto_aes_rcon_ROMcud.dat' is read successfully [/home/mrindeciso/Documents/pynqrypt/pynqrypt-vitis-hls/pynqrypt/impl/verilog/project.gen/sources_1/bd/bd_0/ipshared/c372/hdl/verilog/pynqrypt_encrypt_aes_generate_round_keys_Pipeline_loop_generate_round_keys_crypto_aes_rcon_ROMcud.v:28]
INFO: [Synth 8-6155] done synthesizing module 'pynqrypt_encrypt_aes_generate_round_keys_Pipeline_loop_generate_round_keys_crypto_aes_rcon_ROMcud' (0#1) [/home/mrindeciso/Documents/pynqrypt/pynqrypt-vitis-hls/pynqrypt/impl/verilog/project.gen/sources_1/bd/bd_0/ipshared/c372/hdl/verilog/pynqrypt_encrypt_aes_generate_round_keys_Pipeline_loop_generate_round_keys_crypto_aes_rcon_ROMcud.v:7]
INFO: [Synth 8-6155] done synthesizing module 'pynqrypt_encrypt_aes_generate_round_keys_Pipeline_loop_generate_round_keys' (0#1) [/home/mrindeciso/Documents/pynqrypt/pynqrypt-vitis-hls/pynqrypt/impl/verilog/project.gen/sources_1/bd/bd_0/ipshared/c372/hdl/verilog/pynqrypt_encrypt_aes_generate_round_keys_Pipeline_loop_generate_round_keys.v:10]
INFO: [Synth 8-6155] done synthesizing module 'pynqrypt_encrypt_aes_generate_round_keys' (0#1) [/home/mrindeciso/Documents/pynqrypt/pynqrypt-vitis-hls/pynqrypt/impl/verilog/project.gen/sources_1/bd/bd_0/ipshared/c372/hdl/verilog/pynqrypt_encrypt_aes_generate_round_keys.v:10]
INFO: [Synth 8-6157] synthesizing module 'pynqrypt_encrypt_pynqrypt_encrypt_Pipeline_3' [/home/mrindeciso/Documents/pynqrypt/pynqrypt-vitis-hls/pynqrypt/impl/verilog/project.gen/sources_1/bd/bd_0/ipshared/c372/hdl/verilog/pynqrypt_encrypt_pynqrypt_encrypt_Pipeline_3.v:10]
INFO: [Synth 8-6155] done synthesizing module 'pynqrypt_encrypt_pynqrypt_encrypt_Pipeline_3' (0#1) [/home/mrindeciso/Documents/pynqrypt/pynqrypt-vitis-hls/pynqrypt/impl/verilog/project.gen/sources_1/bd/bd_0/ipshared/c372/hdl/verilog/pynqrypt_encrypt_pynqrypt_encrypt_Pipeline_3.v:10]
INFO: [Synth 8-6157] synthesizing module 'pynqrypt_encrypt_pynqrypt_encrypt_Pipeline_4' [/home/mrindeciso/Documents/pynqrypt/pynqrypt-vitis-hls/pynqrypt/impl/verilog/project.gen/sources_1/bd/bd_0/ipshared/c372/hdl/verilog/pynqrypt_encrypt_pynqrypt_encrypt_Pipeline_4.v:10]
INFO: [Synth 8-6155] done synthesizing module 'pynqrypt_encrypt_pynqrypt_encrypt_Pipeline_4' (0#1) [/home/mrindeciso/Documents/pynqrypt/pynqrypt-vitis-hls/pynqrypt/impl/verilog/project.gen/sources_1/bd/bd_0/ipshared/c372/hdl/verilog/pynqrypt_encrypt_pynqrypt_encrypt_Pipeline_4.v:10]
INFO: [Synth 8-6157] synthesizing module 'pynqrypt_encrypt_aes_encrypt_block' [/home/mrindeciso/Documents/pynqrypt/pynqrypt-vitis-hls/pynqrypt/impl/verilog/project.gen/sources_1/bd/bd_0/ipshared/c372/hdl/verilog/pynqrypt_encrypt_aes_encrypt_block.v:10]
INFO: [Synth 8-6157] synthesizing module 'pynqrypt_encrypt_aes_encrypt_block_Pipeline_loop_aes_encrypt_block' [/home/mrindeciso/Documents/pynqrypt/pynqrypt-vitis-hls/pynqrypt/impl/verilog/project.gen/sources_1/bd/bd_0/ipshared/c372/hdl/verilog/pynqrypt_encrypt_aes_encrypt_block_Pipeline_loop_aes_encrypt_block.v:10]
INFO: [Synth 8-6155] done synthesizing module 'pynqrypt_encrypt_aes_encrypt_block_Pipeline_loop_aes_encrypt_block' (0#1) [/home/mrindeciso/Documents/pynqrypt/pynqrypt-vitis-hls/pynqrypt/impl/verilog/project.gen/sources_1/bd/bd_0/ipshared/c372/hdl/verilog/pynqrypt_encrypt_aes_encrypt_block_Pipeline_loop_aes_encrypt_block.v:10]
INFO: [Synth 8-6157] synthesizing module 'pynqrypt_encrypt_aes_encrypt_block_Pipeline_2' [/home/mrindeciso/Documents/pynqrypt/pynqrypt-vitis-hls/pynqrypt/impl/verilog/project.gen/sources_1/bd/bd_0/ipshared/c372/hdl/verilog/pynqrypt_encrypt_aes_encrypt_block_Pipeline_2.v:10]
INFO: [Synth 8-6155] done synthesizing module 'pynqrypt_encrypt_aes_encrypt_block_Pipeline_2' (0#1) [/home/mrindeciso/Documents/pynqrypt/pynqrypt-vitis-hls/pynqrypt/impl/verilog/project.gen/sources_1/bd/bd_0/ipshared/c372/hdl/verilog/pynqrypt_encrypt_aes_encrypt_block_Pipeline_2.v:10]
INFO: [Synth 8-6155] done synthesizing module 'pynqrypt_encrypt_aes_encrypt_block' (0#1) [/home/mrindeciso/Documents/pynqrypt/pynqrypt-vitis-hls/pynqrypt/impl/verilog/project.gen/sources_1/bd/bd_0/ipshared/c372/hdl/verilog/pynqrypt_encrypt_aes_encrypt_block.v:10]
INFO: [Synth 8-6157] synthesizing module 'pynqrypt_encrypt_pynqrypt_encrypt_Pipeline_loop_ctr_xor_block' [/home/mrindeciso/Documents/pynqrypt/pynqrypt-vitis-hls/pynqrypt/impl/verilog/project.gen/sources_1/bd/bd_0/ipshared/c372/hdl/verilog/pynqrypt_encrypt_pynqrypt_encrypt_Pipeline_loop_ctr_xor_block.v:10]
INFO: [Synth 8-6155] done synthesizing module 'pynqrypt_encrypt_pynqrypt_encrypt_Pipeline_loop_ctr_xor_block' (0#1) [/home/mrindeciso/Documents/pynqrypt/pynqrypt-vitis-hls/pynqrypt/impl/verilog/project.gen/sources_1/bd/bd_0/ipshared/c372/hdl/verilog/pynqrypt_encrypt_pynqrypt_encrypt_Pipeline_loop_ctr_xor_block.v:10]
INFO: [Synth 8-6157] synthesizing module 'pynqrypt_encrypt_pynqrypt_encrypt_Pipeline_6' [/home/mrindeciso/Documents/pynqrypt/pynqrypt-vitis-hls/pynqrypt/impl/verilog/project.gen/sources_1/bd/bd_0/ipshared/c372/hdl/verilog/pynqrypt_encrypt_pynqrypt_encrypt_Pipeline_6.v:10]
INFO: [Synth 8-6155] done synthesizing module 'pynqrypt_encrypt_pynqrypt_encrypt_Pipeline_6' (0#1) [/home/mrindeciso/Documents/pynqrypt/pynqrypt-vitis-hls/pynqrypt/impl/verilog/project.gen/sources_1/bd/bd_0/ipshared/c372/hdl/verilog/pynqrypt_encrypt_pynqrypt_encrypt_Pipeline_6.v:10]
INFO: [Synth 8-6157] synthesizing module 'pynqrypt_encrypt_control_s_axi' [/home/mrindeciso/Documents/pynqrypt/pynqrypt-vitis-hls/pynqrypt/impl/verilog/project.gen/sources_1/bd/bd_0/ipshared/c372/hdl/verilog/pynqrypt_encrypt_control_s_axi.v:7]
INFO: [Synth 8-6157] synthesizing module 'pynqrypt_encrypt_control_s_axi_ram' [/home/mrindeciso/Documents/pynqrypt/pynqrypt-vitis-hls/pynqrypt/impl/verilog/project.gen/sources_1/bd/bd_0/ipshared/c372/hdl/verilog/pynqrypt_encrypt_control_s_axi.v:663]
INFO: [Synth 8-6155] done synthesizing module 'pynqrypt_encrypt_control_s_axi_ram' (0#1) [/home/mrindeciso/Documents/pynqrypt/pynqrypt-vitis-hls/pynqrypt/impl/verilog/project.gen/sources_1/bd/bd_0/ipshared/c372/hdl/verilog/pynqrypt_encrypt_control_s_axi.v:663]
INFO: [Synth 8-6157] synthesizing module 'pynqrypt_encrypt_control_s_axi_ram__parameterized0' [/home/mrindeciso/Documents/pynqrypt/pynqrypt-vitis-hls/pynqrypt/impl/verilog/project.gen/sources_1/bd/bd_0/ipshared/c372/hdl/verilog/pynqrypt_encrypt_control_s_axi.v:663]
INFO: [Synth 8-6155] done synthesizing module 'pynqrypt_encrypt_control_s_axi_ram__parameterized0' (0#1) [/home/mrindeciso/Documents/pynqrypt/pynqrypt-vitis-hls/pynqrypt/impl/verilog/project.gen/sources_1/bd/bd_0/ipshared/c372/hdl/verilog/pynqrypt_encrypt_control_s_axi.v:663]
INFO: [Synth 8-155] case statement is not full and has no default [/home/mrindeciso/Documents/pynqrypt/pynqrypt-vitis-hls/pynqrypt/impl/verilog/project.gen/sources_1/bd/bd_0/ipshared/c372/hdl/verilog/pynqrypt_encrypt_control_s_axi.v:310]
INFO: [Synth 8-6155] done synthesizing module 'pynqrypt_encrypt_control_s_axi' (0#1) [/home/mrindeciso/Documents/pynqrypt/pynqrypt-vitis-hls/pynqrypt/impl/verilog/project.gen/sources_1/bd/bd_0/ipshared/c372/hdl/verilog/pynqrypt_encrypt_control_s_axi.v:7]
INFO: [Synth 8-6157] synthesizing module 'pynqrypt_encrypt_gmem_m_axi' [/home/mrindeciso/Documents/pynqrypt/pynqrypt-vitis-hls/pynqrypt/impl/verilog/project.gen/sources_1/bd/bd_0/ipshared/c372/hdl/verilog/pynqrypt_encrypt_gmem_m_axi.v:11]
INFO: [Synth 8-6157] synthesizing module 'pynqrypt_encrypt_gmem_m_axi_store' [/home/mrindeciso/Documents/pynqrypt/pynqrypt-vitis-hls/pynqrypt/impl/verilog/project.gen/sources_1/bd/bd_0/ipshared/c372/hdl/verilog/pynqrypt_encrypt_gmem_m_axi.v:781]
INFO: [Synth 8-6157] synthesizing module 'pynqrypt_encrypt_gmem_m_axi_fifo' [/home/mrindeciso/Documents/pynqrypt/pynqrypt-vitis-hls/pynqrypt/impl/verilog/project.gen/sources_1/bd/bd_0/ipshared/c372/hdl/verilog/pynqrypt_encrypt_gmem_m_axi.v:2551]
INFO: [Synth 8-6157] synthesizing module 'pynqrypt_encrypt_gmem_m_axi_srl' [/home/mrindeciso/Documents/pynqrypt/pynqrypt-vitis-hls/pynqrypt/impl/verilog/project.gen/sources_1/bd/bd_0/ipshared/c372/hdl/verilog/pynqrypt_encrypt_gmem_m_axi.v:2729]
INFO: [Synth 8-6155] done synthesizing module 'pynqrypt_encrypt_gmem_m_axi_srl' (0#1) [/home/mrindeciso/Documents/pynqrypt/pynqrypt-vitis-hls/pynqrypt/impl/verilog/project.gen/sources_1/bd/bd_0/ipshared/c372/hdl/verilog/pynqrypt_encrypt_gmem_m_axi.v:2729]
INFO: [Synth 8-6155] done synthesizing module 'pynqrypt_encrypt_gmem_m_axi_fifo' (0#1) [/home/mrindeciso/Documents/pynqrypt/pynqrypt-vitis-hls/pynqrypt/impl/verilog/project.gen/sources_1/bd/bd_0/ipshared/c372/hdl/verilog/pynqrypt_encrypt_gmem_m_axi.v:2551]
INFO: [Synth 8-6157] synthesizing module 'pynqrypt_encrypt_gmem_m_axi_fifo__parameterized0' [/home/mrindeciso/Documents/pynqrypt/pynqrypt-vitis-hls/pynqrypt/impl/verilog/project.gen/sources_1/bd/bd_0/ipshared/c372/hdl/verilog/pynqrypt_encrypt_gmem_m_axi.v:2551]
INFO: [Synth 8-6157] synthesizing module 'pynqrypt_encrypt_gmem_m_axi_srl__parameterized0' [/home/mrindeciso/Documents/pynqrypt/pynqrypt-vitis-hls/pynqrypt/impl/verilog/project.gen/sources_1/bd/bd_0/ipshared/c372/hdl/verilog/pynqrypt_encrypt_gmem_m_axi.v:2729]
INFO: [Synth 8-6155] done synthesizing module 'pynqrypt_encrypt_gmem_m_axi_srl__parameterized0' (0#1) [/home/mrindeciso/Documents/pynqrypt/pynqrypt-vitis-hls/pynqrypt/impl/verilog/project.gen/sources_1/bd/bd_0/ipshared/c372/hdl/verilog/pynqrypt_encrypt_gmem_m_axi.v:2729]
INFO: [Synth 8-6155] done synthesizing module 'pynqrypt_encrypt_gmem_m_axi_fifo__parameterized0' (0#1) [/home/mrindeciso/Documents/pynqrypt/pynqrypt-vitis-hls/pynqrypt/impl/verilog/project.gen/sources_1/bd/bd_0/ipshared/c372/hdl/verilog/pynqrypt_encrypt_gmem_m_axi.v:2551]
INFO: [Synth 8-6157] synthesizing module 'pynqrypt_encrypt_gmem_m_axi_fifo__parameterized1' [/home/mrindeciso/Documents/pynqrypt/pynqrypt-vitis-hls/pynqrypt/impl/verilog/project.gen/sources_1/bd/bd_0/ipshared/c372/hdl/verilog/pynqrypt_encrypt_gmem_m_axi.v:2551]
INFO: [Synth 8-6157] synthesizing module 'pynqrypt_encrypt_gmem_m_axi_mem' [/home/mrindeciso/Documents/pynqrypt/pynqrypt-vitis-hls/pynqrypt/impl/verilog/project.gen/sources_1/bd/bd_0/ipshared/c372/hdl/verilog/pynqrypt_encrypt_gmem_m_axi.v:2783]
INFO: [Synth 8-6155] done synthesizing module 'pynqrypt_encrypt_gmem_m_axi_mem' (0#1) [/home/mrindeciso/Documents/pynqrypt/pynqrypt-vitis-hls/pynqrypt/impl/verilog/project.gen/sources_1/bd/bd_0/ipshared/c372/hdl/verilog/pynqrypt_encrypt_gmem_m_axi.v:2783]
INFO: [Synth 8-6155] done synthesizing module 'pynqrypt_encrypt_gmem_m_axi_fifo__parameterized1' (0#1) [/home/mrindeciso/Documents/pynqrypt/pynqrypt-vitis-hls/pynqrypt/impl/verilog/project.gen/sources_1/bd/bd_0/ipshared/c372/hdl/verilog/pynqrypt_encrypt_gmem_m_axi.v:2551]
INFO: [Synth 8-6157] synthesizing module 'pynqrypt_encrypt_gmem_m_axi_fifo__parameterized2' [/home/mrindeciso/Documents/pynqrypt/pynqrypt-vitis-hls/pynqrypt/impl/verilog/project.gen/sources_1/bd/bd_0/ipshared/c372/hdl/verilog/pynqrypt_encrypt_gmem_m_axi.v:2551]
INFO: [Synth 8-6157] synthesizing module 'pynqrypt_encrypt_gmem_m_axi_srl__parameterized1' [/home/mrindeciso/Documents/pynqrypt/pynqrypt-vitis-hls/pynqrypt/impl/verilog/project.gen/sources_1/bd/bd_0/ipshared/c372/hdl/verilog/pynqrypt_encrypt_gmem_m_axi.v:2729]
INFO: [Synth 8-6155] done synthesizing module 'pynqrypt_encrypt_gmem_m_axi_srl__parameterized1' (0#1) [/home/mrindeciso/Documents/pynqrypt/pynqrypt-vitis-hls/pynqrypt/impl/verilog/project.gen/sources_1/bd/bd_0/ipshared/c372/hdl/verilog/pynqrypt_encrypt_gmem_m_axi.v:2729]
INFO: [Synth 8-6155] done synthesizing module 'pynqrypt_encrypt_gmem_m_axi_fifo__parameterized2' (0#1) [/home/mrindeciso/Documents/pynqrypt/pynqrypt-vitis-hls/pynqrypt/impl/verilog/project.gen/sources_1/bd/bd_0/ipshared/c372/hdl/verilog/pynqrypt_encrypt_gmem_m_axi.v:2551]
INFO: [Synth 8-6157] synthesizing module 'pynqrypt_encrypt_gmem_m_axi_fifo__parameterized3' [/home/mrindeciso/Documents/pynqrypt/pynqrypt-vitis-hls/pynqrypt/impl/verilog/project.gen/sources_1/bd/bd_0/ipshared/c372/hdl/verilog/pynqrypt_encrypt_gmem_m_axi.v:2551]
INFO: [Synth 8-6157] synthesizing module 'pynqrypt_encrypt_gmem_m_axi_srl__parameterized2' [/home/mrindeciso/Documents/pynqrypt/pynqrypt-vitis-hls/pynqrypt/impl/verilog/project.gen/sources_1/bd/bd_0/ipshared/c372/hdl/verilog/pynqrypt_encrypt_gmem_m_axi.v:2729]
INFO: [Synth 8-6155] done synthesizing module 'pynqrypt_encrypt_gmem_m_axi_srl__parameterized2' (0#1) [/home/mrindeciso/Documents/pynqrypt/pynqrypt-vitis-hls/pynqrypt/impl/verilog/project.gen/sources_1/bd/bd_0/ipshared/c372/hdl/verilog/pynqrypt_encrypt_gmem_m_axi.v:2729]
INFO: [Synth 8-6155] done synthesizing module 'pynqrypt_encrypt_gmem_m_axi_fifo__parameterized3' (0#1) [/home/mrindeciso/Documents/pynqrypt/pynqrypt-vitis-hls/pynqrypt/impl/verilog/project.gen/sources_1/bd/bd_0/ipshared/c372/hdl/verilog/pynqrypt_encrypt_gmem_m_axi.v:2551]
INFO: [Synth 8-6155] done synthesizing module 'pynqrypt_encrypt_gmem_m_axi_store' (0#1) [/home/mrindeciso/Documents/pynqrypt/pynqrypt-vitis-hls/pynqrypt/impl/verilog/project.gen/sources_1/bd/bd_0/ipshared/c372/hdl/verilog/pynqrypt_encrypt_gmem_m_axi.v:781]
INFO: [Synth 8-6157] synthesizing module 'pynqrypt_encrypt_gmem_m_axi_load' [/home/mrindeciso/Documents/pynqrypt/pynqrypt-vitis-hls/pynqrypt/impl/verilog/project.gen/sources_1/bd/bd_0/ipshared/c372/hdl/verilog/pynqrypt_encrypt_gmem_m_axi.v:325]
INFO: [Synth 8-6157] synthesizing module 'pynqrypt_encrypt_gmem_m_axi_fifo__parameterized4' [/home/mrindeciso/Documents/pynqrypt/pynqrypt-vitis-hls/pynqrypt/impl/verilog/project.gen/sources_1/bd/bd_0/ipshared/c372/hdl/verilog/pynqrypt_encrypt_gmem_m_axi.v:2551]
INFO: [Synth 8-6157] synthesizing module 'pynqrypt_encrypt_gmem_m_axi_srl__parameterized3' [/home/mrindeciso/Documents/pynqrypt/pynqrypt-vitis-hls/pynqrypt/impl/verilog/project.gen/sources_1/bd/bd_0/ipshared/c372/hdl/verilog/pynqrypt_encrypt_gmem_m_axi.v:2729]
INFO: [Synth 8-6155] done synthesizing module 'pynqrypt_encrypt_gmem_m_axi_srl__parameterized3' (0#1) [/home/mrindeciso/Documents/pynqrypt/pynqrypt-vitis-hls/pynqrypt/impl/verilog/project.gen/sources_1/bd/bd_0/ipshared/c372/hdl/verilog/pynqrypt_encrypt_gmem_m_axi.v:2729]
INFO: [Synth 8-6155] done synthesizing module 'pynqrypt_encrypt_gmem_m_axi_fifo__parameterized4' (0#1) [/home/mrindeciso/Documents/pynqrypt/pynqrypt-vitis-hls/pynqrypt/impl/verilog/project.gen/sources_1/bd/bd_0/ipshared/c372/hdl/verilog/pynqrypt_encrypt_gmem_m_axi.v:2551]
INFO: [Synth 8-6157] synthesizing module 'pynqrypt_encrypt_gmem_m_axi_fifo__parameterized5' [/home/mrindeciso/Documents/pynqrypt/pynqrypt-vitis-hls/pynqrypt/impl/verilog/project.gen/sources_1/bd/bd_0/ipshared/c372/hdl/verilog/pynqrypt_encrypt_gmem_m_axi.v:2551]
INFO: [Synth 8-6157] synthesizing module 'pynqrypt_encrypt_gmem_m_axi_mem__parameterized0' [/home/mrindeciso/Documents/pynqrypt/pynqrypt-vitis-hls/pynqrypt/impl/verilog/project.gen/sources_1/bd/bd_0/ipshared/c372/hdl/verilog/pynqrypt_encrypt_gmem_m_axi.v:2783]
INFO: [Synth 8-6155] done synthesizing module 'pynqrypt_encrypt_gmem_m_axi_mem__parameterized0' (0#1) [/home/mrindeciso/Documents/pynqrypt/pynqrypt-vitis-hls/pynqrypt/impl/verilog/project.gen/sources_1/bd/bd_0/ipshared/c372/hdl/verilog/pynqrypt_encrypt_gmem_m_axi.v:2783]
INFO: [Synth 8-6155] done synthesizing module 'pynqrypt_encrypt_gmem_m_axi_fifo__parameterized5' (0#1) [/home/mrindeciso/Documents/pynqrypt/pynqrypt-vitis-hls/pynqrypt/impl/verilog/project.gen/sources_1/bd/bd_0/ipshared/c372/hdl/verilog/pynqrypt_encrypt_gmem_m_axi.v:2551]
INFO: [Synth 8-6155] done synthesizing module 'pynqrypt_encrypt_gmem_m_axi_load' (0#1) [/home/mrindeciso/Documents/pynqrypt/pynqrypt-vitis-hls/pynqrypt/impl/verilog/project.gen/sources_1/bd/bd_0/ipshared/c372/hdl/verilog/pynqrypt_encrypt_gmem_m_axi.v:325]
INFO: [Synth 8-6157] synthesizing module 'pynqrypt_encrypt_gmem_m_axi_write' [/home/mrindeciso/Documents/pynqrypt/pynqrypt-vitis-hls/pynqrypt/impl/verilog/project.gen/sources_1/bd/bd_0/ipshared/c372/hdl/verilog/pynqrypt_encrypt_gmem_m_axi.v:1716]
INFO: [Synth 8-6157] synthesizing module 'pynqrypt_encrypt_gmem_m_axi_reg_slice' [/home/mrindeciso/Documents/pynqrypt/pynqrypt-vitis-hls/pynqrypt/impl/verilog/project.gen/sources_1/bd/bd_0/ipshared/c372/hdl/verilog/pynqrypt_encrypt_gmem_m_axi.v:2449]
INFO: [Synth 8-6155] done synthesizing module 'pynqrypt_encrypt_gmem_m_axi_reg_slice' (0#1) [/home/mrindeciso/Documents/pynqrypt/pynqrypt-vitis-hls/pynqrypt/impl/verilog/project.gen/sources_1/bd/bd_0/ipshared/c372/hdl/verilog/pynqrypt_encrypt_gmem_m_axi.v:2449]
INFO: [Synth 8-6157] synthesizing module 'pynqrypt_encrypt_gmem_m_axi_fifo__parameterized6' [/home/mrindeciso/Documents/pynqrypt/pynqrypt-vitis-hls/pynqrypt/impl/verilog/project.gen/sources_1/bd/bd_0/ipshared/c372/hdl/verilog/pynqrypt_encrypt_gmem_m_axi.v:2551]
INFO: [Synth 8-6157] synthesizing module 'pynqrypt_encrypt_gmem_m_axi_srl__parameterized4' [/home/mrindeciso/Documents/pynqrypt/pynqrypt-vitis-hls/pynqrypt/impl/verilog/project.gen/sources_1/bd/bd_0/ipshared/c372/hdl/verilog/pynqrypt_encrypt_gmem_m_axi.v:2729]
INFO: [Synth 8-6155] done synthesizing module 'pynqrypt_encrypt_gmem_m_axi_srl__parameterized4' (0#1) [/home/mrindeciso/Documents/pynqrypt/pynqrypt-vitis-hls/pynqrypt/impl/verilog/project.gen/sources_1/bd/bd_0/ipshared/c372/hdl/verilog/pynqrypt_encrypt_gmem_m_axi.v:2729]
INFO: [Synth 8-6155] done synthesizing module 'pynqrypt_encrypt_gmem_m_axi_fifo__parameterized6' (0#1) [/home/mrindeciso/Documents/pynqrypt/pynqrypt-vitis-hls/pynqrypt/impl/verilog/project.gen/sources_1/bd/bd_0/ipshared/c372/hdl/verilog/pynqrypt_encrypt_gmem_m_axi.v:2551]
INFO: [Synth 8-6157] synthesizing module 'pynqrypt_encrypt_gmem_m_axi_throttle' [/home/mrindeciso/Documents/pynqrypt/pynqrypt-vitis-hls/pynqrypt/impl/verilog/project.gen/sources_1/bd/bd_0/ipshared/c372/hdl/verilog/pynqrypt_encrypt_gmem_m_axi.v:2224]
INFO: [Synth 8-6157] synthesizing module 'pynqrypt_encrypt_gmem_m_axi_reg_slice__parameterized0' [/home/mrindeciso/Documents/pynqrypt/pynqrypt-vitis-hls/pynqrypt/impl/verilog/project.gen/sources_1/bd/bd_0/ipshared/c372/hdl/verilog/pynqrypt_encrypt_gmem_m_axi.v:2449]
INFO: [Synth 8-6155] done synthesizing module 'pynqrypt_encrypt_gmem_m_axi_reg_slice__parameterized0' (0#1) [/home/mrindeciso/Documents/pynqrypt/pynqrypt-vitis-hls/pynqrypt/impl/verilog/project.gen/sources_1/bd/bd_0/ipshared/c372/hdl/verilog/pynqrypt_encrypt_gmem_m_axi.v:2449]
INFO: [Synth 8-6157] synthesizing module 'pynqrypt_encrypt_gmem_m_axi_fifo__parameterized7' [/home/mrindeciso/Documents/pynqrypt/pynqrypt-vitis-hls/pynqrypt/impl/verilog/project.gen/sources_1/bd/bd_0/ipshared/c372/hdl/verilog/pynqrypt_encrypt_gmem_m_axi.v:2551]
INFO: [Synth 8-6157] synthesizing module 'pynqrypt_encrypt_gmem_m_axi_srl__parameterized5' [/home/mrindeciso/Documents/pynqrypt/pynqrypt-vitis-hls/pynqrypt/impl/verilog/project.gen/sources_1/bd/bd_0/ipshared/c372/hdl/verilog/pynqrypt_encrypt_gmem_m_axi.v:2729]
INFO: [Synth 8-6155] done synthesizing module 'pynqrypt_encrypt_gmem_m_axi_srl__parameterized5' (0#1) [/home/mrindeciso/Documents/pynqrypt/pynqrypt-vitis-hls/pynqrypt/impl/verilog/project.gen/sources_1/bd/bd_0/ipshared/c372/hdl/verilog/pynqrypt_encrypt_gmem_m_axi.v:2729]
INFO: [Synth 8-6155] done synthesizing module 'pynqrypt_encrypt_gmem_m_axi_fifo__parameterized7' (0#1) [/home/mrindeciso/Documents/pynqrypt/pynqrypt-vitis-hls/pynqrypt/impl/verilog/project.gen/sources_1/bd/bd_0/ipshared/c372/hdl/verilog/pynqrypt_encrypt_gmem_m_axi.v:2551]
INFO: [Synth 8-6157] synthesizing module 'pynqrypt_encrypt_gmem_m_axi_fifo__parameterized8' [/home/mrindeciso/Documents/pynqrypt/pynqrypt-vitis-hls/pynqrypt/impl/verilog/project.gen/sources_1/bd/bd_0/ipshared/c372/hdl/verilog/pynqrypt_encrypt_gmem_m_axi.v:2551]
INFO: [Synth 8-6157] synthesizing module 'pynqrypt_encrypt_gmem_m_axi_srl__parameterized6' [/home/mrindeciso/Documents/pynqrypt/pynqrypt-vitis-hls/pynqrypt/impl/verilog/project.gen/sources_1/bd/bd_0/ipshared/c372/hdl/verilog/pynqrypt_encrypt_gmem_m_axi.v:2729]
INFO: [Synth 8-6155] done synthesizing module 'pynqrypt_encrypt_gmem_m_axi_srl__parameterized6' (0#1) [/home/mrindeciso/Documents/pynqrypt/pynqrypt-vitis-hls/pynqrypt/impl/verilog/project.gen/sources_1/bd/bd_0/ipshared/c372/hdl/verilog/pynqrypt_encrypt_gmem_m_axi.v:2729]
INFO: [Synth 8-6155] done synthesizing module 'pynqrypt_encrypt_gmem_m_axi_fifo__parameterized8' (0#1) [/home/mrindeciso/Documents/pynqrypt/pynqrypt-vitis-hls/pynqrypt/impl/verilog/project.gen/sources_1/bd/bd_0/ipshared/c372/hdl/verilog/pynqrypt_encrypt_gmem_m_axi.v:2551]
INFO: [Synth 8-6155] done synthesizing module 'pynqrypt_encrypt_gmem_m_axi_throttle' (0#1) [/home/mrindeciso/Documents/pynqrypt/pynqrypt-vitis-hls/pynqrypt/impl/verilog/project.gen/sources_1/bd/bd_0/ipshared/c372/hdl/verilog/pynqrypt_encrypt_gmem_m_axi.v:2224]
INFO: [Synth 8-6157] synthesizing module 'pynqrypt_encrypt_gmem_m_axi_reg_slice__parameterized1' [/home/mrindeciso/Documents/pynqrypt/pynqrypt-vitis-hls/pynqrypt/impl/verilog/project.gen/sources_1/bd/bd_0/ipshared/c372/hdl/verilog/pynqrypt_encrypt_gmem_m_axi.v:2449]
INFO: [Synth 8-6155] done synthesizing module 'pynqrypt_encrypt_gmem_m_axi_reg_slice__parameterized1' (0#1) [/home/mrindeciso/Documents/pynqrypt/pynqrypt-vitis-hls/pynqrypt/impl/verilog/project.gen/sources_1/bd/bd_0/ipshared/c372/hdl/verilog/pynqrypt_encrypt_gmem_m_axi.v:2449]
WARNING: [Synth 8-589] replacing case/wildcard equality operator === with logical equality operator == [/home/mrindeciso/Documents/pynqrypt/pynqrypt-vitis-hls/pynqrypt/impl/verilog/project.gen/sources_1/bd/bd_0/ipshared/c372/hdl/verilog/pynqrypt_encrypt_gmem_m_axi.v:2216]
WARNING: [Synth 8-589] replacing case/wildcard equality operator === with logical equality operator == [/home/mrindeciso/Documents/pynqrypt/pynqrypt-vitis-hls/pynqrypt/impl/verilog/project.gen/sources_1/bd/bd_0/ipshared/c372/hdl/verilog/pynqrypt_encrypt_gmem_m_axi.v:2219]
INFO: [Synth 8-6155] done synthesizing module 'pynqrypt_encrypt_gmem_m_axi_write' (0#1) [/home/mrindeciso/Documents/pynqrypt/pynqrypt-vitis-hls/pynqrypt/impl/verilog/project.gen/sources_1/bd/bd_0/ipshared/c372/hdl/verilog/pynqrypt_encrypt_gmem_m_axi.v:1716]
INFO: [Synth 8-6157] synthesizing module 'pynqrypt_encrypt_gmem_m_axi_read' [/home/mrindeciso/Documents/pynqrypt/pynqrypt-vitis-hls/pynqrypt/impl/verilog/project.gen/sources_1/bd/bd_0/ipshared/c372/hdl/verilog/pynqrypt_encrypt_gmem_m_axi.v:1332]
INFO: [Synth 8-6157] synthesizing module 'pynqrypt_encrypt_gmem_m_axi_reg_slice__parameterized2' [/home/mrindeciso/Documents/pynqrypt/pynqrypt-vitis-hls/pynqrypt/impl/verilog/project.gen/sources_1/bd/bd_0/ipshared/c372/hdl/verilog/pynqrypt_encrypt_gmem_m_axi.v:2449]
INFO: [Synth 8-6155] done synthesizing module 'pynqrypt_encrypt_gmem_m_axi_reg_slice__parameterized2' (0#1) [/home/mrindeciso/Documents/pynqrypt/pynqrypt-vitis-hls/pynqrypt/impl/verilog/project.gen/sources_1/bd/bd_0/ipshared/c372/hdl/verilog/pynqrypt_encrypt_gmem_m_axi.v:2449]
WARNING: [Synth 8-589] replacing case/wildcard equality operator === with logical equality operator == [/home/mrindeciso/Documents/pynqrypt/pynqrypt-vitis-hls/pynqrypt/impl/verilog/project.gen/sources_1/bd/bd_0/ipshared/c372/hdl/verilog/pynqrypt_encrypt_gmem_m_axi.v:1708]
INFO: [Synth 8-6155] done synthesizing module 'pynqrypt_encrypt_gmem_m_axi_read' (0#1) [/home/mrindeciso/Documents/pynqrypt/pynqrypt-vitis-hls/pynqrypt/impl/verilog/project.gen/sources_1/bd/bd_0/ipshared/c372/hdl/verilog/pynqrypt_encrypt_gmem_m_axi.v:1332]
INFO: [Synth 8-6155] done synthesizing module 'pynqrypt_encrypt_gmem_m_axi' (0#1) [/home/mrindeciso/Documents/pynqrypt/pynqrypt-vitis-hls/pynqrypt/impl/verilog/project.gen/sources_1/bd/bd_0/ipshared/c372/hdl/verilog/pynqrypt_encrypt_gmem_m_axi.v:11]
INFO: [Synth 8-6155] done synthesizing module 'pynqrypt_encrypt' (0#1) [/home/mrindeciso/Documents/pynqrypt/pynqrypt-vitis-hls/pynqrypt/impl/verilog/project.gen/sources_1/bd/bd_0/ipshared/c372/hdl/verilog/pynqrypt_encrypt.v:10]
INFO: [Synth 8-6155] done synthesizing module 'bd_0_hls_inst_0' (0#1) [/home/mrindeciso/Documents/pynqrypt/pynqrypt-vitis-hls/pynqrypt/impl/verilog/project.gen/sources_1/bd/bd_0/ip/bd_0_hls_inst_0/synth/bd_0_hls_inst_0.v:53]
WARNING: [Synth 8-6014] Unused sequential element int_ap_done_reg was removed.  [/home/mrindeciso/Documents/pynqrypt/pynqrypt-vitis-hls/pynqrypt/impl/verilog/project.gen/sources_1/bd/bd_0/ipshared/c372/hdl/verilog/pynqrypt_encrypt_control_s_axi.v:394]
WARNING: [Synth 8-7129] Port in_BUS_RID[0] in module pynqrypt_encrypt_gmem_m_axi_read is either unconnected or has no load
WARNING: [Synth 8-7129] Port in_BUS_RRESP[1] in module pynqrypt_encrypt_gmem_m_axi_read is either unconnected or has no load
WARNING: [Synth 8-7129] Port in_BUS_RRESP[0] in module pynqrypt_encrypt_gmem_m_axi_read is either unconnected or has no load
WARNING: [Synth 8-7129] Port in_BUS_RUSER[0] in module pynqrypt_encrypt_gmem_m_axi_read is either unconnected or has no load
WARNING: [Synth 8-7129] Port in_BUS_BID[0] in module pynqrypt_encrypt_gmem_m_axi_write is either unconnected or has no load
WARNING: [Synth 8-7129] Port in_BUS_BRESP[1] in module pynqrypt_encrypt_gmem_m_axi_write is either unconnected or has no load
WARNING: [Synth 8-7129] Port in_BUS_BRESP[0] in module pynqrypt_encrypt_gmem_m_axi_write is either unconnected or has no load
WARNING: [Synth 8-7129] Port in_BUS_BUSER[0] in module pynqrypt_encrypt_gmem_m_axi_write is either unconnected or has no load
WARNING: [Synth 8-7129] Port raddr[2] in module pynqrypt_encrypt_gmem_m_axi_srl__parameterized0 is either unconnected or has no load
WARNING: [Synth 8-7129] Port raddr[2] in module pynqrypt_encrypt_gmem_m_axi_srl__parameterized2 is either unconnected or has no load
WARNING: [Synth 8-7129] Port we0[3] in module pynqrypt_encrypt_control_s_axi_ram__parameterized0 is either unconnected or has no load
WARNING: [Synth 8-7129] Port we0[2] in module pynqrypt_encrypt_control_s_axi_ram__parameterized0 is either unconnected or has no load
WARNING: [Synth 8-7129] Port we0[1] in module pynqrypt_encrypt_control_s_axi_ram__parameterized0 is either unconnected or has no load
WARNING: [Synth 8-7129] Port we0[0] in module pynqrypt_encrypt_control_s_axi_ram__parameterized0 is either unconnected or has no load
WARNING: [Synth 8-7129] Port d0[31] in module pynqrypt_encrypt_control_s_axi_ram__parameterized0 is either unconnected or has no load
WARNING: [Synth 8-7129] Port d0[30] in module pynqrypt_encrypt_control_s_axi_ram__parameterized0 is either unconnected or has no load
WARNING: [Synth 8-7129] Port d0[29] in module pynqrypt_encrypt_control_s_axi_ram__parameterized0 is either unconnected or has no load
WARNING: [Synth 8-7129] Port d0[28] in module pynqrypt_encrypt_control_s_axi_ram__parameterized0 is either unconnected or has no load
WARNING: [Synth 8-7129] Port d0[27] in module pynqrypt_encrypt_control_s_axi_ram__parameterized0 is either unconnected or has no load
WARNING: [Synth 8-7129] Port d0[26] in module pynqrypt_encrypt_control_s_axi_ram__parameterized0 is either unconnected or has no load
WARNING: [Synth 8-7129] Port d0[25] in module pynqrypt_encrypt_control_s_axi_ram__parameterized0 is either unconnected or has no load
WARNING: [Synth 8-7129] Port d0[24] in module pynqrypt_encrypt_control_s_axi_ram__parameterized0 is either unconnected or has no load
WARNING: [Synth 8-7129] Port d0[23] in module pynqrypt_encrypt_control_s_axi_ram__parameterized0 is either unconnected or has no load
WARNING: [Synth 8-7129] Port d0[22] in module pynqrypt_encrypt_control_s_axi_ram__parameterized0 is either unconnected or has no load
WARNING: [Synth 8-7129] Port d0[21] in module pynqrypt_encrypt_control_s_axi_ram__parameterized0 is either unconnected or has no load
WARNING: [Synth 8-7129] Port d0[20] in module pynqrypt_encrypt_control_s_axi_ram__parameterized0 is either unconnected or has no load
WARNING: [Synth 8-7129] Port d0[19] in module pynqrypt_encrypt_control_s_axi_ram__parameterized0 is either unconnected or has no load
WARNING: [Synth 8-7129] Port d0[18] in module pynqrypt_encrypt_control_s_axi_ram__parameterized0 is either unconnected or has no load
WARNING: [Synth 8-7129] Port d0[17] in module pynqrypt_encrypt_control_s_axi_ram__parameterized0 is either unconnected or has no load
WARNING: [Synth 8-7129] Port d0[16] in module pynqrypt_encrypt_control_s_axi_ram__parameterized0 is either unconnected or has no load
WARNING: [Synth 8-7129] Port d0[15] in module pynqrypt_encrypt_control_s_axi_ram__parameterized0 is either unconnected or has no load
WARNING: [Synth 8-7129] Port d0[14] in module pynqrypt_encrypt_control_s_axi_ram__parameterized0 is either unconnected or has no load
WARNING: [Synth 8-7129] Port d0[13] in module pynqrypt_encrypt_control_s_axi_ram__parameterized0 is either unconnected or has no load
WARNING: [Synth 8-7129] Port d0[12] in module pynqrypt_encrypt_control_s_axi_ram__parameterized0 is either unconnected or has no load
WARNING: [Synth 8-7129] Port d0[11] in module pynqrypt_encrypt_control_s_axi_ram__parameterized0 is either unconnected or has no load
WARNING: [Synth 8-7129] Port d0[10] in module pynqrypt_encrypt_control_s_axi_ram__parameterized0 is either unconnected or has no load
WARNING: [Synth 8-7129] Port d0[9] in module pynqrypt_encrypt_control_s_axi_ram__parameterized0 is either unconnected or has no load
WARNING: [Synth 8-7129] Port d0[8] in module pynqrypt_encrypt_control_s_axi_ram__parameterized0 is either unconnected or has no load
WARNING: [Synth 8-7129] Port d0[7] in module pynqrypt_encrypt_control_s_axi_ram__parameterized0 is either unconnected or has no load
WARNING: [Synth 8-7129] Port d0[6] in module pynqrypt_encrypt_control_s_axi_ram__parameterized0 is either unconnected or has no load
WARNING: [Synth 8-7129] Port d0[5] in module pynqrypt_encrypt_control_s_axi_ram__parameterized0 is either unconnected or has no load
WARNING: [Synth 8-7129] Port d0[4] in module pynqrypt_encrypt_control_s_axi_ram__parameterized0 is either unconnected or has no load
WARNING: [Synth 8-7129] Port d0[3] in module pynqrypt_encrypt_control_s_axi_ram__parameterized0 is either unconnected or has no load
WARNING: [Synth 8-7129] Port d0[2] in module pynqrypt_encrypt_control_s_axi_ram__parameterized0 is either unconnected or has no load
WARNING: [Synth 8-7129] Port d0[1] in module pynqrypt_encrypt_control_s_axi_ram__parameterized0 is either unconnected or has no load
WARNING: [Synth 8-7129] Port d0[0] in module pynqrypt_encrypt_control_s_axi_ram__parameterized0 is either unconnected or has no load
WARNING: [Synth 8-7129] Port we0[3] in module pynqrypt_encrypt_control_s_axi_ram is either unconnected or has no load
WARNING: [Synth 8-7129] Port we0[2] in module pynqrypt_encrypt_control_s_axi_ram is either unconnected or has no load
WARNING: [Synth 8-7129] Port we0[1] in module pynqrypt_encrypt_control_s_axi_ram is either unconnected or has no load
WARNING: [Synth 8-7129] Port we0[0] in module pynqrypt_encrypt_control_s_axi_ram is either unconnected or has no load
WARNING: [Synth 8-7129] Port d0[31] in module pynqrypt_encrypt_control_s_axi_ram is either unconnected or has no load
WARNING: [Synth 8-7129] Port d0[30] in module pynqrypt_encrypt_control_s_axi_ram is either unconnected or has no load
WARNING: [Synth 8-7129] Port d0[29] in module pynqrypt_encrypt_control_s_axi_ram is either unconnected or has no load
WARNING: [Synth 8-7129] Port d0[28] in module pynqrypt_encrypt_control_s_axi_ram is either unconnected or has no load
WARNING: [Synth 8-7129] Port d0[27] in module pynqrypt_encrypt_control_s_axi_ram is either unconnected or has no load
WARNING: [Synth 8-7129] Port d0[26] in module pynqrypt_encrypt_control_s_axi_ram is either unconnected or has no load
WARNING: [Synth 8-7129] Port d0[25] in module pynqrypt_encrypt_control_s_axi_ram is either unconnected or has no load
WARNING: [Synth 8-7129] Port d0[24] in module pynqrypt_encrypt_control_s_axi_ram is either unconnected or has no load
WARNING: [Synth 8-7129] Port d0[23] in module pynqrypt_encrypt_control_s_axi_ram is either unconnected or has no load
WARNING: [Synth 8-7129] Port d0[22] in module pynqrypt_encrypt_control_s_axi_ram is either unconnected or has no load
WARNING: [Synth 8-7129] Port d0[21] in module pynqrypt_encrypt_control_s_axi_ram is either unconnected or has no load
WARNING: [Synth 8-7129] Port d0[20] in module pynqrypt_encrypt_control_s_axi_ram is either unconnected or has no load
WARNING: [Synth 8-7129] Port d0[19] in module pynqrypt_encrypt_control_s_axi_ram is either unconnected or has no load
WARNING: [Synth 8-7129] Port d0[18] in module pynqrypt_encrypt_control_s_axi_ram is either unconnected or has no load
WARNING: [Synth 8-7129] Port d0[17] in module pynqrypt_encrypt_control_s_axi_ram is either unconnected or has no load
WARNING: [Synth 8-7129] Port d0[16] in module pynqrypt_encrypt_control_s_axi_ram is either unconnected or has no load
WARNING: [Synth 8-7129] Port d0[15] in module pynqrypt_encrypt_control_s_axi_ram is either unconnected or has no load
WARNING: [Synth 8-7129] Port d0[14] in module pynqrypt_encrypt_control_s_axi_ram is either unconnected or has no load
WARNING: [Synth 8-7129] Port d0[13] in module pynqrypt_encrypt_control_s_axi_ram is either unconnected or has no load
WARNING: [Synth 8-7129] Port d0[12] in module pynqrypt_encrypt_control_s_axi_ram is either unconnected or has no load
WARNING: [Synth 8-7129] Port d0[11] in module pynqrypt_encrypt_control_s_axi_ram is either unconnected or has no load
WARNING: [Synth 8-7129] Port d0[10] in module pynqrypt_encrypt_control_s_axi_ram is either unconnected or has no load
WARNING: [Synth 8-7129] Port d0[9] in module pynqrypt_encrypt_control_s_axi_ram is either unconnected or has no load
WARNING: [Synth 8-7129] Port d0[8] in module pynqrypt_encrypt_control_s_axi_ram is either unconnected or has no load
WARNING: [Synth 8-7129] Port d0[7] in module pynqrypt_encrypt_control_s_axi_ram is either unconnected or has no load
WARNING: [Synth 8-7129] Port d0[6] in module pynqrypt_encrypt_control_s_axi_ram is either unconnected or has no load
WARNING: [Synth 8-7129] Port d0[5] in module pynqrypt_encrypt_control_s_axi_ram is either unconnected or has no load
WARNING: [Synth 8-7129] Port d0[4] in module pynqrypt_encrypt_control_s_axi_ram is either unconnected or has no load
WARNING: [Synth 8-7129] Port d0[3] in module pynqrypt_encrypt_control_s_axi_ram is either unconnected or has no load
WARNING: [Synth 8-7129] Port d0[2] in module pynqrypt_encrypt_control_s_axi_ram is either unconnected or has no load
WARNING: [Synth 8-7129] Port d0[1] in module pynqrypt_encrypt_control_s_axi_ram is either unconnected or has no load
WARNING: [Synth 8-7129] Port d0[0] in module pynqrypt_encrypt_control_s_axi_ram is either unconnected or has no load
WARNING: [Synth 8-7129] Port m_axi_gmem_AWREADY in module pynqrypt_encrypt_pynqrypt_encrypt_Pipeline_6 is either unconnected or has no load
WARNING: [Synth 8-7129] Port m_axi_gmem_ARREADY in module pynqrypt_encrypt_pynqrypt_encrypt_Pipeline_6 is either unconnected or has no load
WARNING: [Synth 8-7129] Port m_axi_gmem_RVALID in module pynqrypt_encrypt_pynqrypt_encrypt_Pipeline_6 is either unconnected or has no load
WARNING: [Synth 8-7129] Port m_axi_gmem_RDATA[7] in module pynqrypt_encrypt_pynqrypt_encrypt_Pipeline_6 is either unconnected or has no load
WARNING: [Synth 8-7129] Port m_axi_gmem_RDATA[6] in module pynqrypt_encrypt_pynqrypt_encrypt_Pipeline_6 is either unconnected or has no load
WARNING: [Synth 8-7129] Port m_axi_gmem_RDATA[5] in module pynqrypt_encrypt_pynqrypt_encrypt_Pipeline_6 is either unconnected or has no load
WARNING: [Synth 8-7129] Port m_axi_gmem_RDATA[4] in module pynqrypt_encrypt_pynqrypt_encrypt_Pipeline_6 is either unconnected or has no load
WARNING: [Synth 8-7129] Port m_axi_gmem_RDATA[3] in module pynqrypt_encrypt_pynqrypt_encrypt_Pipeline_6 is either unconnected or has no load
WARNING: [Synth 8-7129] Port m_axi_gmem_RDATA[2] in module pynqrypt_encrypt_pynqrypt_encrypt_Pipeline_6 is either unconnected or has no load
WARNING: [Synth 8-7129] Port m_axi_gmem_RDATA[1] in module pynqrypt_encrypt_pynqrypt_encrypt_Pipeline_6 is either unconnected or has no load
WARNING: [Synth 8-7129] Port m_axi_gmem_RDATA[0] in module pynqrypt_encrypt_pynqrypt_encrypt_Pipeline_6 is either unconnected or has no load
WARNING: [Synth 8-7129] Port m_axi_gmem_RLAST in module pynqrypt_encrypt_pynqrypt_encrypt_Pipeline_6 is either unconnected or has no load
WARNING: [Synth 8-7129] Port m_axi_gmem_RID[0] in module pynqrypt_encrypt_pynqrypt_encrypt_Pipeline_6 is either unconnected or has no load
WARNING: [Synth 8-7129] Port m_axi_gmem_RFIFONUM[10] in module pynqrypt_encrypt_pynqrypt_encrypt_Pipeline_6 is either unconnected or has no load
WARNING: [Synth 8-7129] Port m_axi_gmem_RFIFONUM[9] in module pynqrypt_encrypt_pynqrypt_encrypt_Pipeline_6 is either unconnected or has no load
WARNING: [Synth 8-7129] Port m_axi_gmem_RFIFONUM[8] in module pynqrypt_encrypt_pynqrypt_encrypt_Pipeline_6 is either unconnected or has no load
WARNING: [Synth 8-7129] Port m_axi_gmem_RFIFONUM[7] in module pynqrypt_encrypt_pynqrypt_encrypt_Pipeline_6 is either unconnected or has no load
WARNING: [Synth 8-7129] Port m_axi_gmem_RFIFONUM[6] in module pynqrypt_encrypt_pynqrypt_encrypt_Pipeline_6 is either unconnected or has no load
INFO: [Common 17-14] Message 'Synth 8-7129' appears 100 times and further instances of the messages will be disabled. Use the Tcl command set_msg_config to change the current settings.
---------------------------------------------------------------------------------
Finished RTL Elaboration : Time (s): cpu = 00:00:05 ; elapsed = 00:00:05 . Memory (MB): peak = 2099.434 ; gain = 479.672 ; free physical = 1355 ; free virtual = 22276
Synthesis current peak Physical Memory [PSS] (MB): peak = 1400.924; parent = 1190.745; children = 210.179
Synthesis current peak Virtual Memory [VSS] (MB): peak = 3127.895; parent = 2099.438; children = 1028.457
---------------------------------------------------------------------------------
---------------------------------------------------------------------------------
Start Handling Custom Attributes
---------------------------------------------------------------------------------
---------------------------------------------------------------------------------
Finished Handling Custom Attributes : Time (s): cpu = 00:00:05 ; elapsed = 00:00:06 . Memory (MB): peak = 2117.246 ; gain = 497.484 ; free physical = 1354 ; free virtual = 22275
Synthesis current peak Physical Memory [PSS] (MB): peak = 1400.924; parent = 1190.745; children = 210.179
Synthesis current peak Virtual Memory [VSS] (MB): peak = 3145.707; parent = 2117.250; children = 1028.457
---------------------------------------------------------------------------------
---------------------------------------------------------------------------------
Finished RTL Optimization Phase 1 : Time (s): cpu = 00:00:05 ; elapsed = 00:00:06 . Memory (MB): peak = 2117.246 ; gain = 497.484 ; free physical = 1354 ; free virtual = 22275
Synthesis current peak Physical Memory [PSS] (MB): peak = 1400.924; parent = 1190.745; children = 210.179
Synthesis current peak Virtual Memory [VSS] (MB): peak = 3145.707; parent = 2117.250; children = 1028.457
---------------------------------------------------------------------------------
Netlist sorting complete. Time (s): cpu = 00:00:00.09 ; elapsed = 00:00:00.08 . Memory (MB): peak = 2117.246 ; gain = 0.000 ; free physical = 1347 ; free virtual = 22268
INFO: [Project 1-570] Preparing netlist for logic optimization

Processing XDC Constraints
Initializing timing engine
Parsing XDC File [/home/mrindeciso/Documents/pynqrypt/pynqrypt-vitis-hls/pynqrypt/impl/verilog/project.gen/sources_1/bd/bd_0/ip/bd_0_hls_inst_0/constraints/pynqrypt_encrypt_ooc.xdc] for cell 'inst'
Finished Parsing XDC File [/home/mrindeciso/Documents/pynqrypt/pynqrypt-vitis-hls/pynqrypt/impl/verilog/project.gen/sources_1/bd/bd_0/ip/bd_0_hls_inst_0/constraints/pynqrypt_encrypt_ooc.xdc] for cell 'inst'
Parsing XDC File [/home/mrindeciso/Documents/pynqrypt/pynqrypt-vitis-hls/pynqrypt/impl/verilog/project.runs/bd_0_hls_inst_0_synth_1/dont_touch.xdc]
Finished Parsing XDC File [/home/mrindeciso/Documents/pynqrypt/pynqrypt-vitis-hls/pynqrypt/impl/verilog/project.runs/bd_0_hls_inst_0_synth_1/dont_touch.xdc]
Completed Processing XDC Constraints

Netlist sorting complete. Time (s): cpu = 00:00:00 ; elapsed = 00:00:00 . Memory (MB): peak = 2274.996 ; gain = 0.000 ; free physical = 1235 ; free virtual = 22167
INFO: [Project 1-111] Unisim Transformation Summary:
No Unisim elements were transformed.

Constraint Validation Runtime : Time (s): cpu = 00:00:00.25 ; elapsed = 00:00:00.08 . Memory (MB): peak = 2274.996 ; gain = 0.000 ; free physical = 1232 ; free virtual = 22163
INFO: [Designutils 20-5008] Incremental synthesis strategy off
INFO: [Synth 8-11241] undeclared symbol 'REGCCE', assumed default net type 'wire' [/xilinx/Vivado/2022.2/data/verilog/src/unimacro/BRAM_SINGLE_MACRO.v:2170]
---------------------------------------------------------------------------------
Finished Constraint Validation : Time (s): cpu = 00:00:11 ; elapsed = 00:00:12 . Memory (MB): peak = 2274.996 ; gain = 655.234 ; free physical = 1333 ; free virtual = 22265
Synthesis current peak Physical Memory [PSS] (MB): peak = 1400.924; parent = 1190.745; children = 210.179
Synthesis current peak Virtual Memory [VSS] (MB): peak = 3271.441; parent = 2242.984; children = 1028.457
---------------------------------------------------------------------------------
---------------------------------------------------------------------------------
Start Loading Part and Timing Information
---------------------------------------------------------------------------------
Loading part: xc7z020iclg400-1L
---------------------------------------------------------------------------------
Finished Loading Part and Timing Information : Time (s): cpu = 00:00:11 ; elapsed = 00:00:12 . Memory (MB): peak = 2274.996 ; gain = 655.234 ; free physical = 1333 ; free virtual = 22265
Synthesis current peak Physical Memory [PSS] (MB): peak = 1400.924; parent = 1190.745; children = 210.179
Synthesis current peak Virtual Memory [VSS] (MB): peak = 3271.441; parent = 2242.984; children = 1028.457
---------------------------------------------------------------------------------
---------------------------------------------------------------------------------
Start Applying 'set_property' XDC Constraints
---------------------------------------------------------------------------------
Applied set_property KEEP_HIERARCHY = SOFT for inst. (constraint file  /home/mrindeciso/Documents/pynqrypt/pynqrypt-vitis-hls/pynqrypt/impl/verilog/project.runs/bd_0_hls_inst_0_synth_1/dont_touch.xdc, line 9).
---------------------------------------------------------------------------------
Finished applying 'set_property' XDC Constraints : Time (s): cpu = 00:00:11 ; elapsed = 00:00:12 . Memory (MB): peak = 2274.996 ; gain = 655.234 ; free physical = 1334 ; free virtual = 22265
Synthesis current peak Physical Memory [PSS] (MB): peak = 1400.924; parent = 1190.745; children = 210.179
Synthesis current peak Virtual Memory [VSS] (MB): peak = 3271.441; parent = 2242.984; children = 1028.457
---------------------------------------------------------------------------------
WARNING: [Synth 8-3936] Found unconnected internal register 'loop_index5_i_cast_reg_111_reg' and it is trimmed from '5' to '4' bits. [/home/mrindeciso/Documents/pynqrypt/pynqrypt-vitis-hls/pynqrypt/impl/verilog/project.gen/sources_1/bd/bd_0/ipshared/c372/hdl/verilog/pynqrypt_encrypt_pynqrypt_encrypt_Pipeline_1.v:141]
INFO: [Synth 8-4490] FSM extraction disabled for register 'ap_CS_fsm_reg' through user attribute
INFO: [Synth 8-4490] FSM extraction disabled for register 'ap_CS_fsm_reg' through user attribute
WARNING: [Synth 8-3936] Found unconnected internal register 'loop_index3_i_load_reg_126_reg' and it is trimmed from '64' to '4' bits. [/home/mrindeciso/Documents/pynqrypt/pynqrypt-vitis-hls/pynqrypt/impl/verilog/project.gen/sources_1/bd/bd_0/ipshared/c372/hdl/verilog/pynqrypt_encrypt_pynqrypt_encrypt_Pipeline_3.v:259]
INFO: [Synth 8-4490] FSM extraction disabled for register 'ap_CS_fsm_reg' through user attribute
WARNING: [Synth 8-3936] Found unconnected internal register 'loop_index103_cast_reg_97_reg' and it is trimmed from '5' to '4' bits. [/home/mrindeciso/Documents/pynqrypt/pynqrypt-vitis-hls/pynqrypt/impl/verilog/project.gen/sources_1/bd/bd_0/ipshared/c372/hdl/verilog/pynqrypt_encrypt_aes_encrypt_block_Pipeline_2.v:141]
INFO: [Synth 8-4490] FSM extraction disabled for register 'ap_CS_fsm_reg' through user attribute
INFO: [Synth 8-802] inferred FSM for state register 'state_reg' in module 'pynqrypt_encrypt_gmem_m_axi_reg_slice'
INFO: [Synth 8-802] inferred FSM for state register 'state_reg' in module 'pynqrypt_encrypt_gmem_m_axi_reg_slice__parameterized0'
INFO: [Synth 8-802] inferred FSM for state register 'state_reg' in module 'pynqrypt_encrypt_gmem_m_axi_reg_slice__parameterized1'
INFO: [Synth 8-802] inferred FSM for state register 'state_reg' in module 'pynqrypt_encrypt_gmem_m_axi_reg_slice__parameterized2'
INFO: [Synth 8-4490] FSM extraction disabled for register 'ap_CS_fsm_reg' through user attribute
INFO: [Synth 8-3971] The signal "pynqrypt_encrypt_pynqrypt_round_keys_RAM_AUTO_1R1W:/ram_reg" was recognized as a true dual port RAM template.
INFO: [Synth 8-3971] The signal "pynqrypt_encrypt_block_nonce_RAM_AUTO_1R1W:/ram_reg" was recognized as a true dual port RAM template.
INFO: [Synth 8-7082] The signal mem_reg is implemented as Block RAM but is better mapped onto distributed LUT RAM for the following reason(s): The depth (6 address bits) is shallow. Please use attribute (* ram_style = "distributed" *) to instruct Vivado to infer distributed LUT RAM.
---------------------------------------------------------------------------------------------------
                   State |                     New Encoding |                Previous Encoding 
---------------------------------------------------------------------------------------------------
                    ZERO |                               00 |                               10
                     ONE |                               10 |                               11
                     TWO |                               01 |                               01
---------------------------------------------------------------------------------------------------
INFO: [Synth 8-3354] encoded FSM with state register 'state_reg' using encoding 'sequential' in module 'pynqrypt_encrypt_gmem_m_axi_reg_slice'
---------------------------------------------------------------------------------------------------
                   State |                     New Encoding |                Previous Encoding 
---------------------------------------------------------------------------------------------------
                    ZERO |                               00 |                               10
                     ONE |                               10 |                               11
                     TWO |                               01 |                               01
---------------------------------------------------------------------------------------------------
INFO: [Synth 8-3354] encoded FSM with state register 'state_reg' using encoding 'sequential' in module 'pynqrypt_encrypt_gmem_m_axi_reg_slice__parameterized0'
---------------------------------------------------------------------------------------------------
                   State |                     New Encoding |                Previous Encoding 
---------------------------------------------------------------------------------------------------
                    ZERO |                               00 |                               10
                     ONE |                               10 |                               11
                     TWO |                               01 |                               01
---------------------------------------------------------------------------------------------------
INFO: [Synth 8-3354] encoded FSM with state register 'state_reg' using encoding 'sequential' in module 'pynqrypt_encrypt_gmem_m_axi_reg_slice__parameterized1'
---------------------------------------------------------------------------------------------------
                   State |                     New Encoding |                Previous Encoding 
---------------------------------------------------------------------------------------------------
                    ZERO |                               00 |                               10
                     ONE |                               10 |                               11
                     TWO |                               01 |                               01
---------------------------------------------------------------------------------------------------
INFO: [Synth 8-3354] encoded FSM with state register 'state_reg' using encoding 'sequential' in module 'pynqrypt_encrypt_gmem_m_axi_reg_slice__parameterized2'
---------------------------------------------------------------------------------
Finished RTL Optimization Phase 2 : Time (s): cpu = 00:00:13 ; elapsed = 00:00:13 . Memory (MB): peak = 2274.996 ; gain = 655.234 ; free physical = 1317 ; free virtual = 22251
Synthesis current peak Physical Memory [PSS] (MB): peak = 1400.924; parent = 1190.745; children = 210.179
Synthesis current peak Virtual Memory [VSS] (MB): peak = 3271.441; parent = 2242.984; children = 1028.457
---------------------------------------------------------------------------------
---------------------------------------------------------------------------------
Start RTL Component Statistics 
---------------------------------------------------------------------------------
Detailed RTL Component Info : 
+---Adders : 
	   2 Input   64 Bit       Adders := 10    
	   2 Input   52 Bit       Adders := 2     
	   2 Input   32 Bit       Adders := 4     
	   2 Input   12 Bit       Adders := 2     
	   2 Input   11 Bit       Adders := 2     
	   2 Input    9 Bit       Adders := 4     
	   2 Input    8 Bit       Adders := 19    
	   2 Input    7 Bit       Adders := 2     
	   2 Input    6 Bit       Adders := 5     
	   2 Input    5 Bit       Adders := 23    
	   2 Input    4 Bit       Adders := 19    
	   2 Input    3 Bit       Adders := 9     
	   3 Input    3 Bit       Adders := 1     
	   2 Input    2 Bit       Adders := 3     
+---XORs : 
	   2 Input     64 Bit         XORs := 2     
	   2 Input     32 Bit         XORs := 2     
	   2 Input      8 Bit         XORs := 58    
	   3 Input      8 Bit         XORs := 1     
	   5 Input      8 Bit         XORs := 12    
	   4 Input      8 Bit         XORs := 4     
	   2 Input      1 Bit         XORs := 2     
+---Registers : 
	               96 Bit    Registers := 6     
	               72 Bit    Registers := 3     
	               64 Bit    Registers := 20    
	               59 Bit    Registers := 1     
	               52 Bit    Registers := 2     
	               38 Bit    Registers := 1     
	               37 Bit    Registers := 1     
	               34 Bit    Registers := 2     
	               33 Bit    Registers := 2     
	               32 Bit    Registers := 17    
	               28 Bit    Registers := 1     
	               16 Bit    Registers := 1     
	               15 Bit    Registers := 1     
	               11 Bit    Registers := 1     
	               10 Bit    Registers := 4     
	                9 Bit    Registers := 2     
	                8 Bit    Registers := 113   
	                7 Bit    Registers := 2     
	                6 Bit    Registers := 7     
	                5 Bit    Registers := 15    
	                4 Bit    Registers := 27    
	                3 Bit    Registers := 4     
	                2 Bit    Registers := 10    
	                1 Bit    Registers := 158   
+---RAMs : 
	               8K Bit	(255 X 34 bit)          RAMs := 1     
	               1K Bit	(176 X 8 bit)          RAMs := 1     
	              567 Bit	(63 X 9 bit)          RAMs := 1     
	              128 Bit	(16 X 8 bit)          RAMs := 4     
	              128 Bit	(4 X 32 bit)          RAMs := 1     
	               96 Bit	(12 X 8 bit)          RAMs := 1     
	               96 Bit	(3 X 32 bit)          RAMs := 1     
+---ROMs : 
	                    ROMs := 5     
+---Muxes : 
	   2 Input   96 Bit        Muxes := 2     
	   2 Input   72 Bit        Muxes := 1     
	   2 Input   64 Bit        Muxes := 17    
	   2 Input   52 Bit        Muxes := 2     
	  39 Input   38 Bit        Muxes := 1     
	   2 Input   33 Bit        Muxes := 1     
	   2 Input   32 Bit        Muxes := 20    
	   2 Input   30 Bit        Muxes := 1     
	   2 Input   28 Bit        Muxes := 2     
	  29 Input   28 Bit        Muxes := 1     
	   2 Input   24 Bit        Muxes := 1     
	   2 Input   22 Bit        Muxes := 1     
	   2 Input   20 Bit        Muxes := 1     
	   2 Input   19 Bit        Muxes := 1     
	  17 Input   16 Bit        Muxes := 1     
	   2 Input   16 Bit        Muxes := 1     
	  16 Input   15 Bit        Muxes := 1     
	   2 Input   15 Bit        Muxes := 1     
	   2 Input   14 Bit        Muxes := 1     
	   4 Input   12 Bit        Muxes := 2     
	   2 Input   10 Bit        Muxes := 4     
	   2 Input    9 Bit        Muxes := 2     
	  11 Input    8 Bit        Muxes := 1     
	   2 Input    8 Bit        Muxes := 29    
	  10 Input    8 Bit        Muxes := 1     
	   4 Input    8 Bit        Muxes := 2     
	   2 Input    7 Bit        Muxes := 3     
	   2 Input    6 Bit        Muxes := 6     
	   2 Input    5 Bit        Muxes := 20    
	   2 Input    4 Bit        Muxes := 23    
	  12 Input    4 Bit        Muxes := 2     
	   8 Input    4 Bit        Muxes := 1     
	   3 Input    4 Bit        Muxes := 1     
	   2 Input    3 Bit        Muxes := 8     
	   3 Input    3 Bit        Muxes := 2     
	   5 Input    3 Bit        Muxes := 1     
	   4 Input    3 Bit        Muxes := 1     
	   3 Input    2 Bit        Muxes := 17    
	   2 Input    2 Bit        Muxes := 72    
	   6 Input    2 Bit        Muxes := 1     
	   5 Input    2 Bit        Muxes := 1     
	   4 Input    2 Bit        Muxes := 5     
	   2 Input    1 Bit        Muxes := 222   
	   4 Input    1 Bit        Muxes := 1     
---------------------------------------------------------------------------------
Finished RTL Component Statistics 
---------------------------------------------------------------------------------
---------------------------------------------------------------------------------
Start Part Resource Summary
---------------------------------------------------------------------------------
Part Resources:
DSPs: 220 (col length:60)
BRAMs: 280 (col length: RAMB18 60 RAMB36 30)
---------------------------------------------------------------------------------
Finished Part Resource Summary
---------------------------------------------------------------------------------
---------------------------------------------------------------------------------
Start Cross Boundary and Area Optimization
---------------------------------------------------------------------------------
WARNING: [Synth 8-7080] Parallel synthesis criteria is not met
INFO: [Synth 8-3971] The signal "inst/pynqrypt_round_keys_U/ram_reg" was recognized as a true dual port RAM template.
INFO: [Synth 8-3971] The signal "inst/block_nonce_U/ram_reg" was recognized as a true dual port RAM template.
INFO: [Synth 8-7082] The signal store_unit/buff_wdata/U_fifo_mem/mem_reg is implemented as Block RAM but is better mapped onto distributed LUT RAM for the following reason(s): The depth (6 address bits) is shallow. Please use attribute (* ram_style = "distributed" *) to instruct Vivado to infer distributed LUT RAM.
---------------------------------------------------------------------------------
Finished Cross Boundary and Area Optimization : Time (s): cpu = 00:00:26 ; elapsed = 00:00:26 . Memory (MB): peak = 2274.996 ; gain = 655.234 ; free physical = 1268 ; free virtual = 22214
Synthesis current peak Physical Memory [PSS] (MB): peak = 1450.308; parent = 1241.029; children = 210.179
Synthesis current peak Virtual Memory [VSS] (MB): peak = 3271.441; parent = 2242.984; children = 1028.457
---------------------------------------------------------------------------------
---------------------------------------------------------------------------------
Start ROM, RAM, DSP, Shift Register and Retiming Reporting
---------------------------------------------------------------------------------

ROM: Preliminary Mapping Report
+---------------------------------------------------------------------------+--------------------------+---------------+----------------+
|Module Name                                                                | RTL Object               | Depth x Width | Implemented As | 
+---------------------------------------------------------------------------+--------------------------+---------------+----------------+
|pynqrypt_encrypt_aes_generate_round_keys_Pipeline_loop_generate_round_keys | crypto_aes_sbox_U/q0_reg | 256x8         | Block RAM      | 
|pynqrypt_encrypt_aes_encrypt_block_Pipeline_loop_aes_encrypt_block         | crypto_aes_sbox_U/q1_reg | 256x8         | Block RAM      | 
|pynqrypt_encrypt_aes_encrypt_block_Pipeline_loop_aes_encrypt_block         | crypto_aes_sbox_U/q0_reg | 256x8         | Block RAM      | 
|pynqrypt_encrypt                                                           | crypto_aes_sbox_U/q0_reg | 256x8         | Block RAM      | 
|pynqrypt_encrypt                                                           | crypto_aes_sbox_U/q1_reg | 256x8         | Block RAM      | 
+---------------------------------------------------------------------------+--------------------------+---------------+----------------+


Block RAM: Preliminary Mapping Report (see note below)
+------------------+------------------------------------------+------------------------+---+---+------------------------+---+---+------------------+--------+--------+
|Module Name       | RTL Object                               | PORT A (Depth x Width) | W | R | PORT B (Depth x Width) | W | R | Ports driving FF | RAMB18 | RAMB36 | 
+------------------+------------------------------------------+------------------------+---+---+------------------------+---+---+------------------+--------+--------+
|inst              | pynqrypt_round_keys_U/ram_reg            | 176 x 8(READ_FIRST)    | W | R | 176 x 8(READ_FIRST)    | W | R | Port A and B     | 1      | 0      | 
|inst              | block_nonce_U/ram_reg                    | 16 x 8(READ_FIRST)     | W | R | 16 x 8(READ_FIRST)     | W | R | Port A and B     | 1      | 0      | 
|inst/gmem_m_axi_U | store_unit/buff_wdata/U_fifo_mem/mem_reg | 63 x 9(READ_FIRST)     | W |   | 63 x 9(WRITE_FIRST)    |   | R | Port A and B     | 1      | 0      | 
|inst/gmem_m_axi_U | load_unit/buff_rdata/U_fifo_mem/mem_reg  | 255 x 34(READ_FIRST)   | W |   | 255 x 34(WRITE_FIRST)  |   | R | Port A and B     | 1      | 0      | 
+------------------+------------------------------------------+------------------------+---+---+------------------------+---+---+------------------+--------+--------+

Note: The table above is a preliminary report that shows the Block RAMs at the current stage of the synthesis flow. Some Block RAMs may be reimplemented as non Block RAM primitives later in the synthesis flow. Multiple instantiated Block RAMs are reported only once. 

Distributed RAM: Preliminary Mapping Report (see note below)
+----------------------------------+--------------------------+-----------+----------------------+----------------+
|Module Name                       | RTL Object               | Inference | Size (Depth x Width) | Primitives     | 
+----------------------------------+--------------------------+-----------+----------------------+----------------+
|inst/grp_aes_encrypt_block_fu_283 | temp_U/ram_reg           | Implied   | 16 x 8               | RAM16X1D x 8   | 
|inst/control_s_axi_U              | int_nonce/mem_reg        | Implied   | 4 x 32               | RAM16X1D x 32  | 
|inst/control_s_axi_U              | int_key/mem_reg          | Implied   | 4 x 32               | RAM16X1D x 32  | 
|inst                              | block_U/ram_reg          | Implied   | 16 x 8               | RAM16X1D x 8   | 
|inst                              | pynqrypt_key_U/ram_reg   | Implied   | 16 x 8               | RAM16X1S x 8   | 
|inst                              | pynqrypt_nonce_U/ram_reg | Implied   | 16 x 8               | RAM16X1S x 8   | 
+----------------------------------+--------------------------+-----------+----------------------+----------------+

Note: The table above is a preliminary report that shows the Distributed RAMs at the current stage of the synthesis flow. Some Distributed RAMs may be reimplemented as non Distributed RAM primitives later in the synthesis flow. Multiple instantiated RAMs are reported only once.
---------------------------------------------------------------------------------
Finished ROM, RAM, DSP, Shift Register and Retiming Reporting
---------------------------------------------------------------------------------
---------------------------------------------------------------------------------
Start Applying XDC Timing Constraints
---------------------------------------------------------------------------------
---------------------------------------------------------------------------------
Finished Applying XDC Timing Constraints : Time (s): cpu = 00:00:30 ; elapsed = 00:00:31 . Memory (MB): peak = 2274.996 ; gain = 655.234 ; free physical = 1145 ; free virtual = 22098
Synthesis current peak Physical Memory [PSS] (MB): peak = 1545.900; parent = 1336.645; children = 210.179
Synthesis current peak Virtual Memory [VSS] (MB): peak = 3271.441; parent = 2242.984; children = 1028.457
---------------------------------------------------------------------------------
---------------------------------------------------------------------------------
Start Timing Optimization
---------------------------------------------------------------------------------
---------------------------------------------------------------------------------
Finished Timing Optimization : Time (s): cpu = 00:00:31 ; elapsed = 00:00:32 . Memory (MB): peak = 2274.996 ; gain = 655.234 ; free physical = 1009 ; free virtual = 22046
Synthesis current peak Physical Memory [PSS] (MB): peak = 1550.838; parent = 1341.592; children = 210.179
Synthesis current peak Virtual Memory [VSS] (MB): peak = 3271.441; parent = 2242.984; children = 1028.457
---------------------------------------------------------------------------------
---------------------------------------------------------------------------------
Start ROM, RAM, DSP, Shift Register and Retiming Reporting
---------------------------------------------------------------------------------

Block RAM: Final Mapping Report
+------------------+------------------------------------------+------------------------+---+---+------------------------+---+---+------------------+--------+--------+
|Module Name       | RTL Object                               | PORT A (Depth x Width) | W | R | PORT B (Depth x Width) | W | R | Ports driving FF | RAMB18 | RAMB36 | 
+------------------+------------------------------------------+------------------------+---+---+------------------------+---+---+------------------+--------+--------+
|inst              | pynqrypt_round_keys_U/ram_reg            | 176 x 8(READ_FIRST)    | W | R | 176 x 8(READ_FIRST)    | W | R | Port A and B     | 1      | 0      | 
|inst              | block_nonce_U/ram_reg                    | 16 x 8(READ_FIRST)     | W | R | 16 x 8(READ_FIRST)     | W | R | Port A and B     | 1      | 0      | 
|inst/gmem_m_axi_U | store_unit/buff_wdata/U_fifo_mem/mem_reg | 63 x 9(READ_FIRST)     | W |   | 63 x 9(WRITE_FIRST)    |   | R | Port A and B     | 1      | 0      | 
|inst/gmem_m_axi_U | load_unit/buff_rdata/U_fifo_mem/mem_reg  | 255 x 34(READ_FIRST)   | W |   | 255 x 34(WRITE_FIRST)  |   | R | Port A and B     | 1      | 0      | 
+------------------+------------------------------------------+------------------------+---+---+------------------------+---+---+------------------+--------+--------+


Distributed RAM: Final Mapping Report
+----------------------------------+--------------------------+-----------+----------------------+----------------+
|Module Name                       | RTL Object               | Inference | Size (Depth x Width) | Primitives     | 
+----------------------------------+--------------------------+-----------+----------------------+----------------+
|inst/grp_aes_encrypt_block_fu_283 | temp_U/ram_reg           | Implied   | 16 x 8               | RAM16X1D x 8   | 
|inst/control_s_axi_U              | int_nonce/mem_reg        | Implied   | 4 x 32               | RAM16X1D x 32  | 
|inst/control_s_axi_U              | int_key/mem_reg          | Implied   | 4 x 32               | RAM16X1D x 32  | 
|inst                              | block_U/ram_reg          | Implied   | 16 x 8               | RAM16X1D x 8   | 
|inst                              | pynqrypt_key_U/ram_reg   | Implied   | 16 x 8               | RAM16X1S x 8   | 
|inst                              | pynqrypt_nonce_U/ram_reg | Implied   | 16 x 8               | RAM16X1S x 8   | 
+----------------------------------+--------------------------+-----------+----------------------+----------------+

---------------------------------------------------------------------------------
Finished ROM, RAM, DSP, Shift Register and Retiming Reporting
---------------------------------------------------------------------------------
---------------------------------------------------------------------------------
Start Technology Mapping
---------------------------------------------------------------------------------
INFO: [Synth 8-7052] The timing for the instance inst/pynqrypt_round_keys_U/ram_reg (implemented as a Block RAM) might be sub-optimal as no optional output register could be merged into the ram block. Providing additional output register may help in improving timing.
INFO: [Synth 8-7052] The timing for the instance inst/pynqrypt_round_keys_U/ram_reg (implemented as a Block RAM) might be sub-optimal as no optional output register could be merged into the ram block. Providing additional output register may help in improving timing.
INFO: [Synth 8-7052] The timing for the instance inst/block_nonce_U/ram_reg (implemented as a Block RAM) might be sub-optimal as no optional output register could be merged into the ram block. Providing additional output register may help in improving timing.
INFO: [Synth 8-7052] The timing for the instance inst/block_nonce_U/ram_reg (implemented as a Block RAM) might be sub-optimal as no optional output register could be merged into the ram block. Providing additional output register may help in improving timing.
INFO: [Synth 8-7052] The timing for the instance inst/grp_aes_generate_round_keys_fu_258/grp_aes_generate_round_keys_Pipeline_loop_generate_round_keys_fu_20/crypto_aes_sbox_U/q0_reg (implemented as a Block RAM) might be sub-optimal as no optional output register could be merged into the ram block. Providing additional output register may help in improving timing.
INFO: [Synth 8-7052] The timing for the instance inst/grp_aes_generate_round_keys_fu_258/grp_aes_generate_round_keys_Pipeline_loop_generate_round_keys_fu_20/crypto_aes_sbox_U/q0_reg (implemented as a Block RAM) might be sub-optimal as no optional output register could be merged into the ram block. Providing additional output register may help in improving timing.
INFO: [Synth 8-7052] The timing for the instance inst/grp_aes_encrypt_block_fu_283/grp_aes_encrypt_block_Pipeline_loop_aes_encrypt_block_fu_868/crypto_aes_sbox_U/q0_reg (implemented as a Block RAM) might be sub-optimal as no optional output register could be merged into the ram block. Providing additional output register may help in improving timing.
INFO: [Synth 8-7052] The timing for the instance inst/grp_aes_encrypt_block_fu_283/grp_aes_encrypt_block_Pipeline_loop_aes_encrypt_block_fu_868/crypto_aes_sbox_U/q0_reg (implemented as a Block RAM) might be sub-optimal as no optional output register could be merged into the ram block. Providing additional output register may help in improving timing.
INFO: [Synth 8-7052] The timing for the instance inst/gmem_m_axi_U/store_unit/buff_wdata/U_fifo_mem/mem_reg (implemented as a Block RAM) might be sub-optimal as no optional output register could be merged into the ram block. Providing additional output register may help in improving timing.
INFO: [Synth 8-7052] The timing for the instance inst/gmem_m_axi_U/load_unit/buff_rdata/U_fifo_mem/mem_reg (implemented as a Block RAM) might be sub-optimal as no optional output register could be merged into the ram block. Providing additional output register may help in improving timing.
INFO: [Synth 8-7052] The timing for the instance inst/crypto_aes_sbox_U/q1_reg (implemented as a Block RAM) might be sub-optimal as no optional output register could be merged into the ram block. Providing additional output register may help in improving timing.
---------------------------------------------------------------------------------
Finished Technology Mapping : Time (s): cpu = 00:00:33 ; elapsed = 00:00:34 . Memory (MB): peak = 2274.996 ; gain = 655.234 ; free physical = 977 ; free virtual = 22040
Synthesis current peak Physical Memory [PSS] (MB): peak = 1556.170; parent = 1346.924; children = 210.179
Synthesis current peak Virtual Memory [VSS] (MB): peak = 3271.441; parent = 2242.984; children = 1028.457
---------------------------------------------------------------------------------
---------------------------------------------------------------------------------
Start IO Insertion
---------------------------------------------------------------------------------
---------------------------------------------------------------------------------
Start Flattening Before IO Insertion
---------------------------------------------------------------------------------
---------------------------------------------------------------------------------
Finished Flattening Before IO Insertion
---------------------------------------------------------------------------------
---------------------------------------------------------------------------------
Start Final Netlist Cleanup
---------------------------------------------------------------------------------
---------------------------------------------------------------------------------
Finished Final Netlist Cleanup
---------------------------------------------------------------------------------
---------------------------------------------------------------------------------
Finished IO Insertion : Time (s): cpu = 00:00:36 ; elapsed = 00:00:37 . Memory (MB): peak = 2274.996 ; gain = 655.234 ; free physical = 957 ; free virtual = 22044
Synthesis current peak Physical Memory [PSS] (MB): peak = 1556.620; parent = 1347.395; children = 210.179
Synthesis current peak Virtual Memory [VSS] (MB): peak = 3271.441; parent = 2242.984; children = 1028.457
---------------------------------------------------------------------------------
---------------------------------------------------------------------------------
Start Renaming Generated Instances
---------------------------------------------------------------------------------
---------------------------------------------------------------------------------
Finished Renaming Generated Instances : Time (s): cpu = 00:00:36 ; elapsed = 00:00:37 . Memory (MB): peak = 2274.996 ; gain = 655.234 ; free physical = 948 ; free virtual = 22035
Synthesis current peak Physical Memory [PSS] (MB): peak = 1556.620; parent = 1347.395; children = 210.179
Synthesis current peak Virtual Memory [VSS] (MB): peak = 3271.441; parent = 2242.984; children = 1028.457
---------------------------------------------------------------------------------
---------------------------------------------------------------------------------
Start Rebuilding User Hierarchy
---------------------------------------------------------------------------------
---------------------------------------------------------------------------------
Finished Rebuilding User Hierarchy : Time (s): cpu = 00:00:37 ; elapsed = 00:00:38 . Memory (MB): peak = 2274.996 ; gain = 655.234 ; free physical = 954 ; free virtual = 22053
Synthesis current peak Physical Memory [PSS] (MB): peak = 1556.858; parent = 1347.633; children = 210.179
Synthesis current peak Virtual Memory [VSS] (MB): peak = 3271.441; parent = 2242.984; children = 1028.457
---------------------------------------------------------------------------------
---------------------------------------------------------------------------------
Start Renaming Generated Ports
---------------------------------------------------------------------------------
---------------------------------------------------------------------------------
Finished Renaming Generated Ports : Time (s): cpu = 00:00:37 ; elapsed = 00:00:38 . Memory (MB): peak = 2274.996 ; gain = 655.234 ; free physical = 954 ; free virtual = 22053
Synthesis current peak Physical Memory [PSS] (MB): peak = 1556.858; parent = 1347.633; children = 210.179
Synthesis current peak Virtual Memory [VSS] (MB): peak = 3271.441; parent = 2242.984; children = 1028.457
---------------------------------------------------------------------------------
---------------------------------------------------------------------------------
Start Handling Custom Attributes
---------------------------------------------------------------------------------
---------------------------------------------------------------------------------
Finished Handling Custom Attributes : Time (s): cpu = 00:00:37 ; elapsed = 00:00:38 . Memory (MB): peak = 2274.996 ; gain = 655.234 ; free physical = 950 ; free virtual = 22050
Synthesis current peak Physical Memory [PSS] (MB): peak = 1557.343; parent = 1348.117; children = 210.179
Synthesis current peak Virtual Memory [VSS] (MB): peak = 3271.441; parent = 2242.984; children = 1028.457
---------------------------------------------------------------------------------
---------------------------------------------------------------------------------
Start Renaming Generated Nets
---------------------------------------------------------------------------------
---------------------------------------------------------------------------------
Finished Renaming Generated Nets : Time (s): cpu = 00:00:37 ; elapsed = 00:00:38 . Memory (MB): peak = 2274.996 ; gain = 655.234 ; free physical = 950 ; free virtual = 22050
Synthesis current peak Physical Memory [PSS] (MB): peak = 1557.343; parent = 1348.117; children = 210.179
Synthesis current peak Virtual Memory [VSS] (MB): peak = 3271.441; parent = 2242.984; children = 1028.457
---------------------------------------------------------------------------------
---------------------------------------------------------------------------------
Start ROM, RAM, DSP, Shift Register and Retiming Reporting
---------------------------------------------------------------------------------

Dynamic Shift Register Report:
+------------+-------------+--------+------------+--------+---------+--------+--------+--------+
|Module Name | RTL Name    | Length | Data Width | SRL16E | SRLC32E | Mux F7 | Mux F8 | Mux F9 | 
+------------+-------------+--------+------------+--------+---------+--------+--------+--------+
|dsrl        | mem_reg[14] | 34     | 34         | 34     | 0       | 0      | 0      | 0      | 
|dsrl__1     | mem_reg[3]  | 96     | 96         | 96     | 0       | 0      | 0      | 0      | 
|dsrl__2     | mem_reg[14] | 1      | 1          | 1      | 0       | 0      | 0      | 0      | 
|dsrl__3     | mem_reg[3]  | 1      | 1          | 1      | 0       | 0      | 0      | 0      | 
|dsrl__4     | mem_reg[14] | 4      | 4          | 4      | 0       | 0      | 0      | 0      | 
|dsrl__5     | mem_reg[14] | 8      | 8          | 8      | 0       | 0      | 0      | 0      | 
|dsrl__6     | mem_reg[14] | 72     | 72         | 72     | 0       | 0      | 0      | 0      | 
|dsrl__7     | mem_reg[14] | 37     | 37         | 37     | 0       | 0      | 0      | 0      | 
+------------+-------------+--------+------------+--------+---------+--------+--------+--------+

---------------------------------------------------------------------------------
Finished ROM, RAM, DSP, Shift Register and Retiming Reporting
---------------------------------------------------------------------------------
---------------------------------------------------------------------------------
Start Writing Synthesis Report
---------------------------------------------------------------------------------

Report BlackBoxes: 
+-+--------------+----------+
| |BlackBox name |Instances |
+-+--------------+----------+
+-+--------------+----------+

Report Cell Usage: 
+------+---------+------+
|      |Cell     |Count |
+------+---------+------+
|1     |CARRY4   |   346|
|2     |LUT1     |   185|
|3     |LUT2     |   832|
|4     |LUT3     |   787|
|5     |LUT4     |  1020|
|6     |LUT5     |   442|
|7     |LUT6     |  1084|
|8     |RAM16X1D |    80|
|9     |RAM16X1S |    16|
|10    |RAMB18E1 |     7|
|14    |SRL16E   |   340|
|15    |FDRE     |  4377|
|16    |FDSE     |    17|
+------+---------+------+
---------------------------------------------------------------------------------
Finished Writing Synthesis Report : Time (s): cpu = 00:00:37 ; elapsed = 00:00:38 . Memory (MB): peak = 2274.996 ; gain = 655.234 ; free physical = 950 ; free virtual = 22050
Synthesis current peak Physical Memory [PSS] (MB): peak = 1557.343; parent = 1348.117; children = 210.179
Synthesis current peak Virtual Memory [VSS] (MB): peak = 3271.441; parent = 2242.984; children = 1028.457
---------------------------------------------------------------------------------
Synthesis finished with 0 errors, 0 critical warnings and 197 warnings.
Synthesis Optimization Runtime : Time (s): cpu = 00:00:34 ; elapsed = 00:00:36 . Memory (MB): peak = 2274.996 ; gain = 497.484 ; free physical = 1005 ; free virtual = 22104
Synthesis Optimization Complete : Time (s): cpu = 00:00:37 ; elapsed = 00:00:38 . Memory (MB): peak = 2274.996 ; gain = 655.234 ; free physical = 1006 ; free virtual = 22106
INFO: [Project 1-571] Translating synthesized netlist
Netlist sorting complete. Time (s): cpu = 00:00:00.08 ; elapsed = 00:00:00.08 . Memory (MB): peak = 2274.996 ; gain = 0.000 ; free physical = 1111 ; free virtual = 22210
INFO: [Netlist 29-17] Analyzing 449 Unisim elements for replacement
INFO: [Netlist 29-28] Unisim Transformation completed in 0 CPU seconds
INFO: [Project 1-570] Preparing netlist for logic optimization
INFO: [Opt 31-138] Pushed 0 inverter(s) to 0 load pin(s).
Netlist sorting complete. Time (s): cpu = 00:00:00 ; elapsed = 00:00:00 . Memory (MB): peak = 2274.996 ; gain = 0.000 ; free physical = 1056 ; free virtual = 22156
INFO: [Project 1-111] Unisim Transformation Summary:
  A total of 96 instances were transformed.
  RAM16X1D => RAM32X1D (RAMD32(x2)): 80 instances
  RAM16X1S => RAM32X1S (RAMS32): 16 instances

Synth Design complete, checksum: 22238eb0
INFO: [Common 17-83] Releasing license: Synthesis
168 Infos, 108 Warnings, 0 Critical Warnings and 0 Errors encountered.
synth_design completed successfully
synth_design: Time (s): cpu = 00:00:44 ; elapsed = 00:00:43 . Memory (MB): peak = 2274.996 ; gain = 986.891 ; free physical = 1274 ; free virtual = 22374
INFO: [Common 17-1381] The checkpoint '/home/mrindeciso/Documents/pynqrypt/pynqrypt-vitis-hls/pynqrypt/impl/verilog/project.runs/bd_0_hls_inst_0_synth_1/bd_0_hls_inst_0.dcp' has been generated.
INFO: [Coretcl 2-1648] Added synthesis output to IP cache for IP bd_0_hls_inst_0, cache-ID = d0d728448dd86146
INFO: [Coretcl 2-1174] Renamed 73 cell refs.
INFO: [Common 17-1381] The checkpoint '/home/mrindeciso/Documents/pynqrypt/pynqrypt-vitis-hls/pynqrypt/impl/verilog/project.runs/bd_0_hls_inst_0_synth_1/bd_0_hls_inst_0.dcp' has been generated.
INFO: [runtcl-4] Executing : report_utilization -file bd_0_hls_inst_0_utilization_synth.rpt -pb bd_0_hls_inst_0_utilization_synth.pb
INFO: [Common 17-206] Exiting Vivado at Tue Dec  6 12:03:51 2022...
