Copyright 1986-2022 Xilinx, Inc. All Rights Reserved.
-------------------------------------------------------------------------------------------------------------------------------------------
| Tool Version : Vivado v.2022.2 (lin64) Build 3671981 Fri Oct 14 04:59:54 MDT 2022
| Date         : Tue Dec  6 12:04:45 2022
| Host         : SSD-UBUNTU running 64-bit Ubuntu 22.04.1 LTS
| Command      : report_utilization -hierarchical -hierarchical_depth 7 -file ./report/pynqrypt_encrypt_utilization_hierarchical_synth.rpt
| Design       : bd_0_wrapper
| Device       : xc7z020iclg400-1L
| Speed File   : -1L
| Design State : Synthesized
-------------------------------------------------------------------------------------------------------------------------------------------

Utilization Design Information

Table of Contents
-----------------
1. Utilization by Hierarchy

1. Utilization by Hierarchy
---------------------------

+-----------------------------------------------------------------------------------+-------------------------------------------------------------------------------------------------------------------+------------+------------+---------+------+------+--------+--------+------------+
|                                      Instance                                     |                                                       Module                                                      | Total LUTs | Logic LUTs | LUTRAMs | SRLs |  FFs | RAMB36 | RAMB18 | DSP Blocks |
+-----------------------------------------------------------------------------------+-------------------------------------------------------------------------------------------------------------------+------------+------------+---------+------+------+--------+--------+------------+
| bd_0_wrapper                                                                      |                                                                                                             (top) |       4128 |       3612 |     176 |  340 | 4394 |      0 |      7 |          0 |
|   bd_0_i                                                                          |                                                                                                              bd_0 |       4128 |       3612 |     176 |  340 | 4394 |      0 |      7 |          0 |
|     hls_inst                                                                      |                                                                                                   bd_0_hls_inst_0 |       4128 |       3612 |     176 |  340 | 4394 |      0 |      7 |          0 |
|       (hls_inst)                                                                  |                                                                                                   bd_0_hls_inst_0 |          0 |          0 |       0 |    0 |    0 |      0 |      0 |          0 |
|       inst                                                                        |                                                                                  bd_0_hls_inst_0_pynqrypt_encrypt |       4128 |       3612 |     176 |  340 | 4394 |      0 |      7 |          0 |
|         (inst)                                                                    |                                                                                  bd_0_hls_inst_0_pynqrypt_encrypt |        381 |        381 |       0 |    0 |  642 |      0 |      0 |          0 |
|         block_U                                                                   |                                             bd_0_hls_inst_0_pynqrypt_encrypt_aes_encrypt_block_temp_RAM_AUTO_1R1W |         17 |          1 |      16 |    0 |   16 |      0 |      0 |          0 |
|         block_nonce_U                                                             |                                                        bd_0_hls_inst_0_pynqrypt_encrypt_block_nonce_RAM_AUTO_1R1W |         25 |         25 |       0 |    0 |    0 |      0 |      1 |          0 |
|         control_s_axi_U                                                           |                                                                    bd_0_hls_inst_0_pynqrypt_encrypt_control_s_axi |        506 |        378 |     128 |    0 |  383 |      0 |      0 |          0 |
|           (control_s_axi_U)                                                       |                                                                    bd_0_hls_inst_0_pynqrypt_encrypt_control_s_axi |        315 |        315 |       0 |    0 |  255 |      0 |      0 |          0 |
|           int_key                                                                 |                                                                bd_0_hls_inst_0_pynqrypt_encrypt_control_s_axi_ram |        112 |         48 |      64 |    0 |   64 |      0 |      0 |          0 |
|           int_nonce                                                               |                                                bd_0_hls_inst_0_pynqrypt_encrypt_control_s_axi_ram__parameterized0 |         79 |         15 |      64 |    0 |   64 |      0 |      0 |          0 |
|         crypto_aes_sbox_U                                                         |    bd_0_hls_inst_0_pynqrypt_encrypt_aes_encrypt_block_Pipeline_loop_aes_encrypt_block_crypto_aes_sbox_ROM_AUTO_1R |          0 |          0 |       0 |    0 |    0 |      0 |      1 |          0 |
|         gmem_m_axi_U                                                              |                                                                       bd_0_hls_inst_0_pynqrypt_encrypt_gmem_m_axi |       1625 |       1285 |       0 |  340 | 2164 |      0 |      2 |          0 |
|           bus_read                                                                |                                                                  bd_0_hls_inst_0_pynqrypt_encrypt_gmem_m_axi_read |        362 |        361 |       0 |    1 |  623 |      0 |      0 |          0 |
|             (bus_read)                                                            |                                                                  bd_0_hls_inst_0_pynqrypt_encrypt_gmem_m_axi_read |        150 |        150 |       0 |    0 |  334 |      0 |      0 |          0 |
|             fifo_burst                                                            |                                               bd_0_hls_inst_0_pynqrypt_encrypt_gmem_m_axi_fifo__parameterized2_15 |         18 |         17 |       0 |    1 |   13 |      0 |      0 |          0 |
|               (fifo_burst)                                                        |                                               bd_0_hls_inst_0_pynqrypt_encrypt_gmem_m_axi_fifo__parameterized2_15 |         15 |         15 |       0 |    0 |   12 |      0 |      0 |          0 |
|               U_fifo_srl                                                          |                                                bd_0_hls_inst_0_pynqrypt_encrypt_gmem_m_axi_srl__parameterized1_18 |          3 |          2 |       0 |    1 |    1 |      0 |      0 |          0 |
|             fifo_rctl                                                             |                                               bd_0_hls_inst_0_pynqrypt_encrypt_gmem_m_axi_fifo__parameterized2_16 |         20 |         20 |       0 |    0 |    8 |      0 |      0 |          0 |
|             rs_rdata                                                              |                                             bd_0_hls_inst_0_pynqrypt_encrypt_gmem_m_axi_reg_slice__parameterized2 |         41 |         41 |       0 |    0 |   71 |      0 |      0 |          0 |
|             rs_rreq                                                               |                                                          bd_0_hls_inst_0_pynqrypt_encrypt_gmem_m_axi_reg_slice_17 |        133 |        133 |       0 |    0 |  197 |      0 |      0 |          0 |
|           bus_write                                                               |                                                                 bd_0_hls_inst_0_pynqrypt_encrypt_gmem_m_axi_write |        571 |        463 |       0 |  108 |  881 |      0 |      0 |          0 |
|             (bus_write)                                                           |                                                                 bd_0_hls_inst_0_pynqrypt_encrypt_gmem_m_axi_write |        156 |        156 |       0 |    0 |  380 |      0 |      0 |          0 |
|             fifo_burst                                                            |                                                  bd_0_hls_inst_0_pynqrypt_encrypt_gmem_m_axi_fifo__parameterized6 |         34 |         30 |       0 |    4 |   16 |      0 |      0 |          0 |
|               (fifo_burst)                                                        |                                                  bd_0_hls_inst_0_pynqrypt_encrypt_gmem_m_axi_fifo__parameterized6 |          7 |          7 |       0 |    0 |   12 |      0 |      0 |          0 |
|               U_fifo_srl                                                          |                                                   bd_0_hls_inst_0_pynqrypt_encrypt_gmem_m_axi_srl__parameterized4 |         27 |         23 |       0 |    4 |    4 |      0 |      0 |          0 |
|             fifo_resp                                                             |                                               bd_0_hls_inst_0_pynqrypt_encrypt_gmem_m_axi_fifo__parameterized2_13 |         26 |         25 |       0 |    1 |   13 |      0 |      0 |          0 |
|               (fifo_resp)                                                         |                                               bd_0_hls_inst_0_pynqrypt_encrypt_gmem_m_axi_fifo__parameterized2_13 |         21 |         21 |       0 |    0 |   12 |      0 |      0 |          0 |
|               U_fifo_srl                                                          |                                                bd_0_hls_inst_0_pynqrypt_encrypt_gmem_m_axi_srl__parameterized1_14 |          5 |          4 |       0 |    1 |    1 |      0 |      0 |          0 |
|             rs_resp                                                               |                                             bd_0_hls_inst_0_pynqrypt_encrypt_gmem_m_axi_reg_slice__parameterized1 |          4 |          4 |       0 |    0 |    5 |      0 |      0 |          0 |
|             rs_wreq                                                               |                                                             bd_0_hls_inst_0_pynqrypt_encrypt_gmem_m_axi_reg_slice |        130 |        130 |       0 |    0 |  197 |      0 |      0 |          0 |
|             wreq_throttle                                                         |                                                              bd_0_hls_inst_0_pynqrypt_encrypt_gmem_m_axi_throttle |        221 |        118 |       0 |  103 |  270 |      0 |      0 |          0 |
|               (wreq_throttle)                                                     |                                                              bd_0_hls_inst_0_pynqrypt_encrypt_gmem_m_axi_throttle |          1 |          1 |       0 |    0 |    6 |      0 |      0 |          0 |
|               data_fifo                                                           |                                                  bd_0_hls_inst_0_pynqrypt_encrypt_gmem_m_axi_fifo__parameterized8 |         64 |         27 |       0 |   37 |   49 |      0 |      0 |          0 |
|               req_fifo                                                            |                                                  bd_0_hls_inst_0_pynqrypt_encrypt_gmem_m_axi_fifo__parameterized7 |         83 |         17 |       0 |   66 |   78 |      0 |      0 |          0 |
|               rs_req                                                              |                                             bd_0_hls_inst_0_pynqrypt_encrypt_gmem_m_axi_reg_slice__parameterized0 |         73 |         73 |       0 |    0 |  137 |      0 |      0 |          0 |
|           load_unit                                                               |                                                                  bd_0_hls_inst_0_pynqrypt_encrypt_gmem_m_axi_load |        328 |        228 |       0 |  100 |  292 |      0 |      1 |          0 |
|             (load_unit)                                                           |                                                                  bd_0_hls_inst_0_pynqrypt_encrypt_gmem_m_axi_load |          3 |          3 |       0 |    0 |  134 |      0 |      0 |          0 |
|             buff_rdata                                                            |                                                  bd_0_hls_inst_0_pynqrypt_encrypt_gmem_m_axi_fifo__parameterized5 |         37 |         37 |       0 |    0 |   36 |      0 |      1 |          0 |
|               (buff_rdata)                                                        |                                                  bd_0_hls_inst_0_pynqrypt_encrypt_gmem_m_axi_fifo__parameterized5 |         26 |         26 |       0 |    0 |   28 |      0 |      0 |          0 |
|               U_fifo_mem                                                          |                                                   bd_0_hls_inst_0_pynqrypt_encrypt_gmem_m_axi_mem__parameterized0 |         11 |         11 |       0 |    0 |    8 |      0 |      1 |          0 |
|             bus_wide_gen.rreq_offset                                              |                                                  bd_0_hls_inst_0_pynqrypt_encrypt_gmem_m_axi_fifo__parameterized4 |         88 |         84 |       0 |    4 |   16 |      0 |      0 |          0 |
|               (bus_wide_gen.rreq_offset)                                          |                                                  bd_0_hls_inst_0_pynqrypt_encrypt_gmem_m_axi_fifo__parameterized4 |          5 |          5 |       0 |    0 |   12 |      0 |      0 |          0 |
|               U_fifo_srl                                                          |                                                   bd_0_hls_inst_0_pynqrypt_encrypt_gmem_m_axi_srl__parameterized3 |         83 |         79 |       0 |    4 |    4 |      0 |      0 |          0 |
|             fifo_rreq                                                             |                                               bd_0_hls_inst_0_pynqrypt_encrypt_gmem_m_axi_fifo__parameterized0_11 |        200 |        104 |       0 |   96 |  106 |      0 |      0 |          0 |
|               (fifo_rreq)                                                         |                                               bd_0_hls_inst_0_pynqrypt_encrypt_gmem_m_axi_fifo__parameterized0_11 |         13 |         13 |       0 |    0 |   10 |      0 |      0 |          0 |
|               U_fifo_srl                                                          |                                                bd_0_hls_inst_0_pynqrypt_encrypt_gmem_m_axi_srl__parameterized0_12 |        187 |         91 |       0 |   96 |   96 |      0 |      0 |          0 |
|           store_unit                                                              |                                                                 bd_0_hls_inst_0_pynqrypt_encrypt_gmem_m_axi_store |        364 |        233 |       0 |  131 |  368 |      0 |      1 |          0 |
|             (store_unit)                                                          |                                                                 bd_0_hls_inst_0_pynqrypt_encrypt_gmem_m_axi_store |          2 |          2 |       0 |    0 |  168 |      0 |      0 |          0 |
|             buff_wdata                                                            |                                                  bd_0_hls_inst_0_pynqrypt_encrypt_gmem_m_axi_fifo__parameterized1 |         31 |         31 |       0 |    0 |   28 |      0 |      1 |          0 |
|               (buff_wdata)                                                        |                                                  bd_0_hls_inst_0_pynqrypt_encrypt_gmem_m_axi_fifo__parameterized1 |         23 |         23 |       0 |    0 |   22 |      0 |      0 |          0 |
|               U_fifo_mem                                                          |                                                                   bd_0_hls_inst_0_pynqrypt_encrypt_gmem_m_axi_mem |          8 |          8 |       0 |    0 |    6 |      0 |      1 |          0 |
|             bus_wide_gen.wreq_offset                                              |                                                                  bd_0_hls_inst_0_pynqrypt_encrypt_gmem_m_axi_fifo |        104 |         70 |       0 |   34 |   46 |      0 |      0 |          0 |
|               (bus_wide_gen.wreq_offset)                                          |                                                                  bd_0_hls_inst_0_pynqrypt_encrypt_gmem_m_axi_fifo |          9 |          9 |       0 |    0 |   12 |      0 |      0 |          0 |
|               U_fifo_srl                                                          |                                                                   bd_0_hls_inst_0_pynqrypt_encrypt_gmem_m_axi_srl |         95 |         61 |       0 |   34 |   34 |      0 |      0 |          0 |
|             fifo_wreq                                                             |                                                  bd_0_hls_inst_0_pynqrypt_encrypt_gmem_m_axi_fifo__parameterized0 |        199 |        103 |       0 |   96 |  106 |      0 |      0 |          0 |
|               (fifo_wreq)                                                         |                                                  bd_0_hls_inst_0_pynqrypt_encrypt_gmem_m_axi_fifo__parameterized0 |         12 |         12 |       0 |    0 |   10 |      0 |      0 |          0 |
|               U_fifo_srl                                                          |                                                   bd_0_hls_inst_0_pynqrypt_encrypt_gmem_m_axi_srl__parameterized0 |        187 |         91 |       0 |   96 |   96 |      0 |      0 |          0 |
|             fifo_wrsp                                                             |                                                  bd_0_hls_inst_0_pynqrypt_encrypt_gmem_m_axi_fifo__parameterized2 |         18 |         17 |       0 |    1 |   13 |      0 |      0 |          0 |
|               (fifo_wrsp)                                                         |                                                  bd_0_hls_inst_0_pynqrypt_encrypt_gmem_m_axi_fifo__parameterized2 |          4 |          4 |       0 |    0 |   12 |      0 |      0 |          0 |
|               U_fifo_srl                                                          |                                                   bd_0_hls_inst_0_pynqrypt_encrypt_gmem_m_axi_srl__parameterized1 |         14 |         13 |       0 |    1 |    1 |      0 |      0 |          0 |
|             user_resp                                                             |                                                  bd_0_hls_inst_0_pynqrypt_encrypt_gmem_m_axi_fifo__parameterized3 |         10 |         10 |       0 |    0 |    7 |      0 |      0 |          0 |
|         grp_aes_encrypt_block_fu_283                                              |                                                                bd_0_hls_inst_0_pynqrypt_encrypt_aes_encrypt_block |        651 |        635 |      16 |    0 |  549 |      0 |      1 |          0 |
|           (grp_aes_encrypt_block_fu_283)                                          |                                                                bd_0_hls_inst_0_pynqrypt_encrypt_aes_encrypt_block |        134 |        134 |       0 |    0 |  152 |      0 |      0 |          0 |
|           grp_aes_encrypt_block_Pipeline_2_fu_895                                 |                                                     bd_0_hls_inst_0_pynqrypt_encrypt_aes_encrypt_block_Pipeline_2 |         20 |         20 |       0 |    0 |   12 |      0 |      0 |          0 |
|             (grp_aes_encrypt_block_Pipeline_2_fu_895)                             |                                                     bd_0_hls_inst_0_pynqrypt_encrypt_aes_encrypt_block_Pipeline_2 |          8 |          8 |       0 |    0 |   10 |      0 |      0 |          0 |
|             flow_control_loop_pipe_sequential_init_U                              |                                        bd_0_hls_inst_0_pynqrypt_encrypt_flow_control_loop_pipe_sequential_init_10 |         12 |         12 |       0 |    0 |    2 |      0 |      0 |          0 |
|           grp_aes_encrypt_block_Pipeline_loop_aes_encrypt_block_fu_868            |                                bd_0_hls_inst_0_pynqrypt_encrypt_aes_encrypt_block_Pipeline_loop_aes_encrypt_block |        455 |        455 |       0 |    0 |  369 |      0 |      1 |          0 |
|             (grp_aes_encrypt_block_Pipeline_loop_aes_encrypt_block_fu_868)        |                                bd_0_hls_inst_0_pynqrypt_encrypt_aes_encrypt_block_Pipeline_loop_aes_encrypt_block |        324 |        324 |       0 |    0 |  367 |      0 |      0 |          0 |
|             crypto_aes_sbox_U                                                     |  bd_0_hls_inst_0_pynqrypt_encrypt_aes_encrypt_block_Pipeline_loop_aes_encrypt_block_crypto_aes_sbox_ROM_AUTO_1R_8 |         89 |         89 |       0 |    0 |    0 |      0 |      1 |          0 |
|             flow_control_loop_pipe_sequential_init_U                              |                                         bd_0_hls_inst_0_pynqrypt_encrypt_flow_control_loop_pipe_sequential_init_9 |         42 |         42 |       0 |    0 |    2 |      0 |      0 |          0 |
|           temp_U                                                                  |                                           bd_0_hls_inst_0_pynqrypt_encrypt_aes_encrypt_block_temp_RAM_AUTO_1R1W_7 |         42 |         26 |      16 |    0 |   16 |      0 |      0 |          0 |
|         grp_aes_generate_round_keys_fu_258                                        |                                                          bd_0_hls_inst_0_pynqrypt_encrypt_aes_generate_round_keys |        367 |        367 |       0 |    0 |  287 |      0 |      1 |          0 |
|           (grp_aes_generate_round_keys_fu_258)                                    |                                                          bd_0_hls_inst_0_pynqrypt_encrypt_aes_generate_round_keys |          1 |          1 |       0 |    0 |    6 |      0 |      0 |          0 |
|           grp_aes_generate_round_keys_Pipeline_1_fu_12                            |                                               bd_0_hls_inst_0_pynqrypt_encrypt_aes_generate_round_keys_Pipeline_1 |         17 |         17 |       0 |    0 |   13 |      0 |      0 |          0 |
|             (grp_aes_generate_round_keys_Pipeline_1_fu_12)                        |                                               bd_0_hls_inst_0_pynqrypt_encrypt_aes_generate_round_keys_Pipeline_1 |          1 |          1 |       0 |    0 |   11 |      0 |      0 |          0 |
|             flow_control_loop_pipe_sequential_init_U                              |                                         bd_0_hls_inst_0_pynqrypt_encrypt_flow_control_loop_pipe_sequential_init_6 |         16 |         16 |       0 |    0 |    2 |      0 |      0 |          0 |
|           grp_aes_generate_round_keys_Pipeline_loop_generate_round_keys_fu_20     |                        bd_0_hls_inst_0_pynqrypt_encrypt_aes_generate_round_keys_Pipeline_loop_generate_round_keys |        349 |        349 |       0 |    0 |  268 |      0 |      1 |          0 |
|             (grp_aes_generate_round_keys_Pipeline_loop_generate_round_keys_fu_20) |                        bd_0_hls_inst_0_pynqrypt_encrypt_aes_generate_round_keys_Pipeline_loop_generate_round_keys |        211 |        211 |       0 |    0 |  258 |      0 |      0 |          0 |
|             crypto_aes_rcon_U                                                     | bd_0_hls_inst_0_pynqrypt_encrypt_aes_generate_round_keys_Pipeline_loop_generate_round_keys_crypto_aes_rcon_ROMcud |          1 |          1 |       0 |    0 |    8 |      0 |      0 |          0 |
|             crypto_aes_sbox_U                                                     | bd_0_hls_inst_0_pynqrypt_encrypt_aes_generate_round_keys_Pipeline_loop_generate_round_keys_crypto_aes_sbox_ROMbkb |         29 |         29 |       0 |    0 |    0 |      0 |      1 |          0 |
|             flow_control_loop_pipe_sequential_init_U                              |                                         bd_0_hls_inst_0_pynqrypt_encrypt_flow_control_loop_pipe_sequential_init_5 |        108 |        108 |       0 |    0 |    2 |      0 |      0 |          0 |
|         grp_pynqrypt_encrypt_Pipeline_1_fu_242                                    |                                                      bd_0_hls_inst_0_pynqrypt_encrypt_pynqrypt_encrypt_Pipeline_1 |         13 |         13 |       0 |    0 |   12 |      0 |      0 |          0 |
|           (grp_pynqrypt_encrypt_Pipeline_1_fu_242)                                |                                                      bd_0_hls_inst_0_pynqrypt_encrypt_pynqrypt_encrypt_Pipeline_1 |          1 |          1 |       0 |    0 |   10 |      0 |      0 |          0 |
|           flow_control_loop_pipe_sequential_init_U                                |                                         bd_0_hls_inst_0_pynqrypt_encrypt_flow_control_loop_pipe_sequential_init_4 |         12 |         12 |       0 |    0 |    2 |      0 |      0 |          0 |
|         grp_pynqrypt_encrypt_Pipeline_2_fu_250                                    |                                                      bd_0_hls_inst_0_pynqrypt_encrypt_pynqrypt_encrypt_Pipeline_2 |         15 |         15 |       0 |    0 |   11 |      0 |      0 |          0 |
|           (grp_pynqrypt_encrypt_Pipeline_2_fu_250)                                |                                                      bd_0_hls_inst_0_pynqrypt_encrypt_pynqrypt_encrypt_Pipeline_2 |          2 |          2 |       0 |    0 |    9 |      0 |      0 |          0 |
|           flow_control_loop_pipe_sequential_init_U                                |                                         bd_0_hls_inst_0_pynqrypt_encrypt_flow_control_loop_pipe_sequential_init_3 |         13 |         13 |       0 |    0 |    2 |      0 |      0 |          0 |
|         grp_pynqrypt_encrypt_Pipeline_3_fu_268                                    |                                                      bd_0_hls_inst_0_pynqrypt_encrypt_pynqrypt_encrypt_Pipeline_3 |        230 |        230 |       0 |    0 |  146 |      0 |      0 |          0 |
|           (grp_pynqrypt_encrypt_Pipeline_3_fu_268)                                |                                                      bd_0_hls_inst_0_pynqrypt_encrypt_pynqrypt_encrypt_Pipeline_3 |        163 |        163 |       0 |    0 |  144 |      0 |      0 |          0 |
|           flow_control_loop_pipe_sequential_init_U                                |                                         bd_0_hls_inst_0_pynqrypt_encrypt_flow_control_loop_pipe_sequential_init_2 |         67 |         67 |       0 |    0 |    2 |      0 |      0 |          0 |
|         grp_pynqrypt_encrypt_Pipeline_4_fu_277                                    |                                                      bd_0_hls_inst_0_pynqrypt_encrypt_pynqrypt_encrypt_Pipeline_4 |         17 |         17 |       0 |    0 |   11 |      0 |      0 |          0 |
|           (grp_pynqrypt_encrypt_Pipeline_4_fu_277)                                |                                                      bd_0_hls_inst_0_pynqrypt_encrypt_pynqrypt_encrypt_Pipeline_4 |          3 |          3 |       0 |    0 |    9 |      0 |      0 |          0 |
|           flow_control_loop_pipe_sequential_init_U                                |                                         bd_0_hls_inst_0_pynqrypt_encrypt_flow_control_loop_pipe_sequential_init_1 |         14 |         14 |       0 |    0 |    2 |      0 |      0 |          0 |
|         grp_pynqrypt_encrypt_Pipeline_6_fu_298                                    |                                                      bd_0_hls_inst_0_pynqrypt_encrypt_pynqrypt_encrypt_Pipeline_6 |        226 |        226 |       0 |    0 |  145 |      0 |      0 |          0 |
|           (grp_pynqrypt_encrypt_Pipeline_6_fu_298)                                |                                                      bd_0_hls_inst_0_pynqrypt_encrypt_pynqrypt_encrypt_Pipeline_6 |        163 |        163 |       0 |    0 |  143 |      0 |      0 |          0 |
|           flow_control_loop_pipe_sequential_init_U                                |                                         bd_0_hls_inst_0_pynqrypt_encrypt_flow_control_loop_pipe_sequential_init_0 |         63 |         63 |       0 |    0 |    2 |      0 |      0 |          0 |
|         grp_pynqrypt_encrypt_Pipeline_loop_ctr_xor_block_fu_291                   |                                     bd_0_hls_inst_0_pynqrypt_encrypt_pynqrypt_encrypt_Pipeline_loop_ctr_xor_block |         20 |         20 |       0 |    0 |   12 |      0 |      0 |          0 |
|           (grp_pynqrypt_encrypt_Pipeline_loop_ctr_xor_block_fu_291)               |                                     bd_0_hls_inst_0_pynqrypt_encrypt_pynqrypt_encrypt_Pipeline_loop_ctr_xor_block |          3 |          3 |       0 |    0 |   10 |      0 |      0 |          0 |
|           flow_control_loop_pipe_sequential_init_U                                |                                           bd_0_hls_inst_0_pynqrypt_encrypt_flow_control_loop_pipe_sequential_init |         17 |         17 |       0 |    0 |    2 |      0 |      0 |          0 |
|         pynqrypt_key_U                                                            |                                                       bd_0_hls_inst_0_pynqrypt_encrypt_pynqrypt_key_RAM_AUTO_1R1W |          8 |          0 |       8 |    0 |    8 |      0 |      0 |          0 |
|         pynqrypt_nonce_U                                                          |                                                     bd_0_hls_inst_0_pynqrypt_encrypt_pynqrypt_nonce_RAM_AUTO_1R1W |         11 |          3 |       8 |    0 |    8 |      0 |      0 |          0 |
|         pynqrypt_round_keys_U                                                     |                                                bd_0_hls_inst_0_pynqrypt_encrypt_pynqrypt_round_keys_RAM_AUTO_1R1W |         16 |         16 |       0 |    0 |    0 |      0 |      1 |          0 |
+-----------------------------------------------------------------------------------+-------------------------------------------------------------------------------------------------------------------+------------+------------+---------+------+------+--------+--------+------------+


