
*** Running vivado
    with args -log main_design_processing_system7_0_0.vds -m64 -product Vivado -mode batch -messageDb vivado.pb -notrace -source main_design_processing_system7_0_0.tcl


****** Vivado v2022.2 (64-bit)
  **** SW Build 3671981 on Fri Oct 14 04:59:54 MDT 2022
  **** IP Build 3669848 on Fri Oct 14 08:30:02 MDT 2022
    ** Copyright 1986-2022 Xilinx, Inc. All Rights Reserved.

source main_design_processing_system7_0_0.tcl -notrace
create_project: Time (s): cpu = 00:00:09 ; elapsed = 00:00:18 . Memory (MB): peak = 1319.164 ; gain = 0.023 ; free physical = 152 ; free virtual = 16699
INFO: [IP_Flow 19-234] Refreshing IP repositories
INFO: [IP_Flow 19-1700] Loaded user IP repository '/home/mrindeciso/Documents/pynqrypt/pynqrypt-vitis-hls'.
INFO: [IP_Flow 19-2313] Loaded Vivado IP repository '/xilinx/Vivado/2022.2/data/ip'.
Command: synth_design -top main_design_processing_system7_0_0 -part xc7z020clg400-1 -incremental_mode off -mode out_of_context
Starting synth_design
Attempting to get a license for feature 'Synthesis' and/or device 'xc7z020'
INFO: [Common 17-349] Got license for feature 'Synthesis' and/or device 'xc7z020'
INFO: [Device 21-403] Loading part xc7z020clg400-1
INFO: [Synth 8-7079] Multithreading enabled for synth_design using a maximum of 4 processes.
INFO: [Synth 8-7078] Launching helper process for spawning children vivado processes
INFO: [Synth 8-7075] Helper process launched with PID 10164

*** Running vivado
    with args -log main_design_processing_system7_0_0.vds -m64 -product Vivado -mode batch -messageDb vivado.pb -notrace -source main_design_processing_system7_0_0.tcl


****** Vivado v2022.2 (64-bit)
  **** SW Build 3671981 on Fri Oct 14 04:59:54 MDT 2022
  **** IP Build 3669848 on Fri Oct 14 08:30:02 MDT 2022
    ** Copyright 1986-2022 Xilinx, Inc. All Rights Reserved.

source main_design_processing_system7_0_0.tcl -notrace
create_project: Time (s): cpu = 00:00:05 ; elapsed = 00:00:05 . Memory (MB): peak = 1326.133 ; gain = 0.023 ; free physical = 829 ; free virtual = 18606
INFO: [IP_Flow 19-234] Refreshing IP repositories
INFO: [IP_Flow 19-1700] Loaded user IP repository '/home/mrindeciso/Documents/pynqrypt/pynqrypt-vitis-hls'.
INFO: [IP_Flow 19-2313] Loaded Vivado IP repository '/xilinx/Vivado/2022.2/data/ip'.
Command: synth_design -top main_design_processing_system7_0_0 -part xc7z020clg400-1 -incremental_mode off -mode out_of_context
Starting synth_design
Attempting to get a license for feature 'Synthesis' and/or device 'xc7z020'
INFO: [Common 17-349] Got license for feature 'Synthesis' and/or device 'xc7z020'
INFO: [Device 21-403] Loading part xc7z020clg400-1
INFO: [Synth 8-7079] Multithreading enabled for synth_design using a maximum of 4 processes.
INFO: [Synth 8-7078] Launching helper process for spawning children vivado processes
INFO: [Synth 8-7075] Helper process launched with PID 14187
INFO: [Synth 8-11241] undeclared symbol 'REGCCE', assumed default net type 'wire' [/xilinx/Vivado/2022.2/data/verilog/src/unimacro/BRAM_SINGLE_MACRO.v:2170]
---------------------------------------------------------------------------------
Starting RTL Elaboration : Time (s): cpu = 00:00:06 ; elapsed = 00:00:24 . Memory (MB): peak = 1980.254 ; gain = 371.738 ; free physical = 251 ; free virtual = 15359
Synthesis current peak Physical Memory [PSS] (MB): peak = 1261.418; parent = 1056.192; children = 238.651
Synthesis current peak Virtual Memory [VSS] (MB): peak = 3004.824; parent = 1983.227; children = 1021.598
---------------------------------------------------------------------------------
INFO: [Synth 8-6157] synthesizing module 'main_design_processing_system7_0_0' [/home/mrindeciso/Documents/pynqrypt/pynqrypt-vivado/pynqrypt-vivado.gen/sources_1/bd/main_design/ip/main_design_processing_system7_0_0/synth/main_design_processing_system7_0_0.v:53]
INFO: [Synth 8-6157] synthesizing module 'processing_system7_v5_5_processing_system7' [/home/mrindeciso/Documents/pynqrypt/pynqrypt-vivado/pynqrypt-vivado.gen/sources_1/bd/main_design/ip/main_design_processing_system7_0_0/hdl/verilog/processing_system7_v5_5_processing_system7.v:152]
INFO: [Synth 8-6157] synthesizing module 'BUFG' [/xilinx/Vivado/2022.2/scripts/rt/data/unisim_comp.v:1082]
INFO: [Synth 8-6155] done synthesizing module 'BUFG' (0#1) [/xilinx/Vivado/2022.2/scripts/rt/data/unisim_comp.v:1082]
INFO: [Synth 8-6157] synthesizing module 'BIBUF' [/xilinx/Vivado/2022.2/scripts/rt/data/unisim_comp.v:729]
INFO: [Synth 8-6155] done synthesizing module 'BIBUF' (0#1) [/xilinx/Vivado/2022.2/scripts/rt/data/unisim_comp.v:729]
INFO: [Synth 8-6157] synthesizing module 'PS7' [/xilinx/Vivado/2022.2/scripts/rt/data/unisim_comp.v:109424]
INFO: [Synth 8-6155] done synthesizing module 'PS7' (0#1) [/xilinx/Vivado/2022.2/scripts/rt/data/unisim_comp.v:109424]
INFO: [Synth 8-6155] done synthesizing module 'processing_system7_v5_5_processing_system7' (0#1) [/home/mrindeciso/Documents/pynqrypt/pynqrypt-vivado/pynqrypt-vivado.gen/sources_1/bd/main_design/ip/main_design_processing_system7_0_0/hdl/verilog/processing_system7_v5_5_processing_system7.v:152]
WARNING: [Synth 8-7071] port 'M_AXI_GP0_ARESETN' of module 'processing_system7_v5_5_processing_system7' is unconnected for instance 'inst' [/home/mrindeciso/Documents/pynqrypt/pynqrypt-vivado/pynqrypt-vivado.gen/sources_1/bd/main_design/ip/main_design_processing_system7_0_0/synth/main_design_processing_system7_0_0.v:719]
WARNING: [Synth 8-7071] port 'M_AXI_GP1_ARESETN' of module 'processing_system7_v5_5_processing_system7' is unconnected for instance 'inst' [/home/mrindeciso/Documents/pynqrypt/pynqrypt-vivado/pynqrypt-vivado.gen/sources_1/bd/main_design/ip/main_design_processing_system7_0_0/synth/main_design_processing_system7_0_0.v:719]
WARNING: [Synth 8-7071] port 'S_AXI_GP0_ARESETN' of module 'processing_system7_v5_5_processing_system7' is unconnected for instance 'inst' [/home/mrindeciso/Documents/pynqrypt/pynqrypt-vivado/pynqrypt-vivado.gen/sources_1/bd/main_design/ip/main_design_processing_system7_0_0/synth/main_design_processing_system7_0_0.v:719]
WARNING: [Synth 8-7071] port 'S_AXI_GP1_ARESETN' of module 'processing_system7_v5_5_processing_system7' is unconnected for instance 'inst' [/home/mrindeciso/Documents/pynqrypt/pynqrypt-vivado/pynqrypt-vivado.gen/sources_1/bd/main_design/ip/main_design_processing_system7_0_0/synth/main_design_processing_system7_0_0.v:719]
WARNING: [Synth 8-7071] port 'S_AXI_ACP_ARESETN' of module 'processing_system7_v5_5_processing_system7' is unconnected for instance 'inst' [/home/mrindeciso/Documents/pynqrypt/pynqrypt-vivado/pynqrypt-vivado.gen/sources_1/bd/main_design/ip/main_design_processing_system7_0_0/synth/main_design_processing_system7_0_0.v:719]
WARNING: [Synth 8-7071] port 'S_AXI_HP0_ARESETN' of module 'processing_system7_v5_5_processing_system7' is unconnected for instance 'inst' [/home/mrindeciso/Documents/pynqrypt/pynqrypt-vivado/pynqrypt-vivado.gen/sources_1/bd/main_design/ip/main_design_processing_system7_0_0/synth/main_design_processing_system7_0_0.v:719]
WARNING: [Synth 8-7071] port 'S_AXI_HP1_ARESETN' of module 'processing_system7_v5_5_processing_system7' is unconnected for instance 'inst' [/home/mrindeciso/Documents/pynqrypt/pynqrypt-vivado/pynqrypt-vivado.gen/sources_1/bd/main_design/ip/main_design_processing_system7_0_0/synth/main_design_processing_system7_0_0.v:719]
WARNING: [Synth 8-7071] port 'S_AXI_HP2_ARESETN' of module 'processing_system7_v5_5_processing_system7' is unconnected for instance 'inst' [/home/mrindeciso/Documents/pynqrypt/pynqrypt-vivado/pynqrypt-vivado.gen/sources_1/bd/main_design/ip/main_design_processing_system7_0_0/synth/main_design_processing_system7_0_0.v:719]
WARNING: [Synth 8-7071] port 'S_AXI_HP3_ARESETN' of module 'processing_system7_v5_5_processing_system7' is unconnected for instance 'inst' [/home/mrindeciso/Documents/pynqrypt/pynqrypt-vivado/pynqrypt-vivado.gen/sources_1/bd/main_design/ip/main_design_processing_system7_0_0/synth/main_design_processing_system7_0_0.v:719]
WARNING: [Synth 8-7071] port 'DMA0_RSTN' of module 'processing_system7_v5_5_processing_system7' is unconnected for instance 'inst' [/home/mrindeciso/Documents/pynqrypt/pynqrypt-vivado/pynqrypt-vivado.gen/sources_1/bd/main_design/ip/main_design_processing_system7_0_0/synth/main_design_processing_system7_0_0.v:719]
WARNING: [Synth 8-7071] port 'DMA1_RSTN' of module 'processing_system7_v5_5_processing_system7' is unconnected for instance 'inst' [/home/mrindeciso/Documents/pynqrypt/pynqrypt-vivado/pynqrypt-vivado.gen/sources_1/bd/main_design/ip/main_design_processing_system7_0_0/synth/main_design_processing_system7_0_0.v:719]
WARNING: [Synth 8-7071] port 'DMA2_RSTN' of module 'processing_system7_v5_5_processing_system7' is unconnected for instance 'inst' [/home/mrindeciso/Documents/pynqrypt/pynqrypt-vivado/pynqrypt-vivado.gen/sources_1/bd/main_design/ip/main_design_processing_system7_0_0/synth/main_design_processing_system7_0_0.v:719]
WARNING: [Synth 8-7071] port 'DMA3_RSTN' of module 'processing_system7_v5_5_processing_system7' is unconnected for instance 'inst' [/home/mrindeciso/Documents/pynqrypt/pynqrypt-vivado/pynqrypt-vivado.gen/sources_1/bd/main_design/ip/main_design_processing_system7_0_0/synth/main_design_processing_system7_0_0.v:719]
WARNING: [Synth 8-7023] instance 'inst' of module 'processing_system7_v5_5_processing_system7' has 685 connections declared, but only 672 given [/home/mrindeciso/Documents/pynqrypt/pynqrypt-vivado/pynqrypt-vivado.gen/sources_1/bd/main_design/ip/main_design_processing_system7_0_0/synth/main_design_processing_system7_0_0.v:719]
INFO: [Synth 8-6155] done synthesizing module 'main_design_processing_system7_0_0' (0#1) [/home/mrindeciso/Documents/pynqrypt/pynqrypt-vivado/pynqrypt-vivado.gen/sources_1/bd/main_design/ip/main_design_processing_system7_0_0/synth/main_design_processing_system7_0_0.v:53]
WARNING: [Synth 8-7129] Port ENET0_GMII_COL in module processing_system7_v5_5_processing_system7 is either unconnected or has no load
WARNING: [Synth 8-7129] Port ENET0_GMII_CRS in module processing_system7_v5_5_processing_system7 is either unconnected or has no load
WARNING: [Synth 8-7129] Port ENET0_GMII_RX_DV in module processing_system7_v5_5_processing_system7 is either unconnected or has no load
WARNING: [Synth 8-7129] Port ENET0_GMII_RX_ER in module processing_system7_v5_5_processing_system7 is either unconnected or has no load
WARNING: [Synth 8-7129] Port ENET0_GMII_RXD[7] in module processing_system7_v5_5_processing_system7 is either unconnected or has no load
WARNING: [Synth 8-7129] Port ENET0_GMII_RXD[6] in module processing_system7_v5_5_processing_system7 is either unconnected or has no load
WARNING: [Synth 8-7129] Port ENET0_GMII_RXD[5] in module processing_system7_v5_5_processing_system7 is either unconnected or has no load
WARNING: [Synth 8-7129] Port ENET0_GMII_RXD[4] in module processing_system7_v5_5_processing_system7 is either unconnected or has no load
WARNING: [Synth 8-7129] Port ENET0_GMII_RXD[3] in module processing_system7_v5_5_processing_system7 is either unconnected or has no load
WARNING: [Synth 8-7129] Port ENET0_GMII_RXD[2] in module processing_system7_v5_5_processing_system7 is either unconnected or has no load
WARNING: [Synth 8-7129] Port ENET0_GMII_RXD[1] in module processing_system7_v5_5_processing_system7 is either unconnected or has no load
WARNING: [Synth 8-7129] Port ENET0_GMII_RXD[0] in module processing_system7_v5_5_processing_system7 is either unconnected or has no load
WARNING: [Synth 8-7129] Port ENET1_GMII_COL in module processing_system7_v5_5_processing_system7 is either unconnected or has no load
WARNING: [Synth 8-7129] Port ENET1_GMII_CRS in module processing_system7_v5_5_processing_system7 is either unconnected or has no load
WARNING: [Synth 8-7129] Port ENET1_GMII_RX_DV in module processing_system7_v5_5_processing_system7 is either unconnected or has no load
WARNING: [Synth 8-7129] Port ENET1_GMII_RX_ER in module processing_system7_v5_5_processing_system7 is either unconnected or has no load
WARNING: [Synth 8-7129] Port ENET1_GMII_RXD[7] in module processing_system7_v5_5_processing_system7 is either unconnected or has no load
WARNING: [Synth 8-7129] Port ENET1_GMII_RXD[6] in module processing_system7_v5_5_processing_system7 is either unconnected or has no load
WARNING: [Synth 8-7129] Port ENET1_GMII_RXD[5] in module processing_system7_v5_5_processing_system7 is either unconnected or has no load
WARNING: [Synth 8-7129] Port ENET1_GMII_RXD[4] in module processing_system7_v5_5_processing_system7 is either unconnected or has no load
WARNING: [Synth 8-7129] Port ENET1_GMII_RXD[3] in module processing_system7_v5_5_processing_system7 is either unconnected or has no load
WARNING: [Synth 8-7129] Port ENET1_GMII_RXD[2] in module processing_system7_v5_5_processing_system7 is either unconnected or has no load
WARNING: [Synth 8-7129] Port ENET1_GMII_RXD[1] in module processing_system7_v5_5_processing_system7 is either unconnected or has no load
WARNING: [Synth 8-7129] Port ENET1_GMII_RXD[0] in module processing_system7_v5_5_processing_system7 is either unconnected or has no load
WARNING: [Synth 8-7129] Port S_AXI_GP0_ARSIZE[2] in module processing_system7_v5_5_processing_system7 is either unconnected or has no load
WARNING: [Synth 8-7129] Port S_AXI_GP0_AWSIZE[2] in module processing_system7_v5_5_processing_system7 is either unconnected or has no load
WARNING: [Synth 8-7129] Port S_AXI_GP1_ARSIZE[2] in module processing_system7_v5_5_processing_system7 is either unconnected or has no load
WARNING: [Synth 8-7129] Port S_AXI_GP1_AWSIZE[2] in module processing_system7_v5_5_processing_system7 is either unconnected or has no load
WARNING: [Synth 8-7129] Port S_AXI_ACP_ARSIZE[2] in module processing_system7_v5_5_processing_system7 is either unconnected or has no load
WARNING: [Synth 8-7129] Port S_AXI_ACP_AWSIZE[2] in module processing_system7_v5_5_processing_system7 is either unconnected or has no load
WARNING: [Synth 8-7129] Port S_AXI_HP0_ARSIZE[2] in module processing_system7_v5_5_processing_system7 is either unconnected or has no load
WARNING: [Synth 8-7129] Port S_AXI_HP0_AWSIZE[2] in module processing_system7_v5_5_processing_system7 is either unconnected or has no load
WARNING: [Synth 8-7129] Port S_AXI_HP1_ARSIZE[2] in module processing_system7_v5_5_processing_system7 is either unconnected or has no load
WARNING: [Synth 8-7129] Port S_AXI_HP1_AWSIZE[2] in module processing_system7_v5_5_processing_system7 is either unconnected or has no load
WARNING: [Synth 8-7129] Port S_AXI_HP2_ARSIZE[2] in module processing_system7_v5_5_processing_system7 is either unconnected or has no load
WARNING: [Synth 8-7129] Port S_AXI_HP2_AWSIZE[2] in module processing_system7_v5_5_processing_system7 is either unconnected or has no load
WARNING: [Synth 8-7129] Port S_AXI_HP3_ARSIZE[2] in module processing_system7_v5_5_processing_system7 is either unconnected or has no load
WARNING: [Synth 8-7129] Port S_AXI_HP3_AWSIZE[2] in module processing_system7_v5_5_processing_system7 is either unconnected or has no load
WARNING: [Synth 8-7129] Port FCLK_CLKTRIG3_N in module processing_system7_v5_5_processing_system7 is either unconnected or has no load
WARNING: [Synth 8-7129] Port FCLK_CLKTRIG2_N in module processing_system7_v5_5_processing_system7 is either unconnected or has no load
WARNING: [Synth 8-7129] Port FCLK_CLKTRIG1_N in module processing_system7_v5_5_processing_system7 is either unconnected or has no load
WARNING: [Synth 8-7129] Port FCLK_CLKTRIG0_N in module processing_system7_v5_5_processing_system7 is either unconnected or has no load
WARNING: [Synth 8-7129] Port FTMD_TRACEIN_DATA[31] in module processing_system7_v5_5_processing_system7 is either unconnected or has no load
WARNING: [Synth 8-7129] Port FTMD_TRACEIN_DATA[30] in module processing_system7_v5_5_processing_system7 is either unconnected or has no load
WARNING: [Synth 8-7129] Port FTMD_TRACEIN_DATA[29] in module processing_system7_v5_5_processing_system7 is either unconnected or has no load
WARNING: [Synth 8-7129] Port FTMD_TRACEIN_DATA[28] in module processing_system7_v5_5_processing_system7 is either unconnected or has no load
WARNING: [Synth 8-7129] Port FTMD_TRACEIN_DATA[27] in module processing_system7_v5_5_processing_system7 is either unconnected or has no load
WARNING: [Synth 8-7129] Port FTMD_TRACEIN_DATA[26] in module processing_system7_v5_5_processing_system7 is either unconnected or has no load
WARNING: [Synth 8-7129] Port FTMD_TRACEIN_DATA[25] in module processing_system7_v5_5_processing_system7 is either unconnected or has no load
WARNING: [Synth 8-7129] Port FTMD_TRACEIN_DATA[24] in module processing_system7_v5_5_processing_system7 is either unconnected or has no load
WARNING: [Synth 8-7129] Port FTMD_TRACEIN_DATA[23] in module processing_system7_v5_5_processing_system7 is either unconnected or has no load
WARNING: [Synth 8-7129] Port FTMD_TRACEIN_DATA[22] in module processing_system7_v5_5_processing_system7 is either unconnected or has no load
WARNING: [Synth 8-7129] Port FTMD_TRACEIN_DATA[21] in module processing_system7_v5_5_processing_system7 is either unconnected or has no load
WARNING: [Synth 8-7129] Port FTMD_TRACEIN_DATA[20] in module processing_system7_v5_5_processing_system7 is either unconnected or has no load
WARNING: [Synth 8-7129] Port FTMD_TRACEIN_DATA[19] in module processing_system7_v5_5_processing_system7 is either unconnected or has no load
WARNING: [Synth 8-7129] Port FTMD_TRACEIN_DATA[18] in module processing_system7_v5_5_processing_system7 is either unconnected or has no load
WARNING: [Synth 8-7129] Port FTMD_TRACEIN_DATA[17] in module processing_system7_v5_5_processing_system7 is either unconnected or has no load
WARNING: [Synth 8-7129] Port FTMD_TRACEIN_DATA[16] in module processing_system7_v5_5_processing_system7 is either unconnected or has no load
WARNING: [Synth 8-7129] Port FTMD_TRACEIN_DATA[15] in module processing_system7_v5_5_processing_system7 is either unconnected or has no load
WARNING: [Synth 8-7129] Port FTMD_TRACEIN_DATA[14] in module processing_system7_v5_5_processing_system7 is either unconnected or has no load
WARNING: [Synth 8-7129] Port FTMD_TRACEIN_DATA[13] in module processing_system7_v5_5_processing_system7 is either unconnected or has no load
WARNING: [Synth 8-7129] Port FTMD_TRACEIN_DATA[12] in module processing_system7_v5_5_processing_system7 is either unconnected or has no load
WARNING: [Synth 8-7129] Port FTMD_TRACEIN_DATA[11] in module processing_system7_v5_5_processing_system7 is either unconnected or has no load
WARNING: [Synth 8-7129] Port FTMD_TRACEIN_DATA[10] in module processing_system7_v5_5_processing_system7 is either unconnected or has no load
WARNING: [Synth 8-7129] Port FTMD_TRACEIN_DATA[9] in module processing_system7_v5_5_processing_system7 is either unconnected or has no load
WARNING: [Synth 8-7129] Port FTMD_TRACEIN_DATA[8] in module processing_system7_v5_5_processing_system7 is either unconnected or has no load
WARNING: [Synth 8-7129] Port FTMD_TRACEIN_DATA[7] in module processing_system7_v5_5_processing_system7 is either unconnected or has no load
WARNING: [Synth 8-7129] Port FTMD_TRACEIN_DATA[6] in module processing_system7_v5_5_processing_system7 is either unconnected or has no load
WARNING: [Synth 8-7129] Port FTMD_TRACEIN_DATA[5] in module processing_system7_v5_5_processing_system7 is either unconnected or has no load
WARNING: [Synth 8-7129] Port FTMD_TRACEIN_DATA[4] in module processing_system7_v5_5_processing_system7 is either unconnected or has no load
WARNING: [Synth 8-7129] Port FTMD_TRACEIN_DATA[3] in module processing_system7_v5_5_processing_system7 is either unconnected or has no load
WARNING: [Synth 8-7129] Port FTMD_TRACEIN_DATA[2] in module processing_system7_v5_5_processing_system7 is either unconnected or has no load
WARNING: [Synth 8-7129] Port FTMD_TRACEIN_DATA[1] in module processing_system7_v5_5_processing_system7 is either unconnected or has no load
WARNING: [Synth 8-7129] Port FTMD_TRACEIN_DATA[0] in module processing_system7_v5_5_processing_system7 is either unconnected or has no load
WARNING: [Synth 8-7129] Port FTMD_TRACEIN_VALID in module processing_system7_v5_5_processing_system7 is either unconnected or has no load
WARNING: [Synth 8-7129] Port FTMD_TRACEIN_ATID[3] in module processing_system7_v5_5_processing_system7 is either unconnected or has no load
WARNING: [Synth 8-7129] Port FTMD_TRACEIN_ATID[2] in module processing_system7_v5_5_processing_system7 is either unconnected or has no load
WARNING: [Synth 8-7129] Port FTMD_TRACEIN_ATID[1] in module processing_system7_v5_5_processing_system7 is either unconnected or has no load
WARNING: [Synth 8-7129] Port FTMD_TRACEIN_ATID[0] in module processing_system7_v5_5_processing_system7 is either unconnected or has no load
---------------------------------------------------------------------------------
Finished RTL Elaboration : Time (s): cpu = 00:00:08 ; elapsed = 00:00:28 . Memory (MB): peak = 2056.191 ; gain = 447.676 ; free physical = 836 ; free virtual = 15309
Synthesis current peak Physical Memory [PSS] (MB): peak = 1261.418; parent = 1056.192; children = 238.651
Synthesis current peak Virtual Memory [VSS] (MB): peak = 3077.793; parent = 2056.195; children = 1021.598
---------------------------------------------------------------------------------
---------------------------------------------------------------------------------
Start Handling Custom Attributes
---------------------------------------------------------------------------------
---------------------------------------------------------------------------------
Finished Handling Custom Attributes : Time (s): cpu = 00:00:08 ; elapsed = 00:00:28 . Memory (MB): peak = 2074.004 ; gain = 465.488 ; free physical = 817 ; free virtual = 15300
Synthesis current peak Physical Memory [PSS] (MB): peak = 1261.418; parent = 1056.192; children = 238.651
Synthesis current peak Virtual Memory [VSS] (MB): peak = 3095.605; parent = 2074.008; children = 1021.598
---------------------------------------------------------------------------------
---------------------------------------------------------------------------------
Finished RTL Optimization Phase 1 : Time (s): cpu = 00:00:08 ; elapsed = 00:00:28 . Memory (MB): peak = 2074.004 ; gain = 465.488 ; free physical = 815 ; free virtual = 15297
Synthesis current peak Physical Memory [PSS] (MB): peak = 1261.418; parent = 1056.192; children = 238.651
Synthesis current peak Virtual Memory [VSS] (MB): peak = 3095.605; parent = 2074.008; children = 1021.598
---------------------------------------------------------------------------------
Netlist sorting complete. Time (s): cpu = 00:00:00.02 ; elapsed = 00:00:00.02 . Memory (MB): peak = 2079.941 ; gain = 0.000 ; free physical = 918 ; free virtual = 15449
INFO: [Project 1-570] Preparing netlist for logic optimization

Processing XDC Constraints
Initializing timing engine
Parsing XDC File [/home/mrindeciso/Documents/pynqrypt/pynqrypt-vivado/pynqrypt-vivado.gen/sources_1/bd/main_design/ip/main_design_processing_system7_0_0/main_design_processing_system7_0_0.xdc] for cell 'inst'
Finished Parsing XDC File [/home/mrindeciso/Documents/pynqrypt/pynqrypt-vivado/pynqrypt-vivado.gen/sources_1/bd/main_design/ip/main_design_processing_system7_0_0/main_design_processing_system7_0_0.xdc] for cell 'inst'
INFO: [Project 1-236] Implementation specific constraints were found while reading constraint file [/home/mrindeciso/Documents/pynqrypt/pynqrypt-vivado/pynqrypt-vivado.gen/sources_1/bd/main_design/ip/main_design_processing_system7_0_0/main_design_processing_system7_0_0.xdc]. These constraints will be ignored for synthesis but will be used in implementation. Impacted constraints are listed in the file [.Xil/main_design_processing_system7_0_0_propImpl.xdc].
Resolution: To avoid this warning, move constraints listed in [.Xil/main_design_processing_system7_0_0_propImpl.xdc] to another XDC file and exclude this new file from synthesis with the used_in_synthesis property (File Properties dialog in GUI) and re-run elaboration/synthesis.
Parsing XDC File [/home/mrindeciso/Documents/pynqrypt/pynqrypt-vivado/pynqrypt-vivado.runs/main_design_processing_system7_0_0_synth_1/dont_touch.xdc]
Finished Parsing XDC File [/home/mrindeciso/Documents/pynqrypt/pynqrypt-vivado/pynqrypt-vivado.runs/main_design_processing_system7_0_0_synth_1/dont_touch.xdc]
Completed Processing XDC Constraints

Netlist sorting complete. Time (s): cpu = 00:00:00 ; elapsed = 00:00:00 . Memory (MB): peak = 2152.879 ; gain = 0.000 ; free physical = 414 ; free virtual = 15101
INFO: [Project 1-111] Unisim Transformation Summary:
No Unisim elements were transformed.

Constraint Validation Runtime : Time (s): cpu = 00:00:00.04 ; elapsed = 00:00:00.04 . Memory (MB): peak = 2152.879 ; gain = 0.000 ; free physical = 404 ; free virtual = 15093
INFO: [Designutils 20-5008] Incremental synthesis strategy off
INFO: [Synth 8-11241] undeclared symbol 'REGCCE', assumed default net type 'wire' [/xilinx/Vivado/2022.2/data/verilog/src/unimacro/BRAM_SINGLE_MACRO.v:2170]
---------------------------------------------------------------------------------
Finished Constraint Validation : Time (s): cpu = 00:00:17 ; elapsed = 00:00:38 . Memory (MB): peak = 2152.879 ; gain = 544.363 ; free physical = 480 ; free virtual = 15285
Synthesis current peak Physical Memory [PSS] (MB): peak = 1261.418; parent = 1056.192; children = 238.651
Synthesis current peak Virtual Memory [VSS] (MB): peak = 3142.465; parent = 2120.867; children = 1021.598
---------------------------------------------------------------------------------
---------------------------------------------------------------------------------
Start Loading Part and Timing Information
---------------------------------------------------------------------------------
Loading part: xc7z020clg400-1
---------------------------------------------------------------------------------
Finished Loading Part and Timing Information : Time (s): cpu = 00:00:17 ; elapsed = 00:00:38 . Memory (MB): peak = 2152.879 ; gain = 544.363 ; free physical = 477 ; free virtual = 15282
Synthesis current peak Physical Memory [PSS] (MB): peak = 1261.418; parent = 1056.192; children = 238.651
Synthesis current peak Virtual Memory [VSS] (MB): peak = 3142.465; parent = 2120.867; children = 1021.598
---------------------------------------------------------------------------------
---------------------------------------------------------------------------------
Start Applying 'set_property' XDC Constraints
---------------------------------------------------------------------------------
Applied set_property KEEP_HIERARCHY = SOFT for inst. (constraint file  /home/mrindeciso/Documents/pynqrypt/pynqrypt-vivado/pynqrypt-vivado.runs/main_design_processing_system7_0_0_synth_1/dont_touch.xdc, line 9).
---------------------------------------------------------------------------------
Finished applying 'set_property' XDC Constraints : Time (s): cpu = 00:00:17 ; elapsed = 00:00:39 . Memory (MB): peak = 2152.879 ; gain = 544.363 ; free physical = 522 ; free virtual = 15329
Synthesis current peak Physical Memory [PSS] (MB): peak = 1261.418; parent = 1056.192; children = 238.651
Synthesis current peak Virtual Memory [VSS] (MB): peak = 3142.465; parent = 2120.867; children = 1021.598
---------------------------------------------------------------------------------
---------------------------------------------------------------------------------
Finished RTL Optimization Phase 2 : Time (s): cpu = 00:00:18 ; elapsed = 00:00:39 . Memory (MB): peak = 2152.879 ; gain = 544.363 ; free physical = 513 ; free virtual = 15332
Synthesis current peak Physical Memory [PSS] (MB): peak = 1261.418; parent = 1056.192; children = 238.651
Synthesis current peak Virtual Memory [VSS] (MB): peak = 3142.465; parent = 2120.867; children = 1021.598
---------------------------------------------------------------------------------
---------------------------------------------------------------------------------
Start RTL Component Statistics 
---------------------------------------------------------------------------------
Detailed RTL Component Info : 
---------------------------------------------------------------------------------
Finished RTL Component Statistics 
---------------------------------------------------------------------------------
---------------------------------------------------------------------------------
Start Part Resource Summary
---------------------------------------------------------------------------------
Part Resources:
DSPs: 220 (col length:60)
BRAMs: 280 (col length: RAMB18 60 RAMB36 30)
---------------------------------------------------------------------------------
Finished Part Resource Summary
---------------------------------------------------------------------------------
---------------------------------------------------------------------------------
Start Cross Boundary and Area Optimization
---------------------------------------------------------------------------------
WARNING: [Synth 8-7080] Parallel synthesis criteria is not met
WARNING: [Synth 8-7129] Port ENET0_GMII_COL in module processing_system7_v5_5_processing_system7 is either unconnected or has no load
WARNING: [Synth 8-7129] Port ENET0_GMII_CRS in module processing_system7_v5_5_processing_system7 is either unconnected or has no load
WARNING: [Synth 8-7129] Port ENET0_GMII_RX_DV in module processing_system7_v5_5_processing_system7 is either unconnected or has no load
WARNING: [Synth 8-7129] Port ENET0_GMII_RX_ER in module processing_system7_v5_5_processing_system7 is either unconnected or has no load
WARNING: [Synth 8-7129] Port ENET0_GMII_RXD[7] in module processing_system7_v5_5_processing_system7 is either unconnected or has no load
WARNING: [Synth 8-7129] Port ENET0_GMII_RXD[6] in module processing_system7_v5_5_processing_system7 is either unconnected or has no load
WARNING: [Synth 8-7129] Port ENET0_GMII_RXD[5] in module processing_system7_v5_5_processing_system7 is either unconnected or has no load
WARNING: [Synth 8-7129] Port ENET0_GMII_RXD[4] in module processing_system7_v5_5_processing_system7 is either unconnected or has no load
WARNING: [Synth 8-7129] Port ENET0_GMII_RXD[3] in module processing_system7_v5_5_processing_system7 is either unconnected or has no load
WARNING: [Synth 8-7129] Port ENET0_GMII_RXD[2] in module processing_system7_v5_5_processing_system7 is either unconnected or has no load
WARNING: [Synth 8-7129] Port ENET0_GMII_RXD[1] in module processing_system7_v5_5_processing_system7 is either unconnected or has no load
WARNING: [Synth 8-7129] Port ENET0_GMII_RXD[0] in module processing_system7_v5_5_processing_system7 is either unconnected or has no load
WARNING: [Synth 8-7129] Port ENET1_GMII_COL in module processing_system7_v5_5_processing_system7 is either unconnected or has no load
WARNING: [Synth 8-7129] Port ENET1_GMII_CRS in module processing_system7_v5_5_processing_system7 is either unconnected or has no load
WARNING: [Synth 8-7129] Port ENET1_GMII_RX_DV in module processing_system7_v5_5_processing_system7 is either unconnected or has no load
WARNING: [Synth 8-7129] Port ENET1_GMII_RX_ER in module processing_system7_v5_5_processing_system7 is either unconnected or has no load
WARNING: [Synth 8-7129] Port ENET1_GMII_RXD[7] in module processing_system7_v5_5_processing_system7 is either unconnected or has no load
WARNING: [Synth 8-7129] Port ENET1_GMII_RXD[6] in module processing_system7_v5_5_processing_system7 is either unconnected or has no load
WARNING: [Synth 8-7129] Port ENET1_GMII_RXD[5] in module processing_system7_v5_5_processing_system7 is either unconnected or has no load
WARNING: [Synth 8-7129] Port ENET1_GMII_RXD[4] in module processing_system7_v5_5_processing_system7 is either unconnected or has no load
WARNING: [Synth 8-7129] Port ENET1_GMII_RXD[3] in module processing_system7_v5_5_processing_system7 is either unconnected or has no load
INFO: [Common 17-14] Message 'Synth 8-7129' appears 100 times and further instances of the messages will be disabled. Use the Tcl command set_msg_config to change the current settings.
---------------------------------------------------------------------------------
Finished Cross Boundary and Area Optimization : Time (s): cpu = 00:00:19 ; elapsed = 00:00:40 . Memory (MB): peak = 2152.879 ; gain = 544.363 ; free physical = 433 ; free virtual = 15286
Synthesis current peak Physical Memory [PSS] (MB): peak = 1261.418; parent = 1056.192; children = 238.651
Synthesis current peak Virtual Memory [VSS] (MB): peak = 3142.465; parent = 2120.867; children = 1021.598
---------------------------------------------------------------------------------
---------------------------------------------------------------------------------
Start Applying XDC Timing Constraints
---------------------------------------------------------------------------------
---------------------------------------------------------------------------------
Finished Applying XDC Timing Constraints : Time (s): cpu = 00:00:25 ; elapsed = 00:00:47 . Memory (MB): peak = 2203.863 ; gain = 595.348 ; free physical = 135 ; free virtual = 14877
Synthesis current peak Physical Memory [PSS] (MB): peak = 1277.300; parent = 1143.612; children = 238.651
Synthesis current peak Virtual Memory [VSS] (MB): peak = 3225.465; parent = 2203.867; children = 1021.598
---------------------------------------------------------------------------------
---------------------------------------------------------------------------------
Start Timing Optimization
---------------------------------------------------------------------------------
---------------------------------------------------------------------------------
Finished Timing Optimization : Time (s): cpu = 00:00:25 ; elapsed = 00:00:47 . Memory (MB): peak = 2223.871 ; gain = 615.355 ; free physical = 123 ; free virtual = 14840
Synthesis current peak Physical Memory [PSS] (MB): peak = 1281.058; parent = 1147.424; children = 238.651
Synthesis current peak Virtual Memory [VSS] (MB): peak = 3245.473; parent = 2223.875; children = 1021.598
---------------------------------------------------------------------------------
---------------------------------------------------------------------------------
Start Technology Mapping
---------------------------------------------------------------------------------
---------------------------------------------------------------------------------
Finished Technology Mapping : Time (s): cpu = 00:00:25 ; elapsed = 00:00:47 . Memory (MB): peak = 2242.902 ; gain = 634.387 ; free physical = 143 ; free virtual = 14861
Synthesis current peak Physical Memory [PSS] (MB): peak = 1281.603; parent = 1147.969; children = 238.651
Synthesis current peak Virtual Memory [VSS] (MB): peak = 3264.504; parent = 2242.906; children = 1021.598
---------------------------------------------------------------------------------
---------------------------------------------------------------------------------
Start IO Insertion
---------------------------------------------------------------------------------
---------------------------------------------------------------------------------
Start Flattening Before IO Insertion
---------------------------------------------------------------------------------
---------------------------------------------------------------------------------
Finished Flattening Before IO Insertion
---------------------------------------------------------------------------------
---------------------------------------------------------------------------------
Start Final Netlist Cleanup
---------------------------------------------------------------------------------
---------------------------------------------------------------------------------
Finished Final Netlist Cleanup
---------------------------------------------------------------------------------
---------------------------------------------------------------------------------
Finished IO Insertion : Time (s): cpu = 00:00:29 ; elapsed = 00:00:51 . Memory (MB): peak = 2242.902 ; gain = 634.387 ; free physical = 122 ; free virtual = 14840
Synthesis current peak Physical Memory [PSS] (MB): peak = 1281.603; parent = 1147.969; children = 238.651
Synthesis current peak Virtual Memory [VSS] (MB): peak = 3264.504; parent = 2242.906; children = 1021.598
---------------------------------------------------------------------------------
---------------------------------------------------------------------------------
Start Renaming Generated Instances
---------------------------------------------------------------------------------
---------------------------------------------------------------------------------
Finished Renaming Generated Instances : Time (s): cpu = 00:00:29 ; elapsed = 00:00:52 . Memory (MB): peak = 2242.902 ; gain = 634.387 ; free physical = 138 ; free virtual = 14844
Synthesis current peak Physical Memory [PSS] (MB): peak = 1281.603; parent = 1147.969; children = 238.651
Synthesis current peak Virtual Memory [VSS] (MB): peak = 3264.504; parent = 2242.906; children = 1021.598
---------------------------------------------------------------------------------
---------------------------------------------------------------------------------
Start Rebuilding User Hierarchy
---------------------------------------------------------------------------------
---------------------------------------------------------------------------------
Finished Rebuilding User Hierarchy : Time (s): cpu = 00:00:29 ; elapsed = 00:00:52 . Memory (MB): peak = 2242.902 ; gain = 634.387 ; free physical = 129 ; free virtual = 14836
Synthesis current peak Physical Memory [PSS] (MB): peak = 1281.603; parent = 1147.969; children = 238.651
Synthesis current peak Virtual Memory [VSS] (MB): peak = 3264.504; parent = 2242.906; children = 1021.598
---------------------------------------------------------------------------------
---------------------------------------------------------------------------------
Start Renaming Generated Ports
---------------------------------------------------------------------------------
---------------------------------------------------------------------------------
Finished Renaming Generated Ports : Time (s): cpu = 00:00:29 ; elapsed = 00:00:52 . Memory (MB): peak = 2242.902 ; gain = 634.387 ; free physical = 127 ; free virtual = 14834
Synthesis current peak Physical Memory [PSS] (MB): peak = 1281.603; parent = 1147.969; children = 238.651
Synthesis current peak Virtual Memory [VSS] (MB): peak = 3264.504; parent = 2242.906; children = 1021.598
---------------------------------------------------------------------------------
---------------------------------------------------------------------------------
Start Handling Custom Attributes
---------------------------------------------------------------------------------
---------------------------------------------------------------------------------
Finished Handling Custom Attributes : Time (s): cpu = 00:00:29 ; elapsed = 00:00:53 . Memory (MB): peak = 2242.902 ; gain = 634.387 ; free physical = 129 ; free virtual = 14833
Synthesis current peak Physical Memory [PSS] (MB): peak = 1281.603; parent = 1147.969; children = 238.651
Synthesis current peak Virtual Memory [VSS] (MB): peak = 3264.504; parent = 2242.906; children = 1021.598
---------------------------------------------------------------------------------
---------------------------------------------------------------------------------
Start Renaming Generated Nets
---------------------------------------------------------------------------------
---------------------------------------------------------------------------------
Finished Renaming Generated Nets : Time (s): cpu = 00:00:29 ; elapsed = 00:00:53 . Memory (MB): peak = 2242.902 ; gain = 634.387 ; free physical = 129 ; free virtual = 14833
Synthesis current peak Physical Memory [PSS] (MB): peak = 1281.603; parent = 1147.969; children = 238.651
Synthesis current peak Virtual Memory [VSS] (MB): peak = 3264.504; parent = 2242.906; children = 1021.598
---------------------------------------------------------------------------------
---------------------------------------------------------------------------------
Start Writing Synthesis Report
---------------------------------------------------------------------------------

Report BlackBoxes: 
+-+--------------+----------+
| |BlackBox name |Instances |
+-+--------------+----------+
+-+--------------+----------+

Report Cell Usage: 
+------+------+------+
|      |Cell  |Count |
+------+------+------+
|1     |BIBUF |   130|
|2     |BUFG  |     1|
|3     |LUT1  |    24|
|4     |PS7   |     1|
+------+------+------+
---------------------------------------------------------------------------------
Finished Writing Synthesis Report : Time (s): cpu = 00:00:29 ; elapsed = 00:00:53 . Memory (MB): peak = 2242.902 ; gain = 634.387 ; free physical = 128 ; free virtual = 14839
Synthesis current peak Physical Memory [PSS] (MB): peak = 1281.603; parent = 1147.969; children = 238.651
Synthesis current peak Virtual Memory [VSS] (MB): peak = 3264.504; parent = 2242.906; children = 1021.598
---------------------------------------------------------------------------------
Synthesis finished with 0 errors, 0 critical warnings and 80 warnings.
Synthesis Optimization Runtime : Time (s): cpu = 00:00:25 ; elapsed = 00:00:49 . Memory (MB): peak = 2242.902 ; gain = 555.512 ; free physical = 169 ; free virtual = 14890
Synthesis Optimization Complete : Time (s): cpu = 00:00:29 ; elapsed = 00:00:53 . Memory (MB): peak = 2242.910 ; gain = 634.387 ; free physical = 143 ; free virtual = 14874
INFO: [Project 1-571] Translating synthesized netlist
Netlist sorting complete. Time (s): cpu = 00:00:00.01 ; elapsed = 00:00:00.02 . Memory (MB): peak = 2242.910 ; gain = 0.000 ; free physical = 137 ; free virtual = 14895
INFO: [Project 1-570] Preparing netlist for logic optimization
INFO: [Opt 31-138] Pushed 0 inverter(s) to 0 load pin(s).
Netlist sorting complete. Time (s): cpu = 00:00:00 ; elapsed = 00:00:00 . Memory (MB): peak = 2259.746 ; gain = 0.000 ; free physical = 115 ; free virtual = 14746
INFO: [Project 1-111] Unisim Transformation Summary:
No Unisim elements were transformed.

Synth Design complete, checksum: 880c9721
INFO: [Common 17-83] Releasing license: Synthesis
30 Infos, 115 Warnings, 0 Critical Warnings and 0 Errors encountered.
synth_design completed successfully
synth_design: Time (s): cpu = 00:00:38 ; elapsed = 00:01:16 . Memory (MB): peak = 2259.746 ; gain = 933.613 ; free physical = 741 ; free virtual = 15400
INFO: [Common 17-1381] The checkpoint '/home/mrindeciso/Documents/pynqrypt/pynqrypt-vivado/pynqrypt-vivado.runs/main_design_processing_system7_0_0_synth_1/main_design_processing_system7_0_0.dcp' has been generated.
INFO: [runtcl-4] Executing : report_utilization -file main_design_processing_system7_0_0_utilization_synth.rpt -pb main_design_processing_system7_0_0_utilization_synth.pb
INFO: [Common 17-206] Exiting Vivado at Sat Dec 10 00:44:00 2022...
