

================================================================
== Vitis HLS Report for 'aes_encrypt_block_Pipeline_loop_aes_encrypt_block'
================================================================
* Date:           Tue Dec 13 20:52:10 2022

* Version:        2022.2 (Build 3670227 on Oct 13 2022)
* Project:        pynqrypt
* Solution:       pynqrypt (Vivado IP Flow Target)
* Product family: zynq
* Target device:  xc7z020i-clg400-1L


================================================================
== Performance Estimates
================================================================
+ Timing: 
    * Summary: 
    +--------+----------+----------+------------+
    |  Clock |  Target  | Estimated| Uncertainty|
    +--------+----------+----------+------------+
    |ap_clk  |  10.00 ns|  6.978 ns|     2.70 ns|
    +--------+----------+----------+------------+

+ Latency: 
    * Summary: 
    +---------+---------+----------+----------+-----+-----+---------+
    |  Latency (cycles) |  Latency (absolute) |  Interval | Pipeline|
    |   min   |   max   |    min   |    max   | min | max |   Type  |
    +---------+---------+----------+----------+-----+-----+---------+
    |       20|       20|  0.200 us|  0.200 us|   20|   20|       no|
    +---------+---------+----------+----------+-----+-----+---------+

    + Detail: 
        * Instance: 
        N/A

        * Loop: 
        +--------------------------+---------+---------+----------+-----------+-----------+------+----------+
        |                          |  Latency (cycles) | Iteration|  Initiation Interval  | Trip |          |
        |         Loop Name        |   min   |   max   |  Latency |  achieved |   target  | Count| Pipelined|
        +--------------------------+---------+---------+----------+-----------+-----------+------+----------+
        |- loop_aes_encrypt_block  |       18|       18|         3|          2|          1|     9|  yes(frp)|
        +--------------------------+---------+---------+----------+-----------+-----------+------+----------+

============================================================
+ Verbose Summary: Synthesis Manager
============================================================
InlineROM: 1
ExposeGlobal: 0
============================================================
+ Verbose Summary: CDFG Model
============================================================
IsTopModel: 0
ResetActiveHigh: 1
IsCombinational: 0
IsDatapathOnly: 0
HasWiredReturn: 1
HasMFsm: 2
HasVarLatency: 1
IsPipeline: 0
IsRtlPipelined: 0
IsInstanceOverlapped: 0
IsDontTouch: 0
HasImplIP: 0
IsGatedGlobalClock: 0

+ Individual pipeline summary: 
  * Pipeline-0: initiation interval (II) = 2, depth = 3


============================================================
+ Verbose Summary: Schedule
============================================================
* Number of FSM states : 3
* Pipeline : 1
  Pipeline-0 : II = 2, D = 3, States = { 1 2 3 }
* Dataflow Pipeline: 0

* FSM state transitions: 
1 --> 2 
2 --> 3 
3 --> 

* FSM state operations: 

State 1 <SV = 0> <Delay = 5.94>
ST_1 : Operation 6 [1/1] (0.00ns)   --->   "%p_Val2_s = alloca i32 1"   --->   Operation 6 'alloca' 'p_Val2_s' <Predicate = true> <Delay = 0.00>
ST_1 : Operation 7 [1/1] (0.00ns)   --->   "%i = alloca i32 1"   --->   Operation 7 'alloca' 'i' <Predicate = true> <Delay = 0.00>
ST_1 : Operation 8 [1/1] (0.00ns)   --->   "%xor_ln859_read = read i128 @_ssdm_op_Read.ap_auto.i128, i128 %xor_ln859"   --->   Operation 8 'read' 'xor_ln859_read' <Predicate = true> <Delay = 0.00>
ST_1 : Operation 9 [1/1] (1.58ns)   --->   "%store_ln0 = store i4 1, i4 %i"   --->   Operation 9 'store' 'store_ln0' <Predicate = true> <Delay = 1.58>
ST_1 : Operation 10 [1/1] (1.58ns)   --->   "%store_ln0 = store i128 %xor_ln859_read, i128 %p_Val2_s"   --->   Operation 10 'store' 'store_ln0' <Predicate = true> <Delay = 1.58>
ST_1 : Operation 11 [1/1] (0.00ns)   --->   "%br_ln0 = br void %for.inc"   --->   Operation 11 'br' 'br_ln0' <Predicate = true> <Delay = 0.00>
ST_1 : Operation 12 [1/1] (0.00ns)   --->   "%i_3 = load i4 %i" [../hw-impl/src/pynqrypt.cpp:48]   --->   Operation 12 'load' 'i_3' <Predicate = true> <Delay = 0.00>
ST_1 : Operation 13 [1/1] (1.30ns)   --->   "%icmp_ln48 = icmp_eq  i4 %i_3, i4 10" [../hw-impl/src/pynqrypt.cpp:48]   --->   Operation 13 'icmp' 'icmp_ln48' <Predicate = true> <Delay = 1.30> <CoreInst = "Cmp">   --->   Core 9 'Cmp' <Latency = 0> <II = 1> <Delay = 1.30> <FuncUnit> <Opcode : 'icmp'> <InPorts = 2> <OutPorts = 1>
ST_1 : Operation 14 [1/1] (0.00ns)   --->   "%speclooptripcount_ln0 = speclooptripcount void @_ssdm_op_SpecLoopTripCount, i64 9, i64 9, i64 9"   --->   Operation 14 'speclooptripcount' 'speclooptripcount_ln0' <Predicate = true> <Delay = 0.00>
ST_1 : Operation 15 [1/1] (0.00ns)   --->   "%br_ln48 = br i1 %icmp_ln48, void %for.inc.split, void %for.end.exitStub" [../hw-impl/src/pynqrypt.cpp:48]   --->   Operation 15 'br' 'br_ln48' <Predicate = true> <Delay = 0.00>
ST_1 : Operation 16 [1/1] (0.00ns)   --->   "%p_Val2_load_1 = load i128 %p_Val2_s" [../hw-impl/src/pynqrypt.cpp:86]   --->   Operation 16 'load' 'p_Val2_load_1' <Predicate = (!icmp_ln48)> <Delay = 0.00>
ST_1 : Operation 17 [1/1] (0.00ns)   --->   "%zext_ln48 = zext i4 %i_3" [../hw-impl/src/pynqrypt.cpp:48]   --->   Operation 17 'zext' 'zext_ln48' <Predicate = (!icmp_ln48)> <Delay = 0.00>
ST_1 : Operation 18 [1/1] (0.00ns)   --->   "%trunc_ln86 = trunc i128 %p_Val2_load_1" [../hw-impl/src/pynqrypt.cpp:86]   --->   Operation 18 'trunc' 'trunc_ln86' <Predicate = (!icmp_ln48)> <Delay = 0.00>
ST_1 : Operation 19 [1/1] (0.00ns)   --->   "%shl_ln = bitconcatenate i11 @_ssdm_op_BitConcatenate.i11.i8.i3, i8 %trunc_ln86, i3 0" [../hw-impl/src/pynqrypt.cpp:86]   --->   Operation 19 'bitconcatenate' 'shl_ln' <Predicate = (!icmp_ln48)> <Delay = 0.00>
ST_1 : Operation 20 [1/1] (0.00ns)   --->   "%zext_ln86 = zext i11 %shl_ln" [../hw-impl/src/pynqrypt.cpp:86]   --->   Operation 20 'zext' 'zext_ln86' <Predicate = (!icmp_ln48)> <Delay = 0.00>
ST_1 : Operation 21 [1/1] (5.94ns)   --->   "%lshr_ln86 = lshr i2048 2869618975290639062594974519597816386035077209210385677284518162336985023502962151465775969507961862820568736543004676439868535775640188584098917533413284844376797297285941524888791401501466624530423689326528054213168201056672989590893583853414110162539122864583953358348775951166211353578440977400428507475679327181038682772945817200201960445064847785221508011893952350688324234443749897213621340677040612747745615276448919507935121141307752692835344166708617454322778699219895865633266409040561742768581056182730443599545881830075941537620590442514083341749674612746994879540562701631131184186066652929592955206755, i2048 %zext_ln86" [../hw-impl/src/pynqrypt.cpp:86]   --->   Operation 21 'lshr' 'lshr_ln86' <Predicate = (!icmp_ln48)> <Delay = 5.94> <CoreInst = "Shifter">   --->   Core 75 'Shifter' <Latency = 0> <II = 1> <Delay = 5.94> <FuncUnit> <Opcode : 'shl' 'lshr' 'ashr'> <InPorts = 2> <OutPorts = 1>
ST_1 : Operation 22 [1/1] (0.00ns)   --->   "%trunc_ln86_1 = trunc i2048 %lshr_ln86" [../hw-impl/src/pynqrypt.cpp:86]   --->   Operation 22 'trunc' 'trunc_ln86_1' <Predicate = (!icmp_ln48)> <Delay = 0.00>
ST_1 : Operation 23 [1/1] (0.00ns)   --->   "%tmp_s = partselect i8 @_ssdm_op_PartSelect.i8.i128.i32.i32, i128 %p_Val2_load_1, i32 8, i32 15" [../hw-impl/src/pynqrypt.cpp:86]   --->   Operation 23 'partselect' 'tmp_s' <Predicate = (!icmp_ln48)> <Delay = 0.00>
ST_1 : Operation 24 [1/1] (0.00ns)   --->   "%shl_ln86_1 = bitconcatenate i11 @_ssdm_op_BitConcatenate.i11.i8.i3, i8 %tmp_s, i3 0" [../hw-impl/src/pynqrypt.cpp:86]   --->   Operation 24 'bitconcatenate' 'shl_ln86_1' <Predicate = (!icmp_ln48)> <Delay = 0.00>
ST_1 : Operation 25 [1/1] (0.00ns)   --->   "%zext_ln86_1 = zext i11 %shl_ln86_1" [../hw-impl/src/pynqrypt.cpp:86]   --->   Operation 25 'zext' 'zext_ln86_1' <Predicate = (!icmp_ln48)> <Delay = 0.00>
ST_1 : Operation 26 [1/1] (5.94ns)   --->   "%lshr_ln86_1 = lshr i2048 2869618975290639062594974519597816386035077209210385677284518162336985023502962151465775969507961862820568736543004676439868535775640188584098917533413284844376797297285941524888791401501466624530423689326528054213168201056672989590893583853414110162539122864583953358348775951166211353578440977400428507475679327181038682772945817200201960445064847785221508011893952350688324234443749897213621340677040612747745615276448919507935121141307752692835344166708617454322778699219895865633266409040561742768581056182730443599545881830075941537620590442514083341749674612746994879540562701631131184186066652929592955206755, i2048 %zext_ln86_1" [../hw-impl/src/pynqrypt.cpp:86]   --->   Operation 26 'lshr' 'lshr_ln86_1' <Predicate = (!icmp_ln48)> <Delay = 5.94> <CoreInst = "Shifter">   --->   Core 75 'Shifter' <Latency = 0> <II = 1> <Delay = 5.94> <FuncUnit> <Opcode : 'shl' 'lshr' 'ashr'> <InPorts = 2> <OutPorts = 1>
ST_1 : Operation 27 [1/1] (0.00ns)   --->   "%trunc_ln86_2 = trunc i2048 %lshr_ln86_1" [../hw-impl/src/pynqrypt.cpp:86]   --->   Operation 27 'trunc' 'trunc_ln86_2' <Predicate = (!icmp_ln48)> <Delay = 0.00>
ST_1 : Operation 28 [1/1] (0.00ns)   --->   "%tmp_30 = partselect i8 @_ssdm_op_PartSelect.i8.i128.i32.i32, i128 %p_Val2_load_1, i32 16, i32 23" [../hw-impl/src/pynqrypt.cpp:86]   --->   Operation 28 'partselect' 'tmp_30' <Predicate = (!icmp_ln48)> <Delay = 0.00>
ST_1 : Operation 29 [1/1] (0.00ns)   --->   "%shl_ln86_2 = bitconcatenate i11 @_ssdm_op_BitConcatenate.i11.i8.i3, i8 %tmp_30, i3 0" [../hw-impl/src/pynqrypt.cpp:86]   --->   Operation 29 'bitconcatenate' 'shl_ln86_2' <Predicate = (!icmp_ln48)> <Delay = 0.00>
ST_1 : Operation 30 [1/1] (0.00ns)   --->   "%zext_ln86_2 = zext i11 %shl_ln86_2" [../hw-impl/src/pynqrypt.cpp:86]   --->   Operation 30 'zext' 'zext_ln86_2' <Predicate = (!icmp_ln48)> <Delay = 0.00>
ST_1 : Operation 31 [1/1] (5.94ns)   --->   "%lshr_ln86_2 = lshr i2048 2869618975290639062594974519597816386035077209210385677284518162336985023502962151465775969507961862820568736543004676439868535775640188584098917533413284844376797297285941524888791401501466624530423689326528054213168201056672989590893583853414110162539122864583953358348775951166211353578440977400428507475679327181038682772945817200201960445064847785221508011893952350688324234443749897213621340677040612747745615276448919507935121141307752692835344166708617454322778699219895865633266409040561742768581056182730443599545881830075941537620590442514083341749674612746994879540562701631131184186066652929592955206755, i2048 %zext_ln86_2" [../hw-impl/src/pynqrypt.cpp:86]   --->   Operation 31 'lshr' 'lshr_ln86_2' <Predicate = (!icmp_ln48)> <Delay = 5.94> <CoreInst = "Shifter">   --->   Core 75 'Shifter' <Latency = 0> <II = 1> <Delay = 5.94> <FuncUnit> <Opcode : 'shl' 'lshr' 'ashr'> <InPorts = 2> <OutPorts = 1>
ST_1 : Operation 32 [1/1] (0.00ns)   --->   "%trunc_ln86_3 = trunc i2048 %lshr_ln86_2" [../hw-impl/src/pynqrypt.cpp:86]   --->   Operation 32 'trunc' 'trunc_ln86_3' <Predicate = (!icmp_ln48)> <Delay = 0.00>
ST_1 : Operation 33 [1/1] (0.00ns)   --->   "%tmp_31 = partselect i8 @_ssdm_op_PartSelect.i8.i128.i32.i32, i128 %p_Val2_load_1, i32 24, i32 31" [../hw-impl/src/pynqrypt.cpp:86]   --->   Operation 33 'partselect' 'tmp_31' <Predicate = (!icmp_ln48)> <Delay = 0.00>
ST_1 : Operation 34 [1/1] (0.00ns)   --->   "%shl_ln86_3 = bitconcatenate i11 @_ssdm_op_BitConcatenate.i11.i8.i3, i8 %tmp_31, i3 0" [../hw-impl/src/pynqrypt.cpp:86]   --->   Operation 34 'bitconcatenate' 'shl_ln86_3' <Predicate = (!icmp_ln48)> <Delay = 0.00>
ST_1 : Operation 35 [1/1] (0.00ns)   --->   "%zext_ln86_3 = zext i11 %shl_ln86_3" [../hw-impl/src/pynqrypt.cpp:86]   --->   Operation 35 'zext' 'zext_ln86_3' <Predicate = (!icmp_ln48)> <Delay = 0.00>
ST_1 : Operation 36 [1/1] (5.94ns)   --->   "%lshr_ln86_3 = lshr i2048 2869618975290639062594974519597816386035077209210385677284518162336985023502962151465775969507961862820568736543004676439868535775640188584098917533413284844376797297285941524888791401501466624530423689326528054213168201056672989590893583853414110162539122864583953358348775951166211353578440977400428507475679327181038682772945817200201960445064847785221508011893952350688324234443749897213621340677040612747745615276448919507935121141307752692835344166708617454322778699219895865633266409040561742768581056182730443599545881830075941537620590442514083341749674612746994879540562701631131184186066652929592955206755, i2048 %zext_ln86_3" [../hw-impl/src/pynqrypt.cpp:86]   --->   Operation 36 'lshr' 'lshr_ln86_3' <Predicate = (!icmp_ln48)> <Delay = 5.94> <CoreInst = "Shifter">   --->   Core 75 'Shifter' <Latency = 0> <II = 1> <Delay = 5.94> <FuncUnit> <Opcode : 'shl' 'lshr' 'ashr'> <InPorts = 2> <OutPorts = 1>
ST_1 : Operation 37 [1/1] (0.00ns)   --->   "%trunc_ln86_4 = trunc i2048 %lshr_ln86_3" [../hw-impl/src/pynqrypt.cpp:86]   --->   Operation 37 'trunc' 'trunc_ln86_4' <Predicate = (!icmp_ln48)> <Delay = 0.00>
ST_1 : Operation 38 [1/1] (0.00ns)   --->   "%tmp_32 = partselect i8 @_ssdm_op_PartSelect.i8.i128.i32.i32, i128 %p_Val2_load_1, i32 32, i32 39" [../hw-impl/src/pynqrypt.cpp:86]   --->   Operation 38 'partselect' 'tmp_32' <Predicate = (!icmp_ln48)> <Delay = 0.00>
ST_1 : Operation 39 [1/1] (0.00ns)   --->   "%shl_ln86_4 = bitconcatenate i11 @_ssdm_op_BitConcatenate.i11.i8.i3, i8 %tmp_32, i3 0" [../hw-impl/src/pynqrypt.cpp:86]   --->   Operation 39 'bitconcatenate' 'shl_ln86_4' <Predicate = (!icmp_ln48)> <Delay = 0.00>
ST_1 : Operation 40 [1/1] (0.00ns)   --->   "%zext_ln86_4 = zext i11 %shl_ln86_4" [../hw-impl/src/pynqrypt.cpp:86]   --->   Operation 40 'zext' 'zext_ln86_4' <Predicate = (!icmp_ln48)> <Delay = 0.00>
ST_1 : Operation 41 [1/1] (5.94ns)   --->   "%lshr_ln86_4 = lshr i2048 2869618975290639062594974519597816386035077209210385677284518162336985023502962151465775969507961862820568736543004676439868535775640188584098917533413284844376797297285941524888791401501466624530423689326528054213168201056672989590893583853414110162539122864583953358348775951166211353578440977400428507475679327181038682772945817200201960445064847785221508011893952350688324234443749897213621340677040612747745615276448919507935121141307752692835344166708617454322778699219895865633266409040561742768581056182730443599545881830075941537620590442514083341749674612746994879540562701631131184186066652929592955206755, i2048 %zext_ln86_4" [../hw-impl/src/pynqrypt.cpp:86]   --->   Operation 41 'lshr' 'lshr_ln86_4' <Predicate = (!icmp_ln48)> <Delay = 5.94> <CoreInst = "Shifter">   --->   Core 75 'Shifter' <Latency = 0> <II = 1> <Delay = 5.94> <FuncUnit> <Opcode : 'shl' 'lshr' 'ashr'> <InPorts = 2> <OutPorts = 1>
ST_1 : Operation 42 [1/1] (0.00ns)   --->   "%trunc_ln86_5 = trunc i2048 %lshr_ln86_4" [../hw-impl/src/pynqrypt.cpp:86]   --->   Operation 42 'trunc' 'trunc_ln86_5' <Predicate = (!icmp_ln48)> <Delay = 0.00>
ST_1 : Operation 43 [1/1] (0.00ns)   --->   "%tmp_33 = partselect i8 @_ssdm_op_PartSelect.i8.i128.i32.i32, i128 %p_Val2_load_1, i32 40, i32 47" [../hw-impl/src/pynqrypt.cpp:86]   --->   Operation 43 'partselect' 'tmp_33' <Predicate = (!icmp_ln48)> <Delay = 0.00>
ST_1 : Operation 44 [1/1] (0.00ns)   --->   "%shl_ln86_5 = bitconcatenate i11 @_ssdm_op_BitConcatenate.i11.i8.i3, i8 %tmp_33, i3 0" [../hw-impl/src/pynqrypt.cpp:86]   --->   Operation 44 'bitconcatenate' 'shl_ln86_5' <Predicate = (!icmp_ln48)> <Delay = 0.00>
ST_1 : Operation 45 [1/1] (0.00ns)   --->   "%zext_ln86_5 = zext i11 %shl_ln86_5" [../hw-impl/src/pynqrypt.cpp:86]   --->   Operation 45 'zext' 'zext_ln86_5' <Predicate = (!icmp_ln48)> <Delay = 0.00>
ST_1 : Operation 46 [1/1] (5.94ns)   --->   "%lshr_ln86_5 = lshr i2048 2869618975290639062594974519597816386035077209210385677284518162336985023502962151465775969507961862820568736543004676439868535775640188584098917533413284844376797297285941524888791401501466624530423689326528054213168201056672989590893583853414110162539122864583953358348775951166211353578440977400428507475679327181038682772945817200201960445064847785221508011893952350688324234443749897213621340677040612747745615276448919507935121141307752692835344166708617454322778699219895865633266409040561742768581056182730443599545881830075941537620590442514083341749674612746994879540562701631131184186066652929592955206755, i2048 %zext_ln86_5" [../hw-impl/src/pynqrypt.cpp:86]   --->   Operation 46 'lshr' 'lshr_ln86_5' <Predicate = (!icmp_ln48)> <Delay = 5.94> <CoreInst = "Shifter">   --->   Core 75 'Shifter' <Latency = 0> <II = 1> <Delay = 5.94> <FuncUnit> <Opcode : 'shl' 'lshr' 'ashr'> <InPorts = 2> <OutPorts = 1>
ST_1 : Operation 47 [1/1] (0.00ns)   --->   "%trunc_ln86_6 = trunc i2048 %lshr_ln86_5" [../hw-impl/src/pynqrypt.cpp:86]   --->   Operation 47 'trunc' 'trunc_ln86_6' <Predicate = (!icmp_ln48)> <Delay = 0.00>
ST_1 : Operation 48 [1/1] (0.00ns)   --->   "%tmp_34 = partselect i8 @_ssdm_op_PartSelect.i8.i128.i32.i32, i128 %p_Val2_load_1, i32 48, i32 55" [../hw-impl/src/pynqrypt.cpp:86]   --->   Operation 48 'partselect' 'tmp_34' <Predicate = (!icmp_ln48)> <Delay = 0.00>
ST_1 : Operation 49 [1/1] (0.00ns)   --->   "%shl_ln86_6 = bitconcatenate i11 @_ssdm_op_BitConcatenate.i11.i8.i3, i8 %tmp_34, i3 0" [../hw-impl/src/pynqrypt.cpp:86]   --->   Operation 49 'bitconcatenate' 'shl_ln86_6' <Predicate = (!icmp_ln48)> <Delay = 0.00>
ST_1 : Operation 50 [1/1] (0.00ns)   --->   "%zext_ln86_6 = zext i11 %shl_ln86_6" [../hw-impl/src/pynqrypt.cpp:86]   --->   Operation 50 'zext' 'zext_ln86_6' <Predicate = (!icmp_ln48)> <Delay = 0.00>
ST_1 : Operation 51 [1/1] (5.94ns)   --->   "%lshr_ln86_6 = lshr i2048 2869618975290639062594974519597816386035077209210385677284518162336985023502962151465775969507961862820568736543004676439868535775640188584098917533413284844376797297285941524888791401501466624530423689326528054213168201056672989590893583853414110162539122864583953358348775951166211353578440977400428507475679327181038682772945817200201960445064847785221508011893952350688324234443749897213621340677040612747745615276448919507935121141307752692835344166708617454322778699219895865633266409040561742768581056182730443599545881830075941537620590442514083341749674612746994879540562701631131184186066652929592955206755, i2048 %zext_ln86_6" [../hw-impl/src/pynqrypt.cpp:86]   --->   Operation 51 'lshr' 'lshr_ln86_6' <Predicate = (!icmp_ln48)> <Delay = 5.94> <CoreInst = "Shifter">   --->   Core 75 'Shifter' <Latency = 0> <II = 1> <Delay = 5.94> <FuncUnit> <Opcode : 'shl' 'lshr' 'ashr'> <InPorts = 2> <OutPorts = 1>
ST_1 : Operation 52 [1/1] (0.00ns)   --->   "%trunc_ln86_7 = trunc i2048 %lshr_ln86_6" [../hw-impl/src/pynqrypt.cpp:86]   --->   Operation 52 'trunc' 'trunc_ln86_7' <Predicate = (!icmp_ln48)> <Delay = 0.00>
ST_1 : Operation 53 [1/1] (0.00ns)   --->   "%tmp_35 = partselect i8 @_ssdm_op_PartSelect.i8.i128.i32.i32, i128 %p_Val2_load_1, i32 56, i32 63" [../hw-impl/src/pynqrypt.cpp:86]   --->   Operation 53 'partselect' 'tmp_35' <Predicate = (!icmp_ln48)> <Delay = 0.00>
ST_1 : Operation 54 [1/1] (0.00ns)   --->   "%shl_ln86_7 = bitconcatenate i11 @_ssdm_op_BitConcatenate.i11.i8.i3, i8 %tmp_35, i3 0" [../hw-impl/src/pynqrypt.cpp:86]   --->   Operation 54 'bitconcatenate' 'shl_ln86_7' <Predicate = (!icmp_ln48)> <Delay = 0.00>
ST_1 : Operation 55 [1/1] (0.00ns)   --->   "%zext_ln86_7 = zext i11 %shl_ln86_7" [../hw-impl/src/pynqrypt.cpp:86]   --->   Operation 55 'zext' 'zext_ln86_7' <Predicate = (!icmp_ln48)> <Delay = 0.00>
ST_1 : Operation 56 [1/1] (5.94ns)   --->   "%lshr_ln86_7 = lshr i2048 2869618975290639062594974519597816386035077209210385677284518162336985023502962151465775969507961862820568736543004676439868535775640188584098917533413284844376797297285941524888791401501466624530423689326528054213168201056672989590893583853414110162539122864583953358348775951166211353578440977400428507475679327181038682772945817200201960445064847785221508011893952350688324234443749897213621340677040612747745615276448919507935121141307752692835344166708617454322778699219895865633266409040561742768581056182730443599545881830075941537620590442514083341749674612746994879540562701631131184186066652929592955206755, i2048 %zext_ln86_7" [../hw-impl/src/pynqrypt.cpp:86]   --->   Operation 56 'lshr' 'lshr_ln86_7' <Predicate = (!icmp_ln48)> <Delay = 5.94> <CoreInst = "Shifter">   --->   Core 75 'Shifter' <Latency = 0> <II = 1> <Delay = 5.94> <FuncUnit> <Opcode : 'shl' 'lshr' 'ashr'> <InPorts = 2> <OutPorts = 1>
ST_1 : Operation 57 [1/1] (0.00ns)   --->   "%trunc_ln86_8 = trunc i2048 %lshr_ln86_7" [../hw-impl/src/pynqrypt.cpp:86]   --->   Operation 57 'trunc' 'trunc_ln86_8' <Predicate = (!icmp_ln48)> <Delay = 0.00>
ST_1 : Operation 58 [1/1] (0.00ns)   --->   "%tmp_36 = partselect i8 @_ssdm_op_PartSelect.i8.i128.i32.i32, i128 %p_Val2_load_1, i32 64, i32 71" [../hw-impl/src/pynqrypt.cpp:86]   --->   Operation 58 'partselect' 'tmp_36' <Predicate = (!icmp_ln48)> <Delay = 0.00>
ST_1 : Operation 59 [1/1] (0.00ns)   --->   "%shl_ln86_8 = bitconcatenate i11 @_ssdm_op_BitConcatenate.i11.i8.i3, i8 %tmp_36, i3 0" [../hw-impl/src/pynqrypt.cpp:86]   --->   Operation 59 'bitconcatenate' 'shl_ln86_8' <Predicate = (!icmp_ln48)> <Delay = 0.00>
ST_1 : Operation 60 [1/1] (0.00ns)   --->   "%zext_ln86_8 = zext i11 %shl_ln86_8" [../hw-impl/src/pynqrypt.cpp:86]   --->   Operation 60 'zext' 'zext_ln86_8' <Predicate = (!icmp_ln48)> <Delay = 0.00>
ST_1 : Operation 61 [1/1] (5.94ns)   --->   "%lshr_ln86_8 = lshr i2048 2869618975290639062594974519597816386035077209210385677284518162336985023502962151465775969507961862820568736543004676439868535775640188584098917533413284844376797297285941524888791401501466624530423689326528054213168201056672989590893583853414110162539122864583953358348775951166211353578440977400428507475679327181038682772945817200201960445064847785221508011893952350688324234443749897213621340677040612747745615276448919507935121141307752692835344166708617454322778699219895865633266409040561742768581056182730443599545881830075941537620590442514083341749674612746994879540562701631131184186066652929592955206755, i2048 %zext_ln86_8" [../hw-impl/src/pynqrypt.cpp:86]   --->   Operation 61 'lshr' 'lshr_ln86_8' <Predicate = (!icmp_ln48)> <Delay = 5.94> <CoreInst = "Shifter">   --->   Core 75 'Shifter' <Latency = 0> <II = 1> <Delay = 5.94> <FuncUnit> <Opcode : 'shl' 'lshr' 'ashr'> <InPorts = 2> <OutPorts = 1>
ST_1 : Operation 62 [1/1] (0.00ns)   --->   "%trunc_ln86_9 = trunc i2048 %lshr_ln86_8" [../hw-impl/src/pynqrypt.cpp:86]   --->   Operation 62 'trunc' 'trunc_ln86_9' <Predicate = (!icmp_ln48)> <Delay = 0.00>
ST_1 : Operation 63 [1/1] (0.00ns)   --->   "%tmp_37 = partselect i8 @_ssdm_op_PartSelect.i8.i128.i32.i32, i128 %p_Val2_load_1, i32 72, i32 79" [../hw-impl/src/pynqrypt.cpp:86]   --->   Operation 63 'partselect' 'tmp_37' <Predicate = (!icmp_ln48)> <Delay = 0.00>
ST_1 : Operation 64 [1/1] (0.00ns)   --->   "%shl_ln86_9 = bitconcatenate i11 @_ssdm_op_BitConcatenate.i11.i8.i3, i8 %tmp_37, i3 0" [../hw-impl/src/pynqrypt.cpp:86]   --->   Operation 64 'bitconcatenate' 'shl_ln86_9' <Predicate = (!icmp_ln48)> <Delay = 0.00>
ST_1 : Operation 65 [1/1] (0.00ns)   --->   "%zext_ln86_9 = zext i11 %shl_ln86_9" [../hw-impl/src/pynqrypt.cpp:86]   --->   Operation 65 'zext' 'zext_ln86_9' <Predicate = (!icmp_ln48)> <Delay = 0.00>
ST_1 : Operation 66 [1/1] (5.94ns)   --->   "%lshr_ln86_9 = lshr i2048 2869618975290639062594974519597816386035077209210385677284518162336985023502962151465775969507961862820568736543004676439868535775640188584098917533413284844376797297285941524888791401501466624530423689326528054213168201056672989590893583853414110162539122864583953358348775951166211353578440977400428507475679327181038682772945817200201960445064847785221508011893952350688324234443749897213621340677040612747745615276448919507935121141307752692835344166708617454322778699219895865633266409040561742768581056182730443599545881830075941537620590442514083341749674612746994879540562701631131184186066652929592955206755, i2048 %zext_ln86_9" [../hw-impl/src/pynqrypt.cpp:86]   --->   Operation 66 'lshr' 'lshr_ln86_9' <Predicate = (!icmp_ln48)> <Delay = 5.94> <CoreInst = "Shifter">   --->   Core 75 'Shifter' <Latency = 0> <II = 1> <Delay = 5.94> <FuncUnit> <Opcode : 'shl' 'lshr' 'ashr'> <InPorts = 2> <OutPorts = 1>
ST_1 : Operation 67 [1/1] (0.00ns)   --->   "%trunc_ln86_10 = trunc i2048 %lshr_ln86_9" [../hw-impl/src/pynqrypt.cpp:86]   --->   Operation 67 'trunc' 'trunc_ln86_10' <Predicate = (!icmp_ln48)> <Delay = 0.00>
ST_1 : Operation 68 [1/1] (0.00ns)   --->   "%tmp_38 = partselect i8 @_ssdm_op_PartSelect.i8.i128.i32.i32, i128 %p_Val2_load_1, i32 80, i32 87" [../hw-impl/src/pynqrypt.cpp:86]   --->   Operation 68 'partselect' 'tmp_38' <Predicate = (!icmp_ln48)> <Delay = 0.00>
ST_1 : Operation 69 [1/1] (0.00ns)   --->   "%shl_ln86_s = bitconcatenate i11 @_ssdm_op_BitConcatenate.i11.i8.i3, i8 %tmp_38, i3 0" [../hw-impl/src/pynqrypt.cpp:86]   --->   Operation 69 'bitconcatenate' 'shl_ln86_s' <Predicate = (!icmp_ln48)> <Delay = 0.00>
ST_1 : Operation 70 [1/1] (0.00ns)   --->   "%zext_ln86_10 = zext i11 %shl_ln86_s" [../hw-impl/src/pynqrypt.cpp:86]   --->   Operation 70 'zext' 'zext_ln86_10' <Predicate = (!icmp_ln48)> <Delay = 0.00>
ST_1 : Operation 71 [1/1] (5.94ns)   --->   "%lshr_ln86_10 = lshr i2048 2869618975290639062594974519597816386035077209210385677284518162336985023502962151465775969507961862820568736543004676439868535775640188584098917533413284844376797297285941524888791401501466624530423689326528054213168201056672989590893583853414110162539122864583953358348775951166211353578440977400428507475679327181038682772945817200201960445064847785221508011893952350688324234443749897213621340677040612747745615276448919507935121141307752692835344166708617454322778699219895865633266409040561742768581056182730443599545881830075941537620590442514083341749674612746994879540562701631131184186066652929592955206755, i2048 %zext_ln86_10" [../hw-impl/src/pynqrypt.cpp:86]   --->   Operation 71 'lshr' 'lshr_ln86_10' <Predicate = (!icmp_ln48)> <Delay = 5.94> <CoreInst = "Shifter">   --->   Core 75 'Shifter' <Latency = 0> <II = 1> <Delay = 5.94> <FuncUnit> <Opcode : 'shl' 'lshr' 'ashr'> <InPorts = 2> <OutPorts = 1>
ST_1 : Operation 72 [1/1] (0.00ns)   --->   "%trunc_ln86_11 = trunc i2048 %lshr_ln86_10" [../hw-impl/src/pynqrypt.cpp:86]   --->   Operation 72 'trunc' 'trunc_ln86_11' <Predicate = (!icmp_ln48)> <Delay = 0.00>
ST_1 : Operation 73 [1/1] (0.00ns)   --->   "%tmp_39 = partselect i8 @_ssdm_op_PartSelect.i8.i128.i32.i32, i128 %p_Val2_load_1, i32 88, i32 95" [../hw-impl/src/pynqrypt.cpp:86]   --->   Operation 73 'partselect' 'tmp_39' <Predicate = (!icmp_ln48)> <Delay = 0.00>
ST_1 : Operation 74 [1/1] (0.00ns)   --->   "%shl_ln86_10 = bitconcatenate i11 @_ssdm_op_BitConcatenate.i11.i8.i3, i8 %tmp_39, i3 0" [../hw-impl/src/pynqrypt.cpp:86]   --->   Operation 74 'bitconcatenate' 'shl_ln86_10' <Predicate = (!icmp_ln48)> <Delay = 0.00>
ST_1 : Operation 75 [1/1] (0.00ns)   --->   "%zext_ln86_11 = zext i11 %shl_ln86_10" [../hw-impl/src/pynqrypt.cpp:86]   --->   Operation 75 'zext' 'zext_ln86_11' <Predicate = (!icmp_ln48)> <Delay = 0.00>
ST_1 : Operation 76 [1/1] (5.94ns)   --->   "%lshr_ln86_11 = lshr i2048 2869618975290639062594974519597816386035077209210385677284518162336985023502962151465775969507961862820568736543004676439868535775640188584098917533413284844376797297285941524888791401501466624530423689326528054213168201056672989590893583853414110162539122864583953358348775951166211353578440977400428507475679327181038682772945817200201960445064847785221508011893952350688324234443749897213621340677040612747745615276448919507935121141307752692835344166708617454322778699219895865633266409040561742768581056182730443599545881830075941537620590442514083341749674612746994879540562701631131184186066652929592955206755, i2048 %zext_ln86_11" [../hw-impl/src/pynqrypt.cpp:86]   --->   Operation 76 'lshr' 'lshr_ln86_11' <Predicate = (!icmp_ln48)> <Delay = 5.94> <CoreInst = "Shifter">   --->   Core 75 'Shifter' <Latency = 0> <II = 1> <Delay = 5.94> <FuncUnit> <Opcode : 'shl' 'lshr' 'ashr'> <InPorts = 2> <OutPorts = 1>
ST_1 : Operation 77 [1/1] (0.00ns)   --->   "%trunc_ln86_12 = trunc i2048 %lshr_ln86_11" [../hw-impl/src/pynqrypt.cpp:86]   --->   Operation 77 'trunc' 'trunc_ln86_12' <Predicate = (!icmp_ln48)> <Delay = 0.00>
ST_1 : Operation 78 [1/1] (0.00ns)   --->   "%tmp_40 = partselect i8 @_ssdm_op_PartSelect.i8.i128.i32.i32, i128 %p_Val2_load_1, i32 96, i32 103" [../hw-impl/src/pynqrypt.cpp:86]   --->   Operation 78 'partselect' 'tmp_40' <Predicate = (!icmp_ln48)> <Delay = 0.00>
ST_1 : Operation 79 [1/1] (0.00ns)   --->   "%shl_ln86_11 = bitconcatenate i11 @_ssdm_op_BitConcatenate.i11.i8.i3, i8 %tmp_40, i3 0" [../hw-impl/src/pynqrypt.cpp:86]   --->   Operation 79 'bitconcatenate' 'shl_ln86_11' <Predicate = (!icmp_ln48)> <Delay = 0.00>
ST_1 : Operation 80 [1/1] (0.00ns)   --->   "%zext_ln86_12 = zext i11 %shl_ln86_11" [../hw-impl/src/pynqrypt.cpp:86]   --->   Operation 80 'zext' 'zext_ln86_12' <Predicate = (!icmp_ln48)> <Delay = 0.00>
ST_1 : Operation 81 [1/1] (5.94ns)   --->   "%lshr_ln86_12 = lshr i2048 2869618975290639062594974519597816386035077209210385677284518162336985023502962151465775969507961862820568736543004676439868535775640188584098917533413284844376797297285941524888791401501466624530423689326528054213168201056672989590893583853414110162539122864583953358348775951166211353578440977400428507475679327181038682772945817200201960445064847785221508011893952350688324234443749897213621340677040612747745615276448919507935121141307752692835344166708617454322778699219895865633266409040561742768581056182730443599545881830075941537620590442514083341749674612746994879540562701631131184186066652929592955206755, i2048 %zext_ln86_12" [../hw-impl/src/pynqrypt.cpp:86]   --->   Operation 81 'lshr' 'lshr_ln86_12' <Predicate = (!icmp_ln48)> <Delay = 5.94> <CoreInst = "Shifter">   --->   Core 75 'Shifter' <Latency = 0> <II = 1> <Delay = 5.94> <FuncUnit> <Opcode : 'shl' 'lshr' 'ashr'> <InPorts = 2> <OutPorts = 1>
ST_1 : Operation 82 [1/1] (0.00ns)   --->   "%trunc_ln86_13 = trunc i2048 %lshr_ln86_12" [../hw-impl/src/pynqrypt.cpp:86]   --->   Operation 82 'trunc' 'trunc_ln86_13' <Predicate = (!icmp_ln48)> <Delay = 0.00>
ST_1 : Operation 83 [1/1] (0.00ns)   --->   "%tmp_41 = partselect i8 @_ssdm_op_PartSelect.i8.i128.i32.i32, i128 %p_Val2_load_1, i32 104, i32 111" [../hw-impl/src/pynqrypt.cpp:86]   --->   Operation 83 'partselect' 'tmp_41' <Predicate = (!icmp_ln48)> <Delay = 0.00>
ST_1 : Operation 84 [1/1] (0.00ns)   --->   "%shl_ln86_12 = bitconcatenate i11 @_ssdm_op_BitConcatenate.i11.i8.i3, i8 %tmp_41, i3 0" [../hw-impl/src/pynqrypt.cpp:86]   --->   Operation 84 'bitconcatenate' 'shl_ln86_12' <Predicate = (!icmp_ln48)> <Delay = 0.00>
ST_1 : Operation 85 [1/1] (0.00ns)   --->   "%zext_ln86_13 = zext i11 %shl_ln86_12" [../hw-impl/src/pynqrypt.cpp:86]   --->   Operation 85 'zext' 'zext_ln86_13' <Predicate = (!icmp_ln48)> <Delay = 0.00>
ST_1 : Operation 86 [1/1] (5.94ns)   --->   "%lshr_ln86_13 = lshr i2048 2869618975290639062594974519597816386035077209210385677284518162336985023502962151465775969507961862820568736543004676439868535775640188584098917533413284844376797297285941524888791401501466624530423689326528054213168201056672989590893583853414110162539122864583953358348775951166211353578440977400428507475679327181038682772945817200201960445064847785221508011893952350688324234443749897213621340677040612747745615276448919507935121141307752692835344166708617454322778699219895865633266409040561742768581056182730443599545881830075941537620590442514083341749674612746994879540562701631131184186066652929592955206755, i2048 %zext_ln86_13" [../hw-impl/src/pynqrypt.cpp:86]   --->   Operation 86 'lshr' 'lshr_ln86_13' <Predicate = (!icmp_ln48)> <Delay = 5.94> <CoreInst = "Shifter">   --->   Core 75 'Shifter' <Latency = 0> <II = 1> <Delay = 5.94> <FuncUnit> <Opcode : 'shl' 'lshr' 'ashr'> <InPorts = 2> <OutPorts = 1>
ST_1 : Operation 87 [1/1] (0.00ns)   --->   "%trunc_ln86_14 = trunc i2048 %lshr_ln86_13" [../hw-impl/src/pynqrypt.cpp:86]   --->   Operation 87 'trunc' 'trunc_ln86_14' <Predicate = (!icmp_ln48)> <Delay = 0.00>
ST_1 : Operation 88 [1/1] (0.00ns)   --->   "%tmp_42 = partselect i8 @_ssdm_op_PartSelect.i8.i128.i32.i32, i128 %p_Val2_load_1, i32 112, i32 119" [../hw-impl/src/pynqrypt.cpp:86]   --->   Operation 88 'partselect' 'tmp_42' <Predicate = (!icmp_ln48)> <Delay = 0.00>
ST_1 : Operation 89 [1/1] (0.00ns)   --->   "%shl_ln86_13 = bitconcatenate i11 @_ssdm_op_BitConcatenate.i11.i8.i3, i8 %tmp_42, i3 0" [../hw-impl/src/pynqrypt.cpp:86]   --->   Operation 89 'bitconcatenate' 'shl_ln86_13' <Predicate = (!icmp_ln48)> <Delay = 0.00>
ST_1 : Operation 90 [1/1] (0.00ns)   --->   "%zext_ln86_14 = zext i11 %shl_ln86_13" [../hw-impl/src/pynqrypt.cpp:86]   --->   Operation 90 'zext' 'zext_ln86_14' <Predicate = (!icmp_ln48)> <Delay = 0.00>
ST_1 : Operation 91 [1/1] (5.94ns)   --->   "%lshr_ln86_14 = lshr i2048 2869618975290639062594974519597816386035077209210385677284518162336985023502962151465775969507961862820568736543004676439868535775640188584098917533413284844376797297285941524888791401501466624530423689326528054213168201056672989590893583853414110162539122864583953358348775951166211353578440977400428507475679327181038682772945817200201960445064847785221508011893952350688324234443749897213621340677040612747745615276448919507935121141307752692835344166708617454322778699219895865633266409040561742768581056182730443599545881830075941537620590442514083341749674612746994879540562701631131184186066652929592955206755, i2048 %zext_ln86_14" [../hw-impl/src/pynqrypt.cpp:86]   --->   Operation 91 'lshr' 'lshr_ln86_14' <Predicate = (!icmp_ln48)> <Delay = 5.94> <CoreInst = "Shifter">   --->   Core 75 'Shifter' <Latency = 0> <II = 1> <Delay = 5.94> <FuncUnit> <Opcode : 'shl' 'lshr' 'ashr'> <InPorts = 2> <OutPorts = 1>
ST_1 : Operation 92 [1/1] (0.00ns)   --->   "%trunc_ln86_15 = trunc i2048 %lshr_ln86_14" [../hw-impl/src/pynqrypt.cpp:86]   --->   Operation 92 'trunc' 'trunc_ln86_15' <Predicate = (!icmp_ln48)> <Delay = 0.00>
ST_1 : Operation 93 [1/1] (0.00ns)   --->   "%tmp_43 = partselect i8 @_ssdm_op_PartSelect.i8.i128.i32.i32, i128 %p_Val2_load_1, i32 120, i32 127" [../hw-impl/src/pynqrypt.cpp:86]   --->   Operation 93 'partselect' 'tmp_43' <Predicate = (!icmp_ln48)> <Delay = 0.00>
ST_1 : Operation 94 [1/1] (0.00ns)   --->   "%shl_ln86_14 = bitconcatenate i11 @_ssdm_op_BitConcatenate.i11.i8.i3, i8 %tmp_43, i3 0" [../hw-impl/src/pynqrypt.cpp:86]   --->   Operation 94 'bitconcatenate' 'shl_ln86_14' <Predicate = (!icmp_ln48)> <Delay = 0.00>
ST_1 : Operation 95 [1/1] (0.00ns)   --->   "%zext_ln86_15 = zext i11 %shl_ln86_14" [../hw-impl/src/pynqrypt.cpp:86]   --->   Operation 95 'zext' 'zext_ln86_15' <Predicate = (!icmp_ln48)> <Delay = 0.00>
ST_1 : Operation 96 [1/1] (5.94ns)   --->   "%lshr_ln86_15 = lshr i2048 2869618975290639062594974519597816386035077209210385677284518162336985023502962151465775969507961862820568736543004676439868535775640188584098917533413284844376797297285941524888791401501466624530423689326528054213168201056672989590893583853414110162539122864583953358348775951166211353578440977400428507475679327181038682772945817200201960445064847785221508011893952350688324234443749897213621340677040612747745615276448919507935121141307752692835344166708617454322778699219895865633266409040561742768581056182730443599545881830075941537620590442514083341749674612746994879540562701631131184186066652929592955206755, i2048 %zext_ln86_15" [../hw-impl/src/pynqrypt.cpp:86]   --->   Operation 96 'lshr' 'lshr_ln86_15' <Predicate = (!icmp_ln48)> <Delay = 5.94> <CoreInst = "Shifter">   --->   Core 75 'Shifter' <Latency = 0> <II = 1> <Delay = 5.94> <FuncUnit> <Opcode : 'shl' 'lshr' 'ashr'> <InPorts = 2> <OutPorts = 1>
ST_1 : Operation 97 [1/1] (0.00ns)   --->   "%trunc_ln86_16 = trunc i2048 %lshr_ln86_15" [../hw-impl/src/pynqrypt.cpp:86]   --->   Operation 97 'trunc' 'trunc_ln86_16' <Predicate = (!icmp_ln48)> <Delay = 0.00>
ST_1 : Operation 98 [1/1] (0.00ns)   --->   "%this_round_keys_addr = getelementptr i128 %this_round_keys, i64 0, i64 %zext_ln48"   --->   Operation 98 'getelementptr' 'this_round_keys_addr' <Predicate = (!icmp_ln48)> <Delay = 0.00>
ST_1 : Operation 99 [2/2] (3.25ns)   --->   "%this_round_keys_load = load i4 %this_round_keys_addr"   --->   Operation 99 'load' 'this_round_keys_load' <Predicate = (!icmp_ln48)> <Delay = 3.25> <CoreInst = "RAM">   --->   Core 82 'RAM' <Latency = 1> <II = 1> <Delay = 3.25> <Storage> <Opcode : 'load' 'store'> <Ports = 2> <Width = 128> <Depth = 11> <RAM>
ST_1 : Operation 110 [1/1] (0.00ns)   --->   "%p_Val2_load = load i128 %p_Val2_s"   --->   Operation 110 'load' 'p_Val2_load' <Predicate = (icmp_ln48)> <Delay = 0.00>
ST_1 : Operation 111 [1/1] (0.00ns)   --->   "%write_ln0 = write void @_ssdm_op_Write.ap_auto.i128P0A, i128 %t_out, i128 %p_Val2_load"   --->   Operation 111 'write' 'write_ln0' <Predicate = (icmp_ln48)> <Delay = 0.00>
ST_1 : Operation 112 [1/1] (0.00ns)   --->   "%ret_ln0 = ret"   --->   Operation 112 'ret' 'ret_ln0' <Predicate = (icmp_ln48)> <Delay = 0.00>

State 2 <SV = 1> <Delay = 6.97>
ST_2 : Operation 100 [1/1] (0.00ns)   --->   "%p_Result_s = bitconcatenate i128 @_ssdm_op_BitConcatenate.i128.i8.i8.i8.i8.i8.i8.i8.i8.i8.i8.i8.i8.i8.i8.i8.i8, i8 %trunc_ln86_16, i8 %trunc_ln86_11, i8 %trunc_ln86_6, i8 %trunc_ln86_1, i8 %trunc_ln86_12, i8 %trunc_ln86_7, i8 %trunc_ln86_2, i8 %trunc_ln86_13, i8 %trunc_ln86_8, i8 %trunc_ln86_3, i8 %trunc_ln86_14, i8 %trunc_ln86_9, i8 %trunc_ln86_4, i8 %trunc_ln86_15, i8 %trunc_ln86_10, i8 %trunc_ln86_5"   --->   Operation 100 'bitconcatenate' 'p_Result_s' <Predicate = (!icmp_ln48)> <Delay = 0.00>
ST_2 : Operation 101 [1/1] (5.94ns)   --->   "%call_ret = call i128 @aes_mix_columns, i128 %p_Result_s" [../hw-impl/src/pynqrypt.cpp:52]   --->   Operation 101 'call' 'call_ret' <Predicate = (!icmp_ln48)> <Delay = 5.94> <CoreType = "Generic">   --->   Core 0 '' <Latency = 0> <II = 1> <Delay = 1.00> <Generic> <Opcode : >
ST_2 : Operation 102 [1/2] (3.25ns)   --->   "%this_round_keys_load = load i4 %this_round_keys_addr"   --->   Operation 102 'load' 'this_round_keys_load' <Predicate = (!icmp_ln48)> <Delay = 3.25> <CoreInst = "RAM">   --->   Core 82 'RAM' <Latency = 1> <II = 1> <Delay = 3.25> <Storage> <Opcode : 'load' 'store'> <Ports = 2> <Width = 128> <Depth = 11> <RAM>
ST_2 : Operation 103 [1/1] (1.03ns)   --->   "%xor_ln859_1 = xor i128 %this_round_keys_load, i128 %call_ret"   --->   Operation 103 'xor' 'xor_ln859_1' <Predicate = (!icmp_ln48)> <Delay = 1.03> <CoreInst = "LogicGate">   --->   Core 74 'LogicGate' <Latency = 0> <II = 1> <Delay = 1.03> <FuncUnit> <Opcode : 'and' 'or' 'xor'> <InPorts = 2> <OutPorts = 1>
ST_2 : Operation 104 [1/1] (1.73ns)   --->   "%add_ln48 = add i4 %i_3, i4 1" [../hw-impl/src/pynqrypt.cpp:48]   --->   Operation 104 'add' 'add_ln48' <Predicate = (!icmp_ln48)> <Delay = 1.73> <CoreInst = "Adder">   --->   Core 1 'Adder' <Latency = 0> <II = 1> <Delay = 1.73> <FuncUnit> <Opcode : 'add' 'sub'> <InPorts = 2> <OutPorts = 1>
ST_2 : Operation 105 [1/1] (1.58ns)   --->   "%store_ln48 = store i4 %add_ln48, i4 %i" [../hw-impl/src/pynqrypt.cpp:48]   --->   Operation 105 'store' 'store_ln48' <Predicate = (!icmp_ln48)> <Delay = 1.58>

State 3 <SV = 2> <Delay = 1.58>
ST_3 : Operation 106 [1/1] (0.00ns)   --->   "%specpipeline_ln49 = specpipeline void @_ssdm_op_SpecPipeline, i32 4294967295, i32 3, i32 0, i32 0, void @empty_0" [../hw-impl/src/pynqrypt.cpp:49]   --->   Operation 106 'specpipeline' 'specpipeline_ln49' <Predicate = true> <Delay = 0.00>
ST_3 : Operation 107 [1/1] (0.00ns)   --->   "%specloopname_ln48 = specloopname void @_ssdm_op_SpecLoopName, void @empty_14" [../hw-impl/src/pynqrypt.cpp:48]   --->   Operation 107 'specloopname' 'specloopname_ln48' <Predicate = true> <Delay = 0.00>
ST_3 : Operation 108 [1/1] (1.58ns)   --->   "%store_ln48 = store i128 %xor_ln859_1, i128 %p_Val2_s" [../hw-impl/src/pynqrypt.cpp:48]   --->   Operation 108 'store' 'store_ln48' <Predicate = true> <Delay = 1.58>
ST_3 : Operation 109 [1/1] (0.00ns)   --->   "%br_ln48 = br void %for.inc" [../hw-impl/src/pynqrypt.cpp:48]   --->   Operation 109 'br' 'br_ln48' <Predicate = true> <Delay = 0.00>


============================================================
+ Verbose Summary: Timing violations
============================================================
Target clock period: 10ns, clock uncertainty: 2.7ns.

 <State 1>: 5.94ns
The critical path consists of the following:
	'alloca' operation ('__Val2__') [4]  (0 ns)
	'load' operation ('p_Val2_load_1', ../hw-impl/src/pynqrypt.cpp:86) on local variable '__Val2__' [16]  (0 ns)
	'lshr' operation ('lshr_ln86', ../hw-impl/src/pynqrypt.cpp:86) [23]  (5.94 ns)

 <State 2>: 6.98ns
The critical path consists of the following:
	'call' operation ('call_ret', ../hw-impl/src/pynqrypt.cpp:52) to 'aes_mix_columns' [101]  (5.94 ns)
	'xor' operation ('xor_ln859_1') [104]  (1.03 ns)

 <State 3>: 1.59ns
The critical path consists of the following:
	'store' operation ('store_ln48', ../hw-impl/src/pynqrypt.cpp:48) of variable 'xor_ln859_1' on local variable '__Val2__' [107]  (1.59 ns)


============================================================
+ Verbose Summary: Binding
============================================================
N/A
* FSMD analyzer results:
  - Output states:
 - Input state : 
  - Chain level:
	State 1
	State 2
	State 3


============================================================
+ Verbose Summary: Datapath Resource usage 
============================================================
N/A
