

================================================================
== Vitis HLS Report for 'aes_encrypt_block'
================================================================
* Date:           Tue Dec 13 20:52:11 2022

* Version:        2022.2 (Build 3670227 on Oct 13 2022)
* Project:        pynqrypt
* Solution:       pynqrypt (Vivado IP Flow Target)
* Product family: zynq
* Target device:  xc7z020i-clg400-1L


================================================================
== Performance Estimates
================================================================
+ Timing: 
    * Summary: 
    +--------+----------+----------+------------+
    |  Clock |  Target  | Estimated| Uncertainty|
    +--------+----------+----------+------------+
    |ap_clk  |  10.00 ns|  7.532 ns|     2.70 ns|
    +--------+----------+----------+------------+

+ Latency: 
    * Summary: 
    +---------+---------+----------+----------+-----+-----+---------+
    |  Latency (cycles) |  Latency (absolute) |  Interval | Pipeline|
    |   min   |   max   |    min   |    max   | min | max |   Type  |
    +---------+---------+----------+----------+-----+-----+---------+
    |       26|       26|  0.260 us|  0.260 us|   26|   26|       no|
    +---------+---------+----------+----------+-----+-----+---------+

    + Detail: 
        * Instance: 
        N/A

        * Loop: 
        N/A

============================================================
+ Verbose Summary: Synthesis Manager
============================================================
InlineROM: 1
ExposeGlobal: 0
============================================================
+ Verbose Summary: CDFG Model
============================================================
IsTopModel: 0
ResetActiveHigh: 1
IsCombinational: 2
IsDatapathOnly: 0
HasWiredReturn: 1
HasMFsm: 0
HasVarLatency: 1
IsPipeline: 0
IsRtlPipelined: 0
IsInstanceOverlapped: 0
IsDontTouch: 0
HasImplIP: 0
IsGatedGlobalClock: 0


============================================================
+ Verbose Summary: Schedule
============================================================
* Number of FSM states : 7
* Pipeline : 0
* Dataflow Pipeline: 0

* FSM state transitions: 
1 --> 2 
2 --> 3 
3 --> 4 
4 --> 5 
5 --> 6 
6 --> 7 
7 --> 

* FSM state operations: 

State 1 <SV = 0> <Delay = 3.25>
ST_1 : Operation 8 [1/1] (0.00ns)   --->   "%t_loc = alloca i64 1"   --->   Operation 8 'alloca' 't_loc' <Predicate = true> <Delay = 0.00>
ST_1 : Operation 9 [1/1] (0.00ns)   --->   "%this_round_keys_addr = getelementptr i128 %this_round_keys, i64 0, i64 0"   --->   Operation 9 'getelementptr' 'this_round_keys_addr' <Predicate = true> <Delay = 0.00>
ST_1 : Operation 10 [2/2] (3.25ns)   --->   "%this_round_keys_load = load i4 %this_round_keys_addr"   --->   Operation 10 'load' 'this_round_keys_load' <Predicate = true> <Delay = 3.25> <CoreInst = "RAM">   --->   Core 82 'RAM' <Latency = 1> <II = 1> <Delay = 3.25> <Storage> <Opcode : 'load' 'store'> <Ports = 2> <Width = 128> <Depth = 11> <RAM>

State 2 <SV = 1> <Delay = 4.66>
ST_2 : Operation 11 [1/1] (3.63ns)   --->   "%p_read15 = read i128 @_ssdm_op_Read.ap_auto.i128, i128 %p_read"   --->   Operation 11 'read' 'p_read15' <Predicate = true> <Delay = 3.63> <CoreInst = "FIFO_SRL">   --->   Core 81 'FIFO_SRL' <Latency = 0> <II = 1> <Delay = 3.63> <Storage> <Opcode : 'read' 'write' 'nbread' 'nbwrite'> <Ports = 0> <Width = -1> <Depth = -1> <FIFO>
ST_2 : Operation 12 [1/2] (3.25ns)   --->   "%this_round_keys_load = load i4 %this_round_keys_addr"   --->   Operation 12 'load' 'this_round_keys_load' <Predicate = true> <Delay = 3.25> <CoreInst = "RAM">   --->   Core 82 'RAM' <Latency = 1> <II = 1> <Delay = 3.25> <Storage> <Opcode : 'load' 'store'> <Ports = 2> <Width = 128> <Depth = 11> <RAM>
ST_2 : Operation 13 [1/1] (1.03ns)   --->   "%xor_ln859 = xor i128 %this_round_keys_load, i128 %p_read15"   --->   Operation 13 'xor' 'xor_ln859' <Predicate = true> <Delay = 1.03> <CoreInst = "LogicGate">   --->   Core 74 'LogicGate' <Latency = 0> <II = 1> <Delay = 1.03> <FuncUnit> <Opcode : 'and' 'or' 'xor'> <InPorts = 2> <OutPorts = 1>

State 3 <SV = 2> <Delay = 7.53>
ST_3 : Operation 14 [2/2] (7.53ns)   --->   "%call_ln859 = call void @aes_encrypt_block_Pipeline_loop_aes_encrypt_block, i128 %xor_ln859, i128 %this_round_keys, i128 %t_loc"   --->   Operation 14 'call' 'call_ln859' <Predicate = true> <Delay = 7.53> <CoreType = "Generic">   --->   Core 0 '' <Latency = 0> <II = 1> <Delay = 1.00> <Generic> <Opcode : >

State 4 <SV = 3> <Delay = 2.89>
ST_4 : Operation 15 [1/2] (2.89ns)   --->   "%call_ln859 = call void @aes_encrypt_block_Pipeline_loop_aes_encrypt_block, i128 %xor_ln859, i128 %this_round_keys, i128 %t_loc"   --->   Operation 15 'call' 'call_ln859' <Predicate = true> <Delay = 2.89> <CoreType = "Generic">   --->   Core 0 '' <Latency = 0> <II = 1> <Delay = 1.00> <Generic> <Opcode : >

State 5 <SV = 4> <Delay = 3.25>
ST_5 : Operation 16 [1/1] (0.00ns)   --->   "%this_round_keys_addr_1 = getelementptr i128 %this_round_keys, i64 0, i64 10" [../hw-impl/src/pynqrypt.cpp:78]   --->   Operation 16 'getelementptr' 'this_round_keys_addr_1' <Predicate = true> <Delay = 0.00>
ST_5 : Operation 17 [2/2] (3.25ns)   --->   "%rhs_V = load i4 %this_round_keys_addr_1"   --->   Operation 17 'load' 'rhs_V' <Predicate = true> <Delay = 3.25> <CoreInst = "RAM">   --->   Core 82 'RAM' <Latency = 1> <II = 1> <Delay = 3.25> <Storage> <Opcode : 'load' 'store'> <Ports = 2> <Width = 128> <Depth = 11> <RAM>

State 6 <SV = 5> <Delay = 3.25>
ST_6 : Operation 18 [1/2] (3.25ns)   --->   "%rhs_V = load i4 %this_round_keys_addr_1"   --->   Operation 18 'load' 'rhs_V' <Predicate = true> <Delay = 3.25> <CoreInst = "RAM">   --->   Core 82 'RAM' <Latency = 1> <II = 1> <Delay = 3.25> <Storage> <Opcode : 'load' 'store'> <Ports = 2> <Width = 128> <Depth = 11> <RAM>

State 7 <SV = 6> <Delay = 5.94>
ST_7 : Operation 19 [1/1] (0.00ns)   --->   "%t_loc_load = load i128 %t_loc"   --->   Operation 19 'load' 't_loc_load' <Predicate = true> <Delay = 0.00>
ST_7 : Operation 20 [1/1] (0.00ns) (grouped into LUT with out node ret_V)   --->   "%tmp = partselect i8 @_ssdm_op_PartSelect.i8.i128.i32.i32, i128 %t_loc_load, i32 120, i32 127" [../hw-impl/src/pynqrypt.cpp:58]   --->   Operation 20 'partselect' 'tmp' <Predicate = true> <Delay = 0.00>
ST_7 : Operation 21 [1/1] (0.00ns) (grouped into LUT with out node ret_V)   --->   "%shl_ln = bitconcatenate i11 @_ssdm_op_BitConcatenate.i11.i8.i3, i8 %tmp, i3 0" [../hw-impl/src/pynqrypt.cpp:58]   --->   Operation 21 'bitconcatenate' 'shl_ln' <Predicate = true> <Delay = 0.00>
ST_7 : Operation 22 [1/1] (0.00ns) (grouped into LUT with out node ret_V)   --->   "%zext_ln58 = zext i11 %shl_ln" [../hw-impl/src/pynqrypt.cpp:58]   --->   Operation 22 'zext' 'zext_ln58' <Predicate = true> <Delay = 0.00>
ST_7 : Operation 23 [1/1] (0.00ns) (grouped into LUT with out node ret_V)   --->   "%lshr_ln58 = lshr i2048 2869618975290639062594974519597816386035077209210385677284518162336985023502962151465775969507961862820568736543004676439868535775640188584098917533413284844376797297285941524888791401501466624530423689326528054213168201056672989590893583853414110162539122864583953358348775951166211353578440977400428507475679327181038682772945817200201960445064847785221508011893952350688324234443749897213621340677040612747745615276448919507935121141307752692835344166708617454322778699219895865633266409040561742768581056182730443599545881830075941537620590442514083341749674612746994879540562701631131184186066652929592955206755, i2048 %zext_ln58" [../hw-impl/src/pynqrypt.cpp:58]   --->   Operation 23 'lshr' 'lshr_ln58' <Predicate = true> <Delay = 0.00> <CoreInst = "Shifter">   --->   Core 75 'Shifter' <Latency = 0> <II = 1> <Delay = 5.94> <FuncUnit> <Opcode : 'shl' 'lshr' 'ashr'> <InPorts = 2> <OutPorts = 1>
ST_7 : Operation 24 [1/1] (0.00ns) (grouped into LUT with out node ret_V)   --->   "%trunc_ln58 = trunc i2048 %lshr_ln58" [../hw-impl/src/pynqrypt.cpp:58]   --->   Operation 24 'trunc' 'trunc_ln58' <Predicate = true> <Delay = 0.00>
ST_7 : Operation 25 [1/1] (0.00ns) (grouped into LUT with out node ret_V)   --->   "%tmp_36 = partselect i8 @_ssdm_op_PartSelect.i8.i128.i32.i32, i128 %t_loc_load, i32 80, i32 87" [../hw-impl/src/pynqrypt.cpp:59]   --->   Operation 25 'partselect' 'tmp_36' <Predicate = true> <Delay = 0.00>
ST_7 : Operation 26 [1/1] (0.00ns) (grouped into LUT with out node ret_V)   --->   "%shl_ln6 = bitconcatenate i11 @_ssdm_op_BitConcatenate.i11.i8.i3, i8 %tmp_36, i3 0" [../hw-impl/src/pynqrypt.cpp:59]   --->   Operation 26 'bitconcatenate' 'shl_ln6' <Predicate = true> <Delay = 0.00>
ST_7 : Operation 27 [1/1] (0.00ns) (grouped into LUT with out node ret_V)   --->   "%zext_ln59 = zext i11 %shl_ln6" [../hw-impl/src/pynqrypt.cpp:59]   --->   Operation 27 'zext' 'zext_ln59' <Predicate = true> <Delay = 0.00>
ST_7 : Operation 28 [1/1] (0.00ns) (grouped into LUT with out node ret_V)   --->   "%lshr_ln59 = lshr i2048 2869618975290639062594974519597816386035077209210385677284518162336985023502962151465775969507961862820568736543004676439868535775640188584098917533413284844376797297285941524888791401501466624530423689326528054213168201056672989590893583853414110162539122864583953358348775951166211353578440977400428507475679327181038682772945817200201960445064847785221508011893952350688324234443749897213621340677040612747745615276448919507935121141307752692835344166708617454322778699219895865633266409040561742768581056182730443599545881830075941537620590442514083341749674612746994879540562701631131184186066652929592955206755, i2048 %zext_ln59" [../hw-impl/src/pynqrypt.cpp:59]   --->   Operation 28 'lshr' 'lshr_ln59' <Predicate = true> <Delay = 0.00> <CoreInst = "Shifter">   --->   Core 75 'Shifter' <Latency = 0> <II = 1> <Delay = 5.94> <FuncUnit> <Opcode : 'shl' 'lshr' 'ashr'> <InPorts = 2> <OutPorts = 1>
ST_7 : Operation 29 [1/1] (0.00ns) (grouped into LUT with out node ret_V)   --->   "%trunc_ln59 = trunc i2048 %lshr_ln59" [../hw-impl/src/pynqrypt.cpp:59]   --->   Operation 29 'trunc' 'trunc_ln59' <Predicate = true> <Delay = 0.00>
ST_7 : Operation 30 [1/1] (0.00ns) (grouped into LUT with out node ret_V)   --->   "%tmp_38 = partselect i8 @_ssdm_op_PartSelect.i8.i128.i32.i32, i128 %t_loc_load, i32 40, i32 47" [../hw-impl/src/pynqrypt.cpp:60]   --->   Operation 30 'partselect' 'tmp_38' <Predicate = true> <Delay = 0.00>
ST_7 : Operation 31 [1/1] (0.00ns) (grouped into LUT with out node ret_V)   --->   "%shl_ln7 = bitconcatenate i11 @_ssdm_op_BitConcatenate.i11.i8.i3, i8 %tmp_38, i3 0" [../hw-impl/src/pynqrypt.cpp:60]   --->   Operation 31 'bitconcatenate' 'shl_ln7' <Predicate = true> <Delay = 0.00>
ST_7 : Operation 32 [1/1] (0.00ns) (grouped into LUT with out node ret_V)   --->   "%zext_ln60 = zext i11 %shl_ln7" [../hw-impl/src/pynqrypt.cpp:60]   --->   Operation 32 'zext' 'zext_ln60' <Predicate = true> <Delay = 0.00>
ST_7 : Operation 33 [1/1] (0.00ns) (grouped into LUT with out node ret_V)   --->   "%lshr_ln60 = lshr i2048 2869618975290639062594974519597816386035077209210385677284518162336985023502962151465775969507961862820568736543004676439868535775640188584098917533413284844376797297285941524888791401501466624530423689326528054213168201056672989590893583853414110162539122864583953358348775951166211353578440977400428507475679327181038682772945817200201960445064847785221508011893952350688324234443749897213621340677040612747745615276448919507935121141307752692835344166708617454322778699219895865633266409040561742768581056182730443599545881830075941537620590442514083341749674612746994879540562701631131184186066652929592955206755, i2048 %zext_ln60" [../hw-impl/src/pynqrypt.cpp:60]   --->   Operation 33 'lshr' 'lshr_ln60' <Predicate = true> <Delay = 0.00> <CoreInst = "Shifter">   --->   Core 75 'Shifter' <Latency = 0> <II = 1> <Delay = 5.94> <FuncUnit> <Opcode : 'shl' 'lshr' 'ashr'> <InPorts = 2> <OutPorts = 1>
ST_7 : Operation 34 [1/1] (0.00ns) (grouped into LUT with out node ret_V)   --->   "%trunc_ln60 = trunc i2048 %lshr_ln60" [../hw-impl/src/pynqrypt.cpp:60]   --->   Operation 34 'trunc' 'trunc_ln60' <Predicate = true> <Delay = 0.00>
ST_7 : Operation 35 [1/1] (0.00ns) (grouped into LUT with out node ret_V)   --->   "%trunc_ln61 = trunc i128 %t_loc_load" [../hw-impl/src/pynqrypt.cpp:61]   --->   Operation 35 'trunc' 'trunc_ln61' <Predicate = true> <Delay = 0.00>
ST_7 : Operation 36 [1/1] (0.00ns) (grouped into LUT with out node ret_V)   --->   "%shl_ln8 = bitconcatenate i11 @_ssdm_op_BitConcatenate.i11.i8.i3, i8 %trunc_ln61, i3 0" [../hw-impl/src/pynqrypt.cpp:61]   --->   Operation 36 'bitconcatenate' 'shl_ln8' <Predicate = true> <Delay = 0.00>
ST_7 : Operation 37 [1/1] (0.00ns) (grouped into LUT with out node ret_V)   --->   "%zext_ln61 = zext i11 %shl_ln8" [../hw-impl/src/pynqrypt.cpp:61]   --->   Operation 37 'zext' 'zext_ln61' <Predicate = true> <Delay = 0.00>
ST_7 : Operation 38 [1/1] (0.00ns) (grouped into LUT with out node ret_V)   --->   "%lshr_ln61 = lshr i2048 2869618975290639062594974519597816386035077209210385677284518162336985023502962151465775969507961862820568736543004676439868535775640188584098917533413284844376797297285941524888791401501466624530423689326528054213168201056672989590893583853414110162539122864583953358348775951166211353578440977400428507475679327181038682772945817200201960445064847785221508011893952350688324234443749897213621340677040612747745615276448919507935121141307752692835344166708617454322778699219895865633266409040561742768581056182730443599545881830075941537620590442514083341749674612746994879540562701631131184186066652929592955206755, i2048 %zext_ln61" [../hw-impl/src/pynqrypt.cpp:61]   --->   Operation 38 'lshr' 'lshr_ln61' <Predicate = true> <Delay = 0.00> <CoreInst = "Shifter">   --->   Core 75 'Shifter' <Latency = 0> <II = 1> <Delay = 5.94> <FuncUnit> <Opcode : 'shl' 'lshr' 'ashr'> <InPorts = 2> <OutPorts = 1>
ST_7 : Operation 39 [1/1] (0.00ns) (grouped into LUT with out node ret_V)   --->   "%trunc_ln61_1 = trunc i2048 %lshr_ln61" [../hw-impl/src/pynqrypt.cpp:61]   --->   Operation 39 'trunc' 'trunc_ln61_1' <Predicate = true> <Delay = 0.00>
ST_7 : Operation 40 [1/1] (0.00ns) (grouped into LUT with out node ret_V)   --->   "%tmp_42 = partselect i8 @_ssdm_op_PartSelect.i8.i128.i32.i32, i128 %t_loc_load, i32 88, i32 95" [../hw-impl/src/pynqrypt.cpp:63]   --->   Operation 40 'partselect' 'tmp_42' <Predicate = true> <Delay = 0.00>
ST_7 : Operation 41 [1/1] (0.00ns) (grouped into LUT with out node ret_V)   --->   "%shl_ln9 = bitconcatenate i11 @_ssdm_op_BitConcatenate.i11.i8.i3, i8 %tmp_42, i3 0" [../hw-impl/src/pynqrypt.cpp:63]   --->   Operation 41 'bitconcatenate' 'shl_ln9' <Predicate = true> <Delay = 0.00>
ST_7 : Operation 42 [1/1] (0.00ns) (grouped into LUT with out node ret_V)   --->   "%zext_ln63 = zext i11 %shl_ln9" [../hw-impl/src/pynqrypt.cpp:63]   --->   Operation 42 'zext' 'zext_ln63' <Predicate = true> <Delay = 0.00>
ST_7 : Operation 43 [1/1] (0.00ns) (grouped into LUT with out node ret_V)   --->   "%lshr_ln63 = lshr i2048 2869618975290639062594974519597816386035077209210385677284518162336985023502962151465775969507961862820568736543004676439868535775640188584098917533413284844376797297285941524888791401501466624530423689326528054213168201056672989590893583853414110162539122864583953358348775951166211353578440977400428507475679327181038682772945817200201960445064847785221508011893952350688324234443749897213621340677040612747745615276448919507935121141307752692835344166708617454322778699219895865633266409040561742768581056182730443599545881830075941537620590442514083341749674612746994879540562701631131184186066652929592955206755, i2048 %zext_ln63" [../hw-impl/src/pynqrypt.cpp:63]   --->   Operation 43 'lshr' 'lshr_ln63' <Predicate = true> <Delay = 0.00> <CoreInst = "Shifter">   --->   Core 75 'Shifter' <Latency = 0> <II = 1> <Delay = 5.94> <FuncUnit> <Opcode : 'shl' 'lshr' 'ashr'> <InPorts = 2> <OutPorts = 1>
ST_7 : Operation 44 [1/1] (0.00ns) (grouped into LUT with out node ret_V)   --->   "%trunc_ln63 = trunc i2048 %lshr_ln63" [../hw-impl/src/pynqrypt.cpp:63]   --->   Operation 44 'trunc' 'trunc_ln63' <Predicate = true> <Delay = 0.00>
ST_7 : Operation 45 [1/1] (0.00ns) (grouped into LUT with out node ret_V)   --->   "%tmp_s = partselect i8 @_ssdm_op_PartSelect.i8.i128.i32.i32, i128 %t_loc_load, i32 48, i32 55" [../hw-impl/src/pynqrypt.cpp:64]   --->   Operation 45 'partselect' 'tmp_s' <Predicate = true> <Delay = 0.00>
ST_7 : Operation 46 [1/1] (0.00ns) (grouped into LUT with out node ret_V)   --->   "%shl_ln1 = bitconcatenate i11 @_ssdm_op_BitConcatenate.i11.i8.i3, i8 %tmp_s, i3 0" [../hw-impl/src/pynqrypt.cpp:64]   --->   Operation 46 'bitconcatenate' 'shl_ln1' <Predicate = true> <Delay = 0.00>
ST_7 : Operation 47 [1/1] (0.00ns) (grouped into LUT with out node ret_V)   --->   "%zext_ln64 = zext i11 %shl_ln1" [../hw-impl/src/pynqrypt.cpp:64]   --->   Operation 47 'zext' 'zext_ln64' <Predicate = true> <Delay = 0.00>
ST_7 : Operation 48 [1/1] (0.00ns) (grouped into LUT with out node ret_V)   --->   "%lshr_ln64 = lshr i2048 2869618975290639062594974519597816386035077209210385677284518162336985023502962151465775969507961862820568736543004676439868535775640188584098917533413284844376797297285941524888791401501466624530423689326528054213168201056672989590893583853414110162539122864583953358348775951166211353578440977400428507475679327181038682772945817200201960445064847785221508011893952350688324234443749897213621340677040612747745615276448919507935121141307752692835344166708617454322778699219895865633266409040561742768581056182730443599545881830075941537620590442514083341749674612746994879540562701631131184186066652929592955206755, i2048 %zext_ln64" [../hw-impl/src/pynqrypt.cpp:64]   --->   Operation 48 'lshr' 'lshr_ln64' <Predicate = true> <Delay = 0.00> <CoreInst = "Shifter">   --->   Core 75 'Shifter' <Latency = 0> <II = 1> <Delay = 5.94> <FuncUnit> <Opcode : 'shl' 'lshr' 'ashr'> <InPorts = 2> <OutPorts = 1>
ST_7 : Operation 49 [1/1] (0.00ns) (grouped into LUT with out node ret_V)   --->   "%trunc_ln64 = trunc i2048 %lshr_ln64" [../hw-impl/src/pynqrypt.cpp:64]   --->   Operation 49 'trunc' 'trunc_ln64' <Predicate = true> <Delay = 0.00>
ST_7 : Operation 50 [1/1] (0.00ns) (grouped into LUT with out node ret_V)   --->   "%tmp_44 = partselect i8 @_ssdm_op_PartSelect.i8.i128.i32.i32, i128 %t_loc_load, i32 8, i32 15" [../hw-impl/src/pynqrypt.cpp:65]   --->   Operation 50 'partselect' 'tmp_44' <Predicate = true> <Delay = 0.00>
ST_7 : Operation 51 [1/1] (0.00ns) (grouped into LUT with out node ret_V)   --->   "%shl_ln2 = bitconcatenate i11 @_ssdm_op_BitConcatenate.i11.i8.i3, i8 %tmp_44, i3 0" [../hw-impl/src/pynqrypt.cpp:65]   --->   Operation 51 'bitconcatenate' 'shl_ln2' <Predicate = true> <Delay = 0.00>
ST_7 : Operation 52 [1/1] (0.00ns) (grouped into LUT with out node ret_V)   --->   "%zext_ln65 = zext i11 %shl_ln2" [../hw-impl/src/pynqrypt.cpp:65]   --->   Operation 52 'zext' 'zext_ln65' <Predicate = true> <Delay = 0.00>
ST_7 : Operation 53 [1/1] (0.00ns) (grouped into LUT with out node ret_V)   --->   "%lshr_ln65 = lshr i2048 2869618975290639062594974519597816386035077209210385677284518162336985023502962151465775969507961862820568736543004676439868535775640188584098917533413284844376797297285941524888791401501466624530423689326528054213168201056672989590893583853414110162539122864583953358348775951166211353578440977400428507475679327181038682772945817200201960445064847785221508011893952350688324234443749897213621340677040612747745615276448919507935121141307752692835344166708617454322778699219895865633266409040561742768581056182730443599545881830075941537620590442514083341749674612746994879540562701631131184186066652929592955206755, i2048 %zext_ln65" [../hw-impl/src/pynqrypt.cpp:65]   --->   Operation 53 'lshr' 'lshr_ln65' <Predicate = true> <Delay = 0.00> <CoreInst = "Shifter">   --->   Core 75 'Shifter' <Latency = 0> <II = 1> <Delay = 5.94> <FuncUnit> <Opcode : 'shl' 'lshr' 'ashr'> <InPorts = 2> <OutPorts = 1>
ST_7 : Operation 54 [1/1] (0.00ns) (grouped into LUT with out node ret_V)   --->   "%trunc_ln65 = trunc i2048 %lshr_ln65" [../hw-impl/src/pynqrypt.cpp:65]   --->   Operation 54 'trunc' 'trunc_ln65' <Predicate = true> <Delay = 0.00>
ST_7 : Operation 55 [1/1] (0.00ns) (grouped into LUT with out node ret_V)   --->   "%tmp_45 = partselect i8 @_ssdm_op_PartSelect.i8.i128.i32.i32, i128 %t_loc_load, i32 96, i32 103" [../hw-impl/src/pynqrypt.cpp:66]   --->   Operation 55 'partselect' 'tmp_45' <Predicate = true> <Delay = 0.00>
ST_7 : Operation 56 [1/1] (0.00ns) (grouped into LUT with out node ret_V)   --->   "%shl_ln3 = bitconcatenate i11 @_ssdm_op_BitConcatenate.i11.i8.i3, i8 %tmp_45, i3 0" [../hw-impl/src/pynqrypt.cpp:66]   --->   Operation 56 'bitconcatenate' 'shl_ln3' <Predicate = true> <Delay = 0.00>
ST_7 : Operation 57 [1/1] (0.00ns) (grouped into LUT with out node ret_V)   --->   "%zext_ln66 = zext i11 %shl_ln3" [../hw-impl/src/pynqrypt.cpp:66]   --->   Operation 57 'zext' 'zext_ln66' <Predicate = true> <Delay = 0.00>
ST_7 : Operation 58 [1/1] (0.00ns) (grouped into LUT with out node ret_V)   --->   "%lshr_ln66 = lshr i2048 2869618975290639062594974519597816386035077209210385677284518162336985023502962151465775969507961862820568736543004676439868535775640188584098917533413284844376797297285941524888791401501466624530423689326528054213168201056672989590893583853414110162539122864583953358348775951166211353578440977400428507475679327181038682772945817200201960445064847785221508011893952350688324234443749897213621340677040612747745615276448919507935121141307752692835344166708617454322778699219895865633266409040561742768581056182730443599545881830075941537620590442514083341749674612746994879540562701631131184186066652929592955206755, i2048 %zext_ln66" [../hw-impl/src/pynqrypt.cpp:66]   --->   Operation 58 'lshr' 'lshr_ln66' <Predicate = true> <Delay = 0.00> <CoreInst = "Shifter">   --->   Core 75 'Shifter' <Latency = 0> <II = 1> <Delay = 5.94> <FuncUnit> <Opcode : 'shl' 'lshr' 'ashr'> <InPorts = 2> <OutPorts = 1>
ST_7 : Operation 59 [1/1] (0.00ns) (grouped into LUT with out node ret_V)   --->   "%trunc_ln66 = trunc i2048 %lshr_ln66" [../hw-impl/src/pynqrypt.cpp:66]   --->   Operation 59 'trunc' 'trunc_ln66' <Predicate = true> <Delay = 0.00>
ST_7 : Operation 60 [1/1] (0.00ns) (grouped into LUT with out node ret_V)   --->   "%tmp_46 = partselect i8 @_ssdm_op_PartSelect.i8.i128.i32.i32, i128 %t_loc_load, i32 56, i32 63" [../hw-impl/src/pynqrypt.cpp:68]   --->   Operation 60 'partselect' 'tmp_46' <Predicate = true> <Delay = 0.00>
ST_7 : Operation 61 [1/1] (0.00ns) (grouped into LUT with out node ret_V)   --->   "%shl_ln4 = bitconcatenate i11 @_ssdm_op_BitConcatenate.i11.i8.i3, i8 %tmp_46, i3 0" [../hw-impl/src/pynqrypt.cpp:68]   --->   Operation 61 'bitconcatenate' 'shl_ln4' <Predicate = true> <Delay = 0.00>
ST_7 : Operation 62 [1/1] (0.00ns) (grouped into LUT with out node ret_V)   --->   "%zext_ln68 = zext i11 %shl_ln4" [../hw-impl/src/pynqrypt.cpp:68]   --->   Operation 62 'zext' 'zext_ln68' <Predicate = true> <Delay = 0.00>
ST_7 : Operation 63 [1/1] (0.00ns) (grouped into LUT with out node ret_V)   --->   "%lshr_ln68 = lshr i2048 2869618975290639062594974519597816386035077209210385677284518162336985023502962151465775969507961862820568736543004676439868535775640188584098917533413284844376797297285941524888791401501466624530423689326528054213168201056672989590893583853414110162539122864583953358348775951166211353578440977400428507475679327181038682772945817200201960445064847785221508011893952350688324234443749897213621340677040612747745615276448919507935121141307752692835344166708617454322778699219895865633266409040561742768581056182730443599545881830075941537620590442514083341749674612746994879540562701631131184186066652929592955206755, i2048 %zext_ln68" [../hw-impl/src/pynqrypt.cpp:68]   --->   Operation 63 'lshr' 'lshr_ln68' <Predicate = true> <Delay = 0.00> <CoreInst = "Shifter">   --->   Core 75 'Shifter' <Latency = 0> <II = 1> <Delay = 5.94> <FuncUnit> <Opcode : 'shl' 'lshr' 'ashr'> <InPorts = 2> <OutPorts = 1>
ST_7 : Operation 64 [1/1] (0.00ns) (grouped into LUT with out node ret_V)   --->   "%trunc_ln68 = trunc i2048 %lshr_ln68" [../hw-impl/src/pynqrypt.cpp:68]   --->   Operation 64 'trunc' 'trunc_ln68' <Predicate = true> <Delay = 0.00>
ST_7 : Operation 65 [1/1] (0.00ns) (grouped into LUT with out node ret_V)   --->   "%tmp_47 = partselect i8 @_ssdm_op_PartSelect.i8.i128.i32.i32, i128 %t_loc_load, i32 16, i32 23" [../hw-impl/src/pynqrypt.cpp:69]   --->   Operation 65 'partselect' 'tmp_47' <Predicate = true> <Delay = 0.00>
ST_7 : Operation 66 [1/1] (0.00ns) (grouped into LUT with out node ret_V)   --->   "%shl_ln5 = bitconcatenate i11 @_ssdm_op_BitConcatenate.i11.i8.i3, i8 %tmp_47, i3 0" [../hw-impl/src/pynqrypt.cpp:69]   --->   Operation 66 'bitconcatenate' 'shl_ln5' <Predicate = true> <Delay = 0.00>
ST_7 : Operation 67 [1/1] (0.00ns) (grouped into LUT with out node ret_V)   --->   "%zext_ln69 = zext i11 %shl_ln5" [../hw-impl/src/pynqrypt.cpp:69]   --->   Operation 67 'zext' 'zext_ln69' <Predicate = true> <Delay = 0.00>
ST_7 : Operation 68 [1/1] (0.00ns) (grouped into LUT with out node ret_V)   --->   "%lshr_ln69 = lshr i2048 2869618975290639062594974519597816386035077209210385677284518162336985023502962151465775969507961862820568736543004676439868535775640188584098917533413284844376797297285941524888791401501466624530423689326528054213168201056672989590893583853414110162539122864583953358348775951166211353578440977400428507475679327181038682772945817200201960445064847785221508011893952350688324234443749897213621340677040612747745615276448919507935121141307752692835344166708617454322778699219895865633266409040561742768581056182730443599545881830075941537620590442514083341749674612746994879540562701631131184186066652929592955206755, i2048 %zext_ln69" [../hw-impl/src/pynqrypt.cpp:69]   --->   Operation 68 'lshr' 'lshr_ln69' <Predicate = true> <Delay = 0.00> <CoreInst = "Shifter">   --->   Core 75 'Shifter' <Latency = 0> <II = 1> <Delay = 5.94> <FuncUnit> <Opcode : 'shl' 'lshr' 'ashr'> <InPorts = 2> <OutPorts = 1>
ST_7 : Operation 69 [1/1] (0.00ns) (grouped into LUT with out node ret_V)   --->   "%trunc_ln69 = trunc i2048 %lshr_ln69" [../hw-impl/src/pynqrypt.cpp:69]   --->   Operation 69 'trunc' 'trunc_ln69' <Predicate = true> <Delay = 0.00>
ST_7 : Operation 70 [1/1] (0.00ns) (grouped into LUT with out node ret_V)   --->   "%tmp_48 = partselect i8 @_ssdm_op_PartSelect.i8.i128.i32.i32, i128 %t_loc_load, i32 104, i32 111" [../hw-impl/src/pynqrypt.cpp:70]   --->   Operation 70 'partselect' 'tmp_48' <Predicate = true> <Delay = 0.00>
ST_7 : Operation 71 [1/1] (0.00ns) (grouped into LUT with out node ret_V)   --->   "%shl_ln10 = bitconcatenate i11 @_ssdm_op_BitConcatenate.i11.i8.i3, i8 %tmp_48, i3 0" [../hw-impl/src/pynqrypt.cpp:70]   --->   Operation 71 'bitconcatenate' 'shl_ln10' <Predicate = true> <Delay = 0.00>
ST_7 : Operation 72 [1/1] (0.00ns) (grouped into LUT with out node ret_V)   --->   "%zext_ln70 = zext i11 %shl_ln10" [../hw-impl/src/pynqrypt.cpp:70]   --->   Operation 72 'zext' 'zext_ln70' <Predicate = true> <Delay = 0.00>
ST_7 : Operation 73 [1/1] (0.00ns) (grouped into LUT with out node ret_V)   --->   "%lshr_ln70 = lshr i2048 2869618975290639062594974519597816386035077209210385677284518162336985023502962151465775969507961862820568736543004676439868535775640188584098917533413284844376797297285941524888791401501466624530423689326528054213168201056672989590893583853414110162539122864583953358348775951166211353578440977400428507475679327181038682772945817200201960445064847785221508011893952350688324234443749897213621340677040612747745615276448919507935121141307752692835344166708617454322778699219895865633266409040561742768581056182730443599545881830075941537620590442514083341749674612746994879540562701631131184186066652929592955206755, i2048 %zext_ln70" [../hw-impl/src/pynqrypt.cpp:70]   --->   Operation 73 'lshr' 'lshr_ln70' <Predicate = true> <Delay = 0.00> <CoreInst = "Shifter">   --->   Core 75 'Shifter' <Latency = 0> <II = 1> <Delay = 5.94> <FuncUnit> <Opcode : 'shl' 'lshr' 'ashr'> <InPorts = 2> <OutPorts = 1>
ST_7 : Operation 74 [1/1] (0.00ns) (grouped into LUT with out node ret_V)   --->   "%trunc_ln70 = trunc i2048 %lshr_ln70" [../hw-impl/src/pynqrypt.cpp:70]   --->   Operation 74 'trunc' 'trunc_ln70' <Predicate = true> <Delay = 0.00>
ST_7 : Operation 75 [1/1] (0.00ns) (grouped into LUT with out node ret_V)   --->   "%tmp_49 = partselect i8 @_ssdm_op_PartSelect.i8.i128.i32.i32, i128 %t_loc_load, i32 64, i32 71" [../hw-impl/src/pynqrypt.cpp:71]   --->   Operation 75 'partselect' 'tmp_49' <Predicate = true> <Delay = 0.00>
ST_7 : Operation 76 [1/1] (0.00ns) (grouped into LUT with out node ret_V)   --->   "%shl_ln11 = bitconcatenate i11 @_ssdm_op_BitConcatenate.i11.i8.i3, i8 %tmp_49, i3 0" [../hw-impl/src/pynqrypt.cpp:71]   --->   Operation 76 'bitconcatenate' 'shl_ln11' <Predicate = true> <Delay = 0.00>
ST_7 : Operation 77 [1/1] (0.00ns) (grouped into LUT with out node ret_V)   --->   "%zext_ln71 = zext i11 %shl_ln11" [../hw-impl/src/pynqrypt.cpp:71]   --->   Operation 77 'zext' 'zext_ln71' <Predicate = true> <Delay = 0.00>
ST_7 : Operation 78 [1/1] (0.00ns) (grouped into LUT with out node ret_V)   --->   "%lshr_ln71 = lshr i2048 2869618975290639062594974519597816386035077209210385677284518162336985023502962151465775969507961862820568736543004676439868535775640188584098917533413284844376797297285941524888791401501466624530423689326528054213168201056672989590893583853414110162539122864583953358348775951166211353578440977400428507475679327181038682772945817200201960445064847785221508011893952350688324234443749897213621340677040612747745615276448919507935121141307752692835344166708617454322778699219895865633266409040561742768581056182730443599545881830075941537620590442514083341749674612746994879540562701631131184186066652929592955206755, i2048 %zext_ln71" [../hw-impl/src/pynqrypt.cpp:71]   --->   Operation 78 'lshr' 'lshr_ln71' <Predicate = true> <Delay = 0.00> <CoreInst = "Shifter">   --->   Core 75 'Shifter' <Latency = 0> <II = 1> <Delay = 5.94> <FuncUnit> <Opcode : 'shl' 'lshr' 'ashr'> <InPorts = 2> <OutPorts = 1>
ST_7 : Operation 79 [1/1] (0.00ns) (grouped into LUT with out node ret_V)   --->   "%trunc_ln71 = trunc i2048 %lshr_ln71" [../hw-impl/src/pynqrypt.cpp:71]   --->   Operation 79 'trunc' 'trunc_ln71' <Predicate = true> <Delay = 0.00>
ST_7 : Operation 80 [1/1] (0.00ns) (grouped into LUT with out node ret_V)   --->   "%tmp_50 = partselect i8 @_ssdm_op_PartSelect.i8.i128.i32.i32, i128 %t_loc_load, i32 24, i32 31" [../hw-impl/src/pynqrypt.cpp:73]   --->   Operation 80 'partselect' 'tmp_50' <Predicate = true> <Delay = 0.00>
ST_7 : Operation 81 [1/1] (0.00ns) (grouped into LUT with out node ret_V)   --->   "%shl_ln12 = bitconcatenate i11 @_ssdm_op_BitConcatenate.i11.i8.i3, i8 %tmp_50, i3 0" [../hw-impl/src/pynqrypt.cpp:73]   --->   Operation 81 'bitconcatenate' 'shl_ln12' <Predicate = true> <Delay = 0.00>
ST_7 : Operation 82 [1/1] (0.00ns) (grouped into LUT with out node ret_V)   --->   "%zext_ln73 = zext i11 %shl_ln12" [../hw-impl/src/pynqrypt.cpp:73]   --->   Operation 82 'zext' 'zext_ln73' <Predicate = true> <Delay = 0.00>
ST_7 : Operation 83 [1/1] (0.00ns) (grouped into LUT with out node ret_V)   --->   "%lshr_ln73 = lshr i2048 2869618975290639062594974519597816386035077209210385677284518162336985023502962151465775969507961862820568736543004676439868535775640188584098917533413284844376797297285941524888791401501466624530423689326528054213168201056672989590893583853414110162539122864583953358348775951166211353578440977400428507475679327181038682772945817200201960445064847785221508011893952350688324234443749897213621340677040612747745615276448919507935121141307752692835344166708617454322778699219895865633266409040561742768581056182730443599545881830075941537620590442514083341749674612746994879540562701631131184186066652929592955206755, i2048 %zext_ln73" [../hw-impl/src/pynqrypt.cpp:73]   --->   Operation 83 'lshr' 'lshr_ln73' <Predicate = true> <Delay = 0.00> <CoreInst = "Shifter">   --->   Core 75 'Shifter' <Latency = 0> <II = 1> <Delay = 5.94> <FuncUnit> <Opcode : 'shl' 'lshr' 'ashr'> <InPorts = 2> <OutPorts = 1>
ST_7 : Operation 84 [1/1] (0.00ns) (grouped into LUT with out node ret_V)   --->   "%trunc_ln73 = trunc i2048 %lshr_ln73" [../hw-impl/src/pynqrypt.cpp:73]   --->   Operation 84 'trunc' 'trunc_ln73' <Predicate = true> <Delay = 0.00>
ST_7 : Operation 85 [1/1] (0.00ns) (grouped into LUT with out node ret_V)   --->   "%tmp_51 = partselect i8 @_ssdm_op_PartSelect.i8.i128.i32.i32, i128 %t_loc_load, i32 112, i32 119" [../hw-impl/src/pynqrypt.cpp:74]   --->   Operation 85 'partselect' 'tmp_51' <Predicate = true> <Delay = 0.00>
ST_7 : Operation 86 [1/1] (0.00ns) (grouped into LUT with out node ret_V)   --->   "%shl_ln13 = bitconcatenate i11 @_ssdm_op_BitConcatenate.i11.i8.i3, i8 %tmp_51, i3 0" [../hw-impl/src/pynqrypt.cpp:74]   --->   Operation 86 'bitconcatenate' 'shl_ln13' <Predicate = true> <Delay = 0.00>
ST_7 : Operation 87 [1/1] (0.00ns) (grouped into LUT with out node ret_V)   --->   "%zext_ln74 = zext i11 %shl_ln13" [../hw-impl/src/pynqrypt.cpp:74]   --->   Operation 87 'zext' 'zext_ln74' <Predicate = true> <Delay = 0.00>
ST_7 : Operation 88 [1/1] (0.00ns) (grouped into LUT with out node ret_V)   --->   "%lshr_ln74 = lshr i2048 2869618975290639062594974519597816386035077209210385677284518162336985023502962151465775969507961862820568736543004676439868535775640188584098917533413284844376797297285941524888791401501466624530423689326528054213168201056672989590893583853414110162539122864583953358348775951166211353578440977400428507475679327181038682772945817200201960445064847785221508011893952350688324234443749897213621340677040612747745615276448919507935121141307752692835344166708617454322778699219895865633266409040561742768581056182730443599545881830075941537620590442514083341749674612746994879540562701631131184186066652929592955206755, i2048 %zext_ln74" [../hw-impl/src/pynqrypt.cpp:74]   --->   Operation 88 'lshr' 'lshr_ln74' <Predicate = true> <Delay = 0.00> <CoreInst = "Shifter">   --->   Core 75 'Shifter' <Latency = 0> <II = 1> <Delay = 5.94> <FuncUnit> <Opcode : 'shl' 'lshr' 'ashr'> <InPorts = 2> <OutPorts = 1>
ST_7 : Operation 89 [1/1] (0.00ns) (grouped into LUT with out node ret_V)   --->   "%trunc_ln74 = trunc i2048 %lshr_ln74" [../hw-impl/src/pynqrypt.cpp:74]   --->   Operation 89 'trunc' 'trunc_ln74' <Predicate = true> <Delay = 0.00>
ST_7 : Operation 90 [1/1] (0.00ns) (grouped into LUT with out node ret_V)   --->   "%tmp_52 = partselect i8 @_ssdm_op_PartSelect.i8.i128.i32.i32, i128 %t_loc_load, i32 72, i32 79" [../hw-impl/src/pynqrypt.cpp:75]   --->   Operation 90 'partselect' 'tmp_52' <Predicate = true> <Delay = 0.00>
ST_7 : Operation 91 [1/1] (0.00ns) (grouped into LUT with out node ret_V)   --->   "%shl_ln14 = bitconcatenate i11 @_ssdm_op_BitConcatenate.i11.i8.i3, i8 %tmp_52, i3 0" [../hw-impl/src/pynqrypt.cpp:75]   --->   Operation 91 'bitconcatenate' 'shl_ln14' <Predicate = true> <Delay = 0.00>
ST_7 : Operation 92 [1/1] (0.00ns) (grouped into LUT with out node ret_V)   --->   "%zext_ln75 = zext i11 %shl_ln14" [../hw-impl/src/pynqrypt.cpp:75]   --->   Operation 92 'zext' 'zext_ln75' <Predicate = true> <Delay = 0.00>
ST_7 : Operation 93 [1/1] (0.00ns) (grouped into LUT with out node ret_V)   --->   "%lshr_ln75 = lshr i2048 2869618975290639062594974519597816386035077209210385677284518162336985023502962151465775969507961862820568736543004676439868535775640188584098917533413284844376797297285941524888791401501466624530423689326528054213168201056672989590893583853414110162539122864583953358348775951166211353578440977400428507475679327181038682772945817200201960445064847785221508011893952350688324234443749897213621340677040612747745615276448919507935121141307752692835344166708617454322778699219895865633266409040561742768581056182730443599545881830075941537620590442514083341749674612746994879540562701631131184186066652929592955206755, i2048 %zext_ln75" [../hw-impl/src/pynqrypt.cpp:75]   --->   Operation 93 'lshr' 'lshr_ln75' <Predicate = true> <Delay = 0.00> <CoreInst = "Shifter">   --->   Core 75 'Shifter' <Latency = 0> <II = 1> <Delay = 5.94> <FuncUnit> <Opcode : 'shl' 'lshr' 'ashr'> <InPorts = 2> <OutPorts = 1>
ST_7 : Operation 94 [1/1] (0.00ns) (grouped into LUT with out node ret_V)   --->   "%trunc_ln75 = trunc i2048 %lshr_ln75" [../hw-impl/src/pynqrypt.cpp:75]   --->   Operation 94 'trunc' 'trunc_ln75' <Predicate = true> <Delay = 0.00>
ST_7 : Operation 95 [1/1] (0.00ns) (grouped into LUT with out node ret_V)   --->   "%tmp_53 = partselect i8 @_ssdm_op_PartSelect.i8.i128.i32.i32, i128 %t_loc_load, i32 32, i32 39" [../hw-impl/src/pynqrypt.cpp:76]   --->   Operation 95 'partselect' 'tmp_53' <Predicate = true> <Delay = 0.00>
ST_7 : Operation 96 [1/1] (0.00ns) (grouped into LUT with out node ret_V)   --->   "%shl_ln15 = bitconcatenate i11 @_ssdm_op_BitConcatenate.i11.i8.i3, i8 %tmp_53, i3 0" [../hw-impl/src/pynqrypt.cpp:76]   --->   Operation 96 'bitconcatenate' 'shl_ln15' <Predicate = true> <Delay = 0.00>
ST_7 : Operation 97 [1/1] (0.00ns) (grouped into LUT with out node ret_V)   --->   "%zext_ln76 = zext i11 %shl_ln15" [../hw-impl/src/pynqrypt.cpp:76]   --->   Operation 97 'zext' 'zext_ln76' <Predicate = true> <Delay = 0.00>
ST_7 : Operation 98 [1/1] (0.00ns) (grouped into LUT with out node ret_V)   --->   "%lshr_ln76 = lshr i2048 2869618975290639062594974519597816386035077209210385677284518162336985023502962151465775969507961862820568736543004676439868535775640188584098917533413284844376797297285941524888791401501466624530423689326528054213168201056672989590893583853414110162539122864583953358348775951166211353578440977400428507475679327181038682772945817200201960445064847785221508011893952350688324234443749897213621340677040612747745615276448919507935121141307752692835344166708617454322778699219895865633266409040561742768581056182730443599545881830075941537620590442514083341749674612746994879540562701631131184186066652929592955206755, i2048 %zext_ln76" [../hw-impl/src/pynqrypt.cpp:76]   --->   Operation 98 'lshr' 'lshr_ln76' <Predicate = true> <Delay = 0.00> <CoreInst = "Shifter">   --->   Core 75 'Shifter' <Latency = 0> <II = 1> <Delay = 5.94> <FuncUnit> <Opcode : 'shl' 'lshr' 'ashr'> <InPorts = 2> <OutPorts = 1>
ST_7 : Operation 99 [1/1] (0.00ns) (grouped into LUT with out node ret_V)   --->   "%trunc_ln76 = trunc i2048 %lshr_ln76" [../hw-impl/src/pynqrypt.cpp:76]   --->   Operation 99 'trunc' 'trunc_ln76' <Predicate = true> <Delay = 0.00>
ST_7 : Operation 100 [1/1] (0.00ns) (grouped into LUT with out node ret_V)   --->   "%p_Result_s = bitconcatenate i128 @_ssdm_op_BitConcatenate.i128.i8.i8.i8.i8.i8.i8.i8.i8.i8.i8.i8.i8.i8.i8.i8.i8, i8 %trunc_ln58, i8 %trunc_ln59, i8 %trunc_ln60, i8 %trunc_ln61_1, i8 %trunc_ln63, i8 %trunc_ln64, i8 %trunc_ln65, i8 %trunc_ln66, i8 %trunc_ln68, i8 %trunc_ln69, i8 %trunc_ln70, i8 %trunc_ln71, i8 %trunc_ln73, i8 %trunc_ln74, i8 %trunc_ln75, i8 %trunc_ln76"   --->   Operation 100 'bitconcatenate' 'p_Result_s' <Predicate = true> <Delay = 0.00>
ST_7 : Operation 101 [1/1] (5.94ns) (out node of the LUT)   --->   "%ret_V = xor i128 %rhs_V, i128 %p_Result_s"   --->   Operation 101 'xor' 'ret_V' <Predicate = true> <Delay = 5.94> <CoreInst = "LogicGate">   --->   Core 74 'LogicGate' <Latency = 0> <II = 1> <Delay = 1.03> <FuncUnit> <Opcode : 'and' 'or' 'xor'> <InPorts = 2> <OutPorts = 1>
ST_7 : Operation 102 [1/1] (0.00ns)   --->   "%ret_ln79 = ret i128 %ret_V" [../hw-impl/src/pynqrypt.cpp:79]   --->   Operation 102 'ret' 'ret_ln79' <Predicate = true> <Delay = 0.00>


============================================================
+ Verbose Summary: Timing violations
============================================================
Target clock period: 10ns, clock uncertainty: 2.7ns.

 <State 1>: 3.25ns
The critical path consists of the following:
	'getelementptr' operation ('this_round_keys_addr') [5]  (0 ns)
	'load' operation ('this_round_keys_load') on array 'this_round_keys' [6]  (3.25 ns)

 <State 2>: 4.67ns
The critical path consists of the following:
	wire read operation ('p_read15') on port 'p_read' [3]  (3.63 ns)
	'xor' operation ('xor_ln859') [7]  (1.03 ns)

 <State 3>: 7.53ns
The critical path consists of the following:
	'call' operation ('call_ln859') to 'aes_encrypt_block_Pipeline_loop_aes_encrypt_block' [8]  (7.53 ns)

 <State 4>: 2.89ns
The critical path consists of the following:
	'call' operation ('call_ln859') to 'aes_encrypt_block_Pipeline_loop_aes_encrypt_block' [8]  (2.89 ns)

 <State 5>: 3.25ns
The critical path consists of the following:
	'getelementptr' operation ('this_round_keys_addr_1', ../hw-impl/src/pynqrypt.cpp:78) [91]  (0 ns)
	'load' operation ('rhs.V') on array 'this_round_keys' [92]  (3.25 ns)

 <State 6>: 3.25ns
The critical path consists of the following:
	'load' operation ('rhs.V') on array 'this_round_keys' [92]  (3.25 ns)

 <State 7>: 5.94ns
The critical path consists of the following:
	'load' operation ('t_loc_load') on local variable 't_loc' [9]  (0 ns)
	'lshr' operation ('lshr_ln61', ../hw-impl/src/pynqrypt.cpp:61) [28]  (0 ns)
	'xor' operation ('ret.V') [93]  (5.94 ns)


============================================================
+ Verbose Summary: Binding
============================================================
N/A
* FSMD analyzer results:
  - Output states:
 - Input state : 
  - Chain level:
	State 1
	State 2
	State 3
	State 4
	State 5
	State 6
	State 7


============================================================
+ Verbose Summary: Datapath Resource usage 
============================================================
N/A
