

================================================================
== Vitis HLS Report for 'aes_mix_columns'
================================================================
* Date:           Tue Dec 13 20:52:10 2022

* Version:        2022.2 (Build 3670227 on Oct 13 2022)
* Project:        pynqrypt
* Solution:       pynqrypt (Vivado IP Flow Target)
* Product family: zynq
* Target device:  xc7z020i-clg400-1L


================================================================
== Performance Estimates
================================================================
+ Timing: 
    * Summary: 
    +--------+----------+----------+------------+
    |  Clock |  Target  | Estimated| Uncertainty|
    +--------+----------+----------+------------+
    |ap_clk  |  10.00 ns|  5.944 ns|     2.70 ns|
    +--------+----------+----------+------------+

+ Latency: 
    * Summary: 
    +---------+---------+----------+----------+-----+-----+----------+
    |  Latency (cycles) |  Latency (absolute) |  Interval | Pipeline |
    |   min   |   max   |    min   |    max   | min | max |   Type   |
    +---------+---------+----------+----------+-----+-----+----------+
    |        0|        0|      0 ns|      0 ns|    1|    1|  yes(frp)|
    +---------+---------+----------+----------+-----+-----+----------+

    + Detail: 
        * Instance: 
        N/A

        * Loop: 
        N/A

============================================================
+ Verbose Summary: Synthesis Manager
============================================================
InlineROM: 1
ExposeGlobal: 0
============================================================
+ Verbose Summary: CDFG Model
============================================================
IsTopModel: 0
ResetActiveHigh: 1
IsCombinational: 0
IsDatapathOnly: 0
HasWiredReturn: 1
HasMFsm: 2
HasVarLatency: 0
IsPipeline: 1
IsRtlPipelined: 0
IsInstanceOverlapped: 0
IsDontTouch: 0
HasImplIP: 0
IsGatedGlobalClock: 0

+ Individual pipeline summary: 
  * Pipeline-0: initiation interval (II) = 1, depth = 1


============================================================
+ Verbose Summary: Schedule
============================================================
* Number of FSM states : 1
* Pipeline : 1
  Pipeline-0 : II = 1, D = 1, States = { 1 }
* Dataflow Pipeline: 0

* FSM state transitions: 
1 --> 

* FSM state operations: 

State 1 <SV = 0> <Delay = 5.94>
ST_1 : Operation 2 [1/1] (0.00ns)   --->   "%block_read_1 = read i128 @_ssdm_op_Read.ap_auto.i128, i128 %block_read" [../hw-impl/src/pynqrypt.cpp:122]   --->   Operation 2 'read' 'block_read_1' <Predicate = true> <Delay = 0.00>
ST_1 : Operation 3 [1/1] (0.00ns)   --->   "%tmp2 = partselect i8 @_ssdm_op_PartSelect.i8.i128.i32.i32, i128 %block_read_1, i32 24, i32 31"   --->   Operation 3 'partselect' 'tmp2' <Predicate = true> <Delay = 0.00>
ST_1 : Operation 4 [1/1] (0.00ns)   --->   "%tmp_s = partselect i8 @_ssdm_op_PartSelect.i8.i128.i32.i32, i128 %block_read_1, i32 24, i32 31" [../hw-impl/src/pynqrypt.cpp:125]   --->   Operation 4 'partselect' 'tmp_s' <Predicate = true> <Delay = 0.00>
ST_1 : Operation 5 [1/1] (0.00ns)   --->   "%shl_ln = bitconcatenate i11 @_ssdm_op_BitConcatenate.i11.i8.i3, i8 %tmp_s, i3 0" [../hw-impl/src/pynqrypt.cpp:125]   --->   Operation 5 'bitconcatenate' 'shl_ln' <Predicate = true> <Delay = 0.00>
ST_1 : Operation 6 [1/1] (0.00ns) (grouped into LUT with out node ret_V)   --->   "%zext_ln125 = zext i11 %shl_ln" [../hw-impl/src/pynqrypt.cpp:125]   --->   Operation 6 'zext' 'zext_ln125' <Predicate = true> <Delay = 0.00>
ST_1 : Operation 7 [1/1] (0.00ns) (grouped into LUT with out node ret_V)   --->   "%lshr_ln125 = lshr i2048 29022917302579095964124461949858013542724473648904841737866655790348712823699949138665809059499827693295928210552345624834464780210271501149743171624365253056144549668571949842842198483757917673820358967127239403036664387516565901472030220598252923801785930419531446491996907423676964199699175720602385906879680083903485254308339209678552217320138528911198260519229634791478122061432032516214484371579815631342231930258222337365598820086254069662275554781838914121458546816731767637215947301122829170181878307081147920335390477421409014593779889526109499260042632138652359755563522403016050871885672224018346954457600, i2048 %zext_ln125" [../hw-impl/src/pynqrypt.cpp:125]   --->   Operation 7 'lshr' 'lshr_ln125' <Predicate = true> <Delay = 0.00> <CoreInst = "Shifter">   --->   Core 75 'Shifter' <Latency = 0> <II = 1> <Delay = 5.94> <FuncUnit> <Opcode : 'shl' 'lshr' 'ashr'> <InPorts = 2> <OutPorts = 1>
ST_1 : Operation 8 [1/1] (0.00ns) (grouped into LUT with out node ret_V)   --->   "%s0_V_15 = trunc i2048 %lshr_ln125" [../hw-impl/src/pynqrypt.cpp:125]   --->   Operation 8 'trunc' 's0_V_15' <Predicate = true> <Delay = 0.00>
ST_1 : Operation 9 [1/1] (0.00ns)   --->   "%tmp_1 = partselect i8 @_ssdm_op_PartSelect.i8.i128.i32.i32, i128 %block_read_1, i32 16, i32 23"   --->   Operation 9 'partselect' 'tmp_1' <Predicate = true> <Delay = 0.00>
ST_1 : Operation 10 [1/1] (0.00ns)   --->   "%tmp_2 = partselect i8 @_ssdm_op_PartSelect.i8.i128.i32.i32, i128 %block_read_1, i32 16, i32 23" [../hw-impl/src/pynqrypt.cpp:126]   --->   Operation 10 'partselect' 'tmp_2' <Predicate = true> <Delay = 0.00>
ST_1 : Operation 11 [1/1] (0.00ns)   --->   "%shl_ln1 = bitconcatenate i11 @_ssdm_op_BitConcatenate.i11.i8.i3, i8 %tmp_2, i3 0" [../hw-impl/src/pynqrypt.cpp:126]   --->   Operation 11 'bitconcatenate' 'shl_ln1' <Predicate = true> <Delay = 0.00>
ST_1 : Operation 12 [1/1] (0.00ns) (grouped into LUT with out node ret_V)   --->   "%zext_ln126 = zext i11 %shl_ln1" [../hw-impl/src/pynqrypt.cpp:126]   --->   Operation 12 'zext' 'zext_ln126' <Predicate = true> <Delay = 0.00>
ST_1 : Operation 13 [1/1] (0.00ns) (grouped into LUT with out node ret_V)   --->   "%lshr_ln126 = lshr i2048 3294578057314658763267795712291423816875059784912772658549463737549614411501588429758163946129753963063094138685936871067770203650430612434195375948676499621860626057286767866984606329430300288249694230977817309640410368608817684755278168616531299385557605244291578639565002013689251056656080034747730775106792247717826926486880909667003158817235872845726171190436001294868070851495559292814071128771808507251916148301013813934405585832966327353734581929782276709735716474759982539751455303458650918273922349256448297540981134095574432763667425412741570921087470081050522780756614773559216063798844346245016564663040, i2048 %zext_ln126" [../hw-impl/src/pynqrypt.cpp:126]   --->   Operation 13 'lshr' 'lshr_ln126' <Predicate = true> <Delay = 0.00> <CoreInst = "Shifter">   --->   Core 75 'Shifter' <Latency = 0> <II = 1> <Delay = 5.94> <FuncUnit> <Opcode : 'shl' 'lshr' 'ashr'> <InPorts = 2> <OutPorts = 1>
ST_1 : Operation 14 [1/1] (0.00ns) (grouped into LUT with out node ret_V)   --->   "%s1_V_15 = trunc i2048 %lshr_ln126" [../hw-impl/src/pynqrypt.cpp:126]   --->   Operation 14 'trunc' 's1_V_15' <Predicate = true> <Delay = 0.00>
ST_1 : Operation 15 [1/1] (0.00ns)   --->   "%tmp_3 = partselect i8 @_ssdm_op_PartSelect.i8.i128.i32.i32, i128 %block_read_1, i32 8, i32 15"   --->   Operation 15 'partselect' 'tmp_3' <Predicate = true> <Delay = 0.00>
ST_1 : Operation 16 [1/1] (0.00ns)   --->   "%trunc_ln311 = trunc i128 %block_read_1"   --->   Operation 16 'trunc' 'trunc_ln311' <Predicate = true> <Delay = 0.00>
ST_1 : Operation 17 [1/1] (0.00ns) (grouped into LUT with out node ret_V)   --->   "%xor_ln1499 = xor i8 %s1_V_15, i8 %s0_V_15"   --->   Operation 17 'xor' 'xor_ln1499' <Predicate = true> <Delay = 0.00> <CoreInst = "LogicGate">   --->   Core 74 'LogicGate' <Latency = 0> <II = 1> <Delay = 0.99> <FuncUnit> <Opcode : 'and' 'or' 'xor'> <InPorts = 2> <OutPorts = 1>
ST_1 : Operation 18 [1/1] (0.00ns) (grouped into LUT with out node ret_V)   --->   "%xor_ln1499_1 = xor i8 %tmp_3, i8 %trunc_ln311"   --->   Operation 18 'xor' 'xor_ln1499_1' <Predicate = true> <Delay = 0.00> <CoreInst = "LogicGate">   --->   Core 74 'LogicGate' <Latency = 0> <II = 1> <Delay = 0.99> <FuncUnit> <Opcode : 'and' 'or' 'xor'> <InPorts = 2> <OutPorts = 1>
ST_1 : Operation 19 [1/1] (5.94ns) (out node of the LUT)   --->   "%ret_V = xor i8 %xor_ln1499_1, i8 %xor_ln1499"   --->   Operation 19 'xor' 'ret_V' <Predicate = true> <Delay = 5.94> <CoreInst = "LogicGate">   --->   Core 74 'LogicGate' <Latency = 0> <II = 1> <Delay = 0.99> <FuncUnit> <Opcode : 'and' 'or' 'xor'> <InPorts = 2> <OutPorts = 1>
ST_1 : Operation 20 [1/1] (0.00ns) (grouped into LUT with out node ret_V_1)   --->   "%zext_ln131 = zext i11 %shl_ln1" [../hw-impl/src/pynqrypt.cpp:131]   --->   Operation 20 'zext' 'zext_ln131' <Predicate = true> <Delay = 0.00>
ST_1 : Operation 21 [1/1] (0.00ns) (grouped into LUT with out node ret_V_1)   --->   "%lshr_ln131 = lshr i2048 29022917302579095964124461949858013542724473648904841737866655790348712823699949138665809059499827693295928210552345624834464780210271501149743171624365253056144549668571949842842198483757917673820358967127239403036664387516565901472030220598252923801785930419531446491996907423676964199699175720602385906879680083903485254308339209678552217320138528911198260519229634791478122061432032516214484371579815631342231930258222337365598820086254069662275554781838914121458546816731767637215947301122829170181878307081147920335390477421409014593779889526109499260042632138652359755563522403016050871885672224018346954457600, i2048 %zext_ln131" [../hw-impl/src/pynqrypt.cpp:131]   --->   Operation 21 'lshr' 'lshr_ln131' <Predicate = true> <Delay = 0.00> <CoreInst = "Shifter">   --->   Core 75 'Shifter' <Latency = 0> <II = 1> <Delay = 5.94> <FuncUnit> <Opcode : 'shl' 'lshr' 'ashr'> <InPorts = 2> <OutPorts = 1>
ST_1 : Operation 22 [1/1] (0.00ns) (grouped into LUT with out node ret_V_1)   --->   "%s0_V = trunc i2048 %lshr_ln131" [../hw-impl/src/pynqrypt.cpp:131]   --->   Operation 22 'trunc' 's0_V' <Predicate = true> <Delay = 0.00>
ST_1 : Operation 23 [1/1] (0.00ns)   --->   "%tmp_4 = partselect i8 @_ssdm_op_PartSelect.i8.i128.i32.i32, i128 %block_read_1, i32 8, i32 15" [../hw-impl/src/pynqrypt.cpp:132]   --->   Operation 23 'partselect' 'tmp_4' <Predicate = true> <Delay = 0.00>
ST_1 : Operation 24 [1/1] (0.00ns)   --->   "%shl_ln2 = bitconcatenate i11 @_ssdm_op_BitConcatenate.i11.i8.i3, i8 %tmp_4, i3 0" [../hw-impl/src/pynqrypt.cpp:132]   --->   Operation 24 'bitconcatenate' 'shl_ln2' <Predicate = true> <Delay = 0.00>
ST_1 : Operation 25 [1/1] (0.00ns) (grouped into LUT with out node ret_V_1)   --->   "%zext_ln132 = zext i11 %shl_ln2" [../hw-impl/src/pynqrypt.cpp:132]   --->   Operation 25 'zext' 'zext_ln132' <Predicate = true> <Delay = 0.00>
ST_1 : Operation 26 [1/1] (0.00ns) (grouped into LUT with out node ret_V_1)   --->   "%lshr_ln132 = lshr i2048 3294578057314658763267795712291423816875059784912772658549463737549614411501588429758163946129753963063094138685936871067770203650430612434195375948676499621860626057286767866984606329430300288249694230977817309640410368608817684755278168616531299385557605244291578639565002013689251056656080034747730775106792247717826926486880909667003158817235872845726171190436001294868070851495559292814071128771808507251916148301013813934405585832966327353734581929782276709735716474759982539751455303458650918273922349256448297540981134095574432763667425412741570921087470081050522780756614773559216063798844346245016564663040, i2048 %zext_ln132" [../hw-impl/src/pynqrypt.cpp:132]   --->   Operation 26 'lshr' 'lshr_ln132' <Predicate = true> <Delay = 0.00> <CoreInst = "Shifter">   --->   Core 75 'Shifter' <Latency = 0> <II = 1> <Delay = 5.94> <FuncUnit> <Opcode : 'shl' 'lshr' 'ashr'> <InPorts = 2> <OutPorts = 1>
ST_1 : Operation 27 [1/1] (0.00ns) (grouped into LUT with out node ret_V_1)   --->   "%s1_V = trunc i2048 %lshr_ln132" [../hw-impl/src/pynqrypt.cpp:132]   --->   Operation 27 'trunc' 's1_V' <Predicate = true> <Delay = 0.00>
ST_1 : Operation 28 [1/1] (0.00ns) (grouped into LUT with out node ret_V_1)   --->   "%xor_ln1499_3 = xor i8 %trunc_ln311, i8 %tmp2"   --->   Operation 28 'xor' 'xor_ln1499_3' <Predicate = true> <Delay = 0.00> <CoreInst = "LogicGate">   --->   Core 74 'LogicGate' <Latency = 0> <II = 1> <Delay = 0.99> <FuncUnit> <Opcode : 'and' 'or' 'xor'> <InPorts = 2> <OutPorts = 1>
ST_1 : Operation 29 [1/1] (0.00ns) (grouped into LUT with out node ret_V_1)   --->   "%xor_ln1499_4 = xor i8 %s0_V, i8 %s1_V"   --->   Operation 29 'xor' 'xor_ln1499_4' <Predicate = true> <Delay = 0.00> <CoreInst = "LogicGate">   --->   Core 74 'LogicGate' <Latency = 0> <II = 1> <Delay = 0.99> <FuncUnit> <Opcode : 'and' 'or' 'xor'> <InPorts = 2> <OutPorts = 1>
ST_1 : Operation 30 [1/1] (5.94ns) (out node of the LUT)   --->   "%ret_V_1 = xor i8 %xor_ln1499_4, i8 %xor_ln1499_3"   --->   Operation 30 'xor' 'ret_V_1' <Predicate = true> <Delay = 5.94> <CoreInst = "LogicGate">   --->   Core 74 'LogicGate' <Latency = 0> <II = 1> <Delay = 0.99> <FuncUnit> <Opcode : 'and' 'or' 'xor'> <InPorts = 2> <OutPorts = 1>
ST_1 : Operation 31 [1/1] (0.00ns) (grouped into LUT with out node ret_V_2)   --->   "%zext_ln137 = zext i11 %shl_ln2" [../hw-impl/src/pynqrypt.cpp:137]   --->   Operation 31 'zext' 'zext_ln137' <Predicate = true> <Delay = 0.00>
ST_1 : Operation 32 [1/1] (0.00ns) (grouped into LUT with out node ret_V_2)   --->   "%lshr_ln137 = lshr i2048 29022917302579095964124461949858013542724473648904841737866655790348712823699949138665809059499827693295928210552345624834464780210271501149743171624365253056144549668571949842842198483757917673820358967127239403036664387516565901472030220598252923801785930419531446491996907423676964199699175720602385906879680083903485254308339209678552217320138528911198260519229634791478122061432032516214484371579815631342231930258222337365598820086254069662275554781838914121458546816731767637215947301122829170181878307081147920335390477421409014593779889526109499260042632138652359755563522403016050871885672224018346954457600, i2048 %zext_ln137" [../hw-impl/src/pynqrypt.cpp:137]   --->   Operation 32 'lshr' 'lshr_ln137' <Predicate = true> <Delay = 0.00> <CoreInst = "Shifter">   --->   Core 75 'Shifter' <Latency = 0> <II = 1> <Delay = 5.94> <FuncUnit> <Opcode : 'shl' 'lshr' 'ashr'> <InPorts = 2> <OutPorts = 1>
ST_1 : Operation 33 [1/1] (0.00ns) (grouped into LUT with out node ret_V_2)   --->   "%s0_V_16 = trunc i2048 %lshr_ln137" [../hw-impl/src/pynqrypt.cpp:137]   --->   Operation 33 'trunc' 's0_V_16' <Predicate = true> <Delay = 0.00>
ST_1 : Operation 34 [1/1] (0.00ns)   --->   "%trunc_ln138 = trunc i128 %block_read_1" [../hw-impl/src/pynqrypt.cpp:138]   --->   Operation 34 'trunc' 'trunc_ln138' <Predicate = true> <Delay = 0.00>
ST_1 : Operation 35 [1/1] (0.00ns)   --->   "%shl_ln3 = bitconcatenate i11 @_ssdm_op_BitConcatenate.i11.i8.i3, i8 %trunc_ln138, i3 0" [../hw-impl/src/pynqrypt.cpp:138]   --->   Operation 35 'bitconcatenate' 'shl_ln3' <Predicate = true> <Delay = 0.00>
ST_1 : Operation 36 [1/1] (0.00ns) (grouped into LUT with out node ret_V_2)   --->   "%zext_ln138 = zext i11 %shl_ln3" [../hw-impl/src/pynqrypt.cpp:138]   --->   Operation 36 'zext' 'zext_ln138' <Predicate = true> <Delay = 0.00>
ST_1 : Operation 37 [1/1] (0.00ns) (grouped into LUT with out node ret_V_2)   --->   "%lshr_ln138 = lshr i2048 3294578057314658763267795712291423816875059784912772658549463737549614411501588429758163946129753963063094138685936871067770203650430612434195375948676499621860626057286767866984606329430300288249694230977817309640410368608817684755278168616531299385557605244291578639565002013689251056656080034747730775106792247717826926486880909667003158817235872845726171190436001294868070851495559292814071128771808507251916148301013813934405585832966327353734581929782276709735716474759982539751455303458650918273922349256448297540981134095574432763667425412741570921087470081050522780756614773559216063798844346245016564663040, i2048 %zext_ln138" [../hw-impl/src/pynqrypt.cpp:138]   --->   Operation 37 'lshr' 'lshr_ln138' <Predicate = true> <Delay = 0.00> <CoreInst = "Shifter">   --->   Core 75 'Shifter' <Latency = 0> <II = 1> <Delay = 5.94> <FuncUnit> <Opcode : 'shl' 'lshr' 'ashr'> <InPorts = 2> <OutPorts = 1>
ST_1 : Operation 38 [1/1] (0.00ns) (grouped into LUT with out node ret_V_2)   --->   "%s1_V_16 = trunc i2048 %lshr_ln138" [../hw-impl/src/pynqrypt.cpp:138]   --->   Operation 38 'trunc' 's1_V_16' <Predicate = true> <Delay = 0.00>
ST_1 : Operation 39 [1/1] (0.00ns) (grouped into LUT with out node ret_V_2)   --->   "%xor_ln1499_6 = xor i8 %tmp_1, i8 %tmp2"   --->   Operation 39 'xor' 'xor_ln1499_6' <Predicate = true> <Delay = 0.00> <CoreInst = "LogicGate">   --->   Core 74 'LogicGate' <Latency = 0> <II = 1> <Delay = 0.99> <FuncUnit> <Opcode : 'and' 'or' 'xor'> <InPorts = 2> <OutPorts = 1>
ST_1 : Operation 40 [1/1] (0.00ns) (grouped into LUT with out node ret_V_2)   --->   "%xor_ln1499_7 = xor i8 %s0_V_16, i8 %s1_V_16"   --->   Operation 40 'xor' 'xor_ln1499_7' <Predicate = true> <Delay = 0.00> <CoreInst = "LogicGate">   --->   Core 74 'LogicGate' <Latency = 0> <II = 1> <Delay = 0.99> <FuncUnit> <Opcode : 'and' 'or' 'xor'> <InPorts = 2> <OutPorts = 1>
ST_1 : Operation 41 [1/1] (5.94ns) (out node of the LUT)   --->   "%ret_V_2 = xor i8 %xor_ln1499_7, i8 %xor_ln1499_6"   --->   Operation 41 'xor' 'ret_V_2' <Predicate = true> <Delay = 5.94> <CoreInst = "LogicGate">   --->   Core 74 'LogicGate' <Latency = 0> <II = 1> <Delay = 0.99> <FuncUnit> <Opcode : 'and' 'or' 'xor'> <InPorts = 2> <OutPorts = 1>
ST_1 : Operation 42 [1/1] (0.00ns) (grouped into LUT with out node ret_V_3)   --->   "%zext_ln143 = zext i11 %shl_ln" [../hw-impl/src/pynqrypt.cpp:143]   --->   Operation 42 'zext' 'zext_ln143' <Predicate = true> <Delay = 0.00>
ST_1 : Operation 43 [1/1] (0.00ns) (grouped into LUT with out node ret_V_3)   --->   "%lshr_ln143 = lshr i2048 3294578057314658763267795712291423816875059784912772658549463737549614411501588429758163946129753963063094138685936871067770203650430612434195375948676499621860626057286767866984606329430300288249694230977817309640410368608817684755278168616531299385557605244291578639565002013689251056656080034747730775106792247717826926486880909667003158817235872845726171190436001294868070851495559292814071128771808507251916148301013813934405585832966327353734581929782276709735716474759982539751455303458650918273922349256448297540981134095574432763667425412741570921087470081050522780756614773559216063798844346245016564663040, i2048 %zext_ln143" [../hw-impl/src/pynqrypt.cpp:143]   --->   Operation 43 'lshr' 'lshr_ln143' <Predicate = true> <Delay = 0.00> <CoreInst = "Shifter">   --->   Core 75 'Shifter' <Latency = 0> <II = 1> <Delay = 5.94> <FuncUnit> <Opcode : 'shl' 'lshr' 'ashr'> <InPorts = 2> <OutPorts = 1>
ST_1 : Operation 44 [1/1] (0.00ns) (grouped into LUT with out node ret_V_3)   --->   "%s0_V_2 = trunc i2048 %lshr_ln143" [../hw-impl/src/pynqrypt.cpp:143]   --->   Operation 44 'trunc' 's0_V_2' <Predicate = true> <Delay = 0.00>
ST_1 : Operation 45 [1/1] (0.00ns) (grouped into LUT with out node ret_V_3)   --->   "%zext_ln144 = zext i11 %shl_ln3" [../hw-impl/src/pynqrypt.cpp:144]   --->   Operation 45 'zext' 'zext_ln144' <Predicate = true> <Delay = 0.00>
ST_1 : Operation 46 [1/1] (0.00ns) (grouped into LUT with out node ret_V_3)   --->   "%lshr_ln144 = lshr i2048 29022917302579095964124461949858013542724473648904841737866655790348712823699949138665809059499827693295928210552345624834464780210271501149743171624365253056144549668571949842842198483757917673820358967127239403036664387516565901472030220598252923801785930419531446491996907423676964199699175720602385906879680083903485254308339209678552217320138528911198260519229634791478122061432032516214484371579815631342231930258222337365598820086254069662275554781838914121458546816731767637215947301122829170181878307081147920335390477421409014593779889526109499260042632138652359755563522403016050871885672224018346954457600, i2048 %zext_ln144" [../hw-impl/src/pynqrypt.cpp:144]   --->   Operation 46 'lshr' 'lshr_ln144' <Predicate = true> <Delay = 0.00> <CoreInst = "Shifter">   --->   Core 75 'Shifter' <Latency = 0> <II = 1> <Delay = 5.94> <FuncUnit> <Opcode : 'shl' 'lshr' 'ashr'> <InPorts = 2> <OutPorts = 1>
ST_1 : Operation 47 [1/1] (0.00ns) (grouped into LUT with out node ret_V_3)   --->   "%s1_V_2 = trunc i2048 %lshr_ln144" [../hw-impl/src/pynqrypt.cpp:144]   --->   Operation 47 'trunc' 's1_V_2' <Predicate = true> <Delay = 0.00>
ST_1 : Operation 48 [1/1] (0.00ns) (grouped into LUT with out node ret_V_3)   --->   "%xor_ln1499_9 = xor i8 %tmp_3, i8 %tmp_1"   --->   Operation 48 'xor' 'xor_ln1499_9' <Predicate = true> <Delay = 0.00> <CoreInst = "LogicGate">   --->   Core 74 'LogicGate' <Latency = 0> <II = 1> <Delay = 0.99> <FuncUnit> <Opcode : 'and' 'or' 'xor'> <InPorts = 2> <OutPorts = 1>
ST_1 : Operation 49 [1/1] (0.00ns) (grouped into LUT with out node ret_V_3)   --->   "%xor_ln1499_10 = xor i8 %s0_V_2, i8 %s1_V_2"   --->   Operation 49 'xor' 'xor_ln1499_10' <Predicate = true> <Delay = 0.00> <CoreInst = "LogicGate">   --->   Core 74 'LogicGate' <Latency = 0> <II = 1> <Delay = 0.99> <FuncUnit> <Opcode : 'and' 'or' 'xor'> <InPorts = 2> <OutPorts = 1>
ST_1 : Operation 50 [1/1] (5.94ns) (out node of the LUT)   --->   "%ret_V_3 = xor i8 %xor_ln1499_10, i8 %xor_ln1499_9"   --->   Operation 50 'xor' 'ret_V_3' <Predicate = true> <Delay = 5.94> <CoreInst = "LogicGate">   --->   Core 74 'LogicGate' <Latency = 0> <II = 1> <Delay = 0.99> <FuncUnit> <Opcode : 'and' 'or' 'xor'> <InPorts = 2> <OutPorts = 1>
ST_1 : Operation 51 [1/1] (0.00ns)   --->   "%tmp_5 = partselect i8 @_ssdm_op_PartSelect.i8.i128.i32.i32, i128 %block_read_1, i32 56, i32 63"   --->   Operation 51 'partselect' 'tmp_5' <Predicate = true> <Delay = 0.00>
ST_1 : Operation 52 [1/1] (0.00ns)   --->   "%tmp_6 = partselect i8 @_ssdm_op_PartSelect.i8.i128.i32.i32, i128 %block_read_1, i32 56, i32 63" [../hw-impl/src/pynqrypt.cpp:125]   --->   Operation 52 'partselect' 'tmp_6' <Predicate = true> <Delay = 0.00>
ST_1 : Operation 53 [1/1] (0.00ns)   --->   "%shl_ln125_1 = bitconcatenate i11 @_ssdm_op_BitConcatenate.i11.i8.i3, i8 %tmp_6, i3 0" [../hw-impl/src/pynqrypt.cpp:125]   --->   Operation 53 'bitconcatenate' 'shl_ln125_1' <Predicate = true> <Delay = 0.00>
ST_1 : Operation 54 [1/1] (0.00ns) (grouped into LUT with out node ret_V_4)   --->   "%zext_ln125_1 = zext i11 %shl_ln125_1" [../hw-impl/src/pynqrypt.cpp:125]   --->   Operation 54 'zext' 'zext_ln125_1' <Predicate = true> <Delay = 0.00>
ST_1 : Operation 55 [1/1] (0.00ns) (grouped into LUT with out node ret_V_4)   --->   "%lshr_ln125_1 = lshr i2048 29022917302579095964124461949858013542724473648904841737866655790348712823699949138665809059499827693295928210552345624834464780210271501149743171624365253056144549668571949842842198483757917673820358967127239403036664387516565901472030220598252923801785930419531446491996907423676964199699175720602385906879680083903485254308339209678552217320138528911198260519229634791478122061432032516214484371579815631342231930258222337365598820086254069662275554781838914121458546816731767637215947301122829170181878307081147920335390477421409014593779889526109499260042632138652359755563522403016050871885672224018346954457600, i2048 %zext_ln125_1" [../hw-impl/src/pynqrypt.cpp:125]   --->   Operation 55 'lshr' 'lshr_ln125_1' <Predicate = true> <Delay = 0.00> <CoreInst = "Shifter">   --->   Core 75 'Shifter' <Latency = 0> <II = 1> <Delay = 5.94> <FuncUnit> <Opcode : 'shl' 'lshr' 'ashr'> <InPorts = 2> <OutPorts = 1>
ST_1 : Operation 56 [1/1] (0.00ns) (grouped into LUT with out node ret_V_4)   --->   "%s0_V_17 = trunc i2048 %lshr_ln125_1" [../hw-impl/src/pynqrypt.cpp:125]   --->   Operation 56 'trunc' 's0_V_17' <Predicate = true> <Delay = 0.00>
ST_1 : Operation 57 [1/1] (0.00ns)   --->   "%tmp_7 = partselect i8 @_ssdm_op_PartSelect.i8.i128.i32.i32, i128 %block_read_1, i32 48, i32 55"   --->   Operation 57 'partselect' 'tmp_7' <Predicate = true> <Delay = 0.00>
ST_1 : Operation 58 [1/1] (0.00ns)   --->   "%tmp_8 = partselect i8 @_ssdm_op_PartSelect.i8.i128.i32.i32, i128 %block_read_1, i32 48, i32 55" [../hw-impl/src/pynqrypt.cpp:126]   --->   Operation 58 'partselect' 'tmp_8' <Predicate = true> <Delay = 0.00>
ST_1 : Operation 59 [1/1] (0.00ns)   --->   "%shl_ln126_1 = bitconcatenate i11 @_ssdm_op_BitConcatenate.i11.i8.i3, i8 %tmp_8, i3 0" [../hw-impl/src/pynqrypt.cpp:126]   --->   Operation 59 'bitconcatenate' 'shl_ln126_1' <Predicate = true> <Delay = 0.00>
ST_1 : Operation 60 [1/1] (0.00ns) (grouped into LUT with out node ret_V_4)   --->   "%zext_ln126_1 = zext i11 %shl_ln126_1" [../hw-impl/src/pynqrypt.cpp:126]   --->   Operation 60 'zext' 'zext_ln126_1' <Predicate = true> <Delay = 0.00>
ST_1 : Operation 61 [1/1] (0.00ns) (grouped into LUT with out node ret_V_4)   --->   "%lshr_ln126_1 = lshr i2048 3294578057314658763267795712291423816875059784912772658549463737549614411501588429758163946129753963063094138685936871067770203650430612434195375948676499621860626057286767866984606329430300288249694230977817309640410368608817684755278168616531299385557605244291578639565002013689251056656080034747730775106792247717826926486880909667003158817235872845726171190436001294868070851495559292814071128771808507251916148301013813934405585832966327353734581929782276709735716474759982539751455303458650918273922349256448297540981134095574432763667425412741570921087470081050522780756614773559216063798844346245016564663040, i2048 %zext_ln126_1" [../hw-impl/src/pynqrypt.cpp:126]   --->   Operation 61 'lshr' 'lshr_ln126_1' <Predicate = true> <Delay = 0.00> <CoreInst = "Shifter">   --->   Core 75 'Shifter' <Latency = 0> <II = 1> <Delay = 5.94> <FuncUnit> <Opcode : 'shl' 'lshr' 'ashr'> <InPorts = 2> <OutPorts = 1>
ST_1 : Operation 62 [1/1] (0.00ns) (grouped into LUT with out node ret_V_4)   --->   "%s1_V_17 = trunc i2048 %lshr_ln126_1" [../hw-impl/src/pynqrypt.cpp:126]   --->   Operation 62 'trunc' 's1_V_17' <Predicate = true> <Delay = 0.00>
ST_1 : Operation 63 [1/1] (0.00ns)   --->   "%tmp_9 = partselect i8 @_ssdm_op_PartSelect.i8.i128.i32.i32, i128 %block_read_1, i32 40, i32 47"   --->   Operation 63 'partselect' 'tmp_9' <Predicate = true> <Delay = 0.00>
ST_1 : Operation 64 [1/1] (0.00ns)   --->   "%tmp_10 = partselect i8 @_ssdm_op_PartSelect.i8.i128.i32.i32, i128 %block_read_1, i32 32, i32 39"   --->   Operation 64 'partselect' 'tmp_10' <Predicate = true> <Delay = 0.00>
ST_1 : Operation 65 [1/1] (0.00ns) (grouped into LUT with out node ret_V_4)   --->   "%xor_ln1499_12 = xor i8 %s1_V_17, i8 %s0_V_17"   --->   Operation 65 'xor' 'xor_ln1499_12' <Predicate = true> <Delay = 0.00> <CoreInst = "LogicGate">   --->   Core 74 'LogicGate' <Latency = 0> <II = 1> <Delay = 0.99> <FuncUnit> <Opcode : 'and' 'or' 'xor'> <InPorts = 2> <OutPorts = 1>
ST_1 : Operation 66 [1/1] (0.00ns) (grouped into LUT with out node ret_V_4)   --->   "%xor_ln1499_13 = xor i8 %tmp_9, i8 %tmp_10"   --->   Operation 66 'xor' 'xor_ln1499_13' <Predicate = true> <Delay = 0.00> <CoreInst = "LogicGate">   --->   Core 74 'LogicGate' <Latency = 0> <II = 1> <Delay = 0.99> <FuncUnit> <Opcode : 'and' 'or' 'xor'> <InPorts = 2> <OutPorts = 1>
ST_1 : Operation 67 [1/1] (5.94ns) (out node of the LUT)   --->   "%ret_V_4 = xor i8 %xor_ln1499_13, i8 %xor_ln1499_12"   --->   Operation 67 'xor' 'ret_V_4' <Predicate = true> <Delay = 5.94> <CoreInst = "LogicGate">   --->   Core 74 'LogicGate' <Latency = 0> <II = 1> <Delay = 0.99> <FuncUnit> <Opcode : 'and' 'or' 'xor'> <InPorts = 2> <OutPorts = 1>
ST_1 : Operation 68 [1/1] (0.00ns) (grouped into LUT with out node ret_V_5)   --->   "%zext_ln131_1 = zext i11 %shl_ln126_1" [../hw-impl/src/pynqrypt.cpp:131]   --->   Operation 68 'zext' 'zext_ln131_1' <Predicate = true> <Delay = 0.00>
ST_1 : Operation 69 [1/1] (0.00ns) (grouped into LUT with out node ret_V_5)   --->   "%lshr_ln131_1 = lshr i2048 29022917302579095964124461949858013542724473648904841737866655790348712823699949138665809059499827693295928210552345624834464780210271501149743171624365253056144549668571949842842198483757917673820358967127239403036664387516565901472030220598252923801785930419531446491996907423676964199699175720602385906879680083903485254308339209678552217320138528911198260519229634791478122061432032516214484371579815631342231930258222337365598820086254069662275554781838914121458546816731767637215947301122829170181878307081147920335390477421409014593779889526109499260042632138652359755563522403016050871885672224018346954457600, i2048 %zext_ln131_1" [../hw-impl/src/pynqrypt.cpp:131]   --->   Operation 69 'lshr' 'lshr_ln131_1' <Predicate = true> <Delay = 0.00> <CoreInst = "Shifter">   --->   Core 75 'Shifter' <Latency = 0> <II = 1> <Delay = 5.94> <FuncUnit> <Opcode : 'shl' 'lshr' 'ashr'> <InPorts = 2> <OutPorts = 1>
ST_1 : Operation 70 [1/1] (0.00ns) (grouped into LUT with out node ret_V_5)   --->   "%s0_V_4 = trunc i2048 %lshr_ln131_1" [../hw-impl/src/pynqrypt.cpp:131]   --->   Operation 70 'trunc' 's0_V_4' <Predicate = true> <Delay = 0.00>
ST_1 : Operation 71 [1/1] (0.00ns)   --->   "%tmp_11 = partselect i8 @_ssdm_op_PartSelect.i8.i128.i32.i32, i128 %block_read_1, i32 40, i32 47" [../hw-impl/src/pynqrypt.cpp:132]   --->   Operation 71 'partselect' 'tmp_11' <Predicate = true> <Delay = 0.00>
ST_1 : Operation 72 [1/1] (0.00ns)   --->   "%shl_ln132_1 = bitconcatenate i11 @_ssdm_op_BitConcatenate.i11.i8.i3, i8 %tmp_11, i3 0" [../hw-impl/src/pynqrypt.cpp:132]   --->   Operation 72 'bitconcatenate' 'shl_ln132_1' <Predicate = true> <Delay = 0.00>
ST_1 : Operation 73 [1/1] (0.00ns) (grouped into LUT with out node ret_V_5)   --->   "%zext_ln132_1 = zext i11 %shl_ln132_1" [../hw-impl/src/pynqrypt.cpp:132]   --->   Operation 73 'zext' 'zext_ln132_1' <Predicate = true> <Delay = 0.00>
ST_1 : Operation 74 [1/1] (0.00ns) (grouped into LUT with out node ret_V_5)   --->   "%lshr_ln132_1 = lshr i2048 3294578057314658763267795712291423816875059784912772658549463737549614411501588429758163946129753963063094138685936871067770203650430612434195375948676499621860626057286767866984606329430300288249694230977817309640410368608817684755278168616531299385557605244291578639565002013689251056656080034747730775106792247717826926486880909667003158817235872845726171190436001294868070851495559292814071128771808507251916148301013813934405585832966327353734581929782276709735716474759982539751455303458650918273922349256448297540981134095574432763667425412741570921087470081050522780756614773559216063798844346245016564663040, i2048 %zext_ln132_1" [../hw-impl/src/pynqrypt.cpp:132]   --->   Operation 74 'lshr' 'lshr_ln132_1' <Predicate = true> <Delay = 0.00> <CoreInst = "Shifter">   --->   Core 75 'Shifter' <Latency = 0> <II = 1> <Delay = 5.94> <FuncUnit> <Opcode : 'shl' 'lshr' 'ashr'> <InPorts = 2> <OutPorts = 1>
ST_1 : Operation 75 [1/1] (0.00ns) (grouped into LUT with out node ret_V_5)   --->   "%s1_V_4 = trunc i2048 %lshr_ln132_1" [../hw-impl/src/pynqrypt.cpp:132]   --->   Operation 75 'trunc' 's1_V_4' <Predicate = true> <Delay = 0.00>
ST_1 : Operation 76 [1/1] (0.00ns) (grouped into LUT with out node ret_V_5)   --->   "%xor_ln1499_15 = xor i8 %tmp_10, i8 %tmp_5"   --->   Operation 76 'xor' 'xor_ln1499_15' <Predicate = true> <Delay = 0.00> <CoreInst = "LogicGate">   --->   Core 74 'LogicGate' <Latency = 0> <II = 1> <Delay = 0.99> <FuncUnit> <Opcode : 'and' 'or' 'xor'> <InPorts = 2> <OutPorts = 1>
ST_1 : Operation 77 [1/1] (0.00ns) (grouped into LUT with out node ret_V_5)   --->   "%xor_ln1499_16 = xor i8 %s0_V_4, i8 %s1_V_4"   --->   Operation 77 'xor' 'xor_ln1499_16' <Predicate = true> <Delay = 0.00> <CoreInst = "LogicGate">   --->   Core 74 'LogicGate' <Latency = 0> <II = 1> <Delay = 0.99> <FuncUnit> <Opcode : 'and' 'or' 'xor'> <InPorts = 2> <OutPorts = 1>
ST_1 : Operation 78 [1/1] (5.94ns) (out node of the LUT)   --->   "%ret_V_5 = xor i8 %xor_ln1499_16, i8 %xor_ln1499_15"   --->   Operation 78 'xor' 'ret_V_5' <Predicate = true> <Delay = 5.94> <CoreInst = "LogicGate">   --->   Core 74 'LogicGate' <Latency = 0> <II = 1> <Delay = 0.99> <FuncUnit> <Opcode : 'and' 'or' 'xor'> <InPorts = 2> <OutPorts = 1>
ST_1 : Operation 79 [1/1] (0.00ns) (grouped into LUT with out node ret_V_6)   --->   "%zext_ln137_1 = zext i11 %shl_ln132_1" [../hw-impl/src/pynqrypt.cpp:137]   --->   Operation 79 'zext' 'zext_ln137_1' <Predicate = true> <Delay = 0.00>
ST_1 : Operation 80 [1/1] (0.00ns) (grouped into LUT with out node ret_V_6)   --->   "%lshr_ln137_1 = lshr i2048 29022917302579095964124461949858013542724473648904841737866655790348712823699949138665809059499827693295928210552345624834464780210271501149743171624365253056144549668571949842842198483757917673820358967127239403036664387516565901472030220598252923801785930419531446491996907423676964199699175720602385906879680083903485254308339209678552217320138528911198260519229634791478122061432032516214484371579815631342231930258222337365598820086254069662275554781838914121458546816731767637215947301122829170181878307081147920335390477421409014593779889526109499260042632138652359755563522403016050871885672224018346954457600, i2048 %zext_ln137_1" [../hw-impl/src/pynqrypt.cpp:137]   --->   Operation 80 'lshr' 'lshr_ln137_1' <Predicate = true> <Delay = 0.00> <CoreInst = "Shifter">   --->   Core 75 'Shifter' <Latency = 0> <II = 1> <Delay = 5.94> <FuncUnit> <Opcode : 'shl' 'lshr' 'ashr'> <InPorts = 2> <OutPorts = 1>
ST_1 : Operation 81 [1/1] (0.00ns) (grouped into LUT with out node ret_V_6)   --->   "%s0_V_18 = trunc i2048 %lshr_ln137_1" [../hw-impl/src/pynqrypt.cpp:137]   --->   Operation 81 'trunc' 's0_V_18' <Predicate = true> <Delay = 0.00>
ST_1 : Operation 82 [1/1] (0.00ns)   --->   "%tmp_12 = partselect i8 @_ssdm_op_PartSelect.i8.i128.i32.i32, i128 %block_read_1, i32 32, i32 39" [../hw-impl/src/pynqrypt.cpp:138]   --->   Operation 82 'partselect' 'tmp_12' <Predicate = true> <Delay = 0.00>
ST_1 : Operation 83 [1/1] (0.00ns)   --->   "%shl_ln138_1 = bitconcatenate i11 @_ssdm_op_BitConcatenate.i11.i8.i3, i8 %tmp_12, i3 0" [../hw-impl/src/pynqrypt.cpp:138]   --->   Operation 83 'bitconcatenate' 'shl_ln138_1' <Predicate = true> <Delay = 0.00>
ST_1 : Operation 84 [1/1] (0.00ns) (grouped into LUT with out node ret_V_6)   --->   "%zext_ln138_1 = zext i11 %shl_ln138_1" [../hw-impl/src/pynqrypt.cpp:138]   --->   Operation 84 'zext' 'zext_ln138_1' <Predicate = true> <Delay = 0.00>
ST_1 : Operation 85 [1/1] (0.00ns) (grouped into LUT with out node ret_V_6)   --->   "%lshr_ln138_1 = lshr i2048 3294578057314658763267795712291423816875059784912772658549463737549614411501588429758163946129753963063094138685936871067770203650430612434195375948676499621860626057286767866984606329430300288249694230977817309640410368608817684755278168616531299385557605244291578639565002013689251056656080034747730775106792247717826926486880909667003158817235872845726171190436001294868070851495559292814071128771808507251916148301013813934405585832966327353734581929782276709735716474759982539751455303458650918273922349256448297540981134095574432763667425412741570921087470081050522780756614773559216063798844346245016564663040, i2048 %zext_ln138_1" [../hw-impl/src/pynqrypt.cpp:138]   --->   Operation 85 'lshr' 'lshr_ln138_1' <Predicate = true> <Delay = 0.00> <CoreInst = "Shifter">   --->   Core 75 'Shifter' <Latency = 0> <II = 1> <Delay = 5.94> <FuncUnit> <Opcode : 'shl' 'lshr' 'ashr'> <InPorts = 2> <OutPorts = 1>
ST_1 : Operation 86 [1/1] (0.00ns) (grouped into LUT with out node ret_V_6)   --->   "%s1_V_18 = trunc i2048 %lshr_ln138_1" [../hw-impl/src/pynqrypt.cpp:138]   --->   Operation 86 'trunc' 's1_V_18' <Predicate = true> <Delay = 0.00>
ST_1 : Operation 87 [1/1] (0.00ns) (grouped into LUT with out node ret_V_6)   --->   "%xor_ln1499_18 = xor i8 %tmp_7, i8 %tmp_5"   --->   Operation 87 'xor' 'xor_ln1499_18' <Predicate = true> <Delay = 0.00> <CoreInst = "LogicGate">   --->   Core 74 'LogicGate' <Latency = 0> <II = 1> <Delay = 0.99> <FuncUnit> <Opcode : 'and' 'or' 'xor'> <InPorts = 2> <OutPorts = 1>
ST_1 : Operation 88 [1/1] (0.00ns) (grouped into LUT with out node ret_V_6)   --->   "%xor_ln1499_19 = xor i8 %s0_V_18, i8 %s1_V_18"   --->   Operation 88 'xor' 'xor_ln1499_19' <Predicate = true> <Delay = 0.00> <CoreInst = "LogicGate">   --->   Core 74 'LogicGate' <Latency = 0> <II = 1> <Delay = 0.99> <FuncUnit> <Opcode : 'and' 'or' 'xor'> <InPorts = 2> <OutPorts = 1>
ST_1 : Operation 89 [1/1] (5.94ns) (out node of the LUT)   --->   "%ret_V_6 = xor i8 %xor_ln1499_19, i8 %xor_ln1499_18"   --->   Operation 89 'xor' 'ret_V_6' <Predicate = true> <Delay = 5.94> <CoreInst = "LogicGate">   --->   Core 74 'LogicGate' <Latency = 0> <II = 1> <Delay = 0.99> <FuncUnit> <Opcode : 'and' 'or' 'xor'> <InPorts = 2> <OutPorts = 1>
ST_1 : Operation 90 [1/1] (0.00ns) (grouped into LUT with out node ret_V_7)   --->   "%zext_ln143_1 = zext i11 %shl_ln125_1" [../hw-impl/src/pynqrypt.cpp:143]   --->   Operation 90 'zext' 'zext_ln143_1' <Predicate = true> <Delay = 0.00>
ST_1 : Operation 91 [1/1] (0.00ns) (grouped into LUT with out node ret_V_7)   --->   "%lshr_ln143_1 = lshr i2048 3294578057314658763267795712291423816875059784912772658549463737549614411501588429758163946129753963063094138685936871067770203650430612434195375948676499621860626057286767866984606329430300288249694230977817309640410368608817684755278168616531299385557605244291578639565002013689251056656080034747730775106792247717826926486880909667003158817235872845726171190436001294868070851495559292814071128771808507251916148301013813934405585832966327353734581929782276709735716474759982539751455303458650918273922349256448297540981134095574432763667425412741570921087470081050522780756614773559216063798844346245016564663040, i2048 %zext_ln143_1" [../hw-impl/src/pynqrypt.cpp:143]   --->   Operation 91 'lshr' 'lshr_ln143_1' <Predicate = true> <Delay = 0.00> <CoreInst = "Shifter">   --->   Core 75 'Shifter' <Latency = 0> <II = 1> <Delay = 5.94> <FuncUnit> <Opcode : 'shl' 'lshr' 'ashr'> <InPorts = 2> <OutPorts = 1>
ST_1 : Operation 92 [1/1] (0.00ns) (grouped into LUT with out node ret_V_7)   --->   "%s0_V_6 = trunc i2048 %lshr_ln143_1" [../hw-impl/src/pynqrypt.cpp:143]   --->   Operation 92 'trunc' 's0_V_6' <Predicate = true> <Delay = 0.00>
ST_1 : Operation 93 [1/1] (0.00ns) (grouped into LUT with out node ret_V_7)   --->   "%zext_ln144_1 = zext i11 %shl_ln138_1" [../hw-impl/src/pynqrypt.cpp:144]   --->   Operation 93 'zext' 'zext_ln144_1' <Predicate = true> <Delay = 0.00>
ST_1 : Operation 94 [1/1] (0.00ns) (grouped into LUT with out node ret_V_7)   --->   "%lshr_ln144_1 = lshr i2048 29022917302579095964124461949858013542724473648904841737866655790348712823699949138665809059499827693295928210552345624834464780210271501149743171624365253056144549668571949842842198483757917673820358967127239403036664387516565901472030220598252923801785930419531446491996907423676964199699175720602385906879680083903485254308339209678552217320138528911198260519229634791478122061432032516214484371579815631342231930258222337365598820086254069662275554781838914121458546816731767637215947301122829170181878307081147920335390477421409014593779889526109499260042632138652359755563522403016050871885672224018346954457600, i2048 %zext_ln144_1" [../hw-impl/src/pynqrypt.cpp:144]   --->   Operation 94 'lshr' 'lshr_ln144_1' <Predicate = true> <Delay = 0.00> <CoreInst = "Shifter">   --->   Core 75 'Shifter' <Latency = 0> <II = 1> <Delay = 5.94> <FuncUnit> <Opcode : 'shl' 'lshr' 'ashr'> <InPorts = 2> <OutPorts = 1>
ST_1 : Operation 95 [1/1] (0.00ns) (grouped into LUT with out node ret_V_7)   --->   "%s1_V_6 = trunc i2048 %lshr_ln144_1" [../hw-impl/src/pynqrypt.cpp:144]   --->   Operation 95 'trunc' 's1_V_6' <Predicate = true> <Delay = 0.00>
ST_1 : Operation 96 [1/1] (0.00ns) (grouped into LUT with out node ret_V_7)   --->   "%xor_ln1499_21 = xor i8 %tmp_9, i8 %tmp_7"   --->   Operation 96 'xor' 'xor_ln1499_21' <Predicate = true> <Delay = 0.00> <CoreInst = "LogicGate">   --->   Core 74 'LogicGate' <Latency = 0> <II = 1> <Delay = 0.99> <FuncUnit> <Opcode : 'and' 'or' 'xor'> <InPorts = 2> <OutPorts = 1>
ST_1 : Operation 97 [1/1] (0.00ns) (grouped into LUT with out node ret_V_7)   --->   "%xor_ln1499_22 = xor i8 %s0_V_6, i8 %s1_V_6"   --->   Operation 97 'xor' 'xor_ln1499_22' <Predicate = true> <Delay = 0.00> <CoreInst = "LogicGate">   --->   Core 74 'LogicGate' <Latency = 0> <II = 1> <Delay = 0.99> <FuncUnit> <Opcode : 'and' 'or' 'xor'> <InPorts = 2> <OutPorts = 1>
ST_1 : Operation 98 [1/1] (5.94ns) (out node of the LUT)   --->   "%ret_V_7 = xor i8 %xor_ln1499_22, i8 %xor_ln1499_21"   --->   Operation 98 'xor' 'ret_V_7' <Predicate = true> <Delay = 5.94> <CoreInst = "LogicGate">   --->   Core 74 'LogicGate' <Latency = 0> <II = 1> <Delay = 0.99> <FuncUnit> <Opcode : 'and' 'or' 'xor'> <InPorts = 2> <OutPorts = 1>
ST_1 : Operation 99 [1/1] (0.00ns)   --->   "%tmp_13 = partselect i8 @_ssdm_op_PartSelect.i8.i128.i32.i32, i128 %block_read_1, i32 88, i32 95"   --->   Operation 99 'partselect' 'tmp_13' <Predicate = true> <Delay = 0.00>
ST_1 : Operation 100 [1/1] (0.00ns)   --->   "%tmp_14 = partselect i8 @_ssdm_op_PartSelect.i8.i128.i32.i32, i128 %block_read_1, i32 88, i32 95" [../hw-impl/src/pynqrypt.cpp:125]   --->   Operation 100 'partselect' 'tmp_14' <Predicate = true> <Delay = 0.00>
ST_1 : Operation 101 [1/1] (0.00ns)   --->   "%shl_ln125_2 = bitconcatenate i11 @_ssdm_op_BitConcatenate.i11.i8.i3, i8 %tmp_14, i3 0" [../hw-impl/src/pynqrypt.cpp:125]   --->   Operation 101 'bitconcatenate' 'shl_ln125_2' <Predicate = true> <Delay = 0.00>
ST_1 : Operation 102 [1/1] (0.00ns) (grouped into LUT with out node ret_V_8)   --->   "%zext_ln125_2 = zext i11 %shl_ln125_2" [../hw-impl/src/pynqrypt.cpp:125]   --->   Operation 102 'zext' 'zext_ln125_2' <Predicate = true> <Delay = 0.00>
ST_1 : Operation 103 [1/1] (0.00ns) (grouped into LUT with out node ret_V_8)   --->   "%lshr_ln125_2 = lshr i2048 29022917302579095964124461949858013542724473648904841737866655790348712823699949138665809059499827693295928210552345624834464780210271501149743171624365253056144549668571949842842198483757917673820358967127239403036664387516565901472030220598252923801785930419531446491996907423676964199699175720602385906879680083903485254308339209678552217320138528911198260519229634791478122061432032516214484371579815631342231930258222337365598820086254069662275554781838914121458546816731767637215947301122829170181878307081147920335390477421409014593779889526109499260042632138652359755563522403016050871885672224018346954457600, i2048 %zext_ln125_2" [../hw-impl/src/pynqrypt.cpp:125]   --->   Operation 103 'lshr' 'lshr_ln125_2' <Predicate = true> <Delay = 0.00> <CoreInst = "Shifter">   --->   Core 75 'Shifter' <Latency = 0> <II = 1> <Delay = 5.94> <FuncUnit> <Opcode : 'shl' 'lshr' 'ashr'> <InPorts = 2> <OutPorts = 1>
ST_1 : Operation 104 [1/1] (0.00ns) (grouped into LUT with out node ret_V_8)   --->   "%s0_V_19 = trunc i2048 %lshr_ln125_2" [../hw-impl/src/pynqrypt.cpp:125]   --->   Operation 104 'trunc' 's0_V_19' <Predicate = true> <Delay = 0.00>
ST_1 : Operation 105 [1/1] (0.00ns)   --->   "%tmp_15 = partselect i8 @_ssdm_op_PartSelect.i8.i128.i32.i32, i128 %block_read_1, i32 80, i32 87"   --->   Operation 105 'partselect' 'tmp_15' <Predicate = true> <Delay = 0.00>
ST_1 : Operation 106 [1/1] (0.00ns)   --->   "%tmp_16 = partselect i8 @_ssdm_op_PartSelect.i8.i128.i32.i32, i128 %block_read_1, i32 80, i32 87" [../hw-impl/src/pynqrypt.cpp:126]   --->   Operation 106 'partselect' 'tmp_16' <Predicate = true> <Delay = 0.00>
ST_1 : Operation 107 [1/1] (0.00ns)   --->   "%shl_ln126_2 = bitconcatenate i11 @_ssdm_op_BitConcatenate.i11.i8.i3, i8 %tmp_16, i3 0" [../hw-impl/src/pynqrypt.cpp:126]   --->   Operation 107 'bitconcatenate' 'shl_ln126_2' <Predicate = true> <Delay = 0.00>
ST_1 : Operation 108 [1/1] (0.00ns) (grouped into LUT with out node ret_V_8)   --->   "%zext_ln126_2 = zext i11 %shl_ln126_2" [../hw-impl/src/pynqrypt.cpp:126]   --->   Operation 108 'zext' 'zext_ln126_2' <Predicate = true> <Delay = 0.00>
ST_1 : Operation 109 [1/1] (0.00ns) (grouped into LUT with out node ret_V_8)   --->   "%lshr_ln126_2 = lshr i2048 3294578057314658763267795712291423816875059784912772658549463737549614411501588429758163946129753963063094138685936871067770203650430612434195375948676499621860626057286767866984606329430300288249694230977817309640410368608817684755278168616531299385557605244291578639565002013689251056656080034747730775106792247717826926486880909667003158817235872845726171190436001294868070851495559292814071128771808507251916148301013813934405585832966327353734581929782276709735716474759982539751455303458650918273922349256448297540981134095574432763667425412741570921087470081050522780756614773559216063798844346245016564663040, i2048 %zext_ln126_2" [../hw-impl/src/pynqrypt.cpp:126]   --->   Operation 109 'lshr' 'lshr_ln126_2' <Predicate = true> <Delay = 0.00> <CoreInst = "Shifter">   --->   Core 75 'Shifter' <Latency = 0> <II = 1> <Delay = 5.94> <FuncUnit> <Opcode : 'shl' 'lshr' 'ashr'> <InPorts = 2> <OutPorts = 1>
ST_1 : Operation 110 [1/1] (0.00ns) (grouped into LUT with out node ret_V_8)   --->   "%s1_V_19 = trunc i2048 %lshr_ln126_2" [../hw-impl/src/pynqrypt.cpp:126]   --->   Operation 110 'trunc' 's1_V_19' <Predicate = true> <Delay = 0.00>
ST_1 : Operation 111 [1/1] (0.00ns)   --->   "%tmp_17 = partselect i8 @_ssdm_op_PartSelect.i8.i128.i32.i32, i128 %block_read_1, i32 72, i32 79"   --->   Operation 111 'partselect' 'tmp_17' <Predicate = true> <Delay = 0.00>
ST_1 : Operation 112 [1/1] (0.00ns)   --->   "%tmp_18 = partselect i8 @_ssdm_op_PartSelect.i8.i128.i32.i32, i128 %block_read_1, i32 64, i32 71"   --->   Operation 112 'partselect' 'tmp_18' <Predicate = true> <Delay = 0.00>
ST_1 : Operation 113 [1/1] (0.00ns) (grouped into LUT with out node ret_V_8)   --->   "%xor_ln1499_24 = xor i8 %s1_V_19, i8 %s0_V_19"   --->   Operation 113 'xor' 'xor_ln1499_24' <Predicate = true> <Delay = 0.00> <CoreInst = "LogicGate">   --->   Core 74 'LogicGate' <Latency = 0> <II = 1> <Delay = 0.99> <FuncUnit> <Opcode : 'and' 'or' 'xor'> <InPorts = 2> <OutPorts = 1>
ST_1 : Operation 114 [1/1] (0.00ns) (grouped into LUT with out node ret_V_8)   --->   "%xor_ln1499_25 = xor i8 %tmp_17, i8 %tmp_18"   --->   Operation 114 'xor' 'xor_ln1499_25' <Predicate = true> <Delay = 0.00> <CoreInst = "LogicGate">   --->   Core 74 'LogicGate' <Latency = 0> <II = 1> <Delay = 0.99> <FuncUnit> <Opcode : 'and' 'or' 'xor'> <InPorts = 2> <OutPorts = 1>
ST_1 : Operation 115 [1/1] (5.94ns) (out node of the LUT)   --->   "%ret_V_8 = xor i8 %xor_ln1499_25, i8 %xor_ln1499_24"   --->   Operation 115 'xor' 'ret_V_8' <Predicate = true> <Delay = 5.94> <CoreInst = "LogicGate">   --->   Core 74 'LogicGate' <Latency = 0> <II = 1> <Delay = 0.99> <FuncUnit> <Opcode : 'and' 'or' 'xor'> <InPorts = 2> <OutPorts = 1>
ST_1 : Operation 116 [1/1] (0.00ns) (grouped into LUT with out node ret_V_9)   --->   "%zext_ln131_2 = zext i11 %shl_ln126_2" [../hw-impl/src/pynqrypt.cpp:131]   --->   Operation 116 'zext' 'zext_ln131_2' <Predicate = true> <Delay = 0.00>
ST_1 : Operation 117 [1/1] (0.00ns) (grouped into LUT with out node ret_V_9)   --->   "%lshr_ln131_2 = lshr i2048 29022917302579095964124461949858013542724473648904841737866655790348712823699949138665809059499827693295928210552345624834464780210271501149743171624365253056144549668571949842842198483757917673820358967127239403036664387516565901472030220598252923801785930419531446491996907423676964199699175720602385906879680083903485254308339209678552217320138528911198260519229634791478122061432032516214484371579815631342231930258222337365598820086254069662275554781838914121458546816731767637215947301122829170181878307081147920335390477421409014593779889526109499260042632138652359755563522403016050871885672224018346954457600, i2048 %zext_ln131_2" [../hw-impl/src/pynqrypt.cpp:131]   --->   Operation 117 'lshr' 'lshr_ln131_2' <Predicate = true> <Delay = 0.00> <CoreInst = "Shifter">   --->   Core 75 'Shifter' <Latency = 0> <II = 1> <Delay = 5.94> <FuncUnit> <Opcode : 'shl' 'lshr' 'ashr'> <InPorts = 2> <OutPorts = 1>
ST_1 : Operation 118 [1/1] (0.00ns) (grouped into LUT with out node ret_V_9)   --->   "%s0_V_8 = trunc i2048 %lshr_ln131_2" [../hw-impl/src/pynqrypt.cpp:131]   --->   Operation 118 'trunc' 's0_V_8' <Predicate = true> <Delay = 0.00>
ST_1 : Operation 119 [1/1] (0.00ns)   --->   "%tmp_19 = partselect i8 @_ssdm_op_PartSelect.i8.i128.i32.i32, i128 %block_read_1, i32 72, i32 79" [../hw-impl/src/pynqrypt.cpp:132]   --->   Operation 119 'partselect' 'tmp_19' <Predicate = true> <Delay = 0.00>
ST_1 : Operation 120 [1/1] (0.00ns)   --->   "%shl_ln132_2 = bitconcatenate i11 @_ssdm_op_BitConcatenate.i11.i8.i3, i8 %tmp_19, i3 0" [../hw-impl/src/pynqrypt.cpp:132]   --->   Operation 120 'bitconcatenate' 'shl_ln132_2' <Predicate = true> <Delay = 0.00>
ST_1 : Operation 121 [1/1] (0.00ns) (grouped into LUT with out node ret_V_9)   --->   "%zext_ln132_2 = zext i11 %shl_ln132_2" [../hw-impl/src/pynqrypt.cpp:132]   --->   Operation 121 'zext' 'zext_ln132_2' <Predicate = true> <Delay = 0.00>
ST_1 : Operation 122 [1/1] (0.00ns) (grouped into LUT with out node ret_V_9)   --->   "%lshr_ln132_2 = lshr i2048 3294578057314658763267795712291423816875059784912772658549463737549614411501588429758163946129753963063094138685936871067770203650430612434195375948676499621860626057286767866984606329430300288249694230977817309640410368608817684755278168616531299385557605244291578639565002013689251056656080034747730775106792247717826926486880909667003158817235872845726171190436001294868070851495559292814071128771808507251916148301013813934405585832966327353734581929782276709735716474759982539751455303458650918273922349256448297540981134095574432763667425412741570921087470081050522780756614773559216063798844346245016564663040, i2048 %zext_ln132_2" [../hw-impl/src/pynqrypt.cpp:132]   --->   Operation 122 'lshr' 'lshr_ln132_2' <Predicate = true> <Delay = 0.00> <CoreInst = "Shifter">   --->   Core 75 'Shifter' <Latency = 0> <II = 1> <Delay = 5.94> <FuncUnit> <Opcode : 'shl' 'lshr' 'ashr'> <InPorts = 2> <OutPorts = 1>
ST_1 : Operation 123 [1/1] (0.00ns) (grouped into LUT with out node ret_V_9)   --->   "%s1_V_8 = trunc i2048 %lshr_ln132_2" [../hw-impl/src/pynqrypt.cpp:132]   --->   Operation 123 'trunc' 's1_V_8' <Predicate = true> <Delay = 0.00>
ST_1 : Operation 124 [1/1] (0.00ns) (grouped into LUT with out node ret_V_9)   --->   "%xor_ln1499_27 = xor i8 %tmp_18, i8 %tmp_13"   --->   Operation 124 'xor' 'xor_ln1499_27' <Predicate = true> <Delay = 0.00> <CoreInst = "LogicGate">   --->   Core 74 'LogicGate' <Latency = 0> <II = 1> <Delay = 0.99> <FuncUnit> <Opcode : 'and' 'or' 'xor'> <InPorts = 2> <OutPorts = 1>
ST_1 : Operation 125 [1/1] (0.00ns) (grouped into LUT with out node ret_V_9)   --->   "%xor_ln1499_28 = xor i8 %s0_V_8, i8 %s1_V_8"   --->   Operation 125 'xor' 'xor_ln1499_28' <Predicate = true> <Delay = 0.00> <CoreInst = "LogicGate">   --->   Core 74 'LogicGate' <Latency = 0> <II = 1> <Delay = 0.99> <FuncUnit> <Opcode : 'and' 'or' 'xor'> <InPorts = 2> <OutPorts = 1>
ST_1 : Operation 126 [1/1] (5.94ns) (out node of the LUT)   --->   "%ret_V_9 = xor i8 %xor_ln1499_28, i8 %xor_ln1499_27"   --->   Operation 126 'xor' 'ret_V_9' <Predicate = true> <Delay = 5.94> <CoreInst = "LogicGate">   --->   Core 74 'LogicGate' <Latency = 0> <II = 1> <Delay = 0.99> <FuncUnit> <Opcode : 'and' 'or' 'xor'> <InPorts = 2> <OutPorts = 1>
ST_1 : Operation 127 [1/1] (0.00ns) (grouped into LUT with out node ret_V_10)   --->   "%zext_ln137_2 = zext i11 %shl_ln132_2" [../hw-impl/src/pynqrypt.cpp:137]   --->   Operation 127 'zext' 'zext_ln137_2' <Predicate = true> <Delay = 0.00>
ST_1 : Operation 128 [1/1] (0.00ns) (grouped into LUT with out node ret_V_10)   --->   "%lshr_ln137_2 = lshr i2048 29022917302579095964124461949858013542724473648904841737866655790348712823699949138665809059499827693295928210552345624834464780210271501149743171624365253056144549668571949842842198483757917673820358967127239403036664387516565901472030220598252923801785930419531446491996907423676964199699175720602385906879680083903485254308339209678552217320138528911198260519229634791478122061432032516214484371579815631342231930258222337365598820086254069662275554781838914121458546816731767637215947301122829170181878307081147920335390477421409014593779889526109499260042632138652359755563522403016050871885672224018346954457600, i2048 %zext_ln137_2" [../hw-impl/src/pynqrypt.cpp:137]   --->   Operation 128 'lshr' 'lshr_ln137_2' <Predicate = true> <Delay = 0.00> <CoreInst = "Shifter">   --->   Core 75 'Shifter' <Latency = 0> <II = 1> <Delay = 5.94> <FuncUnit> <Opcode : 'shl' 'lshr' 'ashr'> <InPorts = 2> <OutPorts = 1>
ST_1 : Operation 129 [1/1] (0.00ns) (grouped into LUT with out node ret_V_10)   --->   "%s0_V_20 = trunc i2048 %lshr_ln137_2" [../hw-impl/src/pynqrypt.cpp:137]   --->   Operation 129 'trunc' 's0_V_20' <Predicate = true> <Delay = 0.00>
ST_1 : Operation 130 [1/1] (0.00ns)   --->   "%tmp_20 = partselect i8 @_ssdm_op_PartSelect.i8.i128.i32.i32, i128 %block_read_1, i32 64, i32 71" [../hw-impl/src/pynqrypt.cpp:138]   --->   Operation 130 'partselect' 'tmp_20' <Predicate = true> <Delay = 0.00>
ST_1 : Operation 131 [1/1] (0.00ns)   --->   "%shl_ln138_2 = bitconcatenate i11 @_ssdm_op_BitConcatenate.i11.i8.i3, i8 %tmp_20, i3 0" [../hw-impl/src/pynqrypt.cpp:138]   --->   Operation 131 'bitconcatenate' 'shl_ln138_2' <Predicate = true> <Delay = 0.00>
ST_1 : Operation 132 [1/1] (0.00ns) (grouped into LUT with out node ret_V_10)   --->   "%zext_ln138_2 = zext i11 %shl_ln138_2" [../hw-impl/src/pynqrypt.cpp:138]   --->   Operation 132 'zext' 'zext_ln138_2' <Predicate = true> <Delay = 0.00>
ST_1 : Operation 133 [1/1] (0.00ns) (grouped into LUT with out node ret_V_10)   --->   "%lshr_ln138_2 = lshr i2048 3294578057314658763267795712291423816875059784912772658549463737549614411501588429758163946129753963063094138685936871067770203650430612434195375948676499621860626057286767866984606329430300288249694230977817309640410368608817684755278168616531299385557605244291578639565002013689251056656080034747730775106792247717826926486880909667003158817235872845726171190436001294868070851495559292814071128771808507251916148301013813934405585832966327353734581929782276709735716474759982539751455303458650918273922349256448297540981134095574432763667425412741570921087470081050522780756614773559216063798844346245016564663040, i2048 %zext_ln138_2" [../hw-impl/src/pynqrypt.cpp:138]   --->   Operation 133 'lshr' 'lshr_ln138_2' <Predicate = true> <Delay = 0.00> <CoreInst = "Shifter">   --->   Core 75 'Shifter' <Latency = 0> <II = 1> <Delay = 5.94> <FuncUnit> <Opcode : 'shl' 'lshr' 'ashr'> <InPorts = 2> <OutPorts = 1>
ST_1 : Operation 134 [1/1] (0.00ns) (grouped into LUT with out node ret_V_10)   --->   "%s1_V_20 = trunc i2048 %lshr_ln138_2" [../hw-impl/src/pynqrypt.cpp:138]   --->   Operation 134 'trunc' 's1_V_20' <Predicate = true> <Delay = 0.00>
ST_1 : Operation 135 [1/1] (0.00ns) (grouped into LUT with out node ret_V_10)   --->   "%xor_ln1499_30 = xor i8 %tmp_15, i8 %tmp_13"   --->   Operation 135 'xor' 'xor_ln1499_30' <Predicate = true> <Delay = 0.00> <CoreInst = "LogicGate">   --->   Core 74 'LogicGate' <Latency = 0> <II = 1> <Delay = 0.99> <FuncUnit> <Opcode : 'and' 'or' 'xor'> <InPorts = 2> <OutPorts = 1>
ST_1 : Operation 136 [1/1] (0.00ns) (grouped into LUT with out node ret_V_10)   --->   "%xor_ln1499_31 = xor i8 %s0_V_20, i8 %s1_V_20"   --->   Operation 136 'xor' 'xor_ln1499_31' <Predicate = true> <Delay = 0.00> <CoreInst = "LogicGate">   --->   Core 74 'LogicGate' <Latency = 0> <II = 1> <Delay = 0.99> <FuncUnit> <Opcode : 'and' 'or' 'xor'> <InPorts = 2> <OutPorts = 1>
ST_1 : Operation 137 [1/1] (5.94ns) (out node of the LUT)   --->   "%ret_V_10 = xor i8 %xor_ln1499_31, i8 %xor_ln1499_30"   --->   Operation 137 'xor' 'ret_V_10' <Predicate = true> <Delay = 5.94> <CoreInst = "LogicGate">   --->   Core 74 'LogicGate' <Latency = 0> <II = 1> <Delay = 0.99> <FuncUnit> <Opcode : 'and' 'or' 'xor'> <InPorts = 2> <OutPorts = 1>
ST_1 : Operation 138 [1/1] (0.00ns) (grouped into LUT with out node ret_V_11)   --->   "%zext_ln143_2 = zext i11 %shl_ln125_2" [../hw-impl/src/pynqrypt.cpp:143]   --->   Operation 138 'zext' 'zext_ln143_2' <Predicate = true> <Delay = 0.00>
ST_1 : Operation 139 [1/1] (0.00ns) (grouped into LUT with out node ret_V_11)   --->   "%lshr_ln143_2 = lshr i2048 3294578057314658763267795712291423816875059784912772658549463737549614411501588429758163946129753963063094138685936871067770203650430612434195375948676499621860626057286767866984606329430300288249694230977817309640410368608817684755278168616531299385557605244291578639565002013689251056656080034747730775106792247717826926486880909667003158817235872845726171190436001294868070851495559292814071128771808507251916148301013813934405585832966327353734581929782276709735716474759982539751455303458650918273922349256448297540981134095574432763667425412741570921087470081050522780756614773559216063798844346245016564663040, i2048 %zext_ln143_2" [../hw-impl/src/pynqrypt.cpp:143]   --->   Operation 139 'lshr' 'lshr_ln143_2' <Predicate = true> <Delay = 0.00> <CoreInst = "Shifter">   --->   Core 75 'Shifter' <Latency = 0> <II = 1> <Delay = 5.94> <FuncUnit> <Opcode : 'shl' 'lshr' 'ashr'> <InPorts = 2> <OutPorts = 1>
ST_1 : Operation 140 [1/1] (0.00ns) (grouped into LUT with out node ret_V_11)   --->   "%s0_V_10 = trunc i2048 %lshr_ln143_2" [../hw-impl/src/pynqrypt.cpp:143]   --->   Operation 140 'trunc' 's0_V_10' <Predicate = true> <Delay = 0.00>
ST_1 : Operation 141 [1/1] (0.00ns) (grouped into LUT with out node ret_V_11)   --->   "%zext_ln144_2 = zext i11 %shl_ln138_2" [../hw-impl/src/pynqrypt.cpp:144]   --->   Operation 141 'zext' 'zext_ln144_2' <Predicate = true> <Delay = 0.00>
ST_1 : Operation 142 [1/1] (0.00ns) (grouped into LUT with out node ret_V_11)   --->   "%lshr_ln144_2 = lshr i2048 29022917302579095964124461949858013542724473648904841737866655790348712823699949138665809059499827693295928210552345624834464780210271501149743171624365253056144549668571949842842198483757917673820358967127239403036664387516565901472030220598252923801785930419531446491996907423676964199699175720602385906879680083903485254308339209678552217320138528911198260519229634791478122061432032516214484371579815631342231930258222337365598820086254069662275554781838914121458546816731767637215947301122829170181878307081147920335390477421409014593779889526109499260042632138652359755563522403016050871885672224018346954457600, i2048 %zext_ln144_2" [../hw-impl/src/pynqrypt.cpp:144]   --->   Operation 142 'lshr' 'lshr_ln144_2' <Predicate = true> <Delay = 0.00> <CoreInst = "Shifter">   --->   Core 75 'Shifter' <Latency = 0> <II = 1> <Delay = 5.94> <FuncUnit> <Opcode : 'shl' 'lshr' 'ashr'> <InPorts = 2> <OutPorts = 1>
ST_1 : Operation 143 [1/1] (0.00ns) (grouped into LUT with out node ret_V_11)   --->   "%s1_V_10 = trunc i2048 %lshr_ln144_2" [../hw-impl/src/pynqrypt.cpp:144]   --->   Operation 143 'trunc' 's1_V_10' <Predicate = true> <Delay = 0.00>
ST_1 : Operation 144 [1/1] (0.00ns) (grouped into LUT with out node ret_V_11)   --->   "%xor_ln1499_33 = xor i8 %tmp_17, i8 %tmp_15"   --->   Operation 144 'xor' 'xor_ln1499_33' <Predicate = true> <Delay = 0.00> <CoreInst = "LogicGate">   --->   Core 74 'LogicGate' <Latency = 0> <II = 1> <Delay = 0.99> <FuncUnit> <Opcode : 'and' 'or' 'xor'> <InPorts = 2> <OutPorts = 1>
ST_1 : Operation 145 [1/1] (0.00ns) (grouped into LUT with out node ret_V_11)   --->   "%xor_ln1499_34 = xor i8 %s0_V_10, i8 %s1_V_10"   --->   Operation 145 'xor' 'xor_ln1499_34' <Predicate = true> <Delay = 0.00> <CoreInst = "LogicGate">   --->   Core 74 'LogicGate' <Latency = 0> <II = 1> <Delay = 0.99> <FuncUnit> <Opcode : 'and' 'or' 'xor'> <InPorts = 2> <OutPorts = 1>
ST_1 : Operation 146 [1/1] (5.94ns) (out node of the LUT)   --->   "%ret_V_11 = xor i8 %xor_ln1499_34, i8 %xor_ln1499_33"   --->   Operation 146 'xor' 'ret_V_11' <Predicate = true> <Delay = 5.94> <CoreInst = "LogicGate">   --->   Core 74 'LogicGate' <Latency = 0> <II = 1> <Delay = 0.99> <FuncUnit> <Opcode : 'and' 'or' 'xor'> <InPorts = 2> <OutPorts = 1>
ST_1 : Operation 147 [1/1] (0.00ns)   --->   "%tmp_21 = partselect i8 @_ssdm_op_PartSelect.i8.i128.i32.i32, i128 %block_read_1, i32 120, i32 127"   --->   Operation 147 'partselect' 'tmp_21' <Predicate = true> <Delay = 0.00>
ST_1 : Operation 148 [1/1] (0.00ns)   --->   "%tmp_22 = partselect i8 @_ssdm_op_PartSelect.i8.i128.i32.i32, i128 %block_read_1, i32 120, i32 127" [../hw-impl/src/pynqrypt.cpp:125]   --->   Operation 148 'partselect' 'tmp_22' <Predicate = true> <Delay = 0.00>
ST_1 : Operation 149 [1/1] (0.00ns)   --->   "%shl_ln125_3 = bitconcatenate i11 @_ssdm_op_BitConcatenate.i11.i8.i3, i8 %tmp_22, i3 0" [../hw-impl/src/pynqrypt.cpp:125]   --->   Operation 149 'bitconcatenate' 'shl_ln125_3' <Predicate = true> <Delay = 0.00>
ST_1 : Operation 150 [1/1] (0.00ns) (grouped into LUT with out node ret_V_12)   --->   "%zext_ln125_3 = zext i11 %shl_ln125_3" [../hw-impl/src/pynqrypt.cpp:125]   --->   Operation 150 'zext' 'zext_ln125_3' <Predicate = true> <Delay = 0.00>
ST_1 : Operation 151 [1/1] (0.00ns) (grouped into LUT with out node ret_V_12)   --->   "%lshr_ln125_3 = lshr i2048 29022917302579095964124461949858013542724473648904841737866655790348712823699949138665809059499827693295928210552345624834464780210271501149743171624365253056144549668571949842842198483757917673820358967127239403036664387516565901472030220598252923801785930419531446491996907423676964199699175720602385906879680083903485254308339209678552217320138528911198260519229634791478122061432032516214484371579815631342231930258222337365598820086254069662275554781838914121458546816731767637215947301122829170181878307081147920335390477421409014593779889526109499260042632138652359755563522403016050871885672224018346954457600, i2048 %zext_ln125_3" [../hw-impl/src/pynqrypt.cpp:125]   --->   Operation 151 'lshr' 'lshr_ln125_3' <Predicate = true> <Delay = 0.00> <CoreInst = "Shifter">   --->   Core 75 'Shifter' <Latency = 0> <II = 1> <Delay = 5.94> <FuncUnit> <Opcode : 'shl' 'lshr' 'ashr'> <InPorts = 2> <OutPorts = 1>
ST_1 : Operation 152 [1/1] (0.00ns) (grouped into LUT with out node ret_V_12)   --->   "%s0_V_21 = trunc i2048 %lshr_ln125_3" [../hw-impl/src/pynqrypt.cpp:125]   --->   Operation 152 'trunc' 's0_V_21' <Predicate = true> <Delay = 0.00>
ST_1 : Operation 153 [1/1] (0.00ns)   --->   "%tmp_23 = partselect i8 @_ssdm_op_PartSelect.i8.i128.i32.i32, i128 %block_read_1, i32 112, i32 119"   --->   Operation 153 'partselect' 'tmp_23' <Predicate = true> <Delay = 0.00>
ST_1 : Operation 154 [1/1] (0.00ns)   --->   "%tmp_24 = partselect i8 @_ssdm_op_PartSelect.i8.i128.i32.i32, i128 %block_read_1, i32 112, i32 119" [../hw-impl/src/pynqrypt.cpp:126]   --->   Operation 154 'partselect' 'tmp_24' <Predicate = true> <Delay = 0.00>
ST_1 : Operation 155 [1/1] (0.00ns)   --->   "%shl_ln126_3 = bitconcatenate i11 @_ssdm_op_BitConcatenate.i11.i8.i3, i8 %tmp_24, i3 0" [../hw-impl/src/pynqrypt.cpp:126]   --->   Operation 155 'bitconcatenate' 'shl_ln126_3' <Predicate = true> <Delay = 0.00>
ST_1 : Operation 156 [1/1] (0.00ns) (grouped into LUT with out node ret_V_12)   --->   "%zext_ln126_3 = zext i11 %shl_ln126_3" [../hw-impl/src/pynqrypt.cpp:126]   --->   Operation 156 'zext' 'zext_ln126_3' <Predicate = true> <Delay = 0.00>
ST_1 : Operation 157 [1/1] (0.00ns) (grouped into LUT with out node ret_V_12)   --->   "%lshr_ln126_3 = lshr i2048 3294578057314658763267795712291423816875059784912772658549463737549614411501588429758163946129753963063094138685936871067770203650430612434195375948676499621860626057286767866984606329430300288249694230977817309640410368608817684755278168616531299385557605244291578639565002013689251056656080034747730775106792247717826926486880909667003158817235872845726171190436001294868070851495559292814071128771808507251916148301013813934405585832966327353734581929782276709735716474759982539751455303458650918273922349256448297540981134095574432763667425412741570921087470081050522780756614773559216063798844346245016564663040, i2048 %zext_ln126_3" [../hw-impl/src/pynqrypt.cpp:126]   --->   Operation 157 'lshr' 'lshr_ln126_3' <Predicate = true> <Delay = 0.00> <CoreInst = "Shifter">   --->   Core 75 'Shifter' <Latency = 0> <II = 1> <Delay = 5.94> <FuncUnit> <Opcode : 'shl' 'lshr' 'ashr'> <InPorts = 2> <OutPorts = 1>
ST_1 : Operation 158 [1/1] (0.00ns) (grouped into LUT with out node ret_V_12)   --->   "%s1_V_21 = trunc i2048 %lshr_ln126_3" [../hw-impl/src/pynqrypt.cpp:126]   --->   Operation 158 'trunc' 's1_V_21' <Predicate = true> <Delay = 0.00>
ST_1 : Operation 159 [1/1] (0.00ns)   --->   "%tmp_25 = partselect i8 @_ssdm_op_PartSelect.i8.i128.i32.i32, i128 %block_read_1, i32 104, i32 111"   --->   Operation 159 'partselect' 'tmp_25' <Predicate = true> <Delay = 0.00>
ST_1 : Operation 160 [1/1] (0.00ns)   --->   "%tmp_26 = partselect i8 @_ssdm_op_PartSelect.i8.i128.i32.i32, i128 %block_read_1, i32 96, i32 103"   --->   Operation 160 'partselect' 'tmp_26' <Predicate = true> <Delay = 0.00>
ST_1 : Operation 161 [1/1] (0.00ns) (grouped into LUT with out node ret_V_12)   --->   "%xor_ln1499_36 = xor i8 %s1_V_21, i8 %s0_V_21"   --->   Operation 161 'xor' 'xor_ln1499_36' <Predicate = true> <Delay = 0.00> <CoreInst = "LogicGate">   --->   Core 74 'LogicGate' <Latency = 0> <II = 1> <Delay = 0.99> <FuncUnit> <Opcode : 'and' 'or' 'xor'> <InPorts = 2> <OutPorts = 1>
ST_1 : Operation 162 [1/1] (0.00ns) (grouped into LUT with out node ret_V_12)   --->   "%xor_ln1499_37 = xor i8 %tmp_25, i8 %tmp_26"   --->   Operation 162 'xor' 'xor_ln1499_37' <Predicate = true> <Delay = 0.00> <CoreInst = "LogicGate">   --->   Core 74 'LogicGate' <Latency = 0> <II = 1> <Delay = 0.99> <FuncUnit> <Opcode : 'and' 'or' 'xor'> <InPorts = 2> <OutPorts = 1>
ST_1 : Operation 163 [1/1] (5.94ns) (out node of the LUT)   --->   "%ret_V_12 = xor i8 %xor_ln1499_37, i8 %xor_ln1499_36"   --->   Operation 163 'xor' 'ret_V_12' <Predicate = true> <Delay = 5.94> <CoreInst = "LogicGate">   --->   Core 74 'LogicGate' <Latency = 0> <II = 1> <Delay = 0.99> <FuncUnit> <Opcode : 'and' 'or' 'xor'> <InPorts = 2> <OutPorts = 1>
ST_1 : Operation 164 [1/1] (0.00ns) (grouped into LUT with out node ret_V_13)   --->   "%zext_ln131_3 = zext i11 %shl_ln126_3" [../hw-impl/src/pynqrypt.cpp:131]   --->   Operation 164 'zext' 'zext_ln131_3' <Predicate = true> <Delay = 0.00>
ST_1 : Operation 165 [1/1] (0.00ns) (grouped into LUT with out node ret_V_13)   --->   "%lshr_ln131_3 = lshr i2048 29022917302579095964124461949858013542724473648904841737866655790348712823699949138665809059499827693295928210552345624834464780210271501149743171624365253056144549668571949842842198483757917673820358967127239403036664387516565901472030220598252923801785930419531446491996907423676964199699175720602385906879680083903485254308339209678552217320138528911198260519229634791478122061432032516214484371579815631342231930258222337365598820086254069662275554781838914121458546816731767637215947301122829170181878307081147920335390477421409014593779889526109499260042632138652359755563522403016050871885672224018346954457600, i2048 %zext_ln131_3" [../hw-impl/src/pynqrypt.cpp:131]   --->   Operation 165 'lshr' 'lshr_ln131_3' <Predicate = true> <Delay = 0.00> <CoreInst = "Shifter">   --->   Core 75 'Shifter' <Latency = 0> <II = 1> <Delay = 5.94> <FuncUnit> <Opcode : 'shl' 'lshr' 'ashr'> <InPorts = 2> <OutPorts = 1>
ST_1 : Operation 166 [1/1] (0.00ns) (grouped into LUT with out node ret_V_13)   --->   "%s0_V_12 = trunc i2048 %lshr_ln131_3" [../hw-impl/src/pynqrypt.cpp:131]   --->   Operation 166 'trunc' 's0_V_12' <Predicate = true> <Delay = 0.00>
ST_1 : Operation 167 [1/1] (0.00ns)   --->   "%tmp_27 = partselect i8 @_ssdm_op_PartSelect.i8.i128.i32.i32, i128 %block_read_1, i32 104, i32 111" [../hw-impl/src/pynqrypt.cpp:132]   --->   Operation 167 'partselect' 'tmp_27' <Predicate = true> <Delay = 0.00>
ST_1 : Operation 168 [1/1] (0.00ns)   --->   "%shl_ln132_3 = bitconcatenate i11 @_ssdm_op_BitConcatenate.i11.i8.i3, i8 %tmp_27, i3 0" [../hw-impl/src/pynqrypt.cpp:132]   --->   Operation 168 'bitconcatenate' 'shl_ln132_3' <Predicate = true> <Delay = 0.00>
ST_1 : Operation 169 [1/1] (0.00ns) (grouped into LUT with out node ret_V_13)   --->   "%zext_ln132_3 = zext i11 %shl_ln132_3" [../hw-impl/src/pynqrypt.cpp:132]   --->   Operation 169 'zext' 'zext_ln132_3' <Predicate = true> <Delay = 0.00>
ST_1 : Operation 170 [1/1] (0.00ns) (grouped into LUT with out node ret_V_13)   --->   "%lshr_ln132_3 = lshr i2048 3294578057314658763267795712291423816875059784912772658549463737549614411501588429758163946129753963063094138685936871067770203650430612434195375948676499621860626057286767866984606329430300288249694230977817309640410368608817684755278168616531299385557605244291578639565002013689251056656080034747730775106792247717826926486880909667003158817235872845726171190436001294868070851495559292814071128771808507251916148301013813934405585832966327353734581929782276709735716474759982539751455303458650918273922349256448297540981134095574432763667425412741570921087470081050522780756614773559216063798844346245016564663040, i2048 %zext_ln132_3" [../hw-impl/src/pynqrypt.cpp:132]   --->   Operation 170 'lshr' 'lshr_ln132_3' <Predicate = true> <Delay = 0.00> <CoreInst = "Shifter">   --->   Core 75 'Shifter' <Latency = 0> <II = 1> <Delay = 5.94> <FuncUnit> <Opcode : 'shl' 'lshr' 'ashr'> <InPorts = 2> <OutPorts = 1>
ST_1 : Operation 171 [1/1] (0.00ns) (grouped into LUT with out node ret_V_13)   --->   "%s1_V_12 = trunc i2048 %lshr_ln132_3" [../hw-impl/src/pynqrypt.cpp:132]   --->   Operation 171 'trunc' 's1_V_12' <Predicate = true> <Delay = 0.00>
ST_1 : Operation 172 [1/1] (0.00ns) (grouped into LUT with out node ret_V_13)   --->   "%xor_ln1499_39 = xor i8 %tmp_26, i8 %tmp_21"   --->   Operation 172 'xor' 'xor_ln1499_39' <Predicate = true> <Delay = 0.00> <CoreInst = "LogicGate">   --->   Core 74 'LogicGate' <Latency = 0> <II = 1> <Delay = 0.99> <FuncUnit> <Opcode : 'and' 'or' 'xor'> <InPorts = 2> <OutPorts = 1>
ST_1 : Operation 173 [1/1] (0.00ns) (grouped into LUT with out node ret_V_13)   --->   "%xor_ln1499_40 = xor i8 %s0_V_12, i8 %s1_V_12"   --->   Operation 173 'xor' 'xor_ln1499_40' <Predicate = true> <Delay = 0.00> <CoreInst = "LogicGate">   --->   Core 74 'LogicGate' <Latency = 0> <II = 1> <Delay = 0.99> <FuncUnit> <Opcode : 'and' 'or' 'xor'> <InPorts = 2> <OutPorts = 1>
ST_1 : Operation 174 [1/1] (5.94ns) (out node of the LUT)   --->   "%ret_V_13 = xor i8 %xor_ln1499_40, i8 %xor_ln1499_39"   --->   Operation 174 'xor' 'ret_V_13' <Predicate = true> <Delay = 5.94> <CoreInst = "LogicGate">   --->   Core 74 'LogicGate' <Latency = 0> <II = 1> <Delay = 0.99> <FuncUnit> <Opcode : 'and' 'or' 'xor'> <InPorts = 2> <OutPorts = 1>
ST_1 : Operation 175 [1/1] (0.00ns) (grouped into LUT with out node ret_V_14)   --->   "%zext_ln137_3 = zext i11 %shl_ln132_3" [../hw-impl/src/pynqrypt.cpp:137]   --->   Operation 175 'zext' 'zext_ln137_3' <Predicate = true> <Delay = 0.00>
ST_1 : Operation 176 [1/1] (0.00ns) (grouped into LUT with out node ret_V_14)   --->   "%lshr_ln137_3 = lshr i2048 29022917302579095964124461949858013542724473648904841737866655790348712823699949138665809059499827693295928210552345624834464780210271501149743171624365253056144549668571949842842198483757917673820358967127239403036664387516565901472030220598252923801785930419531446491996907423676964199699175720602385906879680083903485254308339209678552217320138528911198260519229634791478122061432032516214484371579815631342231930258222337365598820086254069662275554781838914121458546816731767637215947301122829170181878307081147920335390477421409014593779889526109499260042632138652359755563522403016050871885672224018346954457600, i2048 %zext_ln137_3" [../hw-impl/src/pynqrypt.cpp:137]   --->   Operation 176 'lshr' 'lshr_ln137_3' <Predicate = true> <Delay = 0.00> <CoreInst = "Shifter">   --->   Core 75 'Shifter' <Latency = 0> <II = 1> <Delay = 5.94> <FuncUnit> <Opcode : 'shl' 'lshr' 'ashr'> <InPorts = 2> <OutPorts = 1>
ST_1 : Operation 177 [1/1] (0.00ns) (grouped into LUT with out node ret_V_14)   --->   "%s0_V_22 = trunc i2048 %lshr_ln137_3" [../hw-impl/src/pynqrypt.cpp:137]   --->   Operation 177 'trunc' 's0_V_22' <Predicate = true> <Delay = 0.00>
ST_1 : Operation 178 [1/1] (0.00ns)   --->   "%tmp_28 = partselect i8 @_ssdm_op_PartSelect.i8.i128.i32.i32, i128 %block_read_1, i32 96, i32 103" [../hw-impl/src/pynqrypt.cpp:138]   --->   Operation 178 'partselect' 'tmp_28' <Predicate = true> <Delay = 0.00>
ST_1 : Operation 179 [1/1] (0.00ns)   --->   "%shl_ln138_3 = bitconcatenate i11 @_ssdm_op_BitConcatenate.i11.i8.i3, i8 %tmp_28, i3 0" [../hw-impl/src/pynqrypt.cpp:138]   --->   Operation 179 'bitconcatenate' 'shl_ln138_3' <Predicate = true> <Delay = 0.00>
ST_1 : Operation 180 [1/1] (0.00ns) (grouped into LUT with out node ret_V_14)   --->   "%zext_ln138_3 = zext i11 %shl_ln138_3" [../hw-impl/src/pynqrypt.cpp:138]   --->   Operation 180 'zext' 'zext_ln138_3' <Predicate = true> <Delay = 0.00>
ST_1 : Operation 181 [1/1] (0.00ns) (grouped into LUT with out node ret_V_14)   --->   "%lshr_ln138_3 = lshr i2048 3294578057314658763267795712291423816875059784912772658549463737549614411501588429758163946129753963063094138685936871067770203650430612434195375948676499621860626057286767866984606329430300288249694230977817309640410368608817684755278168616531299385557605244291578639565002013689251056656080034747730775106792247717826926486880909667003158817235872845726171190436001294868070851495559292814071128771808507251916148301013813934405585832966327353734581929782276709735716474759982539751455303458650918273922349256448297540981134095574432763667425412741570921087470081050522780756614773559216063798844346245016564663040, i2048 %zext_ln138_3" [../hw-impl/src/pynqrypt.cpp:138]   --->   Operation 181 'lshr' 'lshr_ln138_3' <Predicate = true> <Delay = 0.00> <CoreInst = "Shifter">   --->   Core 75 'Shifter' <Latency = 0> <II = 1> <Delay = 5.94> <FuncUnit> <Opcode : 'shl' 'lshr' 'ashr'> <InPorts = 2> <OutPorts = 1>
ST_1 : Operation 182 [1/1] (0.00ns) (grouped into LUT with out node ret_V_14)   --->   "%s1_V_22 = trunc i2048 %lshr_ln138_3" [../hw-impl/src/pynqrypt.cpp:138]   --->   Operation 182 'trunc' 's1_V_22' <Predicate = true> <Delay = 0.00>
ST_1 : Operation 183 [1/1] (0.00ns) (grouped into LUT with out node ret_V_14)   --->   "%xor_ln1499_42 = xor i8 %tmp_23, i8 %tmp_21"   --->   Operation 183 'xor' 'xor_ln1499_42' <Predicate = true> <Delay = 0.00> <CoreInst = "LogicGate">   --->   Core 74 'LogicGate' <Latency = 0> <II = 1> <Delay = 0.99> <FuncUnit> <Opcode : 'and' 'or' 'xor'> <InPorts = 2> <OutPorts = 1>
ST_1 : Operation 184 [1/1] (0.00ns) (grouped into LUT with out node ret_V_14)   --->   "%xor_ln1499_43 = xor i8 %s0_V_22, i8 %s1_V_22"   --->   Operation 184 'xor' 'xor_ln1499_43' <Predicate = true> <Delay = 0.00> <CoreInst = "LogicGate">   --->   Core 74 'LogicGate' <Latency = 0> <II = 1> <Delay = 0.99> <FuncUnit> <Opcode : 'and' 'or' 'xor'> <InPorts = 2> <OutPorts = 1>
ST_1 : Operation 185 [1/1] (5.94ns) (out node of the LUT)   --->   "%ret_V_14 = xor i8 %xor_ln1499_43, i8 %xor_ln1499_42"   --->   Operation 185 'xor' 'ret_V_14' <Predicate = true> <Delay = 5.94> <CoreInst = "LogicGate">   --->   Core 74 'LogicGate' <Latency = 0> <II = 1> <Delay = 0.99> <FuncUnit> <Opcode : 'and' 'or' 'xor'> <InPorts = 2> <OutPorts = 1>
ST_1 : Operation 186 [1/1] (0.00ns) (grouped into LUT with out node ret_V_15)   --->   "%zext_ln143_3 = zext i11 %shl_ln125_3" [../hw-impl/src/pynqrypt.cpp:143]   --->   Operation 186 'zext' 'zext_ln143_3' <Predicate = true> <Delay = 0.00>
ST_1 : Operation 187 [1/1] (0.00ns) (grouped into LUT with out node ret_V_15)   --->   "%lshr_ln143_3 = lshr i2048 3294578057314658763267795712291423816875059784912772658549463737549614411501588429758163946129753963063094138685936871067770203650430612434195375948676499621860626057286767866984606329430300288249694230977817309640410368608817684755278168616531299385557605244291578639565002013689251056656080034747730775106792247717826926486880909667003158817235872845726171190436001294868070851495559292814071128771808507251916148301013813934405585832966327353734581929782276709735716474759982539751455303458650918273922349256448297540981134095574432763667425412741570921087470081050522780756614773559216063798844346245016564663040, i2048 %zext_ln143_3" [../hw-impl/src/pynqrypt.cpp:143]   --->   Operation 187 'lshr' 'lshr_ln143_3' <Predicate = true> <Delay = 0.00> <CoreInst = "Shifter">   --->   Core 75 'Shifter' <Latency = 0> <II = 1> <Delay = 5.94> <FuncUnit> <Opcode : 'shl' 'lshr' 'ashr'> <InPorts = 2> <OutPorts = 1>
ST_1 : Operation 188 [1/1] (0.00ns) (grouped into LUT with out node ret_V_15)   --->   "%s0_V_14 = trunc i2048 %lshr_ln143_3" [../hw-impl/src/pynqrypt.cpp:143]   --->   Operation 188 'trunc' 's0_V_14' <Predicate = true> <Delay = 0.00>
ST_1 : Operation 189 [1/1] (0.00ns) (grouped into LUT with out node ret_V_15)   --->   "%zext_ln144_3 = zext i11 %shl_ln138_3" [../hw-impl/src/pynqrypt.cpp:144]   --->   Operation 189 'zext' 'zext_ln144_3' <Predicate = true> <Delay = 0.00>
ST_1 : Operation 190 [1/1] (0.00ns) (grouped into LUT with out node ret_V_15)   --->   "%lshr_ln144_3 = lshr i2048 29022917302579095964124461949858013542724473648904841737866655790348712823699949138665809059499827693295928210552345624834464780210271501149743171624365253056144549668571949842842198483757917673820358967127239403036664387516565901472030220598252923801785930419531446491996907423676964199699175720602385906879680083903485254308339209678552217320138528911198260519229634791478122061432032516214484371579815631342231930258222337365598820086254069662275554781838914121458546816731767637215947301122829170181878307081147920335390477421409014593779889526109499260042632138652359755563522403016050871885672224018346954457600, i2048 %zext_ln144_3" [../hw-impl/src/pynqrypt.cpp:144]   --->   Operation 190 'lshr' 'lshr_ln144_3' <Predicate = true> <Delay = 0.00> <CoreInst = "Shifter">   --->   Core 75 'Shifter' <Latency = 0> <II = 1> <Delay = 5.94> <FuncUnit> <Opcode : 'shl' 'lshr' 'ashr'> <InPorts = 2> <OutPorts = 1>
ST_1 : Operation 191 [1/1] (0.00ns) (grouped into LUT with out node ret_V_15)   --->   "%s1_V_14 = trunc i2048 %lshr_ln144_3" [../hw-impl/src/pynqrypt.cpp:144]   --->   Operation 191 'trunc' 's1_V_14' <Predicate = true> <Delay = 0.00>
ST_1 : Operation 192 [1/1] (0.00ns) (grouped into LUT with out node ret_V_15)   --->   "%xor_ln1499_45 = xor i8 %tmp_25, i8 %tmp_23"   --->   Operation 192 'xor' 'xor_ln1499_45' <Predicate = true> <Delay = 0.00> <CoreInst = "LogicGate">   --->   Core 74 'LogicGate' <Latency = 0> <II = 1> <Delay = 0.99> <FuncUnit> <Opcode : 'and' 'or' 'xor'> <InPorts = 2> <OutPorts = 1>
ST_1 : Operation 193 [1/1] (0.00ns) (grouped into LUT with out node ret_V_15)   --->   "%xor_ln1499_46 = xor i8 %s0_V_14, i8 %s1_V_14"   --->   Operation 193 'xor' 'xor_ln1499_46' <Predicate = true> <Delay = 0.00> <CoreInst = "LogicGate">   --->   Core 74 'LogicGate' <Latency = 0> <II = 1> <Delay = 0.99> <FuncUnit> <Opcode : 'and' 'or' 'xor'> <InPorts = 2> <OutPorts = 1>
ST_1 : Operation 194 [1/1] (5.94ns) (out node of the LUT)   --->   "%ret_V_15 = xor i8 %xor_ln1499_46, i8 %xor_ln1499_45"   --->   Operation 194 'xor' 'ret_V_15' <Predicate = true> <Delay = 5.94> <CoreInst = "LogicGate">   --->   Core 74 'LogicGate' <Latency = 0> <II = 1> <Delay = 0.99> <FuncUnit> <Opcode : 'and' 'or' 'xor'> <InPorts = 2> <OutPorts = 1>
ST_1 : Operation 195 [1/1] (0.00ns)   --->   "%p_Result_s = bitconcatenate i128 @_ssdm_op_BitConcatenate.i128.i8.i8.i8.i8.i8.i8.i8.i8.i8.i8.i8.i8.i8.i8.i8.i8, i8 %ret_V_12, i8 %ret_V_13, i8 %ret_V_14, i8 %ret_V_15, i8 %ret_V_8, i8 %ret_V_9, i8 %ret_V_10, i8 %ret_V_11, i8 %ret_V_4, i8 %ret_V_5, i8 %ret_V_6, i8 %ret_V_7, i8 %ret_V, i8 %ret_V_1, i8 %ret_V_2, i8 %ret_V_3"   --->   Operation 195 'bitconcatenate' 'p_Result_s' <Predicate = true> <Delay = 0.00>
ST_1 : Operation 196 [1/1] (0.00ns)   --->   "%ret_ln149 = ret i128 %p_Result_s" [../hw-impl/src/pynqrypt.cpp:149]   --->   Operation 196 'ret' 'ret_ln149' <Predicate = true> <Delay = 0.00>


============================================================
+ Verbose Summary: Timing violations
============================================================
Target clock period: 10ns, clock uncertainty: 2.7ns.

 <State 1>: 5.94ns
The critical path consists of the following:
	wire read operation ('block_read_1', ../hw-impl/src/pynqrypt.cpp:122) on port 'block_read' (../hw-impl/src/pynqrypt.cpp:122) [2]  (0 ns)
	'xor' operation ('xor_ln1499_1') [18]  (0 ns)
	'xor' operation ('ret.V') [19]  (5.94 ns)


============================================================
+ Verbose Summary: Binding
============================================================
N/A
* FSMD analyzer results:
  - Output states:
 - Input state : 
  - Chain level:
	State 1


============================================================
+ Verbose Summary: Datapath Resource usage 
============================================================
N/A
