

================================================================
== Vitis HLS Report for 'assign_swap_endianness'
================================================================
* Date:           Tue Dec 13 19:17:19 2022

* Version:        2022.2 (Build 3670227 on Oct 13 2022)
* Project:        pynqrypt
* Solution:       pynqrypt (Vivado IP Flow Target)
* Product family: zynq
* Target device:  xc7z020i-clg400-1L


================================================================
== Performance Estimates
================================================================
+ Timing: 
    * Summary: 
    +--------+----------+----------+------------+
    |  Clock |  Target  | Estimated| Uncertainty|
    +--------+----------+----------+------------+
    |ap_clk  |  10.00 ns|  7.300 ns|     2.70 ns|
    +--------+----------+----------+------------+

+ Latency: 
    * Summary: 
    +---------+---------+-----------+-----------+-----+-----+---------+
    |  Latency (cycles) |   Latency (absolute)  |  Interval | Pipeline|
    |   min   |   max   |    min    |    max    | min | max |   Type  |
    +---------+---------+-----------+-----------+-----+-----+---------+
    |        8|        8|  80.000 ns|  80.000 ns|    8|    8|       no|
    +---------+---------+-----------+-----------+-----+-----+---------+

    + Detail: 
        * Instance: 
        N/A

        * Loop: 
        N/A

============================================================
+ Verbose Summary: Synthesis Manager
============================================================
InlineROM: 1
ExposeGlobal: 0
============================================================
+ Verbose Summary: CDFG Model
============================================================
IsTopModel: 0
ResetActiveHigh: 1
IsCombinational: 2
IsDatapathOnly: 0
HasWiredReturn: 1
HasMFsm: 0
HasVarLatency: 1
IsPipeline: 0
IsRtlPipelined: 0
IsInstanceOverlapped: 0
IsDontTouch: 0
HasImplIP: 0
IsGatedGlobalClock: 0


============================================================
+ Verbose Summary: Schedule
============================================================
* Number of FSM states : 9
* Pipeline : 0
* Dataflow Pipeline: 0

* FSM state transitions: 
1 --> 2 
2 --> 3 
3 --> 4 
4 --> 5 
5 --> 6 
6 --> 7 
7 --> 8 
8 --> 9 
9 --> 

* FSM state operations: 

State 1 <SV = 0> <Delay = 3.63>
ST_1 : Operation 10 [1/1] (0.00ns)   --->   "%plaintext_read = read i64 @_ssdm_op_Read.ap_auto.i64, i64 %plaintext"   --->   Operation 10 'read' 'plaintext_read' <Predicate = true> <Delay = 0.00>
ST_1 : Operation 11 [1/1] (0.00ns)   --->   "%i_read = read i60 @_ssdm_op_Read.ap_auto.i60, i60 %i"   --->   Operation 11 'read' 'i_read' <Predicate = true> <Delay = 0.00>
ST_1 : Operation 12 [1/1] (3.63ns)   --->   "%write_ln0 = write void @_ssdm_op_Write.ap_fifo.i60P0A, i60 %i_c, i60 %i_read"   --->   Operation 12 'write' 'write_ln0' <Predicate = true> <Delay = 3.63> <CoreInst = "FIFO_SRL">   --->   Core 81 'FIFO_SRL' <Latency = 0> <II = 1> <Delay = 3.63> <Storage> <Opcode : 'read' 'write' 'nbread' 'nbwrite'> <Ports = 0> <Width = 60> <Depth = 4> <FIFO>
ST_1 : Operation 13 [1/1] (0.00ns)   --->   "%shl_ln = bitconcatenate i64 @_ssdm_op_BitConcatenate.i64.i60.i4, i60 %i_read, i4 0" [../hw-impl/src/pynqrypt.cpp:21]   --->   Operation 13 'bitconcatenate' 'shl_ln' <Predicate = true> <Delay = 0.00>
ST_1 : Operation 14 [1/1] (3.52ns)   --->   "%add_ln21 = add i64 %shl_ln, i64 %plaintext_read" [../hw-impl/src/pynqrypt.cpp:21]   --->   Operation 14 'add' 'add_ln21' <Predicate = true> <Delay = 3.52> <CoreInst = "Adder">   --->   Core 1 'Adder' <Latency = 0> <II = 1> <Delay = 3.52> <FuncUnit> <Opcode : 'add' 'sub'> <InPorts = 2> <OutPorts = 1>
ST_1 : Operation 15 [1/1] (0.00ns)   --->   "%trunc_ln = partselect i60 @_ssdm_op_PartSelect.i60.i64.i32.i32, i64 %add_ln21, i32 4, i32 63" [../hw-impl/src/pynqrypt.cpp:22]   --->   Operation 15 'partselect' 'trunc_ln' <Predicate = true> <Delay = 0.00>

State 2 <SV = 1> <Delay = 7.30>
ST_2 : Operation 16 [1/1] (0.00ns)   --->   "%sext_ln22 = sext i60 %trunc_ln" [../hw-impl/src/pynqrypt.cpp:22]   --->   Operation 16 'sext' 'sext_ln22' <Predicate = true> <Delay = 0.00>
ST_2 : Operation 17 [1/1] (0.00ns)   --->   "%gmem_addr = getelementptr i128 %gmem, i64 %sext_ln22" [../hw-impl/src/pynqrypt.cpp:22]   --->   Operation 17 'getelementptr' 'gmem_addr' <Predicate = true> <Delay = 0.00>
ST_2 : Operation 18 [7/7] (7.30ns)   --->   "%p_Val2_req = readreq i1 @_ssdm_op_ReadReq.m_axi.i128P1A, i128 %gmem_addr, i32 1" [../hw-impl/src/pynqrypt.cpp:22]   --->   Operation 18 'readreq' 'p_Val2_req' <Predicate = true> <Delay = 7.30> <CoreInst = "m_axi">   --->   Core 113 'm_axi' <Latency = 0> <II = 1> <Delay = 1.00> <Adapter> <Opcode : 'read' 'write' 'readreq' 'writereq' 'writeresp'>

State 3 <SV = 2> <Delay = 7.30>
ST_3 : Operation 19 [6/7] (7.30ns)   --->   "%p_Val2_req = readreq i1 @_ssdm_op_ReadReq.m_axi.i128P1A, i128 %gmem_addr, i32 1" [../hw-impl/src/pynqrypt.cpp:22]   --->   Operation 19 'readreq' 'p_Val2_req' <Predicate = true> <Delay = 7.30> <CoreInst = "m_axi">   --->   Core 113 'm_axi' <Latency = 0> <II = 1> <Delay = 1.00> <Adapter> <Opcode : 'read' 'write' 'readreq' 'writereq' 'writeresp'>

State 4 <SV = 3> <Delay = 7.30>
ST_4 : Operation 20 [5/7] (7.30ns)   --->   "%p_Val2_req = readreq i1 @_ssdm_op_ReadReq.m_axi.i128P1A, i128 %gmem_addr, i32 1" [../hw-impl/src/pynqrypt.cpp:22]   --->   Operation 20 'readreq' 'p_Val2_req' <Predicate = true> <Delay = 7.30> <CoreInst = "m_axi">   --->   Core 113 'm_axi' <Latency = 0> <II = 1> <Delay = 1.00> <Adapter> <Opcode : 'read' 'write' 'readreq' 'writereq' 'writeresp'>

State 5 <SV = 4> <Delay = 7.30>
ST_5 : Operation 21 [4/7] (7.30ns)   --->   "%p_Val2_req = readreq i1 @_ssdm_op_ReadReq.m_axi.i128P1A, i128 %gmem_addr, i32 1" [../hw-impl/src/pynqrypt.cpp:22]   --->   Operation 21 'readreq' 'p_Val2_req' <Predicate = true> <Delay = 7.30> <CoreInst = "m_axi">   --->   Core 113 'm_axi' <Latency = 0> <II = 1> <Delay = 1.00> <Adapter> <Opcode : 'read' 'write' 'readreq' 'writereq' 'writeresp'>

State 6 <SV = 5> <Delay = 7.30>
ST_6 : Operation 22 [3/7] (7.30ns)   --->   "%p_Val2_req = readreq i1 @_ssdm_op_ReadReq.m_axi.i128P1A, i128 %gmem_addr, i32 1" [../hw-impl/src/pynqrypt.cpp:22]   --->   Operation 22 'readreq' 'p_Val2_req' <Predicate = true> <Delay = 7.30> <CoreInst = "m_axi">   --->   Core 113 'm_axi' <Latency = 0> <II = 1> <Delay = 1.00> <Adapter> <Opcode : 'read' 'write' 'readreq' 'writereq' 'writeresp'>

State 7 <SV = 6> <Delay = 7.30>
ST_7 : Operation 23 [2/7] (7.30ns)   --->   "%p_Val2_req = readreq i1 @_ssdm_op_ReadReq.m_axi.i128P1A, i128 %gmem_addr, i32 1" [../hw-impl/src/pynqrypt.cpp:22]   --->   Operation 23 'readreq' 'p_Val2_req' <Predicate = true> <Delay = 7.30> <CoreInst = "m_axi">   --->   Core 113 'm_axi' <Latency = 0> <II = 1> <Delay = 1.00> <Adapter> <Opcode : 'read' 'write' 'readreq' 'writereq' 'writeresp'>

State 8 <SV = 7> <Delay = 7.30>
ST_8 : Operation 24 [1/7] (7.30ns)   --->   "%p_Val2_req = readreq i1 @_ssdm_op_ReadReq.m_axi.i128P1A, i128 %gmem_addr, i32 1" [../hw-impl/src/pynqrypt.cpp:22]   --->   Operation 24 'readreq' 'p_Val2_req' <Predicate = true> <Delay = 7.30> <CoreInst = "m_axi">   --->   Core 113 'm_axi' <Latency = 0> <II = 1> <Delay = 1.00> <Adapter> <Opcode : 'read' 'write' 'readreq' 'writereq' 'writeresp'>

State 9 <SV = 8> <Delay = 7.30>
ST_9 : Operation 25 [1/1] (0.00ns)   --->   "%specinterface_ln0 = specinterface void @_ssdm_op_SpecInterface, i60 %i_c, void @ap_fifo_str, i32 0, i32 0, void @p_str, i32 0, i32 0, void @p_str, void @p_str, void @p_str, i32 2, i32 2, i32 16, i32 16, void @p_str, void @ScalarProp_str, i32 4294967295, i32 0"   --->   Operation 25 'specinterface' 'specinterface_ln0' <Predicate = true> <Delay = 0.00>
ST_9 : Operation 26 [1/1] (0.00ns)   --->   "%specinterface_ln0 = specinterface void @_ssdm_op_SpecInterface, i128 %gmem, void @empty_8, i32 0, i32 0, void @empty_0, i32 0, i32 1024, void @empty_1, void @empty_2, void @empty_0, i32 16, i32 16, i32 16, i32 16, void @empty_0, void @empty_0, i32 4294967295, i32 0"   --->   Operation 26 'specinterface' 'specinterface_ln0' <Predicate = true> <Delay = 0.00>
ST_9 : Operation 27 [1/1] (7.30ns)   --->   "%p_Val2_s = read i128 @_ssdm_op_Read.m_axi.i128P1A, i128 %gmem_addr" [../hw-impl/src/pynqrypt.cpp:22]   --->   Operation 27 'read' 'p_Val2_s' <Predicate = true> <Delay = 7.30> <CoreInst = "m_axi">   --->   Core 113 'm_axi' <Latency = 0> <II = 1> <Delay = 1.00> <Adapter> <Opcode : 'read' 'write' 'readreq' 'writereq' 'writeresp'>
ST_9 : Operation 28 [1/1] (0.00ns)   --->   "%trunc_ln628 = trunc i128 %p_Val2_s"   --->   Operation 28 'trunc' 'trunc_ln628' <Predicate = true> <Delay = 0.00>
ST_9 : Operation 29 [1/1] (0.00ns)   --->   "%tmp_i3 = partselect i8 @_ssdm_op_PartSelect.i8.i128.i32.i32, i128 %p_Val2_s, i32 8, i32 15"   --->   Operation 29 'partselect' 'tmp_i3' <Predicate = true> <Delay = 0.00>
ST_9 : Operation 30 [1/1] (0.00ns)   --->   "%tmp_15_i4 = partselect i8 @_ssdm_op_PartSelect.i8.i128.i32.i32, i128 %p_Val2_s, i32 16, i32 23"   --->   Operation 30 'partselect' 'tmp_15_i4' <Predicate = true> <Delay = 0.00>
ST_9 : Operation 31 [1/1] (0.00ns)   --->   "%tmp_16_i5 = partselect i8 @_ssdm_op_PartSelect.i8.i128.i32.i32, i128 %p_Val2_s, i32 24, i32 31"   --->   Operation 31 'partselect' 'tmp_16_i5' <Predicate = true> <Delay = 0.00>
ST_9 : Operation 32 [1/1] (0.00ns)   --->   "%tmp_17_i6 = partselect i8 @_ssdm_op_PartSelect.i8.i128.i32.i32, i128 %p_Val2_s, i32 32, i32 39"   --->   Operation 32 'partselect' 'tmp_17_i6' <Predicate = true> <Delay = 0.00>
ST_9 : Operation 33 [1/1] (0.00ns)   --->   "%tmp_18_i7 = partselect i8 @_ssdm_op_PartSelect.i8.i128.i32.i32, i128 %p_Val2_s, i32 40, i32 47"   --->   Operation 33 'partselect' 'tmp_18_i7' <Predicate = true> <Delay = 0.00>
ST_9 : Operation 34 [1/1] (0.00ns)   --->   "%tmp_19_i8 = partselect i8 @_ssdm_op_PartSelect.i8.i128.i32.i32, i128 %p_Val2_s, i32 48, i32 55"   --->   Operation 34 'partselect' 'tmp_19_i8' <Predicate = true> <Delay = 0.00>
ST_9 : Operation 35 [1/1] (0.00ns)   --->   "%tmp_20_i9 = partselect i8 @_ssdm_op_PartSelect.i8.i128.i32.i32, i128 %p_Val2_s, i32 56, i32 63"   --->   Operation 35 'partselect' 'tmp_20_i9' <Predicate = true> <Delay = 0.00>
ST_9 : Operation 36 [1/1] (0.00ns)   --->   "%tmp_21_i = partselect i8 @_ssdm_op_PartSelect.i8.i128.i32.i32, i128 %p_Val2_s, i32 64, i32 71"   --->   Operation 36 'partselect' 'tmp_21_i' <Predicate = true> <Delay = 0.00>
ST_9 : Operation 37 [1/1] (0.00ns)   --->   "%tmp_22_i = partselect i8 @_ssdm_op_PartSelect.i8.i128.i32.i32, i128 %p_Val2_s, i32 72, i32 79"   --->   Operation 37 'partselect' 'tmp_22_i' <Predicate = true> <Delay = 0.00>
ST_9 : Operation 38 [1/1] (0.00ns)   --->   "%tmp_23_i = partselect i8 @_ssdm_op_PartSelect.i8.i128.i32.i32, i128 %p_Val2_s, i32 80, i32 87"   --->   Operation 38 'partselect' 'tmp_23_i' <Predicate = true> <Delay = 0.00>
ST_9 : Operation 39 [1/1] (0.00ns)   --->   "%tmp_24_i = partselect i8 @_ssdm_op_PartSelect.i8.i128.i32.i32, i128 %p_Val2_s, i32 88, i32 95"   --->   Operation 39 'partselect' 'tmp_24_i' <Predicate = true> <Delay = 0.00>
ST_9 : Operation 40 [1/1] (0.00ns)   --->   "%tmp_25_i = partselect i8 @_ssdm_op_PartSelect.i8.i128.i32.i32, i128 %p_Val2_s, i32 96, i32 103"   --->   Operation 40 'partselect' 'tmp_25_i' <Predicate = true> <Delay = 0.00>
ST_9 : Operation 41 [1/1] (0.00ns)   --->   "%tmp_26_i = partselect i8 @_ssdm_op_PartSelect.i8.i128.i32.i32, i128 %p_Val2_s, i32 104, i32 111"   --->   Operation 41 'partselect' 'tmp_26_i' <Predicate = true> <Delay = 0.00>
ST_9 : Operation 42 [1/1] (0.00ns)   --->   "%tmp_27_i = partselect i8 @_ssdm_op_PartSelect.i8.i128.i32.i32, i128 %p_Val2_s, i32 112, i32 119"   --->   Operation 42 'partselect' 'tmp_27_i' <Predicate = true> <Delay = 0.00>
ST_9 : Operation 43 [1/1] (0.00ns)   --->   "%tmp_28_i = partselect i8 @_ssdm_op_PartSelect.i8.i128.i32.i32, i128 %p_Val2_s, i32 120, i32 127"   --->   Operation 43 'partselect' 'tmp_28_i' <Predicate = true> <Delay = 0.00>
ST_9 : Operation 44 [1/1] (0.00ns)   --->   "%p_Result_s = bitconcatenate i128 @_ssdm_op_BitConcatenate.i128.i8.i8.i8.i8.i8.i8.i8.i8.i8.i8.i8.i8.i8.i8.i8.i8, i8 %trunc_ln628, i8 %tmp_i3, i8 %tmp_15_i4, i8 %tmp_16_i5, i8 %tmp_17_i6, i8 %tmp_18_i7, i8 %tmp_19_i8, i8 %tmp_20_i9, i8 %tmp_21_i, i8 %tmp_22_i, i8 %tmp_23_i, i8 %tmp_24_i, i8 %tmp_25_i, i8 %tmp_26_i, i8 %tmp_27_i, i8 %tmp_28_i"   --->   Operation 44 'bitconcatenate' 'p_Result_s' <Predicate = true> <Delay = 0.00>
ST_9 : Operation 45 [1/1] (0.00ns)   --->   "%ret_ln22 = ret i128 %p_Result_s" [../hw-impl/src/pynqrypt.cpp:22]   --->   Operation 45 'ret' 'ret_ln22' <Predicate = true> <Delay = 0.00>


============================================================
+ Verbose Summary: Timing violations
============================================================
Target clock period: 10ns, clock uncertainty: 2.7ns.

 <State 1>: 3.63ns
The critical path consists of the following:
	wire read operation ('i_read') on port 'i' [7]  (0 ns)
	fifo write operation ('write_ln0') on port 'i_c' [8]  (3.63 ns)

 <State 2>: 7.3ns
The critical path consists of the following:
	'getelementptr' operation ('gmem_addr', ../hw-impl/src/pynqrypt.cpp:22) [14]  (0 ns)
	bus request operation ('p_Val2_req', ../hw-impl/src/pynqrypt.cpp:22) on port 'gmem' (../hw-impl/src/pynqrypt.cpp:22) [15]  (7.3 ns)

 <State 3>: 7.3ns
The critical path consists of the following:
	bus request operation ('p_Val2_req', ../hw-impl/src/pynqrypt.cpp:22) on port 'gmem' (../hw-impl/src/pynqrypt.cpp:22) [15]  (7.3 ns)

 <State 4>: 7.3ns
The critical path consists of the following:
	bus request operation ('p_Val2_req', ../hw-impl/src/pynqrypt.cpp:22) on port 'gmem' (../hw-impl/src/pynqrypt.cpp:22) [15]  (7.3 ns)

 <State 5>: 7.3ns
The critical path consists of the following:
	bus request operation ('p_Val2_req', ../hw-impl/src/pynqrypt.cpp:22) on port 'gmem' (../hw-impl/src/pynqrypt.cpp:22) [15]  (7.3 ns)

 <State 6>: 7.3ns
The critical path consists of the following:
	bus request operation ('p_Val2_req', ../hw-impl/src/pynqrypt.cpp:22) on port 'gmem' (../hw-impl/src/pynqrypt.cpp:22) [15]  (7.3 ns)

 <State 7>: 7.3ns
The critical path consists of the following:
	bus request operation ('p_Val2_req', ../hw-impl/src/pynqrypt.cpp:22) on port 'gmem' (../hw-impl/src/pynqrypt.cpp:22) [15]  (7.3 ns)

 <State 8>: 7.3ns
The critical path consists of the following:
	bus request operation ('p_Val2_req', ../hw-impl/src/pynqrypt.cpp:22) on port 'gmem' (../hw-impl/src/pynqrypt.cpp:22) [15]  (7.3 ns)

 <State 9>: 7.3ns
The critical path consists of the following:
	bus read operation ('__Val2__', ../hw-impl/src/pynqrypt.cpp:22) on port 'gmem' (../hw-impl/src/pynqrypt.cpp:22) [16]  (7.3 ns)


============================================================
+ Verbose Summary: Binding
============================================================
N/A
* FSMD analyzer results:
  - Output states:
 - Input state : 
  - Chain level:
	State 1
	State 2
	State 3
	State 4
	State 5
	State 6
	State 7
	State 8
	State 9


============================================================
+ Verbose Summary: Datapath Resource usage 
============================================================
N/A
