

================================================================
== Vitis HLS Report for 'ctr_encrypt'
================================================================
* Date:           Tue Dec 13 20:14:37 2022

* Version:        2022.2 (Build 3670227 on Oct 13 2022)
* Project:        pynqrypt
* Solution:       pynqrypt (Vivado IP Flow Target)
* Product family: zynq
* Target device:  xc7z020i-clg400-1L


================================================================
== Performance Estimates
================================================================
+ Timing: 
    * Summary: 
    +--------+----------+----------+------------+
    |  Clock |  Target  | Estimated| Uncertainty|
    +--------+----------+----------+------------+
    |ap_clk  |  10.00 ns|  7.300 ns|     2.70 ns|
    +--------+----------+----------+------------+

+ Latency: 
    * Summary: 
    +---------+---------+----------+----------+-------+-------+---------+
    |  Latency (cycles) |  Latency (absolute) |    Interval   | Pipeline|
    |   min   |   max   |    min   |    max   |  min  |  max  |   Type  |
    +---------+---------+----------+----------+-------+-------+---------+
    |    28673|    28673|  0.287 ms|  0.287 ms|  28673|  28673|       no|
    +---------+---------+----------+----------+-------+-------+---------+

    + Detail: 
        * Instance: 
        N/A

        * Loop: 
        +--------------------+---------+---------+----------+-----------+-----------+------+----------+
        |                    |  Latency (cycles) | Iteration|  Initiation Interval  | Trip |          |
        |      Loop Name     |   min   |   max   |  Latency |  achieved |   target  | Count| Pipelined|
        +--------------------+---------+---------+----------+-----------+-----------+------+----------+
        |- loop_ctr_encrypt  |    28672|    28672|        29|          -|          -|  1024|        no|
        +--------------------+---------+---------+----------+-----------+-----------+------+----------+

============================================================
+ Verbose Summary: Synthesis Manager
============================================================
InlineROM: 1
ExposeGlobal: 0
============================================================
+ Verbose Summary: CDFG Model
============================================================
IsTopModel: 0
ResetActiveHigh: 1
IsCombinational: 2
IsDatapathOnly: 0
HasWiredReturn: 1
HasMFsm: 0
HasVarLatency: 1
IsPipeline: 0
IsRtlPipelined: 0
IsInstanceOverlapped: 0
IsDontTouch: 0
HasImplIP: 0
IsGatedGlobalClock: 0


============================================================
+ Verbose Summary: Schedule
============================================================
* Number of FSM states : 3
* Pipeline : 0
* Dataflow Pipeline: 1
  DF-Pipeline-0: Size = 2, States = { 2 3 }

* FSM state transitions: 
1 --> 2 
2 --> 3 
3 --> 2 

* FSM state operations: 

State 1 <SV = 0> <Delay = 1.58>
ST_1 : Operation 4 [1/1] (0.00ns)   --->   "%specinterface_ln0 = specinterface void @_ssdm_op_SpecInterface, i128 %gmem, void @empty_8, i32 0, i32 0, void @empty_0, i32 0, i32 1024, void @empty_1, void @empty_2, void @empty_0, i32 16, i32 16, i32 16, i32 16, void @empty_0, void @empty_0, i32 4294967295, i32 0"   --->   Operation 4 'specinterface' 'specinterface_ln0' <Predicate = true> <Delay = 0.00>
ST_1 : Operation 5 [1/1] (0.00ns)   --->   "%ciphertext_read = read i64 @_ssdm_op_Read.ap_auto.i64, i64 %ciphertext" [../hw-impl/src/pynqrypt.cpp:18]   --->   Operation 5 'read' 'ciphertext_read' <Predicate = true> <Delay = 0.00>
ST_1 : Operation 6 [1/1] (0.00ns)   --->   "%plaintext_read = read i64 @_ssdm_op_Read.ap_auto.i64, i64 %plaintext" [../hw-impl/src/pynqrypt.cpp:18]   --->   Operation 6 'read' 'plaintext_read' <Predicate = true> <Delay = 0.00>
ST_1 : Operation 7 [1/1] (0.00ns)   --->   "%block_count_read = read i60 @_ssdm_op_Read.ap_auto.i60, i60 %block_count" [../hw-impl/src/pynqrypt.cpp:18]   --->   Operation 7 'read' 'block_count_read' <Predicate = true> <Delay = 0.00>
ST_1 : Operation 8 [1/1] (0.00ns)   --->   "%p_read_4 = read i96 @_ssdm_op_Read.ap_auto.i96, i96 %p_read" [../hw-impl/src/pynqrypt.cpp:18]   --->   Operation 8 'read' 'p_read_4' <Predicate = true> <Delay = 0.00>
ST_1 : Operation 9 [1/1] (1.58ns)   --->   "%br_ln18 = br void %for.cond" [../hw-impl/src/pynqrypt.cpp:18]   --->   Operation 9 'br' 'br_ln18' <Predicate = true> <Delay = 1.58>

State 2 <SV = 1> <Delay = 6.44>
ST_2 : Operation 10 [1/1] (0.00ns)   --->   "%i = phi i60 0, void %entry, i60 %i_1, void %for.inc"   --->   Operation 10 'phi' 'i' <Predicate = true> <Delay = 0.00>
ST_2 : Operation 11 [1/1] (2.81ns)   --->   "%icmp_ln18 = icmp_eq  i60 %i, i60 %block_count_read" [../hw-impl/src/pynqrypt.cpp:18]   --->   Operation 11 'icmp' 'icmp_ln18' <Predicate = true> <Delay = 2.81> <CoreInst = "Cmp">   --->   Core 9 'Cmp' <Latency = 0> <II = 1> <Delay = 2.81> <FuncUnit> <Opcode : 'icmp'> <InPorts = 2> <OutPorts = 1>
ST_2 : Operation 12 [1/1] (0.00ns)   --->   "%specdataflowpipeline_ln18 = specdataflowpipeline void @_ssdm_op_SpecDataflowPipeline, i32 4294967295, i32 0, void @dataflow_parent_loop_str, i60 %i, i60 %block_count, i32 0" [../hw-impl/src/pynqrypt.cpp:18]   --->   Operation 12 'specdataflowpipeline' 'specdataflowpipeline_ln18' <Predicate = true> <Delay = 0.00>
ST_2 : Operation 13 [1/1] (3.41ns)   --->   "%i_1 = add i60 %i, i60 1" [../hw-impl/src/pynqrypt.cpp:18]   --->   Operation 13 'add' 'i_1' <Predicate = true> <Delay = 3.41> <CoreInst = "Adder">   --->   Core 1 'Adder' <Latency = 0> <II = 1> <Delay = 3.41> <FuncUnit> <Opcode : 'add' 'sub'> <InPorts = 2> <OutPorts = 1>
ST_2 : Operation 14 [1/1] (0.00ns)   --->   "%br_ln18 = br i1 %icmp_ln18, void %for.inc, void %for.end" [../hw-impl/src/pynqrypt.cpp:18]   --->   Operation 14 'br' 'br_ln18' <Predicate = true> <Delay = 0.00>
ST_2 : Operation 15 [2/2] (3.63ns)   --->   "%call_ln27 = call void @dataflow_in_loop_loop_ctr_encrypt, i128 %gmem, i60 %i, i64 %plaintext_read, i96 %p_read_4, i128 %this_round_keys, i64 %ciphertext_read" [../hw-impl/src/pynqrypt.cpp:27]   --->   Operation 15 'call' 'call_ln27' <Predicate = (!icmp_ln18)> <Delay = 3.63> <CoreType = "Generic">   --->   Core 0 '' <Latency = 0> <II = 1> <Delay = 1.00> <Generic> <Opcode : >
ST_2 : Operation 16 [1/1] (0.00ns)   --->   "%ret_ln29 = ret" [../hw-impl/src/pynqrypt.cpp:29]   --->   Operation 16 'ret' 'ret_ln29' <Predicate = (icmp_ln18)> <Delay = 0.00>

State 3 <SV = 2> <Delay = 0.00>
ST_3 : Operation 17 [1/1] (0.00ns)   --->   "%speclooptripcount_ln20 = speclooptripcount void @_ssdm_op_SpecLoopTripCount, i64 1024, i64 1024, i64 1024" [../hw-impl/src/pynqrypt.cpp:20]   --->   Operation 17 'speclooptripcount' 'speclooptripcount_ln20' <Predicate = (!icmp_ln18)> <Delay = 0.00>
ST_3 : Operation 18 [1/1] (0.00ns)   --->   "%specloopname_ln22 = specloopname void @_ssdm_op_SpecLoopName, void @empty_16" [../hw-impl/src/pynqrypt.cpp:22]   --->   Operation 18 'specloopname' 'specloopname_ln22' <Predicate = (!icmp_ln18)> <Delay = 0.00>
ST_3 : Operation 19 [1/2] (0.00ns)   --->   "%call_ln27 = call void @dataflow_in_loop_loop_ctr_encrypt, i128 %gmem, i60 %i, i64 %plaintext_read, i96 %p_read_4, i128 %this_round_keys, i64 %ciphertext_read" [../hw-impl/src/pynqrypt.cpp:27]   --->   Operation 19 'call' 'call_ln27' <Predicate = (!icmp_ln18)> <Delay = 0.00> <CoreType = "Generic">   --->   Core 0 '' <Latency = 0> <II = 1> <Delay = 1.00> <Generic> <Opcode : >
ST_3 : Operation 20 [1/1] (0.00ns)   --->   "%br_ln18 = br void %for.cond" [../hw-impl/src/pynqrypt.cpp:18]   --->   Operation 20 'br' 'br_ln18' <Predicate = (!icmp_ln18)> <Delay = 0.00>


============================================================
+ Verbose Summary: Timing violations
============================================================
Target clock period: 10ns, clock uncertainty: 2.7ns.

 <State 1>: 1.59ns
The critical path consists of the following:
	multiplexor before 'phi' operation ('i') with incoming values : ('i', ../hw-impl/src/pynqrypt.cpp:18) [14]  (1.59 ns)

 <State 2>: 6.45ns
The critical path consists of the following:
	'phi' operation ('i') with incoming values : ('i', ../hw-impl/src/pynqrypt.cpp:18) [14]  (0 ns)
	'call' operation ('call_ln27', ../hw-impl/src/pynqrypt.cpp:27) to 'dataflow_in_loop_loop_ctr_encrypt' [22]  (3.63 ns)
	blocking operation 2.82 ns on control path)

 <State 3>: 0ns
The critical path consists of the following:


============================================================
+ Verbose Summary: Binding
============================================================
N/A
* FSMD analyzer results:
  - Output states:
 - Input state : 
  - Chain level:
	State 1
	State 2
	State 3


============================================================
+ Verbose Summary: Datapath Resource usage 
============================================================
N/A
