

================================================================
== Vitis HLS Report for 'pynqrypt_encrypt'
================================================================
* Date:           Tue Dec 13 19:17:21 2022

* Version:        2022.2 (Build 3670227 on Oct 13 2022)
* Project:        pynqrypt
* Solution:       pynqrypt (Vivado IP Flow Target)
* Product family: zynq
* Target device:  xc7z020i-clg400-1L


================================================================
== Performance Estimates
================================================================
+ Timing: 
    * Summary: 
    +--------+----------+----------+------------+
    |  Clock |  Target  | Estimated| Uncertainty|
    +--------+----------+----------+------------+
    |ap_clk  |  10.00 ns|  7.300 ns|     2.70 ns|
    +--------+----------+----------+------------+

+ Latency: 
    * Summary: 
    +---------+---------+----------+----------+-----+-----+---------+
    |  Latency (cycles) |  Latency (absolute) |  Interval | Pipeline|
    |   min   |   max   |    min   |    max   | min | max |   Type  |
    +---------+---------+----------+----------+-----+-----+---------+
    |        ?|        ?|         ?|         ?|    ?|    ?|       no|
    +---------+---------+----------+----------+-----+-----+---------+

    + Detail: 
        * Instance: 
        +------------------------------------+-------------------------+---------+---------+----------+----------+-----+-----+---------+
        |                                    |                         |  Latency (cycles) |  Latency (absolute) |  Interval | Pipeline|
        |              Instance              |          Module         |   min   |   max   |    min   |    max   | min | max |   Type  |
        +------------------------------------+-------------------------+---------+---------+----------+----------+-----+-----+---------+
        |grp_aes_generate_round_keys_fu_108  |aes_generate_round_keys  |       99|       99|  0.990 us|  0.990 us|   99|   99|       no|
        |grp_ctr_encrypt_fu_118              |ctr_encrypt              |        ?|        ?|         ?|         ?|    ?|    ?|       no|
        +------------------------------------+-------------------------+---------+---------+----------+----------+-----+-----+---------+

        * Loop: 
        N/A

============================================================
+ Verbose Summary: Synthesis Manager
============================================================
InlineROM: 1
ExposeGlobal: 0
============================================================
+ Verbose Summary: CDFG Model
============================================================
IsTopModel: 1
ResetActiveHigh: 1
IsCombinational: 0
IsDatapathOnly: 0
HasWiredReturn: 1
HasMFsm: 0
HasVarLatency: 1
IsPipeline: 0
IsRtlPipelined: 0
IsInstanceOverlapped: 0
IsDontTouch: 0
HasImplIP: 0
IsGatedGlobalClock: 0


============================================================
+ Verbose Summary: Schedule
============================================================
* Number of FSM states : 4
* Pipeline : 0
* Dataflow Pipeline: 0

* FSM state transitions: 
1 --> 2 
2 --> 3 
3 --> 4 
4 --> 

* FSM state operations: 

State 1 <SV = 0> <Delay = 4.84>
ST_1 : Operation 5 [1/1] (1.00ns)   --->   "%ciphertext_read = read i64 @_ssdm_op_Read.s_axilite.i64, i64 %ciphertext"   --->   Operation 5 'read' 'ciphertext_read' <Predicate = true> <Delay = 1.00> <CoreInst = "s_axilite">   --->   Core 114 's_axilite' <Latency = 0> <II = 1> <Delay = 1.00> <Adapter> <Opcode : 'read' 'write'>
ST_1 : Operation 6 [1/1] (1.00ns)   --->   "%plaintext_read = read i64 @_ssdm_op_Read.s_axilite.i64, i64 %plaintext"   --->   Operation 6 'read' 'plaintext_read' <Predicate = true> <Delay = 1.00> <CoreInst = "s_axilite">   --->   Core 114 's_axilite' <Latency = 0> <II = 1> <Delay = 1.00> <Adapter> <Opcode : 'read' 'write'>
ST_1 : Operation 7 [1/1] (1.00ns)   --->   "%plaintext_length_read = read i64 @_ssdm_op_Read.s_axilite.i64, i64 %plaintext_length"   --->   Operation 7 'read' 'plaintext_length_read' <Predicate = true> <Delay = 1.00> <CoreInst = "s_axilite">   --->   Core 114 's_axilite' <Latency = 0> <II = 1> <Delay = 1.00> <Adapter> <Opcode : 'read' 'write'>
ST_1 : Operation 8 [1/1] (1.00ns)   --->   "%nonce_read = read i96 @_ssdm_op_Read.s_axilite.i96, i96 %nonce"   --->   Operation 8 'read' 'nonce_read' <Predicate = true> <Delay = 1.00> <CoreInst = "s_axilite">   --->   Core 114 's_axilite' <Latency = 0> <II = 1> <Delay = 1.00> <Adapter> <Opcode : 'read' 'write'>
ST_1 : Operation 9 [1/1] (1.00ns)   --->   "%key_read = read i128 @_ssdm_op_Read.s_axilite.i128, i128 %key"   --->   Operation 9 'read' 'key_read' <Predicate = true> <Delay = 1.00> <CoreInst = "s_axilite">   --->   Core 114 's_axilite' <Latency = 0> <II = 1> <Delay = 1.00> <Adapter> <Opcode : 'read' 'write'>
ST_1 : Operation 10 [1/1] (3.25ns)   --->   "%pynqrypt_round_keys_V = alloca i64 1" [../hw-impl/src/pynqrypt_hls.cpp:20]   --->   Operation 10 'alloca' 'pynqrypt_round_keys_V' <Predicate = true> <Delay = 3.25>
ST_1 : Operation 11 [2/2] (1.58ns)   --->   "%call_ln13 = call void @aes_generate_round_keys, i128 %key_read, i128 %pynqrypt_round_keys_V, i8 %crypto_aes_rcon" [../hw-impl/src/pynqrypt.cpp:13]   --->   Operation 11 'call' 'call_ln13' <Predicate = true> <Delay = 1.58> <CoreType = "Generic">   --->   Core 0 '' <Latency = 0> <II = 1> <Delay = 1.00> <Generic> <Opcode : >
ST_1 : Operation 12 [1/1] (0.00ns)   --->   "%trunc_ln = partselect i60 @_ssdm_op_PartSelect.i60.i64.i32.i32, i64 %plaintext_length_read, i32 4, i32 63" [../hw-impl/src/pynqrypt_hls.cpp:22]   --->   Operation 12 'partselect' 'trunc_ln' <Predicate = true> <Delay = 0.00>

State 2 <SV = 1> <Delay = 0.00>
ST_2 : Operation 13 [1/2] (0.00ns)   --->   "%call_ln13 = call void @aes_generate_round_keys, i128 %key_read, i128 %pynqrypt_round_keys_V, i8 %crypto_aes_rcon" [../hw-impl/src/pynqrypt.cpp:13]   --->   Operation 13 'call' 'call_ln13' <Predicate = true> <Delay = 0.00> <CoreType = "Generic">   --->   Core 0 '' <Latency = 0> <II = 1> <Delay = 1.00> <Generic> <Opcode : >

State 3 <SV = 2> <Delay = 0.00>
ST_3 : Operation 14 [2/2] (0.00ns)   --->   "%call_ln22 = call void @ctr_encrypt, i96 %nonce_read, i128 %pynqrypt_round_keys_V, i60 %trunc_ln, i128 %gmem, i64 %plaintext_read, i64 %ciphertext_read" [../hw-impl/src/pynqrypt_hls.cpp:22]   --->   Operation 14 'call' 'call_ln22' <Predicate = true> <Delay = 0.00> <CoreType = "Generic">   --->   Core 0 '' <Latency = 0> <II = 1> <Delay = 1.00> <Generic> <Opcode : >

State 4 <SV = 3> <Delay = 0.00>
ST_4 : Operation 15 [1/1] (0.00ns)   --->   "%spectopmodule_ln3 = spectopmodule void @_ssdm_op_SpecTopModule, void @empty_15" [../hw-impl/src/pynqrypt_hls.cpp:3]   --->   Operation 15 'spectopmodule' 'spectopmodule_ln3' <Predicate = true> <Delay = 0.00>
ST_4 : Operation 16 [1/1] (0.00ns)   --->   "%specinterface_ln0 = specinterface void @_ssdm_op_SpecInterface, i128 %gmem, void @empty_8, i32 0, i32 0, void @empty_0, i32 0, i32 1024, void @empty_1, void @empty_2, void @empty_0, i32 16, i32 16, i32 16, i32 16, void @empty_0, void @empty_0, i32 4294967295, i32 0"   --->   Operation 16 'specinterface' 'specinterface_ln0' <Predicate = true> <Delay = 0.00>
ST_4 : Operation 17 [1/1] (0.00ns)   --->   "%specbitsmap_ln0 = specbitsmap void @_ssdm_op_SpecBitsMap, i128 %gmem"   --->   Operation 17 'specbitsmap' 'specbitsmap_ln0' <Predicate = true> <Delay = 0.00>
ST_4 : Operation 18 [1/1] (0.00ns)   --->   "%specbitsmap_ln0 = specbitsmap void @_ssdm_op_SpecBitsMap, i128 %key"   --->   Operation 18 'specbitsmap' 'specbitsmap_ln0' <Predicate = true> <Delay = 0.00>
ST_4 : Operation 19 [1/1] (0.00ns)   --->   "%specinterface_ln0 = specinterface void @_ssdm_op_SpecInterface, i128 %key, void @empty_10, i32 0, i32 0, void @empty_0, i32 0, i32 0, void @empty_3, void @empty_11, void @empty_0, i32 0, i32 0, i32 0, i32 0, void @empty_0, void @empty_0, i32 4294967295, i32 0"   --->   Operation 19 'specinterface' 'specinterface_ln0' <Predicate = true> <Delay = 0.00>
ST_4 : Operation 20 [1/1] (0.00ns)   --->   "%specinterface_ln0 = specinterface void @_ssdm_op_SpecInterface, i128 %key, void @empty_12, i32 0, i32 0, void @empty_0, i32 0, i32 0, void @empty_0, void @empty_0, void @empty_0, i32 0, i32 0, i32 0, i32 0, void @empty_0, void @empty_0, i32 4294967295, i32 0"   --->   Operation 20 'specinterface' 'specinterface_ln0' <Predicate = true> <Delay = 0.00>
ST_4 : Operation 21 [1/1] (0.00ns)   --->   "%specbitsmap_ln0 = specbitsmap void @_ssdm_op_SpecBitsMap, i96 %nonce"   --->   Operation 21 'specbitsmap' 'specbitsmap_ln0' <Predicate = true> <Delay = 0.00>
ST_4 : Operation 22 [1/1] (0.00ns)   --->   "%specinterface_ln0 = specinterface void @_ssdm_op_SpecInterface, i96 %nonce, void @empty_10, i32 0, i32 0, void @empty_0, i32 0, i32 0, void @empty_3, void @empty_9, void @empty_0, i32 0, i32 0, i32 0, i32 0, void @empty_0, void @empty_0, i32 4294967295, i32 0"   --->   Operation 22 'specinterface' 'specinterface_ln0' <Predicate = true> <Delay = 0.00>
ST_4 : Operation 23 [1/1] (0.00ns)   --->   "%specinterface_ln0 = specinterface void @_ssdm_op_SpecInterface, i96 %nonce, void @empty_12, i32 0, i32 0, void @empty_0, i32 0, i32 0, void @empty_0, void @empty_0, void @empty_0, i32 0, i32 0, i32 0, i32 0, void @empty_0, void @empty_0, i32 4294967295, i32 0"   --->   Operation 23 'specinterface' 'specinterface_ln0' <Predicate = true> <Delay = 0.00>
ST_4 : Operation 24 [1/1] (0.00ns)   --->   "%specbitsmap_ln0 = specbitsmap void @_ssdm_op_SpecBitsMap, i64 %plaintext_length"   --->   Operation 24 'specbitsmap' 'specbitsmap_ln0' <Predicate = true> <Delay = 0.00>
ST_4 : Operation 25 [1/1] (0.00ns)   --->   "%specinterface_ln0 = specinterface void @_ssdm_op_SpecInterface, i64 %plaintext_length, void @empty_10, i32 0, i32 0, void @empty_0, i32 0, i32 0, void @empty_3, void @empty, void @empty_0, i32 0, i32 0, i32 0, i32 0, void @empty_0, void @empty_0, i32 4294967295, i32 0"   --->   Operation 25 'specinterface' 'specinterface_ln0' <Predicate = true> <Delay = 0.00>
ST_4 : Operation 26 [1/1] (0.00ns)   --->   "%specinterface_ln0 = specinterface void @_ssdm_op_SpecInterface, i64 %plaintext_length, void @empty_12, i32 0, i32 0, void @empty_0, i32 0, i32 0, void @empty_0, void @empty_0, void @empty_0, i32 0, i32 0, i32 0, i32 0, void @empty_0, void @empty_0, i32 4294967295, i32 0"   --->   Operation 26 'specinterface' 'specinterface_ln0' <Predicate = true> <Delay = 0.00>
ST_4 : Operation 27 [1/1] (0.00ns)   --->   "%specinterface_ln0 = specinterface void @_ssdm_op_SpecInterface, i64 %plaintext, void @empty_10, i32 0, i32 0, void @empty_0, i32 0, i32 0, void @empty_3, void @empty_4, void @empty_0, i32 0, i32 0, i32 0, i32 0, void @empty_0, void @empty_5, i32 4294967295, i32 0"   --->   Operation 27 'specinterface' 'specinterface_ln0' <Predicate = true> <Delay = 0.00>
ST_4 : Operation 28 [1/1] (0.00ns)   --->   "%specinterface_ln0 = specinterface void @_ssdm_op_SpecInterface, i64 %plaintext, void @empty_12, i32 0, i32 0, void @empty_0, i32 0, i32 0, void @empty_0, void @empty_0, void @empty_0, i32 0, i32 0, i32 0, i32 0, void @empty_0, void @empty_5, i32 4294967295, i32 0"   --->   Operation 28 'specinterface' 'specinterface_ln0' <Predicate = true> <Delay = 0.00>
ST_4 : Operation 29 [1/1] (0.00ns)   --->   "%specinterface_ln0 = specinterface void @_ssdm_op_SpecInterface, i64 %ciphertext, void @empty_10, i32 0, i32 0, void @empty_0, i32 0, i32 0, void @empty_3, void @empty_6, void @empty_0, i32 0, i32 0, i32 0, i32 0, void @empty_0, void @empty_5, i32 4294967295, i32 0"   --->   Operation 29 'specinterface' 'specinterface_ln0' <Predicate = true> <Delay = 0.00>
ST_4 : Operation 30 [1/1] (0.00ns)   --->   "%specinterface_ln0 = specinterface void @_ssdm_op_SpecInterface, i64 %ciphertext, void @empty_12, i32 0, i32 0, void @empty_0, i32 0, i32 0, void @empty_0, void @empty_0, void @empty_0, i32 0, i32 0, i32 0, i32 0, void @empty_0, void @empty_5, i32 4294967295, i32 0"   --->   Operation 30 'specinterface' 'specinterface_ln0' <Predicate = true> <Delay = 0.00>
ST_4 : Operation 31 [1/1] (0.00ns)   --->   "%specinterface_ln0 = specinterface void @_ssdm_op_SpecInterface, i32 0, void @empty_10, i32 0, i32 0, void @empty_0, i32 0, i32 0, void @empty_3, void @empty_0, void @empty_0, i32 0, i32 0, i32 0, i32 0, void @empty_0, void @empty_0, i32 4294967295, i32 0"   --->   Operation 31 'specinterface' 'specinterface_ln0' <Predicate = true> <Delay = 0.00>
ST_4 : Operation 32 [1/2] (0.00ns)   --->   "%call_ln22 = call void @ctr_encrypt, i96 %nonce_read, i128 %pynqrypt_round_keys_V, i60 %trunc_ln, i128 %gmem, i64 %plaintext_read, i64 %ciphertext_read" [../hw-impl/src/pynqrypt_hls.cpp:22]   --->   Operation 32 'call' 'call_ln22' <Predicate = true> <Delay = 0.00> <CoreType = "Generic">   --->   Core 0 '' <Latency = 0> <II = 1> <Delay = 1.00> <Generic> <Opcode : >
ST_4 : Operation 33 [1/1] (0.00ns)   --->   "%ret_ln23 = ret" [../hw-impl/src/pynqrypt_hls.cpp:23]   --->   Operation 33 'ret' 'ret_ln23' <Predicate = true> <Delay = 0.00>


============================================================
+ Verbose Summary: Binding
============================================================
STG Binding: 
---------------- STG Properties BEGIN ----------------
- Is combinational: 0
- Is one-state seq: 0
- Is datapath-only: 0
- Is pipelined: 0
- Is top level: 1
Port [ Return ] is wired: 1; IO mode=ap_ctrl_hs:ce=0
Port [ gmem]:  wired=1; compound=1; hidden=0; nouse=0; global=0; static=0; extern=0; dir=2; type=4; pingpong=0; private_global=0; IO mode=m_axi:ce=0
Port [ key]:  wired=1; compound=0; hidden=0; nouse=0; global=0; static=0; extern=0; dir=0; type=0; pingpong=0; private_global=0; IO mode=ap_none:ce=0
Port [ nonce]:  wired=1; compound=0; hidden=0; nouse=0; global=0; static=0; extern=0; dir=0; type=0; pingpong=0; private_global=0; IO mode=ap_none:ce=0
Port [ plaintext_length]:  wired=1; compound=0; hidden=0; nouse=0; global=0; static=0; extern=0; dir=0; type=0; pingpong=0; private_global=0; IO mode=ap_none:ce=0
Port [ plaintext]:  wired=1; compound=0; hidden=0; nouse=0; global=0; static=0; extern=0; dir=0; type=0; pingpong=0; private_global=0; IO mode=ap_none:ce=0
Port [ ciphertext]:  wired=1; compound=0; hidden=0; nouse=0; global=0; static=0; extern=0; dir=0; type=0; pingpong=0; private_global=0; IO mode=ap_none:ce=0
Port [ crypto_aes_rcon]:  wired=0; compound=1; hidden=1; nouse=1; global=1; static=1; extern=0; dir=0; type=1; pingpong=0; private_global=0; MemPort=[1]; IO mode=ap_memory:ce=0
---------------- STG Properties END ------------------

---------------- Datapath Model BEGIN ----------------

<LifeTime>
<method=bitvector/>
ciphertext_read       (read         ) [ 00111]
plaintext_read        (read         ) [ 00111]
plaintext_length_read (read         ) [ 00000]
nonce_read            (read         ) [ 00111]
key_read              (read         ) [ 00100]
pynqrypt_round_keys_V (alloca       ) [ 00111]
trunc_ln              (partselect   ) [ 00111]
call_ln13             (call         ) [ 00000]
spectopmodule_ln3     (spectopmodule) [ 00000]
specinterface_ln0     (specinterface) [ 00000]
specbitsmap_ln0       (specbitsmap  ) [ 00000]
specbitsmap_ln0       (specbitsmap  ) [ 00000]
specinterface_ln0     (specinterface) [ 00000]
specinterface_ln0     (specinterface) [ 00000]
specbitsmap_ln0       (specbitsmap  ) [ 00000]
specinterface_ln0     (specinterface) [ 00000]
specinterface_ln0     (specinterface) [ 00000]
specbitsmap_ln0       (specbitsmap  ) [ 00000]
specinterface_ln0     (specinterface) [ 00000]
specinterface_ln0     (specinterface) [ 00000]
specinterface_ln0     (specinterface) [ 00000]
specinterface_ln0     (specinterface) [ 00000]
specinterface_ln0     (specinterface) [ 00000]
specinterface_ln0     (specinterface) [ 00000]
specinterface_ln0     (specinterface) [ 00000]
call_ln22             (call         ) [ 00000]
ret_ln23              (ret          ) [ 00000]
</LifeTime>

<model>

<comp_list>
<comp id="0" class="1000" name="gmem">
<pin_list>
<pin id="1" dir="1" index="0" bw="1" slack="0"/>
</pin_list>
<bind>
<StgValue><ssdm name="gmem"/></StgValue>
</bind>
</comp>

<comp id="2" class="1000" name="key">
<pin_list>
<pin id="3" dir="1" index="0" bw="1" slack="0"/>
</pin_list>
<bind>
<StgValue><ssdm name="key"/></StgValue>
</bind>
</comp>

<comp id="4" class="1000" name="nonce">
<pin_list>
<pin id="5" dir="1" index="0" bw="1" slack="0"/>
</pin_list>
<bind>
<StgValue><ssdm name="nonce"/></StgValue>
</bind>
</comp>

<comp id="6" class="1000" name="plaintext_length">
<pin_list>
<pin id="7" dir="1" index="0" bw="1" slack="0"/>
</pin_list>
<bind>
<StgValue><ssdm name="plaintext_length"/></StgValue>
</bind>
</comp>

<comp id="8" class="1000" name="plaintext">
<pin_list>
<pin id="9" dir="1" index="0" bw="1" slack="0"/>
</pin_list>
<bind>
<StgValue><ssdm name="plaintext"/></StgValue>
</bind>
</comp>

<comp id="10" class="1000" name="ciphertext">
<pin_list>
<pin id="11" dir="1" index="0" bw="1" slack="0"/>
</pin_list>
<bind>
<StgValue><ssdm name="ciphertext"/></StgValue>
</bind>
</comp>

<comp id="12" class="1000" name="crypto_aes_rcon">
<pin_list>
<pin id="13" dir="1" index="0" bw="1" slack="0"/>
</pin_list>
<bind>
<StgValue><ssdm name="crypto_aes_rcon"/><MemPortTyVec>1 </MemPortTyVec>
</StgValue>
</bind>
</comp>

<comp id="14" class="1001" name="const_14">
<pin_list>
<pin id="15" dir="1" index="0" bw="1" slack="0"/>
</pin_list>
<bind>
<StgValue><ssdm name="_ssdm_op_Read.s_axilite.i64"/></StgValue>
</bind>
</comp>

<comp id="16" class="1001" name="const_16">
<pin_list>
<pin id="17" dir="1" index="0" bw="1" slack="0"/>
</pin_list>
<bind>
<StgValue><ssdm name="_ssdm_op_Read.s_axilite.i96"/></StgValue>
</bind>
</comp>

<comp id="18" class="1001" name="const_18">
<pin_list>
<pin id="19" dir="1" index="0" bw="1" slack="0"/>
</pin_list>
<bind>
<StgValue><ssdm name="_ssdm_op_Read.s_axilite.i128"/></StgValue>
</bind>
</comp>

<comp id="20" class="1001" name="const_20">
<pin_list>
<pin id="21" dir="1" index="0" bw="1" slack="0"/>
</pin_list>
<bind>
<StgValue><ssdm name=""/></StgValue>
</bind>
</comp>

<comp id="22" class="1001" name="const_22">
<pin_list>
<pin id="23" dir="1" index="0" bw="1" slack="0"/>
</pin_list>
<bind>
<StgValue><ssdm name="aes_generate_round_keys"/></StgValue>
</bind>
</comp>

<comp id="24" class="1001" name="const_24">
<pin_list>
<pin id="25" dir="1" index="0" bw="1" slack="0"/>
</pin_list>
<bind>
<StgValue><ssdm name="_ssdm_op_PartSelect.i60.i64.i32.i32"/></StgValue>
</bind>
</comp>

<comp id="26" class="1001" name="const_26">
<pin_list>
<pin id="27" dir="1" index="0" bw="1" slack="0"/>
</pin_list>
<bind>
<StgValue><ssdm name=""/></StgValue>
</bind>
</comp>

<comp id="28" class="1001" name="const_28">
<pin_list>
<pin id="29" dir="1" index="0" bw="1" slack="0"/>
</pin_list>
<bind>
<StgValue><ssdm name=""/></StgValue>
</bind>
</comp>

<comp id="30" class="1001" name="const_30">
<pin_list>
<pin id="31" dir="1" index="0" bw="1" slack="0"/>
</pin_list>
<bind>
<StgValue><ssdm name="ctr_encrypt"/></StgValue>
</bind>
</comp>

<comp id="32" class="1001" name="const_32">
<pin_list>
<pin id="33" dir="1" index="0" bw="1" slack="2147483647"/>
</pin_list>
<bind>
<StgValue><ssdm name="_ssdm_op_SpecTopModule"/></StgValue>
</bind>
</comp>

<comp id="34" class="1001" name="const_34">
<pin_list>
<pin id="35" dir="1" index="0" bw="1" slack="2147483647"/>
</pin_list>
<bind>
<StgValue><ssdm name="empty_15"/></StgValue>
</bind>
</comp>

<comp id="36" class="1001" name="const_36">
<pin_list>
<pin id="37" dir="1" index="0" bw="1" slack="2147483647"/>
</pin_list>
<bind>
<StgValue><ssdm name="_ssdm_op_SpecInterface"/></StgValue>
</bind>
</comp>

<comp id="38" class="1001" name="const_38">
<pin_list>
<pin id="39" dir="1" index="0" bw="1" slack="2147483647"/>
</pin_list>
<bind>
<StgValue><ssdm name="empty_8"/></StgValue>
</bind>
</comp>

<comp id="40" class="1001" name="const_40">
<pin_list>
<pin id="41" dir="1" index="0" bw="1" slack="2147483647"/>
</pin_list>
<bind>
<StgValue><ssdm name=""/></StgValue>
</bind>
</comp>

<comp id="42" class="1001" name="const_42">
<pin_list>
<pin id="43" dir="1" index="0" bw="1" slack="2147483647"/>
</pin_list>
<bind>
<StgValue><ssdm name="empty_0"/></StgValue>
</bind>
</comp>

<comp id="44" class="1001" name="const_44">
<pin_list>
<pin id="45" dir="1" index="0" bw="1" slack="2147483647"/>
</pin_list>
<bind>
<StgValue><ssdm name=""/></StgValue>
</bind>
</comp>

<comp id="46" class="1001" name="const_46">
<pin_list>
<pin id="47" dir="1" index="0" bw="1" slack="2147483647"/>
</pin_list>
<bind>
<StgValue><ssdm name="empty_1"/></StgValue>
</bind>
</comp>

<comp id="48" class="1001" name="const_48">
<pin_list>
<pin id="49" dir="1" index="0" bw="1" slack="2147483647"/>
</pin_list>
<bind>
<StgValue><ssdm name="empty_2"/></StgValue>
</bind>
</comp>

<comp id="50" class="1001" name="const_50">
<pin_list>
<pin id="51" dir="1" index="0" bw="1" slack="2147483647"/>
</pin_list>
<bind>
<StgValue><ssdm name=""/></StgValue>
</bind>
</comp>

<comp id="52" class="1001" name="const_52">
<pin_list>
<pin id="53" dir="1" index="0" bw="1" slack="2147483647"/>
</pin_list>
<bind>
<StgValue><ssdm name=""/></StgValue>
</bind>
</comp>

<comp id="54" class="1001" name="const_54">
<pin_list>
<pin id="55" dir="1" index="0" bw="1" slack="2147483647"/>
</pin_list>
<bind>
<StgValue><ssdm name="_ssdm_op_SpecBitsMap"/></StgValue>
</bind>
</comp>

<comp id="56" class="1001" name="const_56">
<pin_list>
<pin id="57" dir="1" index="0" bw="1" slack="2147483647"/>
</pin_list>
<bind>
<StgValue><ssdm name="empty_10"/></StgValue>
</bind>
</comp>

<comp id="58" class="1001" name="const_58">
<pin_list>
<pin id="59" dir="1" index="0" bw="1" slack="2147483647"/>
</pin_list>
<bind>
<StgValue><ssdm name="empty_3"/></StgValue>
</bind>
</comp>

<comp id="60" class="1001" name="const_60">
<pin_list>
<pin id="61" dir="1" index="0" bw="1" slack="2147483647"/>
</pin_list>
<bind>
<StgValue><ssdm name="empty_11"/></StgValue>
</bind>
</comp>

<comp id="62" class="1001" name="const_62">
<pin_list>
<pin id="63" dir="1" index="0" bw="1" slack="2147483647"/>
</pin_list>
<bind>
<StgValue><ssdm name="empty_12"/></StgValue>
</bind>
</comp>

<comp id="64" class="1001" name="const_64">
<pin_list>
<pin id="65" dir="1" index="0" bw="1" slack="2147483647"/>
</pin_list>
<bind>
<StgValue><ssdm name="empty_9"/></StgValue>
</bind>
</comp>

<comp id="66" class="1001" name="const_66">
<pin_list>
<pin id="67" dir="1" index="0" bw="1" slack="2147483647"/>
</pin_list>
<bind>
<StgValue><ssdm name="empty"/></StgValue>
</bind>
</comp>

<comp id="68" class="1001" name="const_68">
<pin_list>
<pin id="69" dir="1" index="0" bw="1" slack="2147483647"/>
</pin_list>
<bind>
<StgValue><ssdm name="empty_4"/></StgValue>
</bind>
</comp>

<comp id="70" class="1001" name="const_70">
<pin_list>
<pin id="71" dir="1" index="0" bw="1" slack="2147483647"/>
</pin_list>
<bind>
<StgValue><ssdm name="empty_5"/></StgValue>
</bind>
</comp>

<comp id="72" class="1001" name="const_72">
<pin_list>
<pin id="73" dir="1" index="0" bw="1" slack="2147483647"/>
</pin_list>
<bind>
<StgValue><ssdm name="empty_6"/></StgValue>
</bind>
</comp>

<comp id="74" class="1004" name="pynqrypt_round_keys_V_alloca_fu_74">
<pin_list>
<pin id="75" dir="0" index="0" bw="1" slack="0"/>
<pin id="76" dir="1" index="1" bw="128" slack="0"/>
</pin_list>
<bind>
<opcode="alloca(26) " fcode="alloca"/>
<opset="pynqrypt_round_keys_V/1 "/>
</bind>
</comp>

<comp id="78" class="1004" name="ciphertext_read_read_fu_78">
<pin_list>
<pin id="79" dir="0" index="0" bw="64" slack="0"/>
<pin id="80" dir="0" index="1" bw="64" slack="0"/>
<pin id="81" dir="1" index="2" bw="64" slack="2"/>
</pin_list>
<bind>
<opcode="read(1150) " fcode="read"/>
<opset="ciphertext_read/1 "/>
</bind>
</comp>

<comp id="84" class="1004" name="plaintext_read_read_fu_84">
<pin_list>
<pin id="85" dir="0" index="0" bw="64" slack="0"/>
<pin id="86" dir="0" index="1" bw="64" slack="0"/>
<pin id="87" dir="1" index="2" bw="64" slack="2"/>
</pin_list>
<bind>
<opcode="read(1150) " fcode="read"/>
<opset="plaintext_read/1 "/>
</bind>
</comp>

<comp id="90" class="1004" name="plaintext_length_read_read_fu_90">
<pin_list>
<pin id="91" dir="0" index="0" bw="64" slack="0"/>
<pin id="92" dir="0" index="1" bw="64" slack="0"/>
<pin id="93" dir="1" index="2" bw="64" slack="0"/>
</pin_list>
<bind>
<opcode="read(1150) " fcode="read"/>
<opset="plaintext_length_read/1 "/>
</bind>
</comp>

<comp id="96" class="1004" name="nonce_read_read_fu_96">
<pin_list>
<pin id="97" dir="0" index="0" bw="96" slack="0"/>
<pin id="98" dir="0" index="1" bw="96" slack="0"/>
<pin id="99" dir="1" index="2" bw="96" slack="2"/>
</pin_list>
<bind>
<opcode="read(1150) " fcode="read"/>
<opset="nonce_read/1 "/>
</bind>
</comp>

<comp id="102" class="1004" name="key_read_read_fu_102">
<pin_list>
<pin id="103" dir="0" index="0" bw="128" slack="0"/>
<pin id="104" dir="0" index="1" bw="128" slack="0"/>
<pin id="105" dir="1" index="2" bw="128" slack="0"/>
</pin_list>
<bind>
<opcode="read(1150) " fcode="read"/>
<opset="key_read/1 "/>
</bind>
</comp>

<comp id="108" class="1004" name="grp_aes_generate_round_keys_fu_108">
<pin_list>
<pin id="109" dir="0" index="0" bw="0" slack="0"/>
<pin id="110" dir="0" index="1" bw="128" slack="0"/>
<pin id="111" dir="0" index="2" bw="128" slack="0"/>
<pin id="112" dir="0" index="3" bw="8" slack="0"/>
<pin id="113" dir="1" index="4" bw="0" slack="2147483647"/>
</pin_list>
<bind>
<opcode="call(48) " fcode="call"/>
<opset="call_ln13/1 "/>
</bind>
</comp>

<comp id="118" class="1004" name="grp_ctr_encrypt_fu_118">
<pin_list>
<pin id="119" dir="0" index="0" bw="0" slack="0"/>
<pin id="120" dir="0" index="1" bw="96" slack="2"/>
<pin id="121" dir="0" index="2" bw="128" slack="2147483647"/>
<pin id="122" dir="0" index="3" bw="60" slack="2"/>
<pin id="123" dir="0" index="4" bw="128" slack="0"/>
<pin id="124" dir="0" index="5" bw="64" slack="2"/>
<pin id="125" dir="0" index="6" bw="64" slack="2"/>
<pin id="126" dir="1" index="7" bw="0" slack="2147483647"/>
</pin_list>
<bind>
<opcode="call(48) " fcode="call"/>
<opset="call_ln22/3 "/>
</bind>
</comp>

<comp id="129" class="1004" name="trunc_ln_fu_129">
<pin_list>
<pin id="130" dir="0" index="0" bw="60" slack="0"/>
<pin id="131" dir="0" index="1" bw="64" slack="0"/>
<pin id="132" dir="0" index="2" bw="4" slack="0"/>
<pin id="133" dir="0" index="3" bw="7" slack="0"/>
<pin id="134" dir="1" index="4" bw="60" slack="2"/>
</pin_list>
<bind>
<opcode="partselect(1002) " fcode="partselect"/>
<opset="trunc_ln/1 "/>
</bind>
</comp>

<comp id="139" class="1005" name="ciphertext_read_reg_139">
<pin_list>
<pin id="140" dir="0" index="0" bw="64" slack="2"/>
<pin id="141" dir="1" index="1" bw="64" slack="2"/>
</pin_list>
<bind>
<opset="ciphertext_read "/>
</bind>
</comp>

<comp id="144" class="1005" name="plaintext_read_reg_144">
<pin_list>
<pin id="145" dir="0" index="0" bw="64" slack="2"/>
<pin id="146" dir="1" index="1" bw="64" slack="2"/>
</pin_list>
<bind>
<opset="plaintext_read "/>
</bind>
</comp>

<comp id="149" class="1005" name="nonce_read_reg_149">
<pin_list>
<pin id="150" dir="0" index="0" bw="96" slack="2"/>
<pin id="151" dir="1" index="1" bw="96" slack="2"/>
</pin_list>
<bind>
<opset="nonce_read "/>
</bind>
</comp>

<comp id="154" class="1005" name="key_read_reg_154">
<pin_list>
<pin id="155" dir="0" index="0" bw="128" slack="1"/>
<pin id="156" dir="1" index="1" bw="128" slack="1"/>
</pin_list>
<bind>
<opset="key_read "/>
</bind>
</comp>

<comp id="159" class="1005" name="trunc_ln_reg_159">
<pin_list>
<pin id="160" dir="0" index="0" bw="60" slack="2"/>
<pin id="161" dir="1" index="1" bw="60" slack="2"/>
</pin_list>
<bind>
<opset="trunc_ln "/>
</bind>
</comp>

</comp_list>

<net_list>
<net id="77"><net_src comp="20" pin="0"/><net_sink comp="74" pin=0"/></net>

<net id="82"><net_src comp="14" pin="0"/><net_sink comp="78" pin=0"/></net>

<net id="83"><net_src comp="10" pin="0"/><net_sink comp="78" pin=1"/></net>

<net id="88"><net_src comp="14" pin="0"/><net_sink comp="84" pin=0"/></net>

<net id="89"><net_src comp="8" pin="0"/><net_sink comp="84" pin=1"/></net>

<net id="94"><net_src comp="14" pin="0"/><net_sink comp="90" pin=0"/></net>

<net id="95"><net_src comp="6" pin="0"/><net_sink comp="90" pin=1"/></net>

<net id="100"><net_src comp="16" pin="0"/><net_sink comp="96" pin=0"/></net>

<net id="101"><net_src comp="4" pin="0"/><net_sink comp="96" pin=1"/></net>

<net id="106"><net_src comp="18" pin="0"/><net_sink comp="102" pin=0"/></net>

<net id="107"><net_src comp="2" pin="0"/><net_sink comp="102" pin=1"/></net>

<net id="114"><net_src comp="22" pin="0"/><net_sink comp="108" pin=0"/></net>

<net id="115"><net_src comp="102" pin="2"/><net_sink comp="108" pin=1"/></net>

<net id="116"><net_src comp="74" pin="1"/><net_sink comp="108" pin=2"/></net>

<net id="117"><net_src comp="12" pin="0"/><net_sink comp="108" pin=3"/></net>

<net id="127"><net_src comp="30" pin="0"/><net_sink comp="118" pin=0"/></net>

<net id="128"><net_src comp="0" pin="0"/><net_sink comp="118" pin=4"/></net>

<net id="135"><net_src comp="24" pin="0"/><net_sink comp="129" pin=0"/></net>

<net id="136"><net_src comp="90" pin="2"/><net_sink comp="129" pin=1"/></net>

<net id="137"><net_src comp="26" pin="0"/><net_sink comp="129" pin=2"/></net>

<net id="138"><net_src comp="28" pin="0"/><net_sink comp="129" pin=3"/></net>

<net id="142"><net_src comp="78" pin="2"/><net_sink comp="139" pin=0"/></net>

<net id="143"><net_src comp="139" pin="1"/><net_sink comp="118" pin=6"/></net>

<net id="147"><net_src comp="84" pin="2"/><net_sink comp="144" pin=0"/></net>

<net id="148"><net_src comp="144" pin="1"/><net_sink comp="118" pin=5"/></net>

<net id="152"><net_src comp="96" pin="2"/><net_sink comp="149" pin=0"/></net>

<net id="153"><net_src comp="149" pin="1"/><net_sink comp="118" pin=1"/></net>

<net id="157"><net_src comp="102" pin="2"/><net_sink comp="154" pin=0"/></net>

<net id="158"><net_src comp="154" pin="1"/><net_sink comp="108" pin=1"/></net>

<net id="162"><net_src comp="129" pin="4"/><net_sink comp="159" pin=0"/></net>

<net id="163"><net_src comp="159" pin="1"/><net_sink comp="118" pin=3"/></net>

</net_list>

</model> 
---------------- Datapath Model END ------------------

* FSMD analyzer results:
  - Output states:
	Port: gmem | {3 4 }
 - Input state : 
	Port: pynqrypt_encrypt : gmem | {3 4 }
	Port: pynqrypt_encrypt : key | {1 }
	Port: pynqrypt_encrypt : nonce | {1 }
	Port: pynqrypt_encrypt : plaintext_length | {1 }
	Port: pynqrypt_encrypt : plaintext | {1 }
	Port: pynqrypt_encrypt : ciphertext | {1 }
	Port: pynqrypt_encrypt : crypto_aes_rcon | {1 2 }
  - Chain level:
	State 1
		call_ln13 : 1
	State 2
	State 3
	State 4


============================================================
+ Verbose Summary: Datapath Resource usage 
============================================================

* Functional unit list:
|----------|------------------------------------|---------|---------|---------|
| Operation|           Functional Unit          |  Delay  |    FF   |   LUT   |
|----------|------------------------------------|---------|---------|---------|
|   call   | grp_aes_generate_round_keys_fu_108 |  3.176  |  14439  |  44051  |
|          |       grp_ctr_encrypt_fu_118       | 12.9426 |   2582  |  140172 |
|----------|------------------------------------|---------|---------|---------|
|          |     ciphertext_read_read_fu_78     |    0    |    0    |    0    |
|          |      plaintext_read_read_fu_84     |    0    |    0    |    0    |
|   read   |  plaintext_length_read_read_fu_90  |    0    |    0    |    0    |
|          |        nonce_read_read_fu_96       |    0    |    0    |    0    |
|          |        key_read_read_fu_102        |    0    |    0    |    0    |
|----------|------------------------------------|---------|---------|---------|
|partselect|           trunc_ln_fu_129          |    0    |    0    |    0    |
|----------|------------------------------------|---------|---------|---------|
|   Total  |                                    | 16.1186 |  17021  |  184223 |
|----------|------------------------------------|---------|---------|---------|

Memories:
+---------------------+--------+--------+--------+--------+
|                     |  BRAM  |   FF   |   LUT  |  URAM  |
+---------------------+--------+--------+--------+--------+
|   crypto_aes_rcon   |    0   |    8   |    2   |    -   |
|pynqrypt_round_keys_V|    4   |    0   |    0   |    0   |
+---------------------+--------+--------+--------+--------+
|        Total        |    4   |    8   |    2   |    0   |
+---------------------+--------+--------+--------+--------+

* Register list:
+-----------------------+--------+
|                       |   FF   |
+-----------------------+--------+
|ciphertext_read_reg_139|   64   |
|    key_read_reg_154   |   128  |
|   nonce_read_reg_149  |   96   |
| plaintext_read_reg_144|   64   |
|    trunc_ln_reg_159   |   60   |
+-----------------------+--------+
|         Total         |   412  |
+-----------------------+--------+

* Multiplexer (MUX) list: 
|------------------------------------|------|------|------|--------||---------||---------|
|                Comp                |  Pin | Size |  BW  | S x BW ||  Delay  ||   LUT   |
|------------------------------------|------|------|------|--------||---------||---------|
| grp_aes_generate_round_keys_fu_108 |  p1  |   2  |  128 |   256  ||    9    |
|------------------------------------|------|------|------|--------||---------||---------|
|                Total               |      |      |      |   256  ||  1.588  ||    9    |
|------------------------------------|------|------|------|--------||---------||---------|



* Summary:
+-----------+--------+--------+--------+--------+--------+
|           |  BRAM  |  Delay |   FF   |   LUT  |  URAM  |
+-----------+--------+--------+--------+--------+--------+
|  Function |    -   |   16   |  17021 | 184223 |    -   |
|   Memory  |    4   |    -   |    8   |    2   |    0   |
|Multiplexer|    -   |    1   |    -   |    9   |    -   |
|  Register |    -   |    -   |   412  |    -   |    -   |
+-----------+--------+--------+--------+--------+--------+
|   Total   |    4   |   17   |  17441 | 184234 |    0   |
+-----------+--------+--------+--------+--------+--------+
