==============================================================
Vitis HLS - High-Level Synthesis from C, C++ and OpenCL v2022.2 (64-bit)
Tool Version Limit: 2019.12
Copyright 1986-2022 Xilinx, Inc. All Rights Reserved.
==============================================================
==============================================================
Vitis HLS - High-Level Synthesis from C, C++ and OpenCL v2022.2 (64-bit)
Tool Version Limit: 2019.12
Copyright 1986-2022 Xilinx, Inc. All Rights Reserved.
==============================================================
INFO: [SYN 201-201] Setting up clock 'default' with a period of 10ns.
INFO: [HLS 200-1611] Setting target device to 'xc7z020i-clg400-1L'
INFO: [HLS 200-1505] Using flow_target 'vivado'
INFO: [HLS 200-1510] Running: set_part xc7z020iclg400-1L 
INFO: [HLS 200-1510] Running: create_clock -period 10 -name default 
INFO: [HLS 200-1510] Running: csynth_design 
INFO: [HLS 200-111] Finished File checks and directory preparation: CPU user time: 0.01 seconds. CPU system time: 0.01 seconds. Elapsed time: 10.02 seconds; current allocated memory: 201.789 MB.
INFO: [HLS 200-10] Analyzing design file 'hw-impl/src/pynqrypt_hls.cpp' ... 
INFO: [HLS 200-10] Analyzing design file 'hw-impl/src/pynqrypt.cpp' ... 
INFO: [HLS 200-111] Finished Source Code Analysis and Preprocessing: CPU user time: 1.64 seconds. CPU system time: 0.39 seconds. Elapsed time: 2.04 seconds; current allocated memory: 201.906 MB.
INFO: [HLS 200-777] Using interface defaults for 'Vivado' flow target.
INFO: [HLS 214-131] Inlining function 'crypto::Pynqrypt::aes_add_round_key(unsigned char*, long)' into 'crypto::Pynqrypt::aes_encrypt_block(unsigned char*)' (hw-impl/src/pynqrypt.cpp:52:5)
INFO: [HLS 214-131] Inlining function 'crypto::Pynqrypt::aes_add_round_key(unsigned char*, long)' into 'crypto::Pynqrypt::aes_encrypt_block(unsigned char*)' (hw-impl/src/pynqrypt.cpp:63:5)
INFO: [HLS 214-131] Inlining function 'crypto::Pynqrypt::aes_shift_rows(unsigned char*)' into 'crypto::Pynqrypt::aes_encrypt_block(unsigned char*)' (hw-impl/src/pynqrypt.cpp:62:5)
INFO: [HLS 214-131] Inlining function 'crypto::Pynqrypt::aes_sub_bytes(unsigned char*)' into 'crypto::Pynqrypt::aes_encrypt_block(unsigned char*)' (hw-impl/src/pynqrypt.cpp:61:5)
INFO: [HLS 214-131] Inlining function 'crypto::Pynqrypt::aes_add_round_key(unsigned char*, long)' into 'crypto::Pynqrypt::aes_encrypt_block(unsigned char*)' (hw-impl/src/pynqrypt.cpp:58:9)
INFO: [HLS 214-131] Inlining function 'crypto::Pynqrypt::aes_mix_columns(unsigned char*)' into 'crypto::Pynqrypt::aes_encrypt_block(unsigned char*)' (hw-impl/src/pynqrypt.cpp:57:9)
INFO: [HLS 214-131] Inlining function 'crypto::Pynqrypt::aes_sub_bytes(unsigned char*)' into 'crypto::Pynqrypt::aes_encrypt_block(unsigned char*)' (hw-impl/src/pynqrypt.cpp:55:9)
INFO: [HLS 214-131] Inlining function 'crypto::Pynqrypt::aes_shift_rows(unsigned char*)' into 'crypto::Pynqrypt::aes_encrypt_block(unsigned char*)' (hw-impl/src/pynqrypt.cpp:56:9)
INFO: [HLS 214-186] Unrolling loop 'VITIS_LOOP_231_1' (hw-impl/src/pynqrypt.cpp:231:20) in function 'crypto::Pynqrypt::aes_encrypt_block' completely with a factor of 16 (hw-impl/src/pynqrypt.cpp:51:0)
INFO: [HLS 214-186] Unrolling loop 'VITIS_LOOP_70_1' (hw-impl/src/pynqrypt.cpp:70:19) in function 'crypto::Pynqrypt::aes_encrypt_block' completely with a factor of 16 (hw-impl/src/pynqrypt.cpp:51:0)
INFO: [HLS 214-186] Unrolling loop 'VITIS_LOOP_106_1' (hw-impl/src/pynqrypt.cpp:106:23) in function 'crypto::Pynqrypt::aes_encrypt_block' completely with a factor of 4 (hw-impl/src/pynqrypt.cpp:51:0)
INFO: [HLS 214-178] Inlining function 'crypto::Pynqrypt::aes_rotate_word(unsigned int&)' into 'crypto::Pynqrypt::aes_generate_round_keys()' (hw-impl/src/pynqrypt.cpp:197:0)
INFO: [HLS 214-178] Inlining function 'crypto::Pynqrypt::aes_sub_word(unsigned int&)' into 'crypto::Pynqrypt::aes_generate_round_keys()' (hw-impl/src/pynqrypt.cpp:197:0)
INFO: [HLS 214-178] Inlining function 'crypto::Pynqrypt::aes_xor_round_constant(unsigned int&, int)' into 'crypto::Pynqrypt::aes_generate_round_keys()' (hw-impl/src/pynqrypt.cpp:197:0)
INFO: [HLS 214-178] Inlining function 'crypto::Pynqrypt::aes_xor_words(unsigned int, unsigned int, unsigned int&)' into 'crypto::Pynqrypt::aes_generate_round_keys()' (hw-impl/src/pynqrypt.cpp:197:0)
INFO: [HLS 214-178] Inlining function 'crypto::Pynqrypt::aes_xtime(unsigned char)' into 'crypto::Pynqrypt::aes_encrypt_block(unsigned char*)' (hw-impl/src/pynqrypt.cpp:51:0)
INFO: [HLS 214-178] Inlining function 'crypto::Pynqrypt::ctr_compute_nonce(unsigned char*, long)' into 'crypto::Pynqrypt::ctr_encrypt(unsigned long, unsigned char*, unsigned char*, long)' (hw-impl/src/pynqrypt.cpp:19:0)
INFO: [HLS 214-178] Inlining function 'crypto::Pynqrypt::ctr_xor_block(unsigned char*, unsigned long, unsigned char*)' into 'crypto::Pynqrypt::ctr_encrypt(unsigned long, unsigned char*, unsigned char*, long)' (hw-impl/src/pynqrypt.cpp:19:0)
INFO: [HLS 214-178] Inlining function 'crypto::Pynqrypt::Pynqrypt(unsigned char*, unsigned char*)' into 'pynqrypt_encrypt(unsigned char*, unsigned char*)' (hw-impl/src/pynqrypt_hls.cpp:6:0)
INFO: [HLS 214-178] Inlining function 'crypto::Pynqrypt::ctr_encrypt(unsigned long, unsigned char*, unsigned char*, long)' into 'pynqrypt_encrypt(unsigned char*, unsigned char*)' (hw-impl/src/pynqrypt_hls.cpp:6:0)
WARNING: [HLS 214-167] The program may have out of bound array access (hw-impl/src/pynqrypt.cpp:208:16)
WARNING: [HLS 214-167] The program may have out of bound array access (hw-impl/src/pynqrypt.cpp:257:14)
WARNING: [HLS 214-167] The program may have out of bound array access (hw-impl/src/pynqrypt.cpp:258:14)
WARNING: [HLS 214-167] The program may have out of bound array access (hw-impl/src/pynqrypt.cpp:259:14)
WARNING: [HLS 214-167] The program may have out of bound array access (hw-impl/src/pynqrypt.cpp:266:29)
WARNING: [HLS 214-167] The program may have out of bound array access (hw-impl/src/pynqrypt.cpp:266:18)
WARNING: [HLS 214-167] The program may have out of bound array access (hw-impl/src/pynqrypt.cpp:214:29)
WARNING: [HLS 214-167] The program may have out of bound array access (hw-impl/src/pynqrypt.cpp:283:27)
WARNING: [HLS 214-167] The program may have out of bound array access (hw-impl/src/pynqrypt.cpp:283:39)
WARNING: [HLS 214-167] The program may have out of bound array access (hw-impl/src/pynqrypt.cpp:283:25)
WARNING: [HLS 214-167] The program may have out of bound array access (hw-impl/src/pynqrypt.cpp:216:16)
WARNING: [HLS 214-167] The program may have out of bound array access (hw-impl/src/pynqrypt.cpp:217:29)
WARNING: [HLS 214-167] The program may have out of bound array access (hw-impl/src/pynqrypt.cpp:219:16)
WARNING: [HLS 214-167] The program may have out of bound array access (hw-impl/src/pynqrypt.cpp:220:23)
WARNING: [HLS 214-167] The program may have out of bound array access (hw-impl/src/pynqrypt.cpp:222:10)
INFO: [HLS 214-115] Multiple burst reads of length 16384 and bit width 8 in loop 'loop_ctr_encrypt'(hw-impl/src/pynqrypt.cpp:23:23) has been inferred on bundle 'gmem'. These burst requests might be further partitioned into multiple requests during RTL generation, based on max_read_burst_length or max_write_burst_length settings. (hw-impl/src/pynqrypt.cpp:23:23)
INFO: [HLS 214-115] Multiple burst writes of length 16384 and bit width 8 in loop 'loop_ctr_encrypt'(hw-impl/src/pynqrypt.cpp:23:23) has been inferred on bundle 'gmem'. These burst requests might be further partitioned into multiple requests during RTL generation, based on max_read_burst_length or max_write_burst_length settings. (hw-impl/src/pynqrypt.cpp:23:23)
INFO: [HLS 200-111] Finished Compiling Optimization and Transform: CPU user time: 2.83 seconds. CPU system time: 0.21 seconds. Elapsed time: 3.04 seconds; current allocated memory: 203.582 MB.
INFO: [HLS 200-111] Finished Checking Pragmas: CPU user time: 0 seconds. CPU system time: 0 seconds. Elapsed time: 0 seconds; current allocated memory: 203.582 MB.
INFO: [HLS 200-10] Starting code transformations ...
INFO: [HLS 200-111] Finished Standard Transforms: CPU user time: 1.29 seconds. CPU system time: 0.01 seconds. Elapsed time: 1.31 seconds; current allocated memory: 206.844 MB.
INFO: [HLS 200-10] Checking synthesizability ...
INFO: [HLS 200-111] Finished Checking Synthesizability: CPU user time: 1.34 seconds. CPU system time: 0 seconds. Elapsed time: 1.34 seconds; current allocated memory: 207.375 MB.
INFO: [XFORM 203-510] Pipelining loop 'loop_aes_encrypt_block' (hw-impl/src/pynqrypt.cpp:0) in function 'crypto::Pynqrypt::aes_encrypt_block' automatically.
INFO: [XFORM 203-510] Pipelining loop 'Loop-3' in function 'crypto::Pynqrypt::aes_encrypt_block' automatically.
INFO: [XFORM 203-510] Pipelining loop 'Loop-2' in function 'pynqrypt_encrypt' automatically.
INFO: [XFORM 203-510] Pipelining loop 'Loop-3' in function 'pynqrypt_encrypt' automatically.
INFO: [XFORM 203-502] Unrolling all sub-loops inside loop 'loop_aes_encrypt_block' (hw-impl/src/pynqrypt.cpp:0) in function 'crypto::Pynqrypt::aes_encrypt_block' for pipelining.
INFO: [HLS 200-489] Unrolling loop 'Loop-1.1' in function 'crypto::Pynqrypt::aes_encrypt_block' completely with a factor of 16.
INFO: [XFORM 203-102] Partitioning array 'temp' (hw-impl/src/pynqrypt.cpp:79) automatically.
INFO: [XFORM 203-11] Balancing expressions in function 'crypto::Pynqrypt::aes_encrypt_block' (hw-impl/src/pynqrypt.cpp:0:1)...93 expression(s) balanced.
INFO: [HLS 200-111] Finished Loop, function and other optimizations: CPU user time: 1.44 seconds. CPU system time: 0.01 seconds. Elapsed time: 1.44 seconds; current allocated memory: 230.969 MB.
INFO: [HLS 200-472] Inferring partial write operation for 'block' 
INFO: [HLS 200-472] Inferring partial write operation for 'block_nonce' 
INFO: [HLS 200-472] Inferring partial write operation for 'block_nonce' (hw-impl/src/pynqrypt.cpp:37:21)
INFO: [HLS 200-472] Inferring partial write operation for 'block_nonce' (hw-impl/src/pynqrypt.cpp:38:21)
INFO: [HLS 200-472] Inferring partial write operation for 'block_nonce' (hw-impl/src/pynqrypt.cpp:39:21)
INFO: [HLS 200-472] Inferring partial write operation for 'block_nonce' (hw-impl/src/pynqrypt.cpp:40:21)
INFO: [HLS 200-472] Inferring partial write operation for 'block' (hw-impl/src/pynqrypt.cpp:46:18)
INFO: [HLS 200-472] Inferring partial write operation for 'state' (hw-impl/src/pynqrypt.cpp:233:11)
INFO: [HLS 200-472] Inferring partial write operation for 'state' (hw-impl/src/pynqrypt.cpp:72:11)
INFO: [HLS 200-472] Inferring partial write operation for 'temp' 
INFO: [HLS 200-111] Finished Architecture Synthesis: CPU user time: 0.11 seconds. CPU system time: 0 seconds. Elapsed time: 0.11 seconds; current allocated memory: 251.730 MB.
INFO: [HLS 200-10] Starting hardware synthesis ...
INFO: [HLS 200-10] Synthesizing 'pynqrypt_encrypt' ...
INFO: [HLS 200-10] ----------------------------------------------------------------
INFO: [HLS 200-42] -- Implementing module 'aes_encrypt_block_Pipeline_loop_aes_encrypt_block' 
INFO: [HLS 200-10] ----------------------------------------------------------------
INFO: [SCHED 204-11] Starting scheduling ...
INFO: [SCHED 204-61] Pipelining loop 'loop_aes_encrypt_block'.
WARNING: [HLS 200-880] The II Violation in module 'aes_encrypt_block_Pipeline_loop_aes_encrypt_block' (loop 'loop_aes_encrypt_block'): Unable to enforce a carried dependence constraint (II = 1, distance = 1, offset = 1) between 'xor' operation ('tmp2', hw-impl/src/pynqrypt.cpp:109) and 'load' operation ('tmp3', hw-impl/src/pynqrypt.cpp:72) on array 'crypto_aes_sbox'.
WARNING: [HLS 200-880] The II Violation in module 'aes_encrypt_block_Pipeline_loop_aes_encrypt_block' (loop 'loop_aes_encrypt_block'): Unable to enforce a carried dependence constraint (II = 2, distance = 1, offset = 1) between 'store' operation ('state_addr_3_write_ln233', hw-impl/src/pynqrypt.cpp:233) of variable 'xor_ln233_44', hw-impl/src/pynqrypt.cpp:233 on array 'state' and 'load' operation ('state_load_11', hw-impl/src/pynqrypt.cpp:72) on array 'state'.
WARNING: [HLS 200-880] The II Violation in module 'aes_encrypt_block_Pipeline_loop_aes_encrypt_block' (loop 'loop_aes_encrypt_block'): Unable to enforce a carried dependence constraint (II = 3, distance = 1, offset = 1) between 'store' operation ('state_addr_3_write_ln233', hw-impl/src/pynqrypt.cpp:233) of variable 'xor_ln233_44', hw-impl/src/pynqrypt.cpp:233 on array 'state' and 'load' operation ('state_load_11', hw-impl/src/pynqrypt.cpp:72) on array 'state'.
WARNING: [HLS 200-885] The II Violation in module 'aes_encrypt_block_Pipeline_loop_aes_encrypt_block' (loop 'loop_aes_encrypt_block'): Unable to schedule 'load' operation ('state_load_1', hw-impl/src/pynqrypt.cpp:72) on array 'state' due to limited memory ports (II = 4). Please consider using a memory core with more ports or partitioning the array 'state'.
WARNING: [HLS 200-885] The II Violation in module 'aes_encrypt_block_Pipeline_loop_aes_encrypt_block' (loop 'loop_aes_encrypt_block'): Unable to schedule 'store' operation ('state_addr_5_write_ln233', hw-impl/src/pynqrypt.cpp:233) of variable 'xor_ln233_42', hw-impl/src/pynqrypt.cpp:233 on array 'state' due to limited memory ports (II = 11). Please consider using a memory core with more ports or partitioning the array 'state'.
WARNING: [HLS 200-885] The II Violation in module 'aes_encrypt_block_Pipeline_loop_aes_encrypt_block' (loop 'loop_aes_encrypt_block'): Unable to schedule 'store' operation ('state_addr_2_write_ln233', hw-impl/src/pynqrypt.cpp:233) of variable 'xor_ln233_45', hw-impl/src/pynqrypt.cpp:233 on array 'state' due to limited memory ports (II = 13). Please consider using a memory core with more ports or partitioning the array 'state'.
WARNING: [HLS 200-885] The II Violation in module 'aes_encrypt_block_Pipeline_loop_aes_encrypt_block' (loop 'loop_aes_encrypt_block'): Unable to schedule 'store' operation ('state_addr_write_ln233', hw-impl/src/pynqrypt.cpp:233) of variable 'xor_ln233_47', hw-impl/src/pynqrypt.cpp:233 on array 'state' due to limited memory ports (II = 14). Please consider using a memory core with more ports or partitioning the array 'state'.
INFO: [HLS 200-1470] Pipelining result : Target II = NA, Final II = 15, Depth = 15, loop 'loop_aes_encrypt_block'
INFO: [SCHED 204-11] Finished scheduling.
INFO: [HLS 200-111] Finished Scheduling: CPU user time: 0.47 seconds. CPU system time: 0.02 seconds. Elapsed time: 0.49 seconds; current allocated memory: 255.863 MB.
INFO: [BIND 205-100] Starting micro-architecture generation ...
INFO: [BIND 205-101] Performing variable lifetime analysis.
INFO: [BIND 205-101] Exploring resource sharing.
INFO: [BIND 205-101] Binding ...
INFO: [BIND 205-100] Finished micro-architecture generation.
INFO: [HLS 200-111] Finished Binding: CPU user time: 0.18 seconds. CPU system time: 0 seconds. Elapsed time: 0.18 seconds; current allocated memory: 255.863 MB.
INFO: [HLS 200-10] ----------------------------------------------------------------
INFO: [HLS 200-42] -- Implementing module 'aes_encrypt_block_Pipeline_2' 
INFO: [HLS 200-10] ----------------------------------------------------------------
INFO: [SCHED 204-11] Starting scheduling ...
INFO: [SCHED 204-61] Pipelining loop 'Loop 1'.
INFO: [HLS 200-1470] Pipelining result : Target II = NA, Final II = 1, Depth = 2, loop 'Loop 1'
INFO: [SCHED 204-11] Finished scheduling.
INFO: [HLS 200-111] Finished Scheduling: CPU user time: 0.26 seconds. CPU system time: 0 seconds. Elapsed time: 0.27 seconds; current allocated memory: 255.863 MB.
INFO: [BIND 205-100] Starting micro-architecture generation ...
INFO: [BIND 205-101] Performing variable lifetime analysis.
INFO: [BIND 205-101] Exploring resource sharing.
INFO: [BIND 205-101] Binding ...
INFO: [BIND 205-100] Finished micro-architecture generation.
INFO: [HLS 200-111] Finished Binding: CPU user time: 0.02 seconds. CPU system time: 0 seconds. Elapsed time: 0.01 seconds; current allocated memory: 255.863 MB.
INFO: [HLS 200-10] ----------------------------------------------------------------
INFO: [HLS 200-42] -- Implementing module 'aes_encrypt_block' 
INFO: [HLS 200-10] ----------------------------------------------------------------
INFO: [SCHED 204-11] Starting scheduling ...
INFO: [SCHED 204-11] Finished scheduling.
INFO: [HLS 200-111] Finished Scheduling: CPU user time: 0.14 seconds. CPU system time: 0 seconds. Elapsed time: 0.15 seconds; current allocated memory: 257.773 MB.
INFO: [BIND 205-100] Starting micro-architecture generation ...
INFO: [BIND 205-101] Performing variable lifetime analysis.
INFO: [BIND 205-101] Exploring resource sharing.
INFO: [BIND 205-101] Binding ...
INFO: [BIND 205-100] Finished micro-architecture generation.
INFO: [HLS 200-111] Finished Binding: CPU user time: 0.25 seconds. CPU system time: 0 seconds. Elapsed time: 0.24 seconds; current allocated memory: 257.773 MB.
INFO: [HLS 200-10] ----------------------------------------------------------------
==============================================================
Vitis HLS - High-Level Synthesis from C, C++ and OpenCL v2022.2 (64-bit)
Tool Version Limit: 2019.12
Copyright 1986-2022 Xilinx, Inc. All Rights Reserved.
==============================================================
==============================================================
Vitis HLS - High-Level Synthesis from C, C++ and OpenCL v2022.2 (64-bit)
Tool Version Limit: 2019.12
Copyright 1986-2022 Xilinx, Inc. All Rights Reserved.
==============================================================
==============================================================
Vitis HLS - High-Level Synthesis from C, C++ and OpenCL v2022.2 (64-bit)
Tool Version Limit: 2019.12
Copyright 1986-2022 Xilinx, Inc. All Rights Reserved.
==============================================================
INFO: [SYN 201-201] Setting up clock 'default' with a period of 10ns.
INFO: [HLS 200-1611] Setting target device to 'xc7z020i-clg400-1L'
INFO: [HLS 200-1505] Using flow_target 'vivado'
INFO: [HLS 200-1510] Running: set_part xc7z020iclg400-1L 
INFO: [HLS 200-1510] Running: create_clock -period 10 -name default 
INFO: [SYN 201-201] Setting up clock 'default' with a period of 10ns.
INFO: [HLS 200-1510] Running: csynth_design 
INFO: [HLS 200-111] Finished File checks and directory preparation: CPU user time: 0.01 seconds. CPU system time: 0 seconds. Elapsed time: 10.02 seconds; current allocated memory: 201.816 MB.
INFO: [HLS 200-10] Analyzing design file 'hw-impl/src/pynqrypt_hls.cpp' ... 
INFO: [HLS 200-10] Analyzing design file 'hw-impl/src/pynqrypt.cpp' ... 
INFO: [HLS 200-111] Finished Source Code Analysis and Preprocessing: CPU user time: 1.71 seconds. CPU system time: 0.31 seconds. Elapsed time: 2.03 seconds; current allocated memory: 201.898 MB.
INFO: [HLS 200-777] Using interface defaults for 'Vivado' flow target.
INFO: [HLS 214-131] Inlining function 'crypto::Pynqrypt::aes_add_round_key(unsigned char*, long)' into 'crypto::Pynqrypt::aes_encrypt_block(unsigned char*)' (hw-impl/src/pynqrypt.cpp:52:5)
INFO: [HLS 214-131] Inlining function 'crypto::Pynqrypt::aes_add_round_key(unsigned char*, long)' into 'crypto::Pynqrypt::aes_encrypt_block(unsigned char*)' (hw-impl/src/pynqrypt.cpp:63:5)
INFO: [HLS 214-131] Inlining function 'crypto::Pynqrypt::aes_shift_rows(unsigned char*)' into 'crypto::Pynqrypt::aes_encrypt_block(unsigned char*)' (hw-impl/src/pynqrypt.cpp:62:5)
INFO: [HLS 214-131] Inlining function 'crypto::Pynqrypt::aes_sub_bytes(unsigned char*)' into 'crypto::Pynqrypt::aes_encrypt_block(unsigned char*)' (hw-impl/src/pynqrypt.cpp:61:5)
INFO: [HLS 214-131] Inlining function 'crypto::Pynqrypt::aes_add_round_key(unsigned char*, long)' into 'crypto::Pynqrypt::aes_encrypt_block(unsigned char*)' (hw-impl/src/pynqrypt.cpp:58:9)
INFO: [HLS 214-131] Inlining function 'crypto::Pynqrypt::aes_mix_columns(unsigned char*)' into 'crypto::Pynqrypt::aes_encrypt_block(unsigned char*)' (hw-impl/src/pynqrypt.cpp:57:9)
INFO: [HLS 214-131] Inlining function 'crypto::Pynqrypt::aes_sub_bytes(unsigned char*)' into 'crypto::Pynqrypt::aes_encrypt_block(unsigned char*)' (hw-impl/src/pynqrypt.cpp:55:9)
INFO: [HLS 214-131] Inlining function 'crypto::Pynqrypt::aes_shift_rows(unsigned char*)' into 'crypto::Pynqrypt::aes_encrypt_block(unsigned char*)' (hw-impl/src/pynqrypt.cpp:56:9)
INFO: [HLS 214-186] Unrolling loop 'VITIS_LOOP_231_1' (hw-impl/src/pynqrypt.cpp:231:20) in function 'crypto::Pynqrypt::aes_encrypt_block' completely with a factor of 16 (hw-impl/src/pynqrypt.cpp:51:0)
INFO: [HLS 214-186] Unrolling loop 'VITIS_LOOP_70_1' (hw-impl/src/pynqrypt.cpp:70:19) in function 'crypto::Pynqrypt::aes_encrypt_block' completely with a factor of 16 (hw-impl/src/pynqrypt.cpp:51:0)
INFO: [HLS 214-186] Unrolling loop 'VITIS_LOOP_106_1' (hw-impl/src/pynqrypt.cpp:106:23) in function 'crypto::Pynqrypt::aes_encrypt_block' completely with a factor of 4 (hw-impl/src/pynqrypt.cpp:51:0)
INFO: [HLS 214-178] Inlining function 'crypto::Pynqrypt::aes_rotate_word(unsigned int&)' into 'crypto::Pynqrypt::aes_generate_round_keys()' (hw-impl/src/pynqrypt.cpp:197:0)
INFO: [HLS 214-178] Inlining function 'crypto::Pynqrypt::aes_sub_word(unsigned int&)' into 'crypto::Pynqrypt::aes_generate_round_keys()' (hw-impl/src/pynqrypt.cpp:197:0)
INFO: [HLS 214-178] Inlining function 'crypto::Pynqrypt::aes_xor_round_constant(unsigned int&, int)' into 'crypto::Pynqrypt::aes_generate_round_keys()' (hw-impl/src/pynqrypt.cpp:197:0)
INFO: [HLS 214-178] Inlining function 'crypto::Pynqrypt::aes_xor_words(unsigned int, unsigned int, unsigned int&)' into 'crypto::Pynqrypt::aes_generate_round_keys()' (hw-impl/src/pynqrypt.cpp:197:0)
INFO: [HLS 214-178] Inlining function 'crypto::Pynqrypt::aes_xtime(unsigned char)' into 'crypto::Pynqrypt::aes_encrypt_block(unsigned char*)' (hw-impl/src/pynqrypt.cpp:51:0)
INFO: [HLS 214-178] Inlining function 'crypto::Pynqrypt::ctr_compute_nonce(unsigned char*, long)' into 'crypto::Pynqrypt::ctr_encrypt(unsigned long, unsigned char*, unsigned char*, long)' (hw-impl/src/pynqrypt.cpp:19:0)
INFO: [HLS 214-178] Inlining function 'crypto::Pynqrypt::ctr_xor_block(unsigned char*, unsigned long, unsigned char*)' into 'crypto::Pynqrypt::ctr_encrypt(unsigned long, unsigned char*, unsigned char*, long)' (hw-impl/src/pynqrypt.cpp:19:0)
INFO: [HLS 214-178] Inlining function 'crypto::Pynqrypt::Pynqrypt(unsigned char*, unsigned char*)' into 'pynqrypt_encrypt(unsigned char*, unsigned char*, unsigned long, unsigned char*, unsigned char*)' (hw-impl/src/pynqrypt_hls.cpp:9:0)
INFO: [HLS 214-178] Inlining function 'crypto::Pynqrypt::ctr_encrypt(unsigned long, unsigned char*, unsigned char*, long)' into 'pynqrypt_encrypt(unsigned char*, unsigned char*, unsigned long, unsigned char*, unsigned char*)' (hw-impl/src/pynqrypt_hls.cpp:9:0)
WARNING: [HLS 214-167] The program may have out of bound array access (hw-impl/src/pynqrypt.cpp:208:16)
WARNING: [HLS 214-167] The program may have out of bound array access (hw-impl/src/pynqrypt.cpp:257:14)
WARNING: [HLS 214-167] The program may have out of bound array access (hw-impl/src/pynqrypt.cpp:258:14)
WARNING: [HLS 214-167] The program may have out of bound array access (hw-impl/src/pynqrypt.cpp:259:14)
WARNING: [HLS 214-167] The program may have out of bound array access (hw-impl/src/pynqrypt.cpp:266:29)
WARNING: [HLS 214-167] The program may have out of bound array access (hw-impl/src/pynqrypt.cpp:266:18)
WARNING: [HLS 214-167] The program may have out of bound array access (hw-impl/src/pynqrypt.cpp:214:29)
WARNING: [HLS 214-167] The program may have out of bound array access (hw-impl/src/pynqrypt.cpp:283:27)
WARNING: [HLS 214-167] The program may have out of bound array access (hw-impl/src/pynqrypt.cpp:283:39)
WARNING: [HLS 214-167] The program may have out of bound array access (hw-impl/src/pynqrypt.cpp:283:25)
WARNING: [HLS 214-167] The program may have out of bound array access (hw-impl/src/pynqrypt.cpp:216:16)
WARNING: [HLS 214-167] The program may have out of bound array access (hw-impl/src/pynqrypt.cpp:217:29)
WARNING: [HLS 214-167] The program may have out of bound array access (hw-impl/src/pynqrypt.cpp:219:16)
WARNING: [HLS 214-167] The program may have out of bound array access (hw-impl/src/pynqrypt.cpp:220:23)
WARNING: [HLS 214-167] The program may have out of bound array access (hw-impl/src/pynqrypt.cpp:222:10)
INFO: [HLS 214-115] Multiple burst reads of variable length and bit width 8 in loop 'anonymous'() has been inferred on bundle 'gmem'. These burst requests might be further partitioned into multiple requests during RTL generation, based on max_read_burst_length or max_write_burst_length settings.
INFO: [HLS 214-115] Multiple burst writes of variable length and bit width 8 in loop 'anonymous'() has been inferred on bundle 'gmem'. These burst requests might be further partitioned into multiple requests during RTL generation, based on max_read_burst_length or max_write_burst_length settings.
INFO: [HLS 200-111] Finished Compiling Optimization and Transform: CPU user time: 2.72 seconds. CPU system time: 0.27 seconds. Elapsed time: 2.98 seconds; current allocated memory: 203.590 MB.
INFO: [HLS 200-111] Finished Checking Pragmas: CPU user time: 0 seconds. CPU system time: 0 seconds. Elapsed time: 0 seconds; current allocated memory: 203.590 MB.
INFO: [HLS 200-10] Starting code transformations ...
INFO: [HLS 200-111] Finished Standard Transforms: CPU user time: 0.07 seconds. CPU system time: 0 seconds. Elapsed time: 0.07 seconds; current allocated memory: 205.734 MB.
INFO: [HLS 200-10] Checking synthesizability ...
INFO: [HLS 200-111] Finished Checking Synthesizability: CPU user time: 0.04 seconds. CPU system time: 0 seconds. Elapsed time: 0.04 seconds; current allocated memory: 206.266 MB.
INFO: [XFORM 203-510] Pipelining loop 'Loop-2' in function 'crypto::Pynqrypt::aes_generate_round_keys' automatically.
INFO: [XFORM 203-510] Pipelining loop 'loop_generate_round_keys' (hw-impl/src/pynqrypt.cpp:199) in function 'crypto::Pynqrypt::aes_generate_round_keys' automatically.
INFO: [XFORM 203-510] Pipelining loop 'loop_aes_encrypt_block' (hw-impl/src/pynqrypt.cpp:0) in function 'crypto::Pynqrypt::aes_encrypt_block' automatically.
INFO: [XFORM 203-510] Pipelining loop 'Loop-3' in function 'crypto::Pynqrypt::aes_encrypt_block' automatically.
INFO: [XFORM 203-510] Pipelining loop 'Loop-2' in function 'pynqrypt_encrypt' automatically.
INFO: [XFORM 203-510] Pipelining loop 'Loop-3' in function 'pynqrypt_encrypt' automatically.
INFO: [XFORM 203-510] Pipelining loop 'Loop-4.1' in function 'pynqrypt_encrypt' automatically.
INFO: [XFORM 203-510] Pipelining loop 'Loop-4.2' in function 'pynqrypt_encrypt' automatically.
INFO: [XFORM 203-510] Pipelining loop 'loop_ctr_xor_block' (hw-impl/src/pynqrypt.cpp:45) in function 'pynqrypt_encrypt' automatically.
INFO: [XFORM 203-510] Pipelining loop 'Loop-4.4' in function 'pynqrypt_encrypt' automatically.
INFO: [XFORM 203-502] Unrolling all sub-loops inside loop 'loop_generate_round_keys' (hw-impl/src/pynqrypt.cpp:199) in function 'crypto::Pynqrypt::aes_generate_round_keys' for pipelining.
INFO: [XFORM 203-502] Unrolling all sub-loops inside loop 'loop_aes_encrypt_block' (hw-impl/src/pynqrypt.cpp:0) in function 'crypto::Pynqrypt::aes_encrypt_block' for pipelining.
INFO: [HLS 200-489] Unrolling loop 'VITIS_LOOP_265_1' (hw-impl/src/pynqrypt.cpp:199) in function 'crypto::Pynqrypt::aes_generate_round_keys' completely with a factor of 4.
INFO: [HLS 200-489] Unrolling loop 'VITIS_LOOP_282_1' (hw-impl/src/pynqrypt.cpp:282) in function 'crypto::Pynqrypt::aes_generate_round_keys' completely with a factor of 4.
INFO: [HLS 200-489] Unrolling loop 'Loop-1.1' in function 'crypto::Pynqrypt::aes_encrypt_block' completely with a factor of 16.
INFO: [XFORM 203-102] Partitioning array 'temp' (hw-impl/src/pynqrypt.cpp:79) automatically.
INFO: [XFORM 203-11] Balancing expressions in function 'crypto::Pynqrypt::aes_encrypt_block' (hw-impl/src/pynqrypt.cpp:0:1)...93 expression(s) balanced.
INFO: [HLS 200-111] Finished Loop, function and other optimizations: CPU user time: 0.22 seconds. CPU system time: 0 seconds. Elapsed time: 0.21 seconds; current allocated memory: 231.688 MB.
WARNING: [HLS 200-960] Cannot flatten loop 'loop_ctr_encrypt' (hw-impl/src/pynqrypt.cpp:23:35) in function 'pynqrypt_encrypt' more than one sub loop.
INFO: [HLS 200-472] Inferring partial write operation for 'pynqrypt.key' 
INFO: [HLS 200-472] Inferring partial write operation for 'pynqrypt.nonce' 
INFO: [HLS 200-472] Inferring partial write operation for 'block' 
INFO: [HLS 200-472] Inferring partial write operation for 'block_nonce' 
INFO: [HLS 200-472] Inferring partial write operation for 'block_nonce' (hw-impl/src/pynqrypt.cpp:37:21)
INFO: [HLS 200-472] Inferring partial write operation for 'block_nonce' (hw-impl/src/pynqrypt.cpp:38:21)
INFO: [HLS 200-472] Inferring partial write operation for 'block_nonce' (hw-impl/src/pynqrypt.cpp:39:21)
INFO: [HLS 200-472] Inferring partial write operation for 'block_nonce' (hw-impl/src/pynqrypt.cpp:40:21)
INFO: [HLS 200-472] Inferring partial write operation for 'block' (hw-impl/src/pynqrypt.cpp:46:18)
INFO: [HLS 200-472] Inferring partial write operation for 'pynqrypt.round_keys' 
INFO: [HLS 200-472] Inferring partial write operation for 'pynqrypt.round_keys' (hw-impl/src/pynqrypt.cpp:283:25)
INFO: [HLS 200-472] Inferring partial write operation for 'state' (hw-impl/src/pynqrypt.cpp:233:11)
INFO: [HLS 200-472] Inferring partial write operation for 'state' (hw-impl/src/pynqrypt.cpp:72:11)
INFO: [HLS 200-472] Inferring partial write operation for 'temp' 
INFO: [HLS 200-111] Finished Architecture Synthesis: CPU user time: 0.16 seconds. CPU system time: 0.02 seconds. Elapsed time: 0.18 seconds; current allocated memory: 340.164 MB.
INFO: [HLS 200-10] Starting hardware synthesis ...
INFO: [HLS 200-10] Synthesizing 'pynqrypt_encrypt' ...
INFO: [HLS 200-10] ----------------------------------------------------------------
INFO: [HLS 200-42] -- Implementing module 'pynqrypt_encrypt_Pipeline_1' 
INFO: [HLS 200-10] ----------------------------------------------------------------
INFO: [SCHED 204-11] Starting scheduling ...
INFO: [SCHED 204-61] Pipelining loop 'Loop 1'.
INFO: [HLS 200-1470] Pipelining result : Target II = NA, Final II = 1, Depth = 2, loop 'Loop 1'
INFO: [SCHED 204-11] Finished scheduling.
INFO: [HLS 200-111] Finished Scheduling: CPU user time: 0.04 seconds. CPU system time: 0.03 seconds. Elapsed time: 0.05 seconds; current allocated memory: 341.910 MB.
INFO: [BIND 205-100] Starting micro-architecture generation ...
INFO: [BIND 205-101] Performing variable lifetime analysis.
INFO: [BIND 205-101] Exploring resource sharing.
INFO: [BIND 205-101] Binding ...
INFO: [BIND 205-100] Finished micro-architecture generation.
INFO: [HLS 200-111] Finished Binding: CPU user time: 0.01 seconds. CPU system time: 0 seconds. Elapsed time: 0.02 seconds; current allocated memory: 341.910 MB.
INFO: [HLS 200-10] ----------------------------------------------------------------
INFO: [HLS 200-42] -- Implementing module 'pynqrypt_encrypt_Pipeline_2' 
INFO: [HLS 200-10] ----------------------------------------------------------------
INFO: [SCHED 204-11] Starting scheduling ...
INFO: [SCHED 204-61] Pipelining loop 'Loop 1'.
INFO: [HLS 200-1470] Pipelining result : Target II = NA, Final II = 1, Depth = 2, loop 'Loop 1'
INFO: [SCHED 204-11] Finished scheduling.
INFO: [HLS 200-111] Finished Scheduling: CPU user time: 0.03 seconds. CPU system time: 0 seconds. Elapsed time: 0.02 seconds; current allocated memory: 342.105 MB.
INFO: [BIND 205-100] Starting micro-architecture generation ...
INFO: [BIND 205-101] Performing variable lifetime analysis.
INFO: [BIND 205-101] Exploring resource sharing.
INFO: [BIND 205-101] Binding ...
INFO: [BIND 205-100] Finished micro-architecture generation.
INFO: [HLS 200-111] Finished Binding: CPU user time: 0.01 seconds. CPU system time: 0 seconds. Elapsed time: 0.01 seconds; current allocated memory: 342.105 MB.
INFO: [HLS 200-10] ----------------------------------------------------------------
INFO: [HLS 200-42] -- Implementing module 'aes_generate_round_keys_Pipeline_1' 
INFO: [HLS 200-10] ----------------------------------------------------------------
INFO: [SCHED 204-11] Starting scheduling ...
INFO: [SCHED 204-61] Pipelining loop 'Loop 1'.
INFO: [HLS 200-1470] Pipelining result : Target II = NA, Final II = 1, Depth = 2, loop 'Loop 1'
INFO: [SCHED 204-11] Finished scheduling.
INFO: [HLS 200-111] Finished Scheduling: CPU user time: 0.02 seconds. CPU system time: 0 seconds. Elapsed time: 0.03 seconds; current allocated memory: 342.371 MB.
INFO: [BIND 205-100] Starting micro-architecture generation ...
INFO: [BIND 205-101] Performing variable lifetime analysis.
INFO: [BIND 205-101] Exploring resource sharing.
INFO: [BIND 205-101] Binding ...
INFO: [BIND 205-100] Finished micro-architecture generation.
INFO: [HLS 200-111] Finished Binding: CPU user time: 0.01 seconds. CPU system time: 0 seconds. Elapsed time: 0.01 seconds; current allocated memory: 342.371 MB.
INFO: [HLS 200-10] ----------------------------------------------------------------
INFO: [HLS 200-42] -- Implementing module 'aes_generate_round_keys_Pipeline_loop_generate_round_keys' 
INFO: [HLS 200-10] ----------------------------------------------------------------
INFO: [SCHED 204-11] Starting scheduling ...
INFO: [SCHED 204-61] Pipelining loop 'loop_generate_round_keys'.
WARNING: [HLS 200-880] The II Violation in module 'aes_generate_round_keys_Pipeline_loop_generate_round_keys' (loop 'loop_generate_round_keys'): Unable to enforce a carried dependence constraint (II = 1, distance = 1, offset = 1) between 'store' operation ('pynqrypt_round_keys_addr_28_write_ln283', hw-impl/src/pynqrypt.cpp:283) of variable 'xor_ln283_12', hw-impl/src/pynqrypt.cpp:283 on array 'pynqrypt_round_keys' and 'load' operation ('temp', hw-impl/src/pynqrypt.cpp:208) on array 'pynqrypt_round_keys'.
WARNING: [HLS 200-880] The II Violation in module 'aes_generate_round_keys_Pipeline_loop_generate_round_keys' (loop 'loop_generate_round_keys'): Unable to enforce a carried dependence constraint (II = 2, distance = 1, offset = 1) between 'store' operation ('pynqrypt_round_keys_addr_28_write_ln283', hw-impl/src/pynqrypt.cpp:283) of variable 'xor_ln283_12', hw-impl/src/pynqrypt.cpp:283 on array 'pynqrypt_round_keys' and 'load' operation ('temp', hw-impl/src/pynqrypt.cpp:208) on array 'pynqrypt_round_keys'.
WARNING: [HLS 200-880] The II Violation in module 'aes_generate_round_keys_Pipeline_loop_generate_round_keys' (loop 'loop_generate_round_keys'): Unable to enforce a carried dependence constraint (II = 3, distance = 1, offset = 1) between 'store' operation ('pynqrypt_round_keys_addr_31_write_ln283', hw-impl/src/pynqrypt.cpp:283) of variable 'xor_ln283_15', hw-impl/src/pynqrypt.cpp:283 on array 'pynqrypt_round_keys' and 'load' operation ('pynqrypt_round_keys_load_3', hw-impl/src/pynqrypt.cpp:208) on array 'pynqrypt_round_keys'.
WARNING: [HLS 200-885] The II Violation in module 'aes_generate_round_keys_Pipeline_loop_generate_round_keys' (loop 'loop_generate_round_keys'): Unable to schedule 'load' operation ('pynqrypt_round_keys_load_2', hw-impl/src/pynqrypt.cpp:208) on array 'pynqrypt_round_keys' due to limited memory ports (II = 4). Please consider using a memory core with more ports or partitioning the array 'pynqrypt_round_keys'.
WARNING: [HLS 200-885] The II Violation in module 'aes_generate_round_keys_Pipeline_loop_generate_round_keys' (loop 'loop_generate_round_keys'): Unable to schedule 'store' operation ('pynqrypt_round_keys_addr_17_write_ln283', hw-impl/src/pynqrypt.cpp:283) of variable 'xor_ln283_5', hw-impl/src/pynqrypt.cpp:283 on array 'pynqrypt_round_keys' due to limited memory ports (II = 11). Please consider using a memory core with more ports or partitioning the array 'pynqrypt_round_keys'.
WARNING: [HLS 200-885] The II Violation in module 'aes_generate_round_keys_Pipeline_loop_generate_round_keys' (loop 'loop_generate_round_keys'): Unable to schedule 'store' operation ('pynqrypt_round_keys_addr_29_write_ln283', hw-impl/src/pynqrypt.cpp:283) of variable 'xor_ln283_13', hw-impl/src/pynqrypt.cpp:283 on array 'pynqrypt_round_keys' due to limited memory ports (II = 15). Please consider using a memory core with more ports or partitioning the array 'pynqrypt_round_keys'.
INFO: [HLS 200-1470] Pipelining result : Target II = NA, Final II = 16, Depth = 16, loop 'loop_generate_round_keys'
INFO: [SCHED 204-11] Finished scheduling.
INFO: [HLS 200-111] Finished Scheduling: CPU user time: 0.21 seconds. CPU system time: 0.01 seconds. Elapsed time: 0.22 seconds; current allocated memory: 343.754 MB.
INFO: [BIND 205-100] Starting micro-architecture generation ...
INFO: [BIND 205-101] Performing variable lifetime analysis.
INFO: [BIND 205-101] Exploring resource sharing.
INFO: [BIND 205-101] Binding ...
INFO: [BIND 205-100] Finished micro-architecture generation.
INFO: [HLS 200-111] Finished Binding: CPU user time: 0.11 seconds. CPU system time: 0 seconds. Elapsed time: 0.11 seconds; current allocated memory: 343.754 MB.
INFO: [HLS 200-10] ----------------------------------------------------------------
INFO: [HLS 200-42] -- Implementing module 'aes_generate_round_keys' 
INFO: [HLS 200-10] ----------------------------------------------------------------
INFO: [SCHED 204-11] Starting scheduling ...
INFO: [SCHED 204-11] Finished scheduling.
INFO: [HLS 200-111] Finished Scheduling: CPU user time: 0.11 seconds. CPU system time: 0 seconds. Elapsed time: 0.11 seconds; current allocated memory: 343.754 MB.
INFO: [BIND 205-100] Starting micro-architecture generation ...
INFO: [BIND 205-101] Performing variable lifetime analysis.
INFO: [BIND 205-101] Exploring resource sharing.
INFO: [BIND 205-101] Binding ...
INFO: [BIND 205-100] Finished micro-architecture generation.
INFO: [HLS 200-111] Finished Binding: CPU user time: 0.04 seconds. CPU system time: 0 seconds. Elapsed time: 0.04 seconds; current allocated memory: 343.754 MB.
INFO: [HLS 200-10] ----------------------------------------------------------------
INFO: [HLS 200-42] -- Implementing module 'pynqrypt_encrypt_Pipeline_3' 
INFO: [HLS 200-10] ----------------------------------------------------------------
INFO: [SCHED 204-11] Starting scheduling ...
INFO: [SCHED 204-61] Pipelining loop 'Loop 1'.
INFO: [HLS 200-1470] Pipelining result : Target II = NA, Final II = 1, Depth = 3, loop 'Loop 1'
INFO: [SCHED 204-11] Finished scheduling.
INFO: [HLS 200-111] Finished Scheduling: CPU user time: 0.1 seconds. CPU system time: 0 seconds. Elapsed time: 0.09 seconds; current allocated memory: 344.137 MB.
INFO: [BIND 205-100] Starting micro-architecture generation ...
INFO: [BIND 205-101] Performing variable lifetime analysis.
INFO: [BIND 205-101] Exploring resource sharing.
INFO: [BIND 205-101] Binding ...
INFO: [BIND 205-100] Finished micro-architecture generation.
INFO: [HLS 200-111] Finished Binding: CPU user time: 0.01 seconds. CPU system time: 0 seconds. Elapsed time: 0.02 seconds; current allocated memory: 344.137 MB.
INFO: [HLS 200-10] ----------------------------------------------------------------
INFO: [HLS 200-42] -- Implementing module 'pynqrypt_encrypt_Pipeline_4' 
INFO: [HLS 200-10] ----------------------------------------------------------------
INFO: [SCHED 204-11] Starting scheduling ...
INFO: [SCHED 204-61] Pipelining loop 'Loop 1'.
INFO: [HLS 200-1470] Pipelining result : Target II = NA, Final II = 1, Depth = 2, loop 'Loop 1'
INFO: [SCHED 204-11] Finished scheduling.
INFO: [HLS 200-111] Finished Scheduling: CPU user time: 0.02 seconds. CPU system time: 0 seconds. Elapsed time: 0.03 seconds; current allocated memory: 344.414 MB.
INFO: [BIND 205-100] Starting micro-architecture generation ...
INFO: [BIND 205-101] Performing variable lifetime analysis.
INFO: [BIND 205-101] Exploring resource sharing.
INFO: [BIND 205-101] Binding ...
INFO: [BIND 205-100] Finished micro-architecture generation.
INFO: [HLS 200-111] Finished Binding: CPU user time: 0.02 seconds. CPU system time: 0 seconds. Elapsed time: 0.01 seconds; current allocated memory: 344.414 MB.
INFO: [HLS 200-10] ----------------------------------------------------------------
INFO: [HLS 200-42] -- Implementing module 'aes_encrypt_block_Pipeline_loop_aes_encrypt_block' 
INFO: [HLS 200-10] ----------------------------------------------------------------
INFO: [SCHED 204-11] Starting scheduling ...
INFO: [SCHED 204-61] Pipelining loop 'loop_aes_encrypt_block'.
WARNING: [HLS 200-880] The II Violation in module 'aes_encrypt_block_Pipeline_loop_aes_encrypt_block' (loop 'loop_aes_encrypt_block'): Unable to enforce a carried dependence constraint (II = 1, distance = 1, offset = 1) between 'xor' operation ('tmp2', hw-impl/src/pynqrypt.cpp:109) and 'load' operation ('tmp3', hw-impl/src/pynqrypt.cpp:72) on array 'crypto_aes_sbox'.
WARNING: [HLS 200-880] The II Violation in module 'aes_encrypt_block_Pipeline_loop_aes_encrypt_block' (loop 'loop_aes_encrypt_block'): Unable to enforce a carried dependence constraint (II = 2, distance = 1, offset = 1) between 'store' operation ('state_addr_3_write_ln233', hw-impl/src/pynqrypt.cpp:233) of variable 'xor_ln233_44', hw-impl/src/pynqrypt.cpp:233 on array 'state' and 'load' operation ('state_load_11', hw-impl/src/pynqrypt.cpp:72) on array 'state'.
WARNING: [HLS 200-880] The II Violation in module 'aes_encrypt_block_Pipeline_loop_aes_encrypt_block' (loop 'loop_aes_encrypt_block'): Unable to enforce a carried dependence constraint (II = 3, distance = 1, offset = 1) between 'store' operation ('state_addr_3_write_ln233', hw-impl/src/pynqrypt.cpp:233) of variable 'xor_ln233_44', hw-impl/src/pynqrypt.cpp:233 on array 'state' and 'load' operation ('state_load_11', hw-impl/src/pynqrypt.cpp:72) on array 'state'.
WARNING: [HLS 200-885] The II Violation in module 'aes_encrypt_block_Pipeline_loop_aes_encrypt_block' (loop 'loop_aes_encrypt_block'): Unable to schedule 'load' operation ('state_load_1', hw-impl/src/pynqrypt.cpp:72) on array 'state' due to limited memory ports (II = 4). Please consider using a memory core with more ports or partitioning the array 'state'.
WARNING: [HLS 200-885] The II Violation in module 'aes_encrypt_block_Pipeline_loop_aes_encrypt_block' (loop 'loop_aes_encrypt_block'): Unable to schedule 'store' operation ('state_addr_5_write_ln233', hw-impl/src/pynqrypt.cpp:233) of variable 'xor_ln233_42', hw-impl/src/pynqrypt.cpp:233 on array 'state' due to limited memory ports (II = 11). Please consider using a memory core with more ports or partitioning the array 'state'.
WARNING: [HLS 200-885] The II Violation in module 'aes_encrypt_block_Pipeline_loop_aes_encrypt_block' (loop 'loop_aes_encrypt_block'): Unable to schedule 'store' operation ('state_addr_2_write_ln233', hw-impl/src/pynqrypt.cpp:233) of variable 'xor_ln233_45', hw-impl/src/pynqrypt.cpp:233 on array 'state' due to limited memory ports (II = 13). Please consider using a memory core with more ports or partitioning the array 'state'.
WARNING: [HLS 200-885] The II Violation in module 'aes_encrypt_block_Pipeline_loop_aes_encrypt_block' (loop 'loop_aes_encrypt_block'): Unable to schedule 'store' operation ('state_addr_write_ln233', hw-impl/src/pynqrypt.cpp:233) of variable 'xor_ln233_47', hw-impl/src/pynqrypt.cpp:233 on array 'state' due to limited memory ports (II = 14). Please consider using a memory core with more ports or partitioning the array 'state'.
INFO: [HLS 200-1470] Pipelining result : Target II = NA, Final II = 15, Depth = 15, loop 'loop_aes_encrypt_block'
INFO: [SCHED 204-11] Finished scheduling.
INFO: [HLS 200-111] Finished Scheduling: CPU user time: 0.49 seconds. CPU system time: 0.01 seconds. Elapsed time: 0.5 seconds; current allocated memory: 347.121 MB.
INFO: [BIND 205-100] Starting micro-architecture generation ...
INFO: [BIND 205-101] Performing variable lifetime analysis.
INFO: [BIND 205-101] Exploring resource sharing.
INFO: [BIND 205-101] Binding ...
INFO: [BIND 205-100] Finished micro-architecture generation.
INFO: [HLS 200-111] Finished Binding: CPU user time: 0.18 seconds. CPU system time: 0 seconds. Elapsed time: 0.18 seconds; current allocated memory: 347.121 MB.
INFO: [HLS 200-10] ----------------------------------------------------------------
INFO: [HLS 200-42] -- Implementing module 'aes_encrypt_block_Pipeline_2' 
INFO: [HLS 200-10] ----------------------------------------------------------------
INFO: [SCHED 204-11] Starting scheduling ...
INFO: [SCHED 204-61] Pipelining loop 'Loop 1'.
INFO: [HLS 200-1470] Pipelining result : Target II = NA, Final II = 1, Depth = 2, loop 'Loop 1'
INFO: [SCHED 204-11] Finished scheduling.
INFO: [HLS 200-111] Finished Scheduling: CPU user time: 0.26 seconds. CPU system time: 0 seconds. Elapsed time: 0.26 seconds; current allocated memory: 347.324 MB.
INFO: [BIND 205-100] Starting micro-architecture generation ...
INFO: [BIND 205-101] Performing variable lifetime analysis.
INFO: [BIND 205-101] Exploring resource sharing.
INFO: [BIND 205-101] Binding ...
INFO: [BIND 205-100] Finished micro-architecture generation.
INFO: [HLS 200-111] Finished Binding: CPU user time: 0.02 seconds. CPU system time: 0 seconds. Elapsed time: 0.02 seconds; current allocated memory: 347.324 MB.
INFO: [HLS 200-10] ----------------------------------------------------------------
INFO: [HLS 200-42] -- Implementing module 'aes_encrypt_block' 
INFO: [HLS 200-10] ----------------------------------------------------------------
INFO: [SCHED 204-11] Starting scheduling ...
INFO: [SCHED 204-11] Finished scheduling.
INFO: [HLS 200-111] Finished Scheduling: CPU user time: 0.17 seconds. CPU system time: 0 seconds. Elapsed time: 0.17 seconds; current allocated memory: 349.676 MB.
INFO: [BIND 205-100] Starting micro-architecture generation ...
INFO: [BIND 205-101] Performing variable lifetime analysis.
INFO: [BIND 205-101] Exploring resource sharing.
INFO: [BIND 205-101] Binding ...
INFO: [BIND 205-100] Finished micro-architecture generation.
INFO: [HLS 200-111] Finished Binding: CPU user time: 0.25 seconds. CPU system time: 0 seconds. Elapsed time: 0.24 seconds; current allocated memory: 349.676 MB.
INFO: [HLS 200-10] ----------------------------------------------------------------
INFO: [HLS 200-42] -- Implementing module 'pynqrypt_encrypt_Pipeline_loop_ctr_xor_block' 
INFO: [HLS 200-10] ----------------------------------------------------------------
INFO: [SCHED 204-11] Starting scheduling ...
INFO: [SCHED 204-61] Pipelining loop 'loop_ctr_xor_block'.
INFO: [HLS 200-1470] Pipelining result : Target II = NA, Final II = 1, Depth = 2, loop 'loop_ctr_xor_block'
INFO: [SCHED 204-11] Finished scheduling.
INFO: [HLS 200-111] Finished Scheduling: CPU user time: 0.29 seconds. CPU system time: 0.01 seconds. Elapsed time: 0.31 seconds; current allocated memory: 349.676 MB.
INFO: [BIND 205-100] Starting micro-architecture generation ...
INFO: [BIND 205-101] Performing variable lifetime analysis.
INFO: [BIND 205-101] Exploring resource sharing.
INFO: [BIND 205-101] Binding ...
INFO: [BIND 205-100] Finished micro-architecture generation.
INFO: [HLS 200-111] Finished Binding: CPU user time: 0.02 seconds. CPU system time: 0 seconds. Elapsed time: 0.02 seconds; current allocated memory: 349.676 MB.
INFO: [HLS 200-10] ----------------------------------------------------------------
INFO: [HLS 200-42] -- Implementing module 'pynqrypt_encrypt_Pipeline_6' 
INFO: [HLS 200-10] ----------------------------------------------------------------
INFO: [SCHED 204-11] Starting scheduling ...
INFO: [SCHED 204-61] Pipelining loop 'Loop 1'.
INFO: [HLS 200-1470] Pipelining result : Target II = NA, Final II = 1, Depth = 4, loop 'Loop 1'
INFO: [SCHED 204-11] Finished scheduling.
INFO: [HLS 200-111] Finished Scheduling: CPU user time: 0.03 seconds. CPU system time: 0 seconds. Elapsed time: 0.03 seconds; current allocated memory: 349.777 MB.
INFO: [BIND 205-100] Starting micro-architecture generation ...
INFO: [BIND 205-101] Performing variable lifetime analysis.
INFO: [BIND 205-101] Exploring resource sharing.
INFO: [BIND 205-101] Binding ...
INFO: [BIND 205-100] Finished micro-architecture generation.
INFO: [HLS 200-111] Finished Binding: CPU user time: 0.03 seconds. CPU system time: 0 seconds. Elapsed time: 0.03 seconds; current allocated memory: 349.777 MB.
INFO: [HLS 200-10] ----------------------------------------------------------------
INFO: [HLS 200-42] -- Implementing module 'pynqrypt_encrypt' 
INFO: [HLS 200-10] ----------------------------------------------------------------
INFO: [SCHED 204-11] Starting scheduling ...
INFO: [SCHED 204-11] Finished scheduling.
INFO: [HLS 200-111] Finished Scheduling: CPU user time: 0.07 seconds. CPU system time: 0 seconds. Elapsed time: 0.07 seconds; current allocated memory: 350.266 MB.
INFO: [BIND 205-100] Starting micro-architecture generation ...
INFO: [BIND 205-101] Performing variable lifetime analysis.
INFO: [BIND 205-101] Exploring resource sharing.
INFO: [BIND 205-101] Binding ...
INFO: [BIND 205-100] Finished micro-architecture generation.
INFO: [HLS 200-111] Finished Binding: CPU user time: 0.22 seconds. CPU system time: 0 seconds. Elapsed time: 0.22 seconds; current allocated memory: 350.266 MB.
INFO: [HLS 200-10] ----------------------------------------------------------------
INFO: [HLS 200-10] -- Generating RTL for module 'pynqrypt_encrypt_Pipeline_1' 
INFO: [HLS 200-10] ----------------------------------------------------------------
INFO: [HLS 200-1030] Apply Unified Pipeline Control on module 'pynqrypt_encrypt_Pipeline_1' pipeline 'Loop 1' pipeline type 'loop pipeline'
INFO: [RTGEN 206-100] Finished creating RTL model for 'pynqrypt_encrypt_Pipeline_1'.
INFO: [HLS 200-111] Finished Creating RTL model: CPU user time: 0.38 seconds. CPU system time: 0 seconds. Elapsed time: 0.38 seconds; current allocated memory: 350.266 MB.
INFO: [HLS 200-10] ----------------------------------------------------------------
INFO: [HLS 200-10] -- Generating RTL for module 'pynqrypt_encrypt_Pipeline_2' 
INFO: [HLS 200-10] ----------------------------------------------------------------
INFO: [HLS 200-1030] Apply Unified Pipeline Control on module 'pynqrypt_encrypt_Pipeline_2' pipeline 'Loop 1' pipeline type 'loop pipeline'
INFO: [RTGEN 206-100] Finished creating RTL model for 'pynqrypt_encrypt_Pipeline_2'.
INFO: [HLS 200-111] Finished Creating RTL model: CPU user time: 0.04 seconds. CPU system time: 0 seconds. Elapsed time: 0.04 seconds; current allocated memory: 350.988 MB.
INFO: [HLS 200-10] ----------------------------------------------------------------
INFO: [HLS 200-10] -- Generating RTL for module 'aes_generate_round_keys_Pipeline_1' 
INFO: [HLS 200-10] ----------------------------------------------------------------
INFO: [HLS 200-1030] Apply Unified Pipeline Control on module 'aes_generate_round_keys_Pipeline_1' pipeline 'Loop 1' pipeline type 'loop pipeline'
INFO: [RTGEN 206-100] Finished creating RTL model for 'aes_generate_round_keys_Pipeline_1'.
INFO: [HLS 200-111] Finished Creating RTL model: CPU user time: 0.03 seconds. CPU system time: 0 seconds. Elapsed time: 0.03 seconds; current allocated memory: 351.695 MB.
INFO: [HLS 200-10] ----------------------------------------------------------------
INFO: [HLS 200-10] -- Generating RTL for module 'aes_generate_round_keys_Pipeline_loop_generate_round_keys' 
INFO: [HLS 200-10] ----------------------------------------------------------------
INFO: [SYN 201-210] Renamed object name 'aes_generate_round_keys_Pipeline_loop_generate_round_keys_crypto_aes_sbox_ROM_AUTO_1R' to 'aes_generate_round_keys_Pipeline_loop_generate_round_keys_crypto_aes_sbox_ROMbkb' due to the length limit 80
INFO: [SYN 201-210] Renamed object name 'aes_generate_round_keys_Pipeline_loop_generate_round_keys_crypto_aes_rcon_ROM_AUTO_1R' to 'aes_generate_round_keys_Pipeline_loop_generate_round_keys_crypto_aes_rcon_ROMcud' due to the length limit 80
INFO: [RTGEN 206-100] Finished creating RTL model for 'aes_generate_round_keys_Pipeline_loop_generate_round_keys'.
INFO: [RTMG 210-279] Implementing memory 'pynqrypt_encrypt_aes_generate_round_keys_Pipeline_loop_generate_round_keys_crypto_aes_sbox_ROMbkb' using auto ROMs.
INFO: [RTMG 210-279] Implementing memory 'pynqrypt_encrypt_aes_generate_round_keys_Pipeline_loop_generate_round_keys_crypto_aes_rcon_ROMcud' using auto ROMs.
INFO: [HLS 200-111] Finished Creating RTL model: CPU user time: 0.06 seconds. CPU system time: 0 seconds. Elapsed time: 0.06 seconds; current allocated memory: 353.422 MB.
INFO: [HLS 200-10] ----------------------------------------------------------------
INFO: [HLS 200-10] -- Generating RTL for module 'aes_generate_round_keys' 
INFO: [HLS 200-10] ----------------------------------------------------------------
INFO: [RTGEN 206-100] Finished creating RTL model for 'aes_generate_round_keys'.
INFO: [HLS 200-111] Finished Creating RTL model: CPU user time: 0.3 seconds. CPU system time: 0 seconds. Elapsed time: 0.3 seconds; current allocated memory: 356.688 MB.
INFO: [HLS 200-10] ----------------------------------------------------------------
INFO: [HLS 200-10] -- Generating RTL for module 'pynqrypt_encrypt_Pipeline_3' 
INFO: [HLS 200-10] ----------------------------------------------------------------
INFO: [HLS 200-1030] Apply Unified Pipeline Control on module 'pynqrypt_encrypt_Pipeline_3' pipeline 'Loop 1' pipeline type 'loop pipeline'
WARNING: [RTGEN 206-101] Setting dangling out port 'pynqrypt_encrypt_Pipeline_3/m_axi_gmem_ARVALID' to 0.
WARNING: [RTGEN 206-101] Setting dangling out port 'pynqrypt_encrypt_Pipeline_3/m_axi_gmem_ARADDR' to 0.
WARNING: [RTGEN 206-101] Setting dangling out port 'pynqrypt_encrypt_Pipeline_3/m_axi_gmem_ARID' to 0.
WARNING: [RTGEN 206-101] Setting dangling out port 'pynqrypt_encrypt_Pipeline_3/m_axi_gmem_ARLEN' to 0.
WARNING: [RTGEN 206-101] Setting dangling out port 'pynqrypt_encrypt_Pipeline_3/m_axi_gmem_ARSIZE' to 0.
WARNING: [RTGEN 206-101] Setting dangling out port 'pynqrypt_encrypt_Pipeline_3/m_axi_gmem_ARBURST' to 0.
WARNING: [RTGEN 206-101] Setting dangling out port 'pynqrypt_encrypt_Pipeline_3/m_axi_gmem_ARLOCK' to 0.
WARNING: [RTGEN 206-101] Setting dangling out port 'pynqrypt_encrypt_Pipeline_3/m_axi_gmem_ARCACHE' to 0.
WARNING: [RTGEN 206-101] Setting dangling out port 'pynqrypt_encrypt_Pipeline_3/m_axi_gmem_ARPROT' to 0.
WARNING: [RTGEN 206-101] Setting dangling out port 'pynqrypt_encrypt_Pipeline_3/m_axi_gmem_ARQOS' to 0.
WARNING: [RTGEN 206-101] Setting dangling out port 'pynqrypt_encrypt_Pipeline_3/m_axi_gmem_ARREGION' to 0.
WARNING: [RTGEN 206-101] Setting dangling out port 'pynqrypt_encrypt_Pipeline_3/m_axi_gmem_ARUSER' to 0.
INFO: [RTGEN 206-100] Finished creating RTL model for 'pynqrypt_encrypt_Pipeline_3'.
INFO: [HLS 200-111] Finished Creating RTL model: CPU user time: 0.11 seconds. CPU system time: 0 seconds. Elapsed time: 0.11 seconds; current allocated memory: 357.527 MB.
INFO: [HLS 200-10] ----------------------------------------------------------------
INFO: [HLS 200-10] -- Generating RTL for module 'pynqrypt_encrypt_Pipeline_4' 
INFO: [HLS 200-10] ----------------------------------------------------------------
INFO: [HLS 200-1030] Apply Unified Pipeline Control on module 'pynqrypt_encrypt_Pipeline_4' pipeline 'Loop 1' pipeline type 'loop pipeline'
INFO: [RTGEN 206-100] Finished creating RTL model for 'pynqrypt_encrypt_Pipeline_4'.
INFO: [HLS 200-111] Finished Creating RTL model: CPU user time: 0.04 seconds. CPU system time: 0.01 seconds. Elapsed time: 0.04 seconds; current allocated memory: 358.332 MB.
INFO: [HLS 200-10] ----------------------------------------------------------------
INFO: [HLS 200-10] -- Generating RTL for module 'aes_encrypt_block_Pipeline_loop_aes_encrypt_block' 
INFO: [HLS 200-10] ----------------------------------------------------------------
INFO: [RTGEN 206-100] Finished creating RTL model for 'aes_encrypt_block_Pipeline_loop_aes_encrypt_block'.
INFO: [RTMG 210-279] Implementing memory 'pynqrypt_encrypt_aes_encrypt_block_Pipeline_loop_aes_encrypt_block_crypto_aes_sbox_ROM_AUTO_1R' using auto ROMs.
INFO: [HLS 200-111] Finished Creating RTL model: CPU user time: 0.07 seconds. CPU system time: 0 seconds. Elapsed time: 0.07 seconds; current allocated memory: 360.969 MB.
INFO: [HLS 200-10] ----------------------------------------------------------------
INFO: [HLS 200-10] -- Generating RTL for module 'aes_encrypt_block_Pipeline_2' 
INFO: [HLS 200-10] ----------------------------------------------------------------
INFO: [HLS 200-1030] Apply Unified Pipeline Control on module 'aes_encrypt_block_Pipeline_2' pipeline 'Loop 1' pipeline type 'loop pipeline'
INFO: [RTGEN 206-100] Finished creating RTL model for 'aes_encrypt_block_Pipeline_2'.
INFO: [HLS 200-111] Finished Creating RTL model: CPU user time: 0.66 seconds. CPU system time: 0 seconds. Elapsed time: 0.67 seconds; current allocated memory: 367.852 MB.
INFO: [HLS 200-10] ----------------------------------------------------------------
INFO: [HLS 200-10] -- Generating RTL for module 'aes_encrypt_block' 
INFO: [HLS 200-10] ----------------------------------------------------------------
INFO: [RTGEN 206-100] Finished creating RTL model for 'aes_encrypt_block'.
INFO: [RTMG 210-278] Implementing memory 'pynqrypt_encrypt_aes_encrypt_block_temp_RAM_AUTO_1R1W' using auto RAMs.
INFO: [HLS 200-111] Finished Creating RTL model: CPU user time: 0.07 seconds. CPU system time: 0 seconds. Elapsed time: 0.07 seconds; current allocated memory: 369.445 MB.
INFO: [HLS 200-10] ----------------------------------------------------------------
INFO: [HLS 200-10] -- Generating RTL for module 'pynqrypt_encrypt_Pipeline_loop_ctr_xor_block' 
INFO: [HLS 200-10] ----------------------------------------------------------------
INFO: [HLS 200-1030] Apply Unified Pipeline Control on module 'pynqrypt_encrypt_Pipeline_loop_ctr_xor_block' pipeline 'loop_ctr_xor_block' pipeline type 'loop pipeline'
INFO: [RTGEN 206-100] Finished creating RTL model for 'pynqrypt_encrypt_Pipeline_loop_ctr_xor_block'.
INFO: [HLS 200-111] Finished Creating RTL model: CPU user time: 0.4 seconds. CPU system time: 0 seconds. Elapsed time: 0.4 seconds; current allocated memory: 374.125 MB.
INFO: [HLS 200-10] ----------------------------------------------------------------
INFO: [HLS 200-10] -- Generating RTL for module 'pynqrypt_encrypt_Pipeline_6' 
INFO: [HLS 200-10] ----------------------------------------------------------------
INFO: [HLS 200-1030] Apply Unified Pipeline Control on module 'pynqrypt_encrypt_Pipeline_6' pipeline 'Loop 1' pipeline type 'loop pipeline'
WARNING: [RTGEN 206-101] Setting dangling out port 'pynqrypt_encrypt_Pipeline_6/m_axi_gmem_AWVALID' to 0.
WARNING: [RTGEN 206-101] Setting dangling out port 'pynqrypt_encrypt_Pipeline_6/m_axi_gmem_AWADDR' to 0.
WARNING: [RTGEN 206-101] Setting dangling out port 'pynqrypt_encrypt_Pipeline_6/m_axi_gmem_AWID' to 0.
WARNING: [RTGEN 206-101] Setting dangling out port 'pynqrypt_encrypt_Pipeline_6/m_axi_gmem_AWLEN' to 0.
WARNING: [RTGEN 206-101] Setting dangling out port 'pynqrypt_encrypt_Pipeline_6/m_axi_gmem_AWSIZE' to 0.
WARNING: [RTGEN 206-101] Setting dangling out port 'pynqrypt_encrypt_Pipeline_6/m_axi_gmem_AWBURST' to 0.
WARNING: [RTGEN 206-101] Setting dangling out port 'pynqrypt_encrypt_Pipeline_6/m_axi_gmem_AWLOCK' to 0.
WARNING: [RTGEN 206-101]==============================================================
Vitis HLS - High-Level Synthesis from C, C++ and OpenCL v2022.2 (64-bit)
Tool Version Limit: 2019.12
Copyright 1986-2022 Xilinx, Inc. All Rights Reserved.
==============================================================
