

================================================================
== Vitis HLS Report for 'aes_encrypt_block_Pipeline_loop_aes_encrypt_block'
================================================================
* Date:           Tue Dec 13 20:52:14 2022

* Version:        2022.2 (Build 3670227 on Oct 13 2022)
* Project:        pynqrypt
* Solution:       pynqrypt (Vivado IP Flow Target)
* Product family: zynq
* Target device:  xc7z020i-clg400-1L


================================================================
== Performance Estimates
================================================================
+ Timing: 
    * Summary: 
    +--------+----------+----------+------------+
    |  Clock |  Target  | Estimated| Uncertainty|
    +--------+----------+----------+------------+
    |ap_clk  |  10.00 ns|  6.978 ns|     2.70 ns|
    +--------+----------+----------+------------+

+ Latency: 
    * Summary: 
    +---------+---------+----------+----------+-----+-----+---------+
    |  Latency (cycles) |  Latency (absolute) |  Interval | Pipeline|
    |   min   |   max   |    min   |    max   | min | max |   Type  |
    +---------+---------+----------+----------+-----+-----+---------+
    |       20|       20|  0.200 us|  0.200 us|   20|   20|       no|
    +---------+---------+----------+----------+-----+-----+---------+

    + Detail: 
        * Instance: 
        +---------------------------------+-----------------+---------+---------+----------+----------+-----+-----+---------+
        |                                 |                 |  Latency (cycles) |  Latency (absolute) |  Interval | Pipeline|
        |             Instance            |      Module     |   min   |   max   |    min   |    max   | min | max |   Type  |
        +---------------------------------+-----------------+---------+---------+----------+----------+-----+-----+---------+
        |call_ret_aes_mix_columns_fu_142  |aes_mix_columns  |        0|        0|      0 ns|      0 ns|    1|    1|      yes|
        +---------------------------------+-----------------+---------+---------+----------+----------+-----+-----+---------+

        * Loop: 
        +--------------------------+---------+---------+----------+-----------+-----------+------+----------+
        |                          |  Latency (cycles) | Iteration|  Initiation Interval  | Trip |          |
        |         Loop Name        |   min   |   max   |  Latency |  achieved |   target  | Count| Pipelined|
        +--------------------------+---------+---------+----------+-----------+-----------+------+----------+
        |- loop_aes_encrypt_block  |       18|       18|         3|          2|          1|     9|       yes|
        +--------------------------+---------+---------+----------+-----------+-----------+------+----------+



================================================================
== Utilization Estimates
================================================================
* Summary: 
+-----------------+---------+-----+--------+-------+-----+
|       Name      | BRAM_18K| DSP |   FF   |  LUT  | URAM|
+-----------------+---------+-----+--------+-------+-----+
|DSP              |        -|    -|       -|      -|    -|
|Expression       |        -|    -|       0|  34888|    -|
|FIFO             |        -|    -|       -|      -|    -|
|Instance         |        -|    -|       0|  69856|    -|
|Memory           |        -|    -|       -|      -|    -|
|Multiplexer      |        -|    -|       -|     91|    -|
|Register         |        -|    -|     398|      -|    -|
+-----------------+---------+-----+--------+-------+-----+
|Total            |        0|    0|     398| 104835|    0|
+-----------------+---------+-----+--------+-------+-----+
|Available        |      280|  220|  106400|  53200|    0|
+-----------------+---------+-----+--------+-------+-----+
|Utilization (%)  |        0|    0|      ~0|    197|    0|
+-----------------+---------+-----+--------+-------+-----+

+ Detail: 
    * Instance: 
    +---------------------------------+-----------------+---------+----+---+-------+-----+
    |             Instance            |      Module     | BRAM_18K| DSP| FF|  LUT  | URAM|
    +---------------------------------+-----------------+---------+----+---+-------+-----+
    |call_ret_aes_mix_columns_fu_142  |aes_mix_columns  |        0|   0|  0|  69856|    0|
    +---------------------------------+-----------------+---------+----+---+-------+-----+
    |Total                            |                 |        0|   0|  0|  69856|    0|
    +---------------------------------+-----------------+---------+----+---+-------+-----+

    * DSP: 
    N/A

    * Memory: 
    N/A

    * FIFO: 
    N/A

    * Expression: 
    +------------------------+----------+----+---+------+------------+------------+
    |      Variable Name     | Operation| DSP| FF|  LUT | Bitwidth P0| Bitwidth P1|
    +------------------------+----------+----+---+------+------------+------------+
    |add_ln48_fu_707_p2      |         +|   0|  0|    13|           4|           1|
    |icmp_ln48_fu_160_p2     |      icmp|   0|  0|     9|           4|           4|
    |lshr_ln86_10_fu_510_p2  |      lshr|   0|  0|  2171|        2045|        2048|
    |lshr_ln86_11_fu_542_p2  |      lshr|   0|  0|  2171|        2045|        2048|
    |lshr_ln86_12_fu_574_p2  |      lshr|   0|  0|  2171|        2045|        2048|
    |lshr_ln86_13_fu_606_p2  |      lshr|   0|  0|  2171|        2045|        2048|
    |lshr_ln86_14_fu_638_p2  |      lshr|   0|  0|  2171|        2045|        2048|
    |lshr_ln86_15_fu_670_p2  |      lshr|   0|  0|  2171|        2045|        2048|
    |lshr_ln86_1_fu_222_p2   |      lshr|   0|  0|  2171|        2045|        2048|
    |lshr_ln86_2_fu_254_p2   |      lshr|   0|  0|  2171|        2045|        2048|
    |lshr_ln86_3_fu_286_p2   |      lshr|   0|  0|  2171|        2045|        2048|
    |lshr_ln86_4_fu_318_p2   |      lshr|   0|  0|  2171|        2045|        2048|
    |lshr_ln86_5_fu_350_p2   |      lshr|   0|  0|  2171|        2045|        2048|
    |lshr_ln86_6_fu_382_p2   |      lshr|   0|  0|  2171|        2045|        2048|
    |lshr_ln86_7_fu_414_p2   |      lshr|   0|  0|  2171|        2045|        2048|
    |lshr_ln86_8_fu_446_p2   |      lshr|   0|  0|  2171|        2045|        2048|
    |lshr_ln86_9_fu_478_p2   |      lshr|   0|  0|  2171|        2045|        2048|
    |lshr_ln86_fu_190_p2     |      lshr|   0|  0|  2171|        2045|        2048|
    |ap_enable_pp0           |       xor|   0|  0|     2|           1|           2|
    |xor_ln859_1_fu_701_p2   |       xor|   0|  0|   128|         128|         128|
    +------------------------+----------+----+---+------+------------+------------+
    |Total                   |          |   0|  0| 34888|       32857|       32903|
    +------------------------+----------+----+---+------+------------+------------+

    * Multiplexer: 
    +--------------------------------+----+-----------+-----+-----------+
    |              Name              | LUT| Input Size| Bits| Total Bits|
    +--------------------------------+----+-----------+-----+-----------+
    |ap_NS_fsm                       |  14|          3|    1|          3|
    |ap_done_int                     |   9|          2|    1|          2|
    |ap_enable_reg_pp0_iter0         |   9|          2|    1|          2|
    |ap_enable_reg_pp0_iter0_reg     |   9|          2|    1|          2|
    |ap_enable_reg_pp0_iter1         |   9|          2|    1|          2|
    |ap_sig_allocacmp_i_3            |   9|          2|    4|          8|
    |ap_sig_allocacmp_p_Val2_load_1  |  14|          3|  128|        384|
    |i_fu_112                        |   9|          2|    4|          8|
    |p_Val2_s_fu_108                 |   9|          2|  128|        256|
    +--------------------------------+----+-----------+-----+-----------+
    |Total                           |  91|         20|  269|        667|
    +--------------------------------+----+-----------+-----+-----------+

    * Register: 
    +-----------------------------+-----+----+-----+-----------+
    |             Name            |  FF | LUT| Bits| Const Bits|
    +-----------------------------+-----+----+-----+-----------+
    |ap_CS_fsm                    |    2|   0|    2|          0|
    |ap_done_reg                  |    1|   0|    1|          0|
    |ap_enable_reg_pp0_iter0_reg  |    1|   0|    1|          0|
    |ap_enable_reg_pp0_iter1      |    1|   0|    1|          0|
    |i_3_reg_740                  |    4|   0|    4|          0|
    |i_fu_112                     |    4|   0|    4|          0|
    |icmp_ln48_reg_745            |    1|   0|    1|          0|
    |p_Val2_s_fu_108              |  128|   0|  128|          0|
    |trunc_ln86_10_reg_794        |    8|   0|    8|          0|
    |trunc_ln86_11_reg_799        |    8|   0|    8|          0|
    |trunc_ln86_12_reg_804        |    8|   0|    8|          0|
    |trunc_ln86_13_reg_809        |    8|   0|    8|          0|
    |trunc_ln86_14_reg_814        |    8|   0|    8|          0|
    |trunc_ln86_15_reg_819        |    8|   0|    8|          0|
    |trunc_ln86_16_reg_824        |    8|   0|    8|          0|
    |trunc_ln86_1_reg_749         |    8|   0|    8|          0|
    |trunc_ln86_2_reg_754         |    8|   0|    8|          0|
    |trunc_ln86_3_reg_759         |    8|   0|    8|          0|
    |trunc_ln86_4_reg_764         |    8|   0|    8|          0|
    |trunc_ln86_5_reg_769         |    8|   0|    8|          0|
    |trunc_ln86_6_reg_774         |    8|   0|    8|          0|
    |trunc_ln86_7_reg_779         |    8|   0|    8|          0|
    |trunc_ln86_8_reg_784         |    8|   0|    8|          0|
    |trunc_ln86_9_reg_789         |    8|   0|    8|          0|
    |xor_ln859_1_reg_834          |  128|   0|  128|          0|
    +-----------------------------+-----+----+-----+-----------+
    |Total                        |  398|   0|  398|          0|
    +-----------------------------+-----+----+-----+-----------+



================================================================
== Interface
================================================================
* Summary: 
+--------------------------+-----+-----+------------+---------------------------------------------------+--------------+
|         RTL Ports        | Dir | Bits|  Protocol  |                   Source Object                   |    C Type    |
+--------------------------+-----+-----+------------+---------------------------------------------------+--------------+
|ap_clk                    |   in|    1|  ap_ctrl_hs|  aes_encrypt_block_Pipeline_loop_aes_encrypt_block|  return value|
|ap_rst                    |   in|    1|  ap_ctrl_hs|  aes_encrypt_block_Pipeline_loop_aes_encrypt_block|  return value|
|ap_start                  |   in|    1|  ap_ctrl_hs|  aes_encrypt_block_Pipeline_loop_aes_encrypt_block|  return value|
|ap_done                   |  out|    1|  ap_ctrl_hs|  aes_encrypt_block_Pipeline_loop_aes_encrypt_block|  return value|
|ap_idle                   |  out|    1|  ap_ctrl_hs|  aes_encrypt_block_Pipeline_loop_aes_encrypt_block|  return value|
|ap_ready                  |  out|    1|  ap_ctrl_hs|  aes_encrypt_block_Pipeline_loop_aes_encrypt_block|  return value|
|xor_ln859                 |   in|  128|     ap_none|                                          xor_ln859|        scalar|
|this_round_keys_address0  |  out|    4|   ap_memory|                                    this_round_keys|         array|
|this_round_keys_ce0       |  out|    1|   ap_memory|                                    this_round_keys|         array|
|this_round_keys_q0        |   in|  128|   ap_memory|                                    this_round_keys|         array|
|t_out                     |  out|  128|      ap_vld|                                              t_out|       pointer|
|t_out_ap_vld              |  out|    1|      ap_vld|                                              t_out|       pointer|
+--------------------------+-----+-----+------------+---------------------------------------------------+--------------+

