

================================================================
== Vitis HLS Report for 'aes_encrypt_block'
================================================================
* Date:           Tue Dec 13 19:17:23 2022

* Version:        2022.2 (Build 3670227 on Oct 13 2022)
* Project:        pynqrypt
* Solution:       pynqrypt (Vivado IP Flow Target)
* Product family: zynq
* Target device:  xc7z020i-clg400-1L


================================================================
== Performance Estimates
================================================================
+ Timing: 
    * Summary: 
    +--------+----------+----------+------------+
    |  Clock |  Target  | Estimated| Uncertainty|
    +--------+----------+----------+------------+
    |ap_clk  |  10.00 ns|  6.256 ns|     2.70 ns|
    +--------+----------+----------+------------+

+ Latency: 
    * Summary: 
    +---------+---------+----------+----------+-----+-----+---------+
    |  Latency (cycles) |  Latency (absolute) |  Interval | Pipeline|
    |   min   |   max   |    min   |    max   | min | max |   Type  |
    +---------+---------+----------+----------+-----+-----+---------+
    |       27|       27|  0.270 us|  0.270 us|   27|   27|       no|
    +---------+---------+----------+----------+-----+-----+---------+

    + Detail: 
        * Instance: 
        +--------------------------------------------------------------+---------------------------------------------------+---------+---------+----------+----------+-----+-----+---------+
        |                                                              |                                                   |  Latency (cycles) |  Latency (absolute) |  Interval | Pipeline|
        |                           Instance                           |                       Module                      |   min   |   max   |    min   |    max   | min | max |   Type  |
        +--------------------------------------------------------------+---------------------------------------------------+---------+---------+----------+----------+-----+-----+---------+
        |grp_aes_encrypt_block_Pipeline_loop_aes_encrypt_block_fu_117  |aes_encrypt_block_Pipeline_loop_aes_encrypt_block  |       21|       21|  0.210 us|  0.210 us|   21|   21|       no|
        +--------------------------------------------------------------+---------------------------------------------------+---------+---------+----------+----------+-----+-----+---------+

        * Loop: 
        N/A



================================================================
== Utilization Estimates
================================================================
* Summary: 
+-----------------+---------+-----+--------+--------+-----+
|       Name      | BRAM_18K| DSP |   FF   |   LUT  | URAM|
+-----------------+---------+-----+--------+--------+-----+
|DSP              |        -|    -|       -|       -|    -|
|Expression       |        -|    -|       0|   34994|    -|
|FIFO             |        -|    -|       -|       -|    -|
|Instance         |        -|    -|     522|  104821|    -|
|Memory           |        -|    -|       -|       -|    -|
|Multiplexer      |        -|    -|       -|      85|    -|
|Register         |        -|    -|     265|       -|    -|
+-----------------+---------+-----+--------+--------+-----+
|Total            |        0|    0|     787|  139900|    0|
+-----------------+---------+-----+--------+--------+-----+
|Available        |      280|  220|  106400|   53200|    0|
+-----------------+---------+-----+--------+--------+-----+
|Utilization (%)  |        0|    0|      ~0|     262|    0|
+-----------------+---------+-----+--------+--------+-----+

+ Detail: 
    * Instance: 
    +--------------------------------------------------------------+---------------------------------------------------+---------+----+-----+--------+-----+
    |                           Instance                           |                       Module                      | BRAM_18K| DSP|  FF |   LUT  | URAM|
    +--------------------------------------------------------------+---------------------------------------------------+---------+----+-----+--------+-----+
    |grp_aes_encrypt_block_Pipeline_loop_aes_encrypt_block_fu_117  |aes_encrypt_block_Pipeline_loop_aes_encrypt_block  |        0|   0|  522|  104821|    0|
    +--------------------------------------------------------------+---------------------------------------------------+---------+----+-----+--------+-----+
    |Total                                                         |                                                   |        0|   0|  522|  104821|    0|
    +--------------------------------------------------------------+---------------------------------------------------+---------+----+-----+--------+-----+

    * DSP: 
    N/A

    * Memory: 
    N/A

    * FIFO: 
    N/A

    * Expression: 
    +---------------------+----------+----+---+------+------------+------------+
    |    Variable Name    | Operation| DSP| FF|  LUT | Bitwidth P0| Bitwidth P1|
    +---------------------+----------+----+---+------+------------+------------+
    |lshr_ln56_fu_161_p2  |      lshr|   0|  0|  2171|        2045|        2048|
    |lshr_ln57_fu_193_p2  |      lshr|   0|  0|  2171|        2045|        2048|
    |lshr_ln58_fu_225_p2  |      lshr|   0|  0|  2171|        2045|        2048|
    |lshr_ln59_fu_251_p2  |      lshr|   0|  0|  2171|        2045|        2048|
    |lshr_ln61_fu_283_p2  |      lshr|   0|  0|  2171|        2045|        2048|
    |lshr_ln62_fu_315_p2  |      lshr|   0|  0|  2171|        2045|        2048|
    |lshr_ln63_fu_347_p2  |      lshr|   0|  0|  2171|        2045|        2048|
    |lshr_ln64_fu_379_p2  |      lshr|   0|  0|  2171|        2045|        2048|
    |lshr_ln66_fu_411_p2  |      lshr|   0|  0|  2171|        2045|        2048|
    |lshr_ln67_fu_443_p2  |      lshr|   0|  0|  2171|        2045|        2048|
    |lshr_ln68_fu_475_p2  |      lshr|   0|  0|  2171|        2045|        2048|
    |lshr_ln69_fu_507_p2  |      lshr|   0|  0|  2171|        2045|        2048|
    |lshr_ln71_fu_539_p2  |      lshr|   0|  0|  2171|        2045|        2048|
    |lshr_ln72_fu_571_p2  |      lshr|   0|  0|  2171|        2045|        2048|
    |lshr_ln73_fu_603_p2  |      lshr|   0|  0|  2171|        2045|        2048|
    |lshr_ln74_fu_635_p2  |      lshr|   0|  0|  2171|        2045|        2048|
    |ap_block_state1      |        or|   0|  0|     2|           1|           1|
    |ap_return            |       xor|   0|  0|   128|         128|         128|
    |xor_ln859_fu_129_p2  |       xor|   0|  0|   128|         128|         128|
    +---------------------+----------+----+---+------+------------+------------+
    |Total                |          |   0|  0| 34994|       32977|       33025|
    +---------------------+----------+----+---+------+------------+------------+

    * Multiplexer: 
    +--------------------------+----+-----------+-----+-----------+
    |           Name           | LUT| Input Size| Bits| Total Bits|
    +--------------------------+----+-----------+-----+-----------+
    |ap_NS_fsm                 |  42|          8|    1|          8|
    |ap_done                   |   9|          2|    1|          2|
    |this_round_keys_address0  |  20|          4|    4|         16|
    |this_round_keys_ce0       |  14|          3|    1|          3|
    +--------------------------+----+-----------+-----+-----------+
    |Total                     |  85|         17|    7|         29|
    +--------------------------+----+-----------+-----+-----------+

    * Register: 
    +---------------------------------------------------------------------------+-----+----+-----+-----------+
    |                                    Name                                   |  FF | LUT| Bits| Const Bits|
    +---------------------------------------------------------------------------+-----+----+-----+-----------+
    |ap_CS_fsm                                                                  |    7|   0|    7|          0|
    |ap_done_reg                                                                |    1|   0|    1|          0|
    |grp_aes_encrypt_block_Pipeline_loop_aes_encrypt_block_fu_117_ap_start_reg  |    1|   0|    1|          0|
    |reg_125                                                                    |  128|   0|  128|          0|
    |xor_ln859_reg_698                                                          |  128|   0|  128|          0|
    +---------------------------------------------------------------------------+-----+----+-----+-----------+
    |Total                                                                      |  265|   0|  265|          0|
    +---------------------------------------------------------------------------+-----+----+-----+-----------+



================================================================
== Interface
================================================================
* Summary: 
+--------------------------+-----+-----+------------+-------------------+--------------+
|         RTL Ports        | Dir | Bits|  Protocol  |   Source Object   |    C Type    |
+--------------------------+-----+-----+------------+-------------------+--------------+
|ap_clk                    |   in|    1|  ap_ctrl_hs|  aes_encrypt_block|  return value|
|ap_rst                    |   in|    1|  ap_ctrl_hs|  aes_encrypt_block|  return value|
|ap_start                  |   in|    1|  ap_ctrl_hs|  aes_encrypt_block|  return value|
|ap_done                   |  out|    1|  ap_ctrl_hs|  aes_encrypt_block|  return value|
|ap_continue               |   in|    1|  ap_ctrl_hs|  aes_encrypt_block|  return value|
|ap_idle                   |  out|    1|  ap_ctrl_hs|  aes_encrypt_block|  return value|
|ap_ready                  |  out|    1|  ap_ctrl_hs|  aes_encrypt_block|  return value|
|ap_return                 |  out|  128|  ap_ctrl_hs|  aes_encrypt_block|  return value|
|this_round_keys_address0  |  out|    4|   ap_memory|    this_round_keys|         array|
|this_round_keys_ce0       |  out|    1|   ap_memory|    this_round_keys|         array|
|this_round_keys_q0        |   in|  128|   ap_memory|    this_round_keys|         array|
|p_read                    |   in|  128|     ap_none|             p_read|        scalar|
+--------------------------+-----+-----+------------+-------------------+--------------+

