

================================================================
== Vitis HLS Report for 'assign_swap_endianness'
================================================================
* Date:           Tue Dec 13 19:17:22 2022

* Version:        2022.2 (Build 3670227 on Oct 13 2022)
* Project:        pynqrypt
* Solution:       pynqrypt (Vivado IP Flow Target)
* Product family: zynq
* Target device:  xc7z020i-clg400-1L


================================================================
== Performance Estimates
================================================================
+ Timing: 
    * Summary: 
    +--------+----------+----------+------------+
    |  Clock |  Target  | Estimated| Uncertainty|
    +--------+----------+----------+------------+
    |ap_clk  |  10.00 ns|  7.300 ns|     2.70 ns|
    +--------+----------+----------+------------+

+ Latency: 
    * Summary: 
    +---------+---------+-----------+-----------+-----+-----+---------+
    |  Latency (cycles) |   Latency (absolute)  |  Interval | Pipeline|
    |   min   |   max   |    min    |    max    | min | max |   Type  |
    +---------+---------+-----------+-----------+-----+-----+---------+
    |        8|        8|  80.000 ns|  80.000 ns|    8|    8|       no|
    +---------+---------+-----------+-----------+-----+-----+---------+

    + Detail: 
        * Instance: 
        N/A

        * Loop: 
        N/A



================================================================
== Utilization Estimates
================================================================
* Summary: 
+-----------------+---------+-----+--------+-------+-----+
|       Name      | BRAM_18K| DSP |   FF   |  LUT  | URAM|
+-----------------+---------+-----+--------+-------+-----+
|DSP              |        -|    -|       -|      -|    -|
|Expression       |        -|    -|       0|     73|    -|
|FIFO             |        -|    -|       -|      -|    -|
|Instance         |        -|    -|       -|      -|    -|
|Memory           |        -|    -|       -|      -|    -|
|Multiplexer      |        -|    -|       -|     98|    -|
|Register         |        -|    -|     198|      -|    -|
+-----------------+---------+-----+--------+-------+-----+
|Total            |        0|    0|     198|    171|    0|
+-----------------+---------+-----+--------+-------+-----+
|Available        |      280|  220|  106400|  53200|    0|
+-----------------+---------+-----+--------+-------+-----+
|Utilization (%)  |        0|    0|      ~0|     ~0|    0|
+-----------------+---------+-----+--------+-------+-----+

+ Detail: 
    * Instance: 
    N/A

    * DSP: 
    N/A

    * Memory: 
    N/A

    * FIFO: 
    N/A

    * Expression: 
    +--------------------+----------+----+---+----+------------+------------+
    |    Variable Name   | Operation| DSP| FF| LUT| Bitwidth P0| Bitwidth P1|
    +--------------------+----------+----+---+----+------------+------------+
    |add_ln21_fu_156_p2  |         +|   0|  0|  71|          64|          64|
    |ap_block_state1     |        or|   0|  0|   2|           1|           1|
    +--------------------+----------+----+---+----+------------+------------+
    |Total               |          |   0|  0|  73|          65|          65|
    +--------------------+----------+----+---+----+------------+------------+

    * Multiplexer: 
    +---------------+----+-----------+-----+-----------+
    |      Name     | LUT| Input Size| Bits| Total Bits|
    +---------------+----+-----------+-----+-----------+
    |ap_NS_fsm      |  53|         10|    1|         10|
    |ap_done        |   9|          2|    1|          2|
    |ap_return      |   9|          2|  128|        256|
    |gmem_blk_n_AR  |   9|          2|    1|          2|
    |gmem_blk_n_R   |   9|          2|    1|          2|
    |i_c_blk_n      |   9|          2|    1|          2|
    +---------------+----+-----------+-----+-----------+
    |Total          |  98|         20|  133|        274|
    +---------------+----+-----------+-----+-----------+

    * Register: 
    +------------------+-----+----+-----+-----------+
    |       Name       |  FF | LUT| Bits| Const Bits|
    +------------------+-----+----+-----+-----------+
    |ap_CS_fsm         |    9|   0|    9|          0|
    |ap_done_reg       |    1|   0|    1|          0|
    |ap_return_preg    |  128|   0|  128|          0|
    |trunc_ln_reg_372  |   60|   0|   60|          0|
    +------------------+-----+----+-----+-----------+
    |Total             |  198|   0|  198|          0|
    +------------------+-----+----+-----+-----------+



================================================================
== Interface
================================================================
* Summary: 
+---------------------+-----+-----+------------+------------------------+--------------+
|      RTL Ports      | Dir | Bits|  Protocol  |      Source Object     |    C Type    |
+---------------------+-----+-----+------------+------------------------+--------------+
|ap_clk               |   in|    1|  ap_ctrl_hs|  assign_swap_endianness|  return value|
|ap_rst               |   in|    1|  ap_ctrl_hs|  assign_swap_endianness|  return value|
|ap_start             |   in|    1|  ap_ctrl_hs|  assign_swap_endianness|  return value|
|ap_done              |  out|    1|  ap_ctrl_hs|  assign_swap_endianness|  return value|
|ap_continue          |   in|    1|  ap_ctrl_hs|  assign_swap_endianness|  return value|
|ap_idle              |  out|    1|  ap_ctrl_hs|  assign_swap_endianness|  return value|
|ap_ready             |  out|    1|  ap_ctrl_hs|  assign_swap_endianness|  return value|
|ap_return            |  out|  128|  ap_ctrl_hs|  assign_swap_endianness|  return value|
|m_axi_gmem_AWVALID   |  out|    1|       m_axi|                    gmem|       pointer|
|m_axi_gmem_AWREADY   |   in|    1|       m_axi|                    gmem|       pointer|
|m_axi_gmem_AWADDR    |  out|   64|       m_axi|                    gmem|       pointer|
|m_axi_gmem_AWID      |  out|    1|       m_axi|                    gmem|       pointer|
|m_axi_gmem_AWLEN     |  out|   32|       m_axi|                    gmem|       pointer|
|m_axi_gmem_AWSIZE    |  out|    3|       m_axi|                    gmem|       pointer|
|m_axi_gmem_AWBURST   |  out|    2|       m_axi|                    gmem|       pointer|
|m_axi_gmem_AWLOCK    |  out|    2|       m_axi|                    gmem|       pointer|
|m_axi_gmem_AWCACHE   |  out|    4|       m_axi|                    gmem|       pointer|
|m_axi_gmem_AWPROT    |  out|    3|       m_axi|                    gmem|       pointer|
|m_axi_gmem_AWQOS     |  out|    4|       m_axi|                    gmem|       pointer|
|m_axi_gmem_AWREGION  |  out|    4|       m_axi|                    gmem|       pointer|
|m_axi_gmem_AWUSER    |  out|    1|       m_axi|                    gmem|       pointer|
|m_axi_gmem_WVALID    |  out|    1|       m_axi|                    gmem|       pointer|
|m_axi_gmem_WREADY    |   in|    1|       m_axi|                    gmem|       pointer|
|m_axi_gmem_WDATA     |  out|  128|       m_axi|                    gmem|       pointer|
|m_axi_gmem_WSTRB     |  out|   16|       m_axi|                    gmem|       pointer|
|m_axi_gmem_WLAST     |  out|    1|       m_axi|                    gmem|       pointer|
|m_axi_gmem_WID       |  out|    1|       m_axi|                    gmem|       pointer|
|m_axi_gmem_WUSER     |  out|    1|       m_axi|                    gmem|       pointer|
|m_axi_gmem_ARVALID   |  out|    1|       m_axi|                    gmem|       pointer|
|m_axi_gmem_ARREADY   |   in|    1|       m_axi|                    gmem|       pointer|
|m_axi_gmem_ARADDR    |  out|   64|       m_axi|                    gmem|       pointer|
|m_axi_gmem_ARID      |  out|    1|       m_axi|                    gmem|       pointer|
|m_axi_gmem_ARLEN     |  out|   32|       m_axi|                    gmem|       pointer|
|m_axi_gmem_ARSIZE    |  out|    3|       m_axi|                    gmem|       pointer|
|m_axi_gmem_ARBURST   |  out|    2|       m_axi|                    gmem|       pointer|
|m_axi_gmem_ARLOCK    |  out|    2|       m_axi|                    gmem|       pointer|
|m_axi_gmem_ARCACHE   |  out|    4|       m_axi|                    gmem|       pointer|
|m_axi_gmem_ARPROT    |  out|    3|       m_axi|                    gmem|       pointer|
|m_axi_gmem_ARQOS     |  out|    4|       m_axi|                    gmem|       pointer|
|m_axi_gmem_ARREGION  |  out|    4|       m_axi|                    gmem|       pointer|
|m_axi_gmem_ARUSER    |  out|    1|       m_axi|                    gmem|       pointer|
|m_axi_gmem_RVALID    |   in|    1|       m_axi|                    gmem|       pointer|
|m_axi_gmem_RREADY    |  out|    1|       m_axi|                    gmem|       pointer|
|m_axi_gmem_RDATA     |   in|  128|       m_axi|                    gmem|       pointer|
|m_axi_gmem_RLAST     |   in|    1|       m_axi|                    gmem|       pointer|
|m_axi_gmem_RID       |   in|    1|       m_axi|                    gmem|       pointer|
|m_axi_gmem_RFIFONUM  |   in|    9|       m_axi|                    gmem|       pointer|
|m_axi_gmem_RUSER     |   in|    1|       m_axi|                    gmem|       pointer|
|m_axi_gmem_RRESP     |   in|    2|       m_axi|                    gmem|       pointer|
|m_axi_gmem_BVALID    |   in|    1|       m_axi|                    gmem|       pointer|
|m_axi_gmem_BREADY    |  out|    1|       m_axi|                    gmem|       pointer|
|m_axi_gmem_BRESP     |   in|    2|       m_axi|                    gmem|       pointer|
|m_axi_gmem_BID       |   in|    1|       m_axi|                    gmem|       pointer|
|m_axi_gmem_BUSER     |   in|    1|       m_axi|                    gmem|       pointer|
|i                    |   in|   60|     ap_none|                       i|        scalar|
|plaintext            |   in|   64|     ap_none|               plaintext|        scalar|
|i_c_din              |  out|   60|     ap_fifo|                     i_c|       pointer|
|i_c_num_data_valid   |   in|    3|     ap_fifo|                     i_c|       pointer|
|i_c_fifo_cap         |   in|    3|     ap_fifo|                     i_c|       pointer|
|i_c_full_n           |   in|    1|     ap_fifo|                     i_c|       pointer|
|i_c_write            |  out|    1|     ap_fifo|                     i_c|       pointer|
+---------------------+-----+-----+------------+------------------------+--------------+

