

================================================================
== Vitis HLS Report for 'ctr_encrypt'
================================================================
* Date:           Tue Dec 13 19:17:24 2022

* Version:        2022.2 (Build 3670227 on Oct 13 2022)
* Project:        pynqrypt
* Solution:       pynqrypt (Vivado IP Flow Target)
* Product family: zynq
* Target device:  xc7z020i-clg400-1L


================================================================
== Performance Estimates
================================================================
+ Timing: 
    * Summary: 
    +--------+----------+----------+------------+
    |  Clock |  Target  | Estimated| Uncertainty|
    +--------+----------+----------+------------+
    |ap_clk  |  10.00 ns|  7.300 ns|     2.70 ns|
    +--------+----------+----------+------------+

+ Latency: 
    * Summary: 
    +---------+---------+----------+----------+-----+-----+---------+
    |  Latency (cycles) |  Latency (absolute) |  Interval | Pipeline|
    |   min   |   max   |    min   |    max   | min | max |   Type  |
    +---------+---------+----------+----------+-----+-----+---------+
    |        ?|        ?|         ?|         ?|    ?|    ?|       no|
    +---------+---------+----------+----------+-----+-----+---------+

    + Detail: 
        * Instance: 
        +--------------------------------------+-----------------------------------+---------+---------+----------+----------+-----+-----+----------+
        |                                      |                                   |  Latency (cycles) |  Latency (absolute) |  Interval | Pipeline |
        |               Instance               |               Module              |   min   |   max   |    min   |    max   | min | max |   Type   |
        +--------------------------------------+-----------------------------------+---------+---------+----------+----------+-----+-----+----------+
        |dataflow_in_loop_loop_ctr_encrypt_U0  |dataflow_in_loop_loop_ctr_encrypt  |       27|       27|  0.270 us|  0.270 us|   28|   28|  dataflow|
        +--------------------------------------+-----------------------------------+---------+---------+----------+----------+-----+-----+----------+

        * Loop: 
        +--------------------+---------+---------+----------+-----------+-----------+------+----------+
        |                    |  Latency (cycles) | Iteration|  Initiation Interval  | Trip |          |
        |      Loop Name     |   min   |   max   |  Latency |  achieved |   target  | Count| Pipelined|
        +--------------------+---------+---------+----------+-----------+-----------+------+----------+
        |- loop_ctr_encrypt  |        ?|        ?|        29|          -|          -|     ?|        no|
        +--------------------+---------+---------+----------+-----------+-----------+------+----------+



================================================================
== Utilization Estimates
================================================================
* Summary: 
+-----------------+---------+-----+--------+--------+-----+
|       Name      | BRAM_18K| DSP |   FF   |   LUT  | URAM|
+-----------------+---------+-----+--------+--------+-----+
|DSP              |        -|    -|       -|       -|    -|
|Expression       |        -|    -|     822|     192|    -|
|FIFO             |        -|    -|       -|       -|    -|
|Instance         |        -|    -|    2042|  140899|    -|
|Memory           |        -|    -|       -|       -|    -|
|Multiplexer      |        -|    -|       -|      18|    -|
|Register         |        -|    -|     120|       -|    -|
+-----------------+---------+-----+--------+--------+-----+
|Total            |        0|    0|    2984|  141109|    0|
+-----------------+---------+-----+--------+--------+-----+
|Available        |      280|  220|  106400|   53200|    0|
+-----------------+---------+-----+--------+--------+-----+
|Utilization (%)  |        0|    0|       2|     265|    0|
+-----------------+---------+-----+--------+--------+-----+

+ Detail: 
    * Instance: 
    +--------------------------------------+-----------------------------------+---------+----+------+--------+-----+
    |               Instance               |               Module              | BRAM_18K| DSP|  FF  |   LUT  | URAM|
    +--------------------------------------+-----------------------------------+---------+----+------+--------+-----+
    |dataflow_in_loop_loop_ctr_encrypt_U0  |dataflow_in_loop_loop_ctr_encrypt  |        0|   0|  2042|  140899|    0|
    +--------------------------------------+-----------------------------------+---------+----+------+--------+-----+
    |Total                                 |                                   |        0|   0|  2042|  140899|    0|
    +--------------------------------------+-----------------------------------+---------+----+------+--------+-----+

    * DSP: 
    N/A

    * Memory: 
    N/A

    * FIFO: 
    N/A

    * Expression: 
    +----------------------------+----------+----+-----+----+------------+------------+
    |        Variable Name       | Operation| DSP|  FF | LUT| Bitwidth P0| Bitwidth P1|
    +----------------------------+----------+----+-----+----+------------+------------+
    |loop_dataflow_input_count   |         +|   0|  274|  64|          60|           1|
    |loop_dataflow_output_count  |         +|   0|  274|  64|          60|           1|
    |bound_minus_1               |         -|   0|  274|  64|          60|           1|
    +----------------------------+----------+----+-----+----+------------+------------+
    |Total                       |          |   0|  822| 192|         180|           3|
    +----------------------------+----------+----+-----+----+------------+------------+

    * Multiplexer: 
    +----------------------------+----+-----------+-----+-----------+
    |            Name            | LUT| Input Size| Bits| Total Bits|
    +----------------------------+----+-----------+-----+-----------+
    |loop_dataflow_input_count   |   9|          2|   60|        120|
    |loop_dataflow_output_count  |   9|          2|   60|        120|
    +----------------------------+----+-----------+-----+-----------+
    |Total                       |  18|          4|  120|        240|
    +----------------------------+----+-----------+-----+-----------+

    * Register: 
    +----------------------------+----+----+-----+-----------+
    |            Name            | FF | LUT| Bits| Const Bits|
    +----------------------------+----+----+-----+-----------+
    |loop_dataflow_input_count   |  60|   0|   60|          0|
    |loop_dataflow_output_count  |  60|   0|   60|          0|
    +----------------------------+----+----+-----+-----------+
    |Total                       | 120|   0|  120|          0|
    +----------------------------+----+----+-----+-----------+



================================================================
== Interface
================================================================
* Summary: 
+--------------------------+-----+-----+------------+-----------------+--------------+
|         RTL Ports        | Dir | Bits|  Protocol  |  Source Object  |    C Type    |
+--------------------------+-----+-----+------------+-----------------+--------------+
|p_read                    |   in|   96|     ap_none|           p_read|        scalar|
|p_read_ap_vld             |   in|    1|     ap_none|           p_read|        scalar|
|this_round_keys_address0  |  out|    4|   ap_memory|  this_round_keys|         array|
|this_round_keys_ce0       |  out|    1|   ap_memory|  this_round_keys|         array|
|this_round_keys_d0        |  out|  128|   ap_memory|  this_round_keys|         array|
|this_round_keys_q0        |   in|  128|   ap_memory|  this_round_keys|         array|
|this_round_keys_we0       |  out|    1|   ap_memory|  this_round_keys|         array|
|this_round_keys_address1  |  out|    4|   ap_memory|  this_round_keys|         array|
|this_round_keys_ce1       |  out|    1|   ap_memory|  this_round_keys|         array|
|this_round_keys_d1        |  out|  128|   ap_memory|  this_round_keys|         array|
|this_round_keys_q1        |   in|  128|   ap_memory|  this_round_keys|         array|
|this_round_keys_we1       |  out|    1|   ap_memory|  this_round_keys|         array|
|block_count               |   in|   60|     ap_none|      block_count|        scalar|
|m_axi_gmem_AWVALID        |  out|    1|       m_axi|             gmem|       pointer|
|m_axi_gmem_AWREADY        |   in|    1|       m_axi|             gmem|       pointer|
|m_axi_gmem_AWADDR         |  out|   64|       m_axi|             gmem|       pointer|
|m_axi_gmem_AWID           |  out|    1|       m_axi|             gmem|       pointer|
|m_axi_gmem_AWLEN          |  out|   32|       m_axi|             gmem|       pointer|
|m_axi_gmem_AWSIZE         |  out|    3|       m_axi|             gmem|       pointer|
|m_axi_gmem_AWBURST        |  out|    2|       m_axi|             gmem|       pointer|
|m_axi_gmem_AWLOCK         |  out|    2|       m_axi|             gmem|       pointer|
|m_axi_gmem_AWCACHE        |  out|    4|       m_axi|             gmem|       pointer|
|m_axi_gmem_AWPROT         |  out|    3|       m_axi|             gmem|       pointer|
|m_axi_gmem_AWQOS          |  out|    4|       m_axi|             gmem|       pointer|
|m_axi_gmem_AWREGION       |  out|    4|       m_axi|             gmem|       pointer|
|m_axi_gmem_AWUSER         |  out|    1|       m_axi|             gmem|       pointer|
|m_axi_gmem_WVALID         |  out|    1|       m_axi|             gmem|       pointer|
|m_axi_gmem_WREADY         |   in|    1|       m_axi|             gmem|       pointer|
|m_axi_gmem_WDATA          |  out|  128|       m_axi|             gmem|       pointer|
|m_axi_gmem_WSTRB          |  out|   16|       m_axi|             gmem|       pointer|
|m_axi_gmem_WLAST          |  out|    1|       m_axi|             gmem|       pointer|
|m_axi_gmem_WID            |  out|    1|       m_axi|             gmem|       pointer|
|m_axi_gmem_WUSER          |  out|    1|       m_axi|             gmem|       pointer|
|m_axi_gmem_ARVALID        |  out|    1|       m_axi|             gmem|       pointer|
|m_axi_gmem_ARREADY        |   in|    1|       m_axi|             gmem|       pointer|
|m_axi_gmem_ARADDR         |  out|   64|       m_axi|             gmem|       pointer|
|m_axi_gmem_ARID           |  out|    1|       m_axi|             gmem|       pointer|
|m_axi_gmem_ARLEN          |  out|   32|       m_axi|             gmem|       pointer|
|m_axi_gmem_ARSIZE         |  out|    3|       m_axi|             gmem|       pointer|
|m_axi_gmem_ARBURST        |  out|    2|       m_axi|             gmem|       pointer|
|m_axi_gmem_ARLOCK         |  out|    2|       m_axi|             gmem|       pointer|
|m_axi_gmem_ARCACHE        |  out|    4|       m_axi|             gmem|       pointer|
|m_axi_gmem_ARPROT         |  out|    3|       m_axi|             gmem|       pointer|
|m_axi_gmem_ARQOS          |  out|    4|       m_axi|             gmem|       pointer|
|m_axi_gmem_ARREGION       |  out|    4|       m_axi|             gmem|       pointer|
|m_axi_gmem_ARUSER         |  out|    1|       m_axi|             gmem|       pointer|
|m_axi_gmem_RVALID         |   in|    1|       m_axi|             gmem|       pointer|
|m_axi_gmem_RREADY         |  out|    1|       m_axi|             gmem|       pointer|
|m_axi_gmem_RDATA          |   in|  128|       m_axi|             gmem|       pointer|
|m_axi_gmem_RLAST          |   in|    1|       m_axi|             gmem|       pointer|
|m_axi_gmem_RID            |   in|    1|       m_axi|             gmem|       pointer|
|m_axi_gmem_RFIFONUM       |   in|    9|       m_axi|             gmem|       pointer|
|m_axi_gmem_RUSER          |   in|    1|       m_axi|             gmem|       pointer|
|m_axi_gmem_RRESP          |   in|    2|       m_axi|             gmem|       pointer|
|m_axi_gmem_BVALID         |   in|    1|       m_axi|             gmem|       pointer|
|m_axi_gmem_BREADY         |  out|    1|       m_axi|             gmem|       pointer|
|m_axi_gmem_BRESP          |   in|    2|       m_axi|             gmem|       pointer|
|m_axi_gmem_BID            |   in|    1|       m_axi|             gmem|       pointer|
|m_axi_gmem_BUSER          |   in|    1|       m_axi|             gmem|       pointer|
|plaintext                 |   in|   64|     ap_none|        plaintext|        scalar|
|plaintext_ap_vld          |   in|    1|     ap_none|        plaintext|        scalar|
|ciphertext                |   in|   64|     ap_none|       ciphertext|        scalar|
|ciphertext_ap_vld         |   in|    1|     ap_none|       ciphertext|        scalar|
|ap_clk                    |   in|    1|  ap_ctrl_hs|      ctr_encrypt|  return value|
|ap_rst                    |   in|    1|  ap_ctrl_hs|      ctr_encrypt|  return value|
|ap_start                  |   in|    1|  ap_ctrl_hs|      ctr_encrypt|  return value|
|ap_done                   |  out|    1|  ap_ctrl_hs|      ctr_encrypt|  return value|
|ap_ready                  |  out|    1|  ap_ctrl_hs|      ctr_encrypt|  return value|
|ap_idle                   |  out|    1|  ap_ctrl_hs|      ctr_encrypt|  return value|
|ap_continue               |   in|    1|  ap_ctrl_hs|      ctr_encrypt|  return value|
+--------------------------+-----+-----+------------+-----------------+--------------+

