

================================================================
== Vitis HLS Report for 'dataflow_in_loop_loop_ctr_encrypt'
================================================================
* Date:           Tue Dec 13 20:52:15 2022

* Version:        2022.2 (Build 3670227 on Oct 13 2022)
* Project:        pynqrypt
* Solution:       pynqrypt (Vivado IP Flow Target)
* Product family: zynq
* Target device:  xc7z020i-clg400-1L


================================================================
== Performance Estimates
================================================================
+ Timing: 
    * Summary: 
    +--------+----------+----------+------------+
    |  Clock |  Target  | Estimated| Uncertainty|
    +--------+----------+----------+------------+
    |ap_clk  |  10.00 ns|  7.532 ns|     2.70 ns|
    +--------+----------+----------+------------+

+ Latency: 
    * Summary: 
    +---------+---------+----------+----------+-----+-----+----------+
    |  Latency (cycles) |  Latency (absolute) |  Interval | Pipeline |
    |   min   |   max   |    min   |    max   | min | max |   Type   |
    +---------+---------+----------+----------+-----+-----+----------+
    |       26|       26|  0.260 us|  0.260 us|   27|   27|  dataflow|
    +---------+---------+----------+----------+-----+-----+----------+

    + Detail: 
        * Instance: 
        +-----------------------------+--------------------------+---------+---------+-----------+-----------+-----+-----+---------+
        |                             |                          |  Latency (cycles) |   Latency (absolute)  |  Interval | Pipeline|
        |           Instance          |          Module          |   min   |   max   |    min    |    max    | min | max |   Type  |
        +-----------------------------+--------------------------+---------+---------+-----------+-----------+-----+-----+---------+
        |entry_proc_U0                |entry_proc                |        0|        0|       0 ns|       0 ns|    0|    0|       no|
        |ctr_compute_nonce_U0         |ctr_compute_nonce         |        0|        0|       0 ns|       0 ns|    0|    0|       no|
        |assign_swap_endianness_U0    |assign_swap_endianness    |        8|        8|  80.000 ns|  80.000 ns|    8|    8|       no|
        |aes_encrypt_block_U0         |aes_encrypt_block         |       26|       26|   0.260 us|   0.260 us|   26|   26|       no|
        |ctr_xor_block_U0             |ctr_xor_block             |        0|        0|       0 ns|       0 ns|    0|    0|       no|
        |assign_swap_endianness_1_U0  |assign_swap_endianness_1  |        7|        7|  70.000 ns|  70.000 ns|    7|    7|       no|
        +-----------------------------+--------------------------+---------+---------+-----------+-----------+-----+-----+---------+

        * Loop: 
        N/A



================================================================
== Utilization Estimates
================================================================
* Summary: 
+-----------------+---------+-----+--------+--------+-----+
|       Name      | BRAM_18K| DSP |   FF   |   LUT  | URAM|
+-----------------+---------+-----+--------+--------+-----+
|DSP              |        -|    -|       -|       -|    -|
|Expression       |        -|    -|       0|      22|    -|
|FIFO             |        -|    -|     594|     407|    -|
|Instance         |        -|    -|    1320|  140448|    -|
|Memory           |        -|    -|       -|       -|    -|
|Multiplexer      |        -|    -|       -|      36|    -|
|Register         |        -|    -|       4|       -|    -|
+-----------------+---------+-----+--------+--------+-----+
|Total            |        0|    0|    1918|  140913|    0|
+-----------------+---------+-----+--------+--------+-----+
|Available        |      280|  220|  106400|   53200|    0|
+-----------------+---------+-----+--------+--------+-----+
|Utilization (%)  |        0|    0|       1|     264|    0|
+-----------------+---------+-----+--------+--------+-----+

+ Detail: 
    * Instance: 
    +-----------------------------+--------------------------+---------+----+-----+--------+-----+
    |           Instance          |          Module          | BRAM_18K| DSP|  FF |   LUT  | URAM|
    +-----------------------------+--------------------------+---------+----+-----+--------+-----+
    |aes_encrypt_block_U0         |aes_encrypt_block         |        0|   0|  663|  139914|    0|
    |assign_swap_endianness_U0    |assign_swap_endianness    |        0|   0|  198|     171|    0|
    |assign_swap_endianness_1_U0  |assign_swap_endianness_1  |        0|   0|  197|     175|    0|
    |ctr_compute_nonce_U0         |ctr_compute_nonce         |        0|   0|  130|      20|    0|
    |ctr_xor_block_U0             |ctr_xor_block             |        0|   0|  130|     148|    0|
    |entry_proc_U0                |entry_proc                |        0|   0|    2|      20|    0|
    +-----------------------------+--------------------------+---------+----+-----+--------+-----+
    |Total                        |                          |        0|   0| 1320|  140448|    0|
    +-----------------------------+--------------------------+---------+----+-----+--------+-----+

    * DSP: 
    N/A

    * Memory: 
    N/A

    * FIFO: 
    +----------------------------+---------+----+----+-----+------+-----+---------+
    |            Name            | BRAM_18K| FF | LUT| URAM| Depth| Bits| Size:D*B|
    +----------------------------+---------+----+----+-----+------+-----+---------+
    |block_V1_out_tmp_channel_U  |        0|  99|   0|    -|     3|  128|      384|
    |block_V_U                   |        0|  99|   0|    -|     2|  128|      256|
    |block_nonce_V_U             |        0|  99|   0|    -|     2|  128|      256|
    |ciphertext_c_U              |        0|  99|   0|    -|     5|   64|      320|
    |i_c_U                       |        0|  99|   0|    -|     4|   60|      240|
    |tmp_U                       |        0|  99|   0|    -|     2|  128|      256|
    +----------------------------+---------+----+----+-----+------+-----+---------+
    |Total                       |        0| 594|   0|    0|    18|  636|     1712|
    +----------------------------+---------+----+----+-----+------+-----+---------+

    * Expression: 
    +--------------------------------------------+----------+----+---+----+------------+------------+
    |                Variable Name               | Operation| DSP| FF| LUT| Bitwidth P0| Bitwidth P1|
    +--------------------------------------------+----------+----+---+----+------------+------------+
    |aes_encrypt_block_U0_ap_start               |       and|   0|  0|   2|           1|           1|
    |ap_idle                                     |       and|   0|  0|   2|           1|           1|
    |ap_sync_ready                               |       and|   0|  0|   2|           1|           1|
    |assign_swap_endianness_U0_ap_start          |       and|   0|  0|   2|           1|           1|
    |ctr_compute_nonce_U0_ap_start               |       and|   0|  0|   2|           1|           1|
    |ctr_xor_block_U0_ap_start                   |       and|   0|  0|   2|           1|           1|
    |entry_proc_U0_ap_start                      |       and|   0|  0|   2|           1|           1|
    |ap_sync_aes_encrypt_block_U0_ap_ready       |        or|   0|  0|   2|           1|           1|
    |ap_sync_assign_swap_endianness_U0_ap_ready  |        or|   0|  0|   2|           1|           1|
    |ap_sync_ctr_compute_nonce_U0_ap_ready       |        or|   0|  0|   2|           1|           1|
    |ap_sync_entry_proc_U0_ap_ready              |        or|   0|  0|   2|           1|           1|
    +--------------------------------------------+----------+----+---+----+------------+------------+
    |Total                                       |          |   0|  0|  22|          11|          11|
    +--------------------------------------------+----------+----+---+----+------------+------------+

    * Multiplexer: 
    +------------------------------------------------+----+-----------+-----+-----------+
    |                      Name                      | LUT| Input Size| Bits| Total Bits|
    +------------------------------------------------+----+-----------+-----+-----------+
    |ap_sync_reg_aes_encrypt_block_U0_ap_ready       |   9|          2|    1|          2|
    |ap_sync_reg_assign_swap_endianness_U0_ap_ready  |   9|          2|    1|          2|
    |ap_sync_reg_ctr_compute_nonce_U0_ap_ready       |   9|          2|    1|          2|
    |ap_sync_reg_entry_proc_U0_ap_ready              |   9|          2|    1|          2|
    +------------------------------------------------+----+-----------+-----+-----------+
    |Total                                           |  36|          8|    4|          8|
    +------------------------------------------------+----+-----------+-----+-----------+

    * Register: 
    +------------------------------------------------+---+----+-----+-----------+
    |                      Name                      | FF| LUT| Bits| Const Bits|
    +------------------------------------------------+---+----+-----+-----------+
    |ap_sync_reg_aes_encrypt_block_U0_ap_ready       |  1|   0|    1|          0|
    |ap_sync_reg_assign_swap_endianness_U0_ap_ready  |  1|   0|    1|          0|
    |ap_sync_reg_ctr_compute_nonce_U0_ap_ready       |  1|   0|    1|          0|
    |ap_sync_reg_entry_proc_U0_ap_ready              |  1|   0|    1|          0|
    +------------------------------------------------+---+----+-----+-----------+
    |Total                                           |  4|   0|    4|          0|
    +------------------------------------------------+---+----+-----+-----------+



================================================================
== Interface
================================================================
* Summary: 
+--------------------------+-----+-----+------------+-----------------------------------+--------------+
|         RTL Ports        | Dir | Bits|  Protocol  |           Source Object           |    C Type    |
+--------------------------+-----+-----+------------+-----------------------------------+--------------+
|m_axi_gmem_AWVALID        |  out|    1|       m_axi|                               gmem|       pointer|
|m_axi_gmem_AWREADY        |   in|    1|       m_axi|                               gmem|       pointer|
|m_axi_gmem_AWADDR         |  out|   64|       m_axi|                               gmem|       pointer|
|m_axi_gmem_AWID           |  out|    1|       m_axi|                               gmem|       pointer|
|m_axi_gmem_AWLEN          |  out|   32|       m_axi|                               gmem|       pointer|
|m_axi_gmem_AWSIZE         |  out|    3|       m_axi|                               gmem|       pointer|
|m_axi_gmem_AWBURST        |  out|    2|       m_axi|                               gmem|       pointer|
|m_axi_gmem_AWLOCK         |  out|    2|       m_axi|                               gmem|       pointer|
|m_axi_gmem_AWCACHE        |  out|    4|       m_axi|                               gmem|       pointer|
|m_axi_gmem_AWPROT         |  out|    3|       m_axi|                               gmem|       pointer|
|m_axi_gmem_AWQOS          |  out|    4|       m_axi|                               gmem|       pointer|
|m_axi_gmem_AWREGION       |  out|    4|       m_axi|                               gmem|       pointer|
|m_axi_gmem_AWUSER         |  out|    1|       m_axi|                               gmem|       pointer|
|m_axi_gmem_WVALID         |  out|    1|       m_axi|                               gmem|       pointer|
|m_axi_gmem_WREADY         |   in|    1|       m_axi|                               gmem|       pointer|
|m_axi_gmem_WDATA          |  out|  128|       m_axi|                               gmem|       pointer|
|m_axi_gmem_WSTRB          |  out|   16|       m_axi|                               gmem|       pointer|
|m_axi_gmem_WLAST          |  out|    1|       m_axi|                               gmem|       pointer|
|m_axi_gmem_WID            |  out|    1|       m_axi|                               gmem|       pointer|
|m_axi_gmem_WUSER          |  out|    1|       m_axi|                               gmem|       pointer|
|m_axi_gmem_ARVALID        |  out|    1|       m_axi|                               gmem|       pointer|
|m_axi_gmem_ARREADY        |   in|    1|       m_axi|                               gmem|       pointer|
|m_axi_gmem_ARADDR         |  out|   64|       m_axi|                               gmem|       pointer|
|m_axi_gmem_ARID           |  out|    1|       m_axi|                               gmem|       pointer|
|m_axi_gmem_ARLEN          |  out|   32|       m_axi|                               gmem|       pointer|
|m_axi_gmem_ARSIZE         |  out|    3|       m_axi|                               gmem|       pointer|
|m_axi_gmem_ARBURST        |  out|    2|       m_axi|                               gmem|       pointer|
|m_axi_gmem_ARLOCK         |  out|    2|       m_axi|                               gmem|       pointer|
|m_axi_gmem_ARCACHE        |  out|    4|       m_axi|                               gmem|       pointer|
|m_axi_gmem_ARPROT         |  out|    3|       m_axi|                               gmem|       pointer|
|m_axi_gmem_ARQOS          |  out|    4|       m_axi|                               gmem|       pointer|
|m_axi_gmem_ARREGION       |  out|    4|       m_axi|                               gmem|       pointer|
|m_axi_gmem_ARUSER         |  out|    1|       m_axi|                               gmem|       pointer|
|m_axi_gmem_RVALID         |   in|    1|       m_axi|                               gmem|       pointer|
|m_axi_gmem_RREADY         |  out|    1|       m_axi|                               gmem|       pointer|
|m_axi_gmem_RDATA          |   in|  128|       m_axi|                               gmem|       pointer|
|m_axi_gmem_RLAST          |   in|    1|       m_axi|                               gmem|       pointer|
|m_axi_gmem_RID            |   in|    1|       m_axi|                               gmem|       pointer|
|m_axi_gmem_RFIFONUM       |   in|    9|       m_axi|                               gmem|       pointer|
|m_axi_gmem_RUSER          |   in|    1|       m_axi|                               gmem|       pointer|
|m_axi_gmem_RRESP          |   in|    2|       m_axi|                               gmem|       pointer|
|m_axi_gmem_BVALID         |   in|    1|       m_axi|                               gmem|       pointer|
|m_axi_gmem_BREADY         |  out|    1|       m_axi|                               gmem|       pointer|
|m_axi_gmem_BRESP          |   in|    2|       m_axi|                               gmem|       pointer|
|m_axi_gmem_BID            |   in|    1|       m_axi|                               gmem|       pointer|
|m_axi_gmem_BUSER          |   in|    1|       m_axi|                               gmem|       pointer|
|i                         |   in|   60|     ap_none|                                  i|        scalar|
|i_ap_vld                  |   in|    1|     ap_none|                                  i|        scalar|
|plaintext                 |   in|   64|     ap_none|                          plaintext|        scalar|
|plaintext_ap_vld          |   in|    1|     ap_none|                          plaintext|        scalar|
|p_read                    |   in|   96|     ap_none|                             p_read|        scalar|
|p_read_ap_vld             |   in|    1|     ap_none|                             p_read|        scalar|
|this_round_keys_address0  |  out|    4|   ap_memory|                    this_round_keys|         array|
|this_round_keys_ce0       |  out|    1|   ap_memory|                    this_round_keys|         array|
|this_round_keys_d0        |  out|  128|   ap_memory|                    this_round_keys|         array|
|this_round_keys_q0        |   in|  128|   ap_memory|                    this_round_keys|         array|
|this_round_keys_we0       |  out|    1|   ap_memory|                    this_round_keys|         array|
|this_round_keys_address1  |  out|    4|   ap_memory|                    this_round_keys|         array|
|this_round_keys_ce1       |  out|    1|   ap_memory|                    this_round_keys|         array|
|this_round_keys_d1        |  out|  128|   ap_memory|                    this_round_keys|         array|
|this_round_keys_q1        |   in|  128|   ap_memory|                    this_round_keys|         array|
|this_round_keys_we1       |  out|    1|   ap_memory|                    this_round_keys|         array|
|ciphertext                |   in|   64|     ap_none|                         ciphertext|        scalar|
|ciphertext_ap_vld         |   in|    1|     ap_none|                         ciphertext|        scalar|
|ap_clk                    |   in|    1|  ap_ctrl_hs|  dataflow_in_loop_loop_ctr_encrypt|  return value|
|ap_rst                    |   in|    1|  ap_ctrl_hs|  dataflow_in_loop_loop_ctr_encrypt|  return value|
|ap_start                  |   in|    1|  ap_ctrl_hs|  dataflow_in_loop_loop_ctr_encrypt|  return value|
|ap_done                   |  out|    1|  ap_ctrl_hs|  dataflow_in_loop_loop_ctr_encrypt|  return value|
|ap_ready                  |  out|    1|  ap_ctrl_hs|  dataflow_in_loop_loop_ctr_encrypt|  return value|
|ap_idle                   |  out|    1|  ap_ctrl_hs|  dataflow_in_loop_loop_ctr_encrypt|  return value|
|ap_continue               |   in|    1|  ap_ctrl_hs|  dataflow_in_loop_loop_ctr_encrypt|  return value|
+--------------------------+-----+-----+------------+-----------------------------------+--------------+

