

================================================================
== Vitis HLS Report for 'pynqrypt_encrypt'
================================================================
* Date:           Tue Dec 13 20:52:15 2022

* Version:        2022.2 (Build 3670227 on Oct 13 2022)
* Project:        pynqrypt
* Solution:       pynqrypt (Vivado IP Flow Target)
* Product family: zynq
* Target device:  xc7z020i-clg400-1L


================================================================
== Performance Estimates
================================================================
+ Timing: 
    * Summary: 
    +--------+----------+----------+------------+
    |  Clock |  Target  | Estimated| Uncertainty|
    +--------+----------+----------+------------+
    |ap_clk  |  10.00 ns|  7.532 ns|     2.70 ns|
    +--------+----------+----------+------------+

+ Latency: 
    * Summary: 
    +---------+---------+----------+----------+-------+-------+---------+
    |  Latency (cycles) |  Latency (absolute) |    Interval   | Pipeline|
    |   min   |   max   |    min   |    max   |  min  |  max  |   Type  |
    +---------+---------+----------+----------+-------+-------+---------+
    |    27751|    27751|  0.278 ms|  0.278 ms|  27752|  27752|       no|
    +---------+---------+----------+----------+-------+-------+---------+

    + Detail: 
        * Instance: 
        +------------------------------------+-------------------------+---------+---------+----------+----------+-------+-------+---------+
        |                                    |                         |  Latency (cycles) |  Latency (absolute) |    Interval   | Pipeline|
        |              Instance              |          Module         |   min   |   max   |    min   |    max   |  min  |  max  |   Type  |
        +------------------------------------+-------------------------+---------+---------+----------+----------+-------+-------+---------+
        |grp_aes_generate_round_keys_fu_108  |aes_generate_round_keys  |       99|       99|  0.990 us|  0.990 us|     99|     99|       no|
        |grp_ctr_encrypt_fu_118              |ctr_encrypt              |    27649|    27649|  0.276 ms|  0.276 ms|  27649|  27649|       no|
        +------------------------------------+-------------------------+---------+---------+----------+----------+-------+-------+---------+

        * Loop: 
        N/A



================================================================
== Utilization Estimates
================================================================
* Summary: 
+-----------------+---------+-----+--------+--------+-----+
|       Name      | BRAM_18K| DSP |   FF   |   LUT  | URAM|
+-----------------+---------+-----+--------+--------+-----+
|DSP              |        -|    -|       -|       -|    -|
|Expression       |        -|    -|       0|       4|    -|
|FIFO             |        -|    -|       -|       -|    -|
|Instance         |        0|    -|   14361|  204327|    -|
|Memory           |        4|    -|       0|       0|    0|
|Multiplexer      |        -|    -|       -|     107|    -|
|Register         |        -|    -|     420|       -|    -|
+-----------------+---------+-----+--------+--------+-----+
|Total            |        4|    0|   14781|  204438|    0|
+-----------------+---------+-----+--------+--------+-----+
|Available        |      280|  220|  106400|   53200|    0|
+-----------------+---------+-----+--------+--------+-----+
|Utilization (%)  |        1|    0|      13|     384|    0|
+-----------------+---------+-----+--------+--------+-----+

+ Detail: 
    * Instance: 
    +------------------------------------+-------------------------+---------+----+-------+--------+-----+
    |              Instance              |          Module         | BRAM_18K| DSP|   FF  |   LUT  | URAM|
    +------------------------------------+-------------------------+---------+----+-------+--------+-----+
    |grp_aes_generate_round_keys_fu_108  |aes_generate_round_keys  |        0|   0|  10200|   60807|    0|
    |control_s_axi_U                     |control_s_axi            |        0|   0|    482|     872|    0|
    |grp_ctr_encrypt_fu_118              |ctr_encrypt              |        0|   0|   2860|  141123|    0|
    |gmem_m_axi_U                        |gmem_m_axi               |        0|   0|    819|    1525|    0|
    +------------------------------------+-------------------------+---------+----+-------+--------+-----+
    |Total                               |                         |        0|   0|  14361|  204327|    0|
    +------------------------------------+-------------------------+---------+----+-------+--------+-----+

    * DSP: 
    N/A

    * Memory: 
    +-------------------------+-------------------------------------+---------+---+----+-----+------+-----+------+-------------+
    |          Memory         |                Module               | BRAM_18K| FF| LUT| URAM| Words| Bits| Banks| W*Bits*Banks|
    +-------------------------+-------------------------------------+---------+---+----+-----+------+-----+------+-------------+
    |pynqrypt_round_keys_V_U  |pynqrypt_round_keys_V_RAM_AUTO_1R1W  |        4|  0|   0|    0|    11|  128|     1|         1408|
    +-------------------------+-------------------------------------+---------+---+----+-----+------+-----+------+-------------+
    |Total                    |                                     |        4|  0|   0|    0|    11|  128|     1|         1408|
    +-------------------------+-------------------------------------+---------+---+----+-----+------+-----+------+-------------+

    * FIFO: 
    N/A

    * Expression: 
    +-----------------------------------------+----------+----+---+----+------------+------------+
    |              Variable Name              | Operation| DSP| FF| LUT| Bitwidth P0| Bitwidth P1|
    +-----------------------------------------+----------+----+---+----+------------+------------+
    |ap_sync_grp_ctr_encrypt_fu_118_ap_done   |        or|   0|  0|   2|           1|           1|
    |ap_sync_grp_ctr_encrypt_fu_118_ap_ready  |        or|   0|  0|   2|           1|           1|
    +-----------------------------------------+----------+----+---+----+------------+------------+
    |Total                                    |          |   0|  0|   4|           2|           2|
    +-----------------------------------------+----------+----+---+----+------------+------------+

    * Multiplexer: 
    +--------------------------------+----+-----------+-----+-----------+
    |              Name              | LUT| Input Size| Bits| Total Bits|
    +--------------------------------+----+-----------+-----+-----------+
    |ap_NS_fsm                       |  25|          5|    1|          5|
    |gmem_ARVALID                    |   9|          2|    1|          2|
    |gmem_AWVALID                    |   9|          2|    1|          2|
    |gmem_BREADY                     |   9|          2|    1|          2|
    |gmem_RREADY                     |   9|          2|    1|          2|
    |gmem_WVALID                     |   9|          2|    1|          2|
    |pynqrypt_round_keys_V_address0  |  14|          3|    4|         12|
    |pynqrypt_round_keys_V_ce0       |  14|          3|    1|          3|
    |pynqrypt_round_keys_V_we0       |   9|          2|    1|          2|
    +--------------------------------+----+-----------+-----+-----------+
    |Total                           | 107|         23|   12|         32|
    +--------------------------------+----+-----------+-----+-----------+

    * Register: 
    +-------------------------------------------------+-----+----+-----+-----------+
    |                       Name                      |  FF | LUT| Bits| Const Bits|
    +-------------------------------------------------+-----+----+-----+-----------+
    |ap_CS_fsm                                        |    4|   0|    4|          0|
    |ap_sync_reg_grp_ctr_encrypt_fu_118_ap_done       |    1|   0|    1|          0|
    |ap_sync_reg_grp_ctr_encrypt_fu_118_ap_ready      |    1|   0|    1|          0|
    |ciphertext_read_reg_139                          |   64|   0|   64|          0|
    |grp_aes_generate_round_keys_fu_108_ap_start_reg  |    1|   0|    1|          0|
    |grp_ctr_encrypt_fu_118_ap_start_reg              |    1|   0|    1|          0|
    |key_read_reg_154                                 |  128|   0|  128|          0|
    |nonce_read_reg_149                               |   96|   0|   96|          0|
    |plaintext_read_reg_144                           |   64|   0|   64|          0|
    |trunc_ln_reg_159                                 |   60|   0|   60|          0|
    +-------------------------------------------------+-----+----+-----+-----------+
    |Total                                            |  420|   0|  420|          0|
    +-------------------------------------------------+-----+----+-----+-----------+



================================================================
== Interface
================================================================
* Summary: 
+-----------------------+-----+-----+------------+------------------+--------------+
|       RTL Ports       | Dir | Bits|  Protocol  |   Source Object  |    C Type    |
+-----------------------+-----+-----+------------+------------------+--------------+
|s_axi_control_AWVALID  |   in|    1|       s_axi|           control|        scalar|
|s_axi_control_AWREADY  |  out|    1|       s_axi|           control|        scalar|
|s_axi_control_AWADDR   |   in|    7|       s_axi|           control|        scalar|
|s_axi_control_WVALID   |   in|    1|       s_axi|           control|        scalar|
|s_axi_control_WREADY   |  out|    1|       s_axi|           control|        scalar|
|s_axi_control_WDATA    |   in|   32|       s_axi|           control|        scalar|
|s_axi_control_WSTRB    |   in|    4|       s_axi|           control|        scalar|
|s_axi_control_ARVALID  |   in|    1|       s_axi|           control|        scalar|
|s_axi_control_ARREADY  |  out|    1|       s_axi|           control|        scalar|
|s_axi_control_ARADDR   |   in|    7|       s_axi|           control|        scalar|
|s_axi_control_RVALID   |  out|    1|       s_axi|           control|        scalar|
|s_axi_control_RREADY   |   in|    1|       s_axi|           control|        scalar|
|s_axi_control_RDATA    |  out|   32|       s_axi|           control|        scalar|
|s_axi_control_RRESP    |  out|    2|       s_axi|           control|        scalar|
|s_axi_control_BVALID   |  out|    1|       s_axi|           control|        scalar|
|s_axi_control_BREADY   |   in|    1|       s_axi|           control|        scalar|
|s_axi_control_BRESP    |  out|    2|       s_axi|           control|        scalar|
|ap_clk                 |   in|    1|  ap_ctrl_hs|  pynqrypt_encrypt|  return value|
|ap_rst_n               |   in|    1|  ap_ctrl_hs|  pynqrypt_encrypt|  return value|
|interrupt              |  out|    1|  ap_ctrl_hs|  pynqrypt_encrypt|  return value|
|m_axi_gmem_AWVALID     |  out|    1|       m_axi|              gmem|       pointer|
|m_axi_gmem_AWREADY     |   in|    1|       m_axi|              gmem|       pointer|
|m_axi_gmem_AWADDR      |  out|   64|       m_axi|              gmem|       pointer|
|m_axi_gmem_AWID        |  out|    1|       m_axi|              gmem|       pointer|
|m_axi_gmem_AWLEN       |  out|    8|       m_axi|              gmem|       pointer|
|m_axi_gmem_AWSIZE      |  out|    3|       m_axi|              gmem|       pointer|
|m_axi_gmem_AWBURST     |  out|    2|       m_axi|              gmem|       pointer|
|m_axi_gmem_AWLOCK      |  out|    2|       m_axi|              gmem|       pointer|
|m_axi_gmem_AWCACHE     |  out|    4|       m_axi|              gmem|       pointer|
|m_axi_gmem_AWPROT      |  out|    3|       m_axi|              gmem|       pointer|
|m_axi_gmem_AWQOS       |  out|    4|       m_axi|              gmem|       pointer|
|m_axi_gmem_AWREGION    |  out|    4|       m_axi|              gmem|       pointer|
|m_axi_gmem_AWUSER      |  out|    1|       m_axi|              gmem|       pointer|
|m_axi_gmem_WVALID      |  out|    1|       m_axi|              gmem|       pointer|
|m_axi_gmem_WREADY      |   in|    1|       m_axi|              gmem|       pointer|
|m_axi_gmem_WDATA       |  out|  128|       m_axi|              gmem|       pointer|
|m_axi_gmem_WSTRB       |  out|   16|       m_axi|              gmem|       pointer|
|m_axi_gmem_WLAST       |  out|    1|       m_axi|              gmem|       pointer|
|m_axi_gmem_WID         |  out|    1|       m_axi|              gmem|       pointer|
|m_axi_gmem_WUSER       |  out|    1|       m_axi|              gmem|       pointer|
|m_axi_gmem_ARVALID     |  out|    1|       m_axi|              gmem|       pointer|
|m_axi_gmem_ARREADY     |   in|    1|       m_axi|              gmem|       pointer|
|m_axi_gmem_ARADDR      |  out|   64|       m_axi|              gmem|       pointer|
|m_axi_gmem_ARID        |  out|    1|       m_axi|              gmem|       pointer|
|m_axi_gmem_ARLEN       |  out|    8|       m_axi|              gmem|       pointer|
|m_axi_gmem_ARSIZE      |  out|    3|       m_axi|              gmem|       pointer|
|m_axi_gmem_ARBURST     |  out|    2|       m_axi|              gmem|       pointer|
|m_axi_gmem_ARLOCK      |  out|    2|       m_axi|              gmem|       pointer|
|m_axi_gmem_ARCACHE     |  out|    4|       m_axi|              gmem|       pointer|
|m_axi_gmem_ARPROT      |  out|    3|       m_axi|              gmem|       pointer|
|m_axi_gmem_ARQOS       |  out|    4|       m_axi|              gmem|       pointer|
|m_axi_gmem_ARREGION    |  out|    4|       m_axi|              gmem|       pointer|
|m_axi_gmem_ARUSER      |  out|    1|       m_axi|              gmem|       pointer|
|m_axi_gmem_RVALID      |   in|    1|       m_axi|              gmem|       pointer|
|m_axi_gmem_RREADY      |  out|    1|       m_axi|              gmem|       pointer|
|m_axi_gmem_RDATA       |   in|  128|       m_axi|              gmem|       pointer|
|m_axi_gmem_RLAST       |   in|    1|       m_axi|              gmem|       pointer|
|m_axi_gmem_RID         |   in|    1|       m_axi|              gmem|       pointer|
|m_axi_gmem_RUSER       |   in|    1|       m_axi|              gmem|       pointer|
|m_axi_gmem_RRESP       |   in|    2|       m_axi|              gmem|       pointer|
|m_axi_gmem_BVALID      |   in|    1|       m_axi|              gmem|       pointer|
|m_axi_gmem_BREADY      |  out|    1|       m_axi|              gmem|       pointer|
|m_axi_gmem_BRESP       |   in|    2|       m_axi|              gmem|       pointer|
|m_axi_gmem_BID         |   in|    1|       m_axi|              gmem|       pointer|
|m_axi_gmem_BUSER       |   in|    1|       m_axi|              gmem|       pointer|
+-----------------------+-----+-----+------------+------------------+--------------+

